2020-09-28 11:04:20,524 INFO org.springframework.boot.StartupInfoLogger [main] Starting IdmFrontendApplication on DESKTOP-D7RNNC6 with PID 9072 (C:\progetti\Legal_IDM\workspace\idm-frontend\target\classes started by PietroGerace in C:\progetti\Legal_IDM\workspace\idm-frontend)
2020-09-28 11:04:20,528 INFO org.springframework.boot.SpringApplication [main] No active profile set, falling back to default profiles: default
2020-09-28 11:04:21,362 INFO org.springframework.data.repository.config.RepositoryConfigurationDelegate [main] Bootstrapping Spring Data JPA repositories in DEFERRED mode.
2020-09-28 11:04:21,444 INFO org.springframework.data.repository.config.RepositoryConfigurationDelegate [main] Finished Spring Data repository scanning in 72ms. Found 1 JPA repository interfaces.
2020-09-28 11:04:22,411 INFO org.springframework.boot.web.embedded.tomcat.TomcatWebServer [main] Tomcat initialized with port(s): 3030 (http)
2020-09-28 11:04:22,422 INFO org.apache.juli.logging.DirectJDKLog [main] Initializing ProtocolHandler ["http-nio-3030"]
2020-09-28 11:04:22,423 INFO org.apache.juli.logging.DirectJDKLog [main] Starting service [Tomcat]
2020-09-28 11:04:22,423 INFO org.apache.juli.logging.DirectJDKLog [main] Starting Servlet engine: [Apache Tomcat/9.0.36]
2020-09-28 11:04:22,860 INFO org.apache.juli.logging.DirectJDKLog [main] At least one JAR was scanned for TLDs yet contained no TLDs. Enable debug logging for this logger for a complete list of JARs that were scanned but no TLDs were found in them. Skipping unneeded JARs during scanning can improve startup time and JSP compilation time.
2020-09-28 11:04:22,867 INFO org.apache.juli.logging.DirectJDKLog [main] Initializing Spring embedded WebApplicationContext
2020-09-28 11:04:22,868 INFO org.springframework.boot.web.servlet.context.ServletWebServerApplicationContext [main] Root WebApplicationContext: initialization completed in 2291 ms
2020-09-28 11:04:22,945 WARN org.springframework.boot.autoconfigure.orm.jpa.JpaBaseConfiguration$JpaWebConfiguration [main] spring.jpa.open-in-view is enabled by default. Therefore, database queries may be performed during view rendering. Explicitly configure spring.jpa.open-in-view to disable this warning
2020-09-28 11:04:22,952 INFO com.ibm.snam.idm.datasource.DatasourceConfiguration [main] Connecting to Datasource....
2020-09-28 11:04:22,953 INFO com.ibm.snam.idm.datasource.DatasourceConfiguration [main] Connected to Datasource - url : jdbc:db2://dashdb-txn-flex-yp-fra02-566.services.eu-de.bluemix.net:50000/BLUDB
2020-09-28 11:04:23,035 INFO com.zaxxer.hikari.HikariDataSource [main] HikariPool-1 - Starting...
2020-09-28 11:04:23,769 INFO com.zaxxer.hikari.HikariDataSource [main] HikariPool-1 - Start completed.
2020-09-28 11:04:23,833 INFO org.hibernate.jpa.internal.util.LogHelper [main] HHH000204: Processing PersistenceUnitInfo [name: default]
2020-09-28 11:04:23,922 INFO org.hibernate.Version [main] HHH000412: Hibernate ORM core version 5.4.17.Final
2020-09-28 11:04:24,133 INFO org.hibernate.annotations.common.reflection.java.JavaReflectionManager [main] HCANN000001: Hibernate Commons Annotations {5.1.0.Final}
2020-09-28 11:04:24,301 INFO org.hibernate.dialect.Dialect [main] HHH000400: Using dialect: org.hibernate.dialect.DB2Dialect
2020-09-28 11:04:26,352 INFO org.hibernate.engine.transaction.jta.platform.internal.JtaPlatformInitiator [main] HHH000490: Using JtaPlatform implementation: [org.hibernate.engine.transaction.jta.platform.internal.NoJtaPlatform]
2020-09-28 11:04:26,362 INFO org.springframework.orm.jpa.AbstractEntityManagerFactoryBean [main] Initialized JPA EntityManagerFactory for persistence unit 'default'
2020-09-28 11:04:26,672 INFO org.springframework.security.web.DefaultSecurityFilterChain [main] Creating filter chain: any request, [org.springframework.security.web.context.request.async.WebAsyncManagerIntegrationFilter@16e1219f, org.springframework.security.web.context.SecurityContextPersistenceFilter@5627cb29, org.springframework.security.web.header.HeaderWriterFilter@106c988, org.keycloak.adapters.springsecurity.filter.KeycloakPreAuthActionsFilter@74b00247, org.keycloak.adapters.springsecurity.filter.KeycloakAuthenticationProcessingFilter@66f5b8fe, org.springframework.security.web.authentication.logout.LogoutFilter@24d8f87a, org.springframework.security.web.savedrequest.RequestCacheAwareFilter@2017f6e6, org.springframework.security.web.servletapi.SecurityContextHolderAwareRequestFilter@5122e4bf, org.keycloak.adapters.springsecurity.filter.KeycloakSecurityContextRequestFilter@4168f3d9, org.keycloak.adapters.springsecurity.filter.KeycloakAuthenticatedActionsFilter@353e6389, org.springframework.security.web.authentication.AnonymousAuthenticationFilter@13f40d71, org.springframework.security.web.session.SessionManagementFilter@76a362a4, org.springframework.security.web.access.ExceptionTranslationFilter@ceb7701, org.springframework.security.web.access.intercept.FilterSecurityInterceptor@72c4a3aa]
2020-09-28 11:04:26,727 INFO org.springframework.scheduling.concurrent.ExecutorConfigurationSupport [main] Initializing ExecutorService 'clientInboundChannelExecutor'
2020-09-28 11:04:26,730 INFO org.springframework.scheduling.concurrent.ExecutorConfigurationSupport [main] Initializing ExecutorService 'clientOutboundChannelExecutor'
2020-09-28 11:04:26,737 INFO org.springframework.scheduling.concurrent.ExecutorConfigurationSupport [main] Initializing ExecutorService 'messageBrokerTaskScheduler'
2020-09-28 11:04:26,770 INFO org.springframework.scheduling.concurrent.ExecutorConfigurationSupport [main] Initializing ExecutorService 'brokerChannelExecutor'
2020-09-28 11:04:26,915 INFO org.springframework.boot.autoconfigure.web.servlet.WelcomePageHandlerMapping [main] Adding welcome page: class path resource [public/index.html]
2020-09-28 11:04:27,029 INFO org.apache.juli.logging.DirectJDKLog [main] Starting ProtocolHandler ["http-nio-3030"]
2020-09-28 11:04:27,054 INFO org.springframework.boot.web.embedded.tomcat.TomcatWebServer [main] Tomcat started on port(s): 3030 (http) with context path ''
2020-09-28 11:04:27,057 INFO org.springframework.core.log.CompositeLog [main] Starting...
2020-09-28 11:04:27,058 INFO org.springframework.core.log.CompositeLog [main] BrokerAvailabilityEvent[available=true, SimpleBrokerMessageHandler [DefaultSubscriptionRegistry[cache[0 destination(s)], registry[0 sessions]]]]
2020-09-28 11:04:27,058 INFO org.springframework.core.log.CompositeLog [main] Started.
2020-09-28 11:04:27,058 INFO org.springframework.data.repository.config.DeferredRepositoryInitializationListener [main] Triggering deferred initialization of Spring Data repositories…
2020-09-28 11:04:27,315 INFO org.springframework.data.repository.config.DeferredRepositoryInitializationListener [main] Spring Data repositories initialized!
2020-09-28 11:04:27,323 INFO org.springframework.boot.StartupInfoLogger [main] Started IdmFrontendApplication in 7.296 seconds (JVM running for 8.339)
2020-09-28 11:04:36,635 INFO org.apache.juli.logging.DirectJDKLog [http-nio-3030-exec-1] Initializing Spring DispatcherServlet 'dispatcherServlet'
2020-09-28 11:04:36,635 INFO org.springframework.web.servlet.FrameworkServlet [http-nio-3030-exec-1] Initializing Servlet 'dispatcherServlet'
2020-09-28 11:04:36,640 INFO org.springframework.web.servlet.FrameworkServlet [http-nio-3030-exec-1] Completed initialization in 5 ms
2020-09-28 11:04:37,420 INFO org.keycloak.adapters.KeycloakDeployment [http-nio-3030-exec-2] Loaded URLs from http://158.177.78.141:8080/auth/realms/idm-realm/.well-known/openid-configuration
2020-09-28 11:04:37,791 INFO com.ibm.snam.idm.controller.ViewController [http-nio-3030-exec-4] getting dashboard
2020-09-28 11:04:37,792 INFO com.ibm.snam.idm.controller.ViewController [http-nio-3030-exec-4] returning dashboard
2020-09-28 11:04:38,966 INFO com.ibm.snam.idm.controller.UserNotificationController [http-nio-3030-exec-1] getUserNotification -- INIT -- userId : RIDP86Z
2020-09-28 11:04:38,976 INFO com.ibm.snam.idm.service.UserNotificationService [http-nio-3030-exec-1] getUserNotification -- INIT --
2020-09-28 11:04:39,314 INFO com.ibm.snam.idm.service.UserNotificationService [http-nio-3030-exec-1] Found 0 notification(s) for user RIDP86Z
2020-09-28 11:04:39,340 INFO com.ibm.snam.idm.controller.UserNotificationController [http-nio-3030-exec-1] getUserNotification -- END -- userId : RIDP86Z
2020-09-28 11:05:18,091 INFO com.ibm.snam.idm.controller.ViewController [http-nio-3030-exec-9] getting garaOverview
2020-09-28 11:05:18,092 INFO com.ibm.snam.idm.controller.ViewController [http-nio-3030-exec-9] returning garaOverview
2020-09-28 11:05:18,577 INFO com.ibm.snam.idm.controller.UserNotificationController [http-nio-3030-exec-7] getUserNotification -- INIT -- userId : RIDP86Z
2020-09-28 11:05:18,577 INFO com.ibm.snam.idm.service.UserNotificationService [http-nio-3030-exec-7] getUserNotification -- INIT --
2020-09-28 11:05:18,578 INFO com.ibm.snam.idm.microservices.BackendMicroservice [http-nio-3030-exec-4] getSuppliersByTenderId -- INIT --
2020-09-28 11:05:18,587 INFO com.ibm.snam.idm.microservices.BackendMicroservice [http-nio-3030-exec-4] calling url : http://localhost:8080/tender/5f71816869cb3f5a9193864b/suppliers
2020-09-28 11:05:18,760 INFO com.ibm.snam.idm.service.UserNotificationService [http-nio-3030-exec-7] Found 0 notification(s) for user RIDP86Z
2020-09-28 11:05:18,760 INFO com.ibm.snam.idm.controller.UserNotificationController [http-nio-3030-exec-7] getUserNotification -- END -- userId : RIDP86Z
2020-09-28 11:05:20,350 INFO com.ibm.snam.idm.microservices.BackendMicroservice [http-nio-3030-exec-4] getSuppliersByTenderId -- END --
2020-09-28 11:05:20,357 INFO com.ibm.snam.idm.microservices.BackendMicroservice [http-nio-3030-exec-2] getSuppliersByTenderId -- INIT --
2020-09-28 11:05:20,359 INFO com.ibm.snam.idm.microservices.BackendMicroservice [http-nio-3030-exec-2] calling url : http://localhost:8080/tender/5f71816869cb3f5a9193864b/suppliers
2020-09-28 11:05:21,491 INFO com.ibm.snam.idm.microservices.BackendMicroservice [http-nio-3030-exec-2] getSuppliersByTenderId -- END --
2020-09-28 11:05:26,775 INFO org.springframework.web.socket.config.WebSocketMessageBrokerStats [MessageBroker-6] WebSocketSession[3 current WS(3)-HttpStream(0)-HttpPoll(0), 6 total, 0 closed abnormally (0 connect failure, 0 send limit, 0 transport error)], stompSubProtocol[processed CONNECT(6)-CONNECTED(6)-DISCONNECT(0)], stompBrokerRelay[null], inboundChannel[pool size = 24, active threads = 0, queued tasks = 0, completed tasks = 99], outboundChannel[pool size = 9, active threads = 0, queued tasks = 0, completed tasks = 9], sockJsScheduler[pool size = 12, active threads = 1, queued tasks = 6, completed tasks = 33]
2020-09-28 11:05:39,800 INFO com.ibm.snam.idm.controller.ViewController [http-nio-3030-exec-6] getting fornitoreOverview
2020-09-28 11:05:39,801 INFO com.ibm.snam.idm.controller.ViewController [http-nio-3030-exec-6] returning fornitoreOverview
2020-09-28 11:05:40,181 INFO com.ibm.snam.idm.controller.UserNotificationController [http-nio-3030-exec-7] getUserNotification -- INIT -- userId : RIDP86Z
2020-09-28 11:05:40,182 INFO com.ibm.snam.idm.service.UserNotificationService [http-nio-3030-exec-7] getUserNotification -- INIT --
2020-09-28 11:05:40,341 INFO com.ibm.snam.idm.service.UserNotificationService [http-nio-3030-exec-7] Found 0 notification(s) for user RIDP86Z
2020-09-28 11:05:40,342 INFO com.ibm.snam.idm.controller.UserNotificationController [http-nio-3030-exec-7] getUserNotification -- END -- userId : RIDP86Z
2020-09-28 11:07:10,948 INFO com.ibm.snam.idm.util.ZipHandler [clientInboundChannel-31] fileName : 12.1 Presa visione doc.pdf
2020-09-28 11:07:10,949 INFO com.ibm.snam.idm.util.ZipHandler [clientInboundChannel-31] fileName : 12.10 versamento.PDF
2020-09-28 11:07:10,950 INFO com.ibm.snam.idm.util.ZipHandler [clientInboundChannel-31] fileName : 12.11.A Autoc reqi idon tec prof.pdf
2020-09-28 11:07:10,952 INFO com.ibm.snam.idm.util.ZipHandler [clientInboundChannel-31] fileName : 12.11.B  Nominativo RSPP.pdf
2020-09-28 11:07:10,974 INFO com.ibm.snam.idm.util.ZipHandler [clientInboundChannel-31] fileName : 12.11.C Dich. art. 14.pdf
2020-09-28 11:07:10,975 INFO com.ibm.snam.idm.util.ZipHandler [clientInboundChannel-31] fileName : 12.11.D Nominativo soggetto art 97 81-2008.pdf
2020-09-28 11:07:10,975 INFO com.ibm.snam.idm.util.ZipHandler [clientInboundChannel-31] fileName : 12.11.E Nominativo ASPP.pdf
2020-09-28 11:07:10,977 INFO com.ibm.snam.idm.util.ZipHandler [clientInboundChannel-31] fileName : 12.11.F Dich. nomina addetti.pdf
2020-09-28 11:07:10,978 INFO com.ibm.snam.idm.web_socket.UpdateFilesController [clientInboundChannel-31] Uploading document (zip): 12.1 Presa visione doc.pdf
2020-09-28 11:07:10,979 INFO com.ibm.snam.idm.web_socket.UpdateFilesController [clientInboundChannel-31] Uploading document (zip): 12.10 versamento.PDF
2020-09-28 11:07:10,979 INFO com.ibm.snam.idm.web_socket.UpdateFilesController [clientInboundChannel-31] Uploading document (zip): 12.11.A Autoc reqi idon tec prof.pdf
2020-09-28 11:07:10,979 INFO com.ibm.snam.idm.microservices.AnalyzerMicroservice [pool-3-thread-1] analyzeFile -- INIT --
2020-09-28 11:07:10,979 INFO com.ibm.snam.idm.microservices.AnalyzerMicroservice [pool-3-thread-1] bytes : [B@259b98ba
2020-09-28 11:07:10,979 INFO com.ibm.snam.idm.web_socket.UpdateFilesController [clientInboundChannel-31] Uploading document (zip): 12.11.B  Nominativo RSPP.pdf
2020-09-28 11:07:10,979 INFO com.ibm.snam.idm.microservices.AnalyzerMicroservice [pool-4-thread-1] analyzeFile -- INIT --
2020-09-28 11:07:10,979 INFO com.ibm.snam.idm.microservices.AnalyzerMicroservice [pool-3-thread-1] name : 12.1 Presa visione doc.pdf
2020-09-28 11:07:10,979 INFO com.ibm.snam.idm.microservices.AnalyzerMicroservice [pool-4-thread-1] bytes : [B@5230926e
2020-09-28 11:07:10,979 INFO com.ibm.snam.idm.web_socket.UpdateFilesController [clientInboundChannel-31] Uploading document (zip): 12.11.C Dich. art. 14.pdf
2020-09-28 11:07:10,979 INFO com.ibm.snam.idm.microservices.AnalyzerMicroservice [pool-5-thread-1] analyzeFile -- INIT --
2020-09-28 11:07:10,979 INFO com.ibm.snam.idm.microservices.AnalyzerMicroservice [pool-4-thread-1] name : 12.10 versamento.PDF
2020-09-28 11:07:10,979 INFO com.ibm.snam.idm.microservices.AnalyzerMicroservice [pool-5-thread-1] bytes : [B@76fd5be6
2020-09-28 11:07:10,980 INFO com.ibm.snam.idm.microservices.AnalyzerMicroservice [pool-5-thread-1] name : 12.11.A Autoc reqi idon tec prof.pdf
2020-09-28 11:07:10,980 INFO com.ibm.snam.idm.web_socket.UpdateFilesController [clientInboundChannel-31] Uploading document (zip): 12.11.D Nominativo soggetto art 97 81-2008.pdf
2020-09-28 11:07:10,980 INFO com.ibm.snam.idm.microservices.AnalyzerMicroservice [pool-6-thread-1] analyzeFile -- INIT --
2020-09-28 11:07:10,980 INFO com.ibm.snam.idm.microservices.AnalyzerMicroservice [pool-6-thread-1] bytes : [B@371260ef
2020-09-28 11:07:10,980 INFO com.ibm.snam.idm.microservices.AnalyzerMicroservice [pool-7-thread-1] analyzeFile -- INIT --
2020-09-28 11:07:10,980 INFO com.ibm.snam.idm.web_socket.UpdateFilesController [clientInboundChannel-31] Uploading document (zip): 12.11.E Nominativo ASPP.pdf
2020-09-28 11:07:10,980 INFO com.ibm.snam.idm.microservices.AnalyzerMicroservice [pool-6-thread-1] name : 12.11.B  Nominativo RSPP.pdf
2020-09-28 11:07:10,980 INFO com.ibm.snam.idm.microservices.AnalyzerMicroservice [pool-7-thread-1] bytes : [B@34897f70
2020-09-28 11:07:10,980 INFO com.ibm.snam.idm.microservices.AnalyzerMicroservice [pool-7-thread-1] name : 12.11.C Dich. art. 14.pdf
2020-09-28 11:07:10,980 INFO com.ibm.snam.idm.microservices.AnalyzerMicroservice [pool-8-thread-1] analyzeFile -- INIT --
2020-09-28 11:07:10,980 INFO com.ibm.snam.idm.web_socket.UpdateFilesController [clientInboundChannel-31] Uploading document (zip): 12.11.F Dich. nomina addetti.pdf
2020-09-28 11:07:10,980 INFO com.ibm.snam.idm.microservices.AnalyzerMicroservice [pool-9-thread-1] analyzeFile -- INIT --
2020-09-28 11:07:10,984 INFO com.ibm.snam.idm.microservices.AnalyzerMicroservice [pool-6-thread-1] Calling URL : http://158.177.78.140:8080/analyzerDocument/analyze/document
2020-09-28 11:07:10,984 INFO com.ibm.snam.idm.microservices.AnalyzerMicroservice [pool-5-thread-1] Calling URL : http://158.177.78.140:8080/analyzerDocument/analyze/document
2020-09-28 11:07:10,984 INFO com.ibm.snam.idm.microservices.AnalyzerMicroservice [pool-4-thread-1] Calling URL : http://158.177.78.140:8080/analyzerDocument/analyze/document
2020-09-28 11:07:10,984 INFO com.ibm.snam.idm.microservices.AnalyzerMicroservice [pool-3-thread-1] Calling URL : http://158.177.78.140:8080/analyzerDocument/analyze/document
2020-09-28 11:07:10,988 INFO com.ibm.snam.idm.microservices.AnalyzerMicroservice [pool-9-thread-1] bytes : [B@14561cd1
2020-09-28 11:07:10,988 INFO com.ibm.snam.idm.microservices.AnalyzerMicroservice [pool-8-thread-1] bytes : [B@b2703f1
2020-09-28 11:07:10,989 INFO com.ibm.snam.idm.microservices.AnalyzerMicroservice [pool-9-thread-1] name : 12.11.E Nominativo ASPP.pdf
2020-09-28 11:07:10,989 INFO com.ibm.snam.idm.microservices.AnalyzerMicroservice [pool-10-thread-1] analyzeFile -- INIT --
2020-09-28 11:07:10,989 INFO com.ibm.snam.idm.microservices.AnalyzerMicroservice [pool-8-thread-1] name : 12.11.D Nominativo soggetto art 97 81-2008.pdf
2020-09-28 11:07:10,989 INFO com.ibm.snam.idm.microservices.AnalyzerMicroservice [pool-10-thread-1] bytes : [B@427d5161
2020-09-28 11:07:10,989 INFO com.ibm.snam.idm.microservices.AnalyzerMicroservice [pool-10-thread-1] name : 12.11.F Dich. nomina addetti.pdf
2020-09-28 11:07:10,992 INFO com.ibm.snam.idm.microservices.AnalyzerMicroservice [pool-8-thread-1] Calling URL : http://158.177.78.140:8080/analyzerDocument/analyze/document
2020-09-28 11:07:10,992 INFO com.ibm.snam.idm.microservices.AnalyzerMicroservice [pool-7-thread-1] Calling URL : http://158.177.78.140:8080/analyzerDocument/analyze/document
2020-09-28 11:07:10,993 INFO com.ibm.snam.idm.microservices.AnalyzerMicroservice [pool-10-thread-1] Calling URL : http://158.177.78.140:8080/analyzerDocument/analyze/document
2020-09-28 11:07:10,993 INFO com.ibm.snam.idm.microservices.AnalyzerMicroservice [pool-9-thread-1] Calling URL : http://158.177.78.140:8080/analyzerDocument/analyze/document
2020-09-28 11:09:11,026 INFO com.ibm.snam.idm.microservices.AnalyzerMicroservice [pool-3-thread-1] analyzeFile --END--
2020-09-28 11:09:11,027 INFO com.ibm.snam.idm.web_socket.upload.UploadFileService$UploadSupplierFileTask [pool-3-thread-1] Response from analyzer {"entities":[{"type":"GARA","text":"SAR20/003S","mentions":[{"text":"SAR20/003S","location":[629,639]}],"count":1},{"type":"CIG","text":"819924355E","mentions":[{"text":"819924355E","location":[359,369]},{"text":"819924355E","location":[777,787]},{"text":"819924355E","location":[1612,1622]}],"count":3},{"type":"OGGETTO_LETTERA","text":"Gara SUPC/PROCU prot","mentions":[{"text":"Gara SUPC/PROCU prot","location":[607,627]}],"count":1}],"language":"it","status":200,"idAttachment":"5f71a82d66163131f1b6f9eb"}
2020-09-28 11:09:11,028 INFO com.ibm.snam.idm.web_socket.upload.UploadFileService$UploadSupplierFileTask [pool-3-thread-1] fileToUpload
2020-09-28 11:09:11,028 INFO com.ibm.snam.idm.web_socket.upload.UploadFileService$UploadSupplierFileTask [pool-3-thread-1] Uploading attachment for supplier
2020-09-28 11:09:11,029 INFO com.ibm.snam.idm.microservices.BackendMicroservice [pool-3-thread-1] saveObjectOnDb -- INIT --
2020-09-28 11:09:11,030 INFO com.ibm.snam.idm.microservices.BackendMicroservice [pool-3-thread-1] calling url : http://localhost:8080/attachment/uploadAttachmentsForSupplier
2020-09-28 11:09:11,071 INFO com.ibm.snam.idm.microservices.AnalyzerMicroservice [pool-4-thread-1] analyzeFile --END--
2020-09-28 11:09:11,072 INFO com.ibm.snam.idm.web_socket.upload.UploadFileService$UploadSupplierFileTask [pool-4-thread-1] Response from analyzer {"entities":[],"language":"it","status":200,"idAttachment":"5f71a82566163131f1b6f9ea"}
2020-09-28 11:09:11,072 INFO com.ibm.snam.idm.web_socket.upload.UploadFileService$UploadSupplierFileTask [pool-4-thread-1] fileToUpload
2020-09-28 11:09:11,072 INFO com.ibm.snam.idm.web_socket.upload.UploadFileService$UploadSupplierFileTask [pool-4-thread-1] Uploading attachment for supplier
2020-09-28 11:09:11,072 INFO com.ibm.snam.idm.microservices.BackendMicroservice [pool-4-thread-1] saveObjectOnDb -- INIT --
2020-09-28 11:09:11,074 INFO com.ibm.snam.idm.microservices.BackendMicroservice [pool-4-thread-1] calling url : http://localhost:8080/attachment/uploadAttachmentsForSupplier
2020-09-28 11:09:12,352 INFO com.ibm.snam.idm.microservices.BackendMicroservice [pool-4-thread-1] saveObjectOnDb -- END -- response : {"status":200,"message":"Documento caricato con successo"}
2020-09-28 11:09:12,353 INFO com.ibm.snam.idm.web_socket.upload.UploadFileService$UploadSupplierFileTask [pool-4-thread-1] Response from backend : {"status":200,"message":"Documento caricato con successo"}
2020-09-28 11:09:12,353 INFO com.ibm.snam.idm.web_socket.upload.UploadFileService$UploadSupplierFileTask [pool-4-thread-1] uploadResult com.ibm.snam.idm.web_socket.upload.UploadResult@2c9dc4df
2020-09-28 11:09:12,806 INFO com.ibm.snam.idm.microservices.BackendMicroservice [pool-3-thread-1] saveObjectOnDb -- END -- response : {"status":200,"message":"Documento caricato con successo"}
2020-09-28 11:09:12,807 INFO com.ibm.snam.idm.web_socket.upload.UploadFileService$UploadSupplierFileTask [pool-3-thread-1] Response from backend : {"status":200,"message":"Documento caricato con successo"}
2020-09-28 11:09:12,807 INFO com.ibm.snam.idm.web_socket.upload.UploadFileService$UploadSupplierFileTask [pool-3-thread-1] uploadResult com.ibm.snam.idm.web_socket.upload.UploadResult@12cbfc1
2020-09-28 11:09:14,951 INFO com.ibm.snam.idm.microservices.AnalyzerMicroservice [pool-7-thread-1] analyzeFile --END--
2020-09-28 11:09:14,952 INFO com.ibm.snam.idm.web_socket.upload.UploadFileService$UploadSupplierFileTask [pool-7-thread-1] Response from analyzer {"entities":[{"type":"CIG","text":"819924355E","mentions":[{"text":"819924355E","location":[422,432]},{"text":"819924355E","location":[1494,1504]}],"count":2},{"type":"D_12_11_04_PROVVEDIMENTI_SOSPENSIONE","text":"non essere oggetto di provvedimenti di sospensione o interdettivi","mentions":[{"text":"non essere oggetto di provvedimenti di sospensione o interdettivi","location":[1178,1243]}],"count":1}],"language":"it","status":200,"idAttachment":"5f71a83866163131f1b6f9ec"}
2020-09-28 11:09:14,953 INFO com.ibm.snam.idm.web_socket.upload.UploadFileService$UploadSupplierFileTask [pool-7-thread-1] fileToUpload
2020-09-28 11:09:14,953 INFO com.ibm.snam.idm.web_socket.upload.UploadFileService$UploadSupplierFileTask [pool-7-thread-1] Uploading attachment for supplier
2020-09-28 11:09:14,953 INFO com.ibm.snam.idm.microservices.BackendMicroservice [pool-7-thread-1] saveObjectOnDb -- INIT --
2020-09-28 11:09:14,954 INFO com.ibm.snam.idm.microservices.BackendMicroservice [pool-7-thread-1] calling url : http://localhost:8080/attachment/uploadAttachmentsForSupplier
2020-09-28 11:09:15,856 INFO com.ibm.snam.idm.microservices.BackendMicroservice [pool-7-thread-1] saveObjectOnDb -- END -- response : {"status":200,"message":"Documento caricato con successo"}
2020-09-28 11:09:15,856 INFO com.ibm.snam.idm.web_socket.upload.UploadFileService$UploadSupplierFileTask [pool-7-thread-1] Response from backend : {"status":200,"message":"Documento caricato con successo"}
2020-09-28 11:09:15,857 INFO com.ibm.snam.idm.web_socket.upload.UploadFileService$UploadSupplierFileTask [pool-7-thread-1] uploadResult com.ibm.snam.idm.web_socket.upload.UploadResult@3a4e9791
2020-09-28 11:09:25,195 INFO com.ibm.snam.idm.microservices.AnalyzerMicroservice [pool-8-thread-1] analyzeFile --END--
2020-09-28 11:09:25,195 INFO com.ibm.snam.idm.web_socket.upload.UploadFileService$UploadSupplierFileTask [pool-8-thread-1] Response from analyzer {"entities":[{"type":"D_12_11_05_SOGGETTO_FORMAZIONE","text":"nominativo del soggetto in possesso di adeguata formazione","mentions":[{"text":"nominativo del soggetto in possesso di adeguata formazione","location":[1209,1267]}],"count":1},{"type":"CIG","text":"819924355E","mentions":[{"text":"819924355E","location":[404,414]},{"text":"819924355E","location":[1567,1577]}],"count":2}],"language":"it","status":200,"idAttachment":"5f71a84366163131f1b6f9ed"}
2020-09-28 11:09:25,196 INFO com.ibm.snam.idm.web_socket.upload.UploadFileService$UploadSupplierFileTask [pool-8-thread-1] fileToUpload
2020-09-28 11:09:25,196 INFO com.ibm.snam.idm.web_socket.upload.UploadFileService$UploadSupplierFileTask [pool-8-thread-1] Uploading attachment for supplier
2020-09-28 11:09:25,196 INFO com.ibm.snam.idm.microservices.BackendMicroservice [pool-8-thread-1] saveObjectOnDb -- INIT --
2020-09-28 11:09:25,198 INFO com.ibm.snam.idm.microservices.BackendMicroservice [pool-8-thread-1] calling url : http://localhost:8080/attachment/uploadAttachmentsForSupplier
2020-09-28 11:09:26,180 INFO com.ibm.snam.idm.microservices.AnalyzerMicroservice [pool-9-thread-1] analyzeFile --END--
2020-09-28 11:09:26,180 INFO com.ibm.snam.idm.web_socket.upload.UploadFileService$UploadSupplierFileTask [pool-9-thread-1] Response from analyzer {"entities":[{"type":"CIG","text":"819924355E","mentions":[{"text":"819924355E","location":[408,418]},{"text":"819924355E","location":[1536,1546]}],"count":2},{"type":"D_12_11_06_ASPP","text":"nominare un Addetto al Servizio di Prevenzione e Protezione (ASPP)  avente i requisiti di legge","mentions":[{"text":"nominare un Addetto al Servizio di Prevenzione e Protezione (ASPP)  avente i requisiti di legge","location":[1185,1280]}],"count":1}],"language":"it","status":200,"idAttachment":"5f71a84466163131f1b6f9ee"}
2020-09-28 11:09:26,180 INFO com.ibm.snam.idm.web_socket.upload.UploadFileService$UploadSupplierFileTask [pool-9-thread-1] fileToUpload
2020-09-28 11:09:26,180 INFO com.ibm.snam.idm.web_socket.upload.UploadFileService$UploadSupplierFileTask [pool-9-thread-1] Uploading attachment for supplier
2020-09-28 11:09:26,180 INFO com.ibm.snam.idm.microservices.BackendMicroservice [pool-9-thread-1] saveObjectOnDb -- INIT --
2020-09-28 11:09:26,182 INFO com.ibm.snam.idm.microservices.BackendMicroservice [pool-9-thread-1] calling url : http://localhost:8080/attachment/uploadAttachmentsForSupplier
2020-09-28 11:09:26,318 INFO com.ibm.snam.idm.microservices.BackendMicroservice [pool-8-thread-1] saveObjectOnDb -- END -- response : {"status":200,"message":"Documento caricato con successo"}
2020-09-28 11:09:26,322 INFO com.ibm.snam.idm.web_socket.upload.UploadFileService$UploadSupplierFileTask [pool-8-thread-1] Response from backend : {"status":200,"message":"Documento caricato con successo"}
2020-09-28 11:09:26,322 INFO com.ibm.snam.idm.web_socket.upload.UploadFileService$UploadSupplierFileTask [pool-8-thread-1] uploadResult com.ibm.snam.idm.web_socket.upload.UploadResult@5e0fce5
2020-09-28 11:09:26,566 INFO com.ibm.snam.idm.microservices.BackendMicroservice [pool-9-thread-1] saveObjectOnDb -- END -- response : {"status":200,"message":"Documento caricato con successo"}
2020-09-28 11:09:26,566 INFO com.ibm.snam.idm.web_socket.upload.UploadFileService$UploadSupplierFileTask [pool-9-thread-1] Response from backend : {"status":200,"message":"Documento caricato con successo"}
2020-09-28 11:09:26,567 INFO com.ibm.snam.idm.web_socket.upload.UploadFileService$UploadSupplierFileTask [pool-9-thread-1] uploadResult com.ibm.snam.idm.web_socket.upload.UploadResult@1a91e02b
2020-09-28 11:09:35,371 INFO com.ibm.snam.idm.microservices.AnalyzerMicroservice [pool-10-thread-1] analyzeFile --END--
2020-09-28 11:09:35,372 INFO com.ibm.snam.idm.web_socket.upload.UploadFileService$UploadSupplierFileTask [pool-10-thread-1] Response from analyzer {"entities":[{"type":"CIG","text":"819924355E","mentions":[{"text":"819924355E","location":[426,436]},{"text":"819924355E","location":[1549,1559]}],"count":2},{"type":"D_12_11_07_ANTINCENDIO","text":"nominare per i lavori oggetto dell'appalto un numero adeguato di  Addetti Antincendio e Pronto Soccorso, aventi i requisiti di legge","mentions":[{"text":"nominare per i lavori oggetto dell'appalto un numero adeguato di  Addetti Antincendio e Pronto Soccorso, aventi i requisiti di legge","location":[1188,1320]}],"count":1}],"language":"it","status":200,"idAttachment":"5f71a84d66163131f1b6f9ef"}
2020-09-28 11:09:35,372 INFO com.ibm.snam.idm.web_socket.upload.UploadFileService$UploadSupplierFileTask [pool-10-thread-1] fileToUpload
2020-09-28 11:09:35,372 INFO com.ibm.snam.idm.web_socket.upload.UploadFileService$UploadSupplierFileTask [pool-10-thread-1] Uploading attachment for supplier
2020-09-28 11:09:35,372 INFO com.ibm.snam.idm.microservices.BackendMicroservice [pool-10-thread-1] saveObjectOnDb -- INIT --
2020-09-28 11:09:35,374 INFO com.ibm.snam.idm.microservices.BackendMicroservice [pool-10-thread-1] calling url : http://localhost:8080/attachment/uploadAttachmentsForSupplier
2020-09-28 11:09:36,996 INFO com.ibm.snam.idm.microservices.BackendMicroservice [pool-10-thread-1] saveObjectOnDb -- END -- response : {"status":200,"message":"Documento caricato con successo"}
2020-09-28 11:09:36,997 INFO com.ibm.snam.idm.web_socket.upload.UploadFileService$UploadSupplierFileTask [pool-10-thread-1] Response from backend : {"status":200,"message":"Documento caricato con successo"}
2020-09-28 11:09:36,997 INFO com.ibm.snam.idm.web_socket.upload.UploadFileService$UploadSupplierFileTask [pool-10-thread-1] uploadResult com.ibm.snam.idm.web_socket.upload.UploadResult@4cbab75e
2020-09-28 11:10:11,518 INFO com.ibm.snam.idm.microservices.AnalyzerMicroservice [pool-5-thread-1] analyzeFile --END--
2020-09-28 11:10:11,518 INFO com.ibm.snam.idm.web_socket.upload.UploadFileService$UploadSupplierFileTask [pool-5-thread-1] Response from analyzer {"entities":[{"type":"GARA","text":"SAR20/003S","mentions":[{"text":"SAR20/003S","location":[924,934]}],"count":1},{"type":"DATA_DOCUMENTO","text":"28.12.2000","mentions":[{"text":"28.12.2000","location":[1552,1562]}],"count":1},{"type":"CIG","text":"819924355E","mentions":[{"text":"819924355E","location":[498,508]},{"text":"819924355E","location":[1072,1082]},{"text":"819924355E","location":[4434,4444]},{"text":"819924355E","location":[5769,5779]},{"text":"819924355E","location":[6301,6311]}],"count":5},{"type":"DATA_DOCUMENTO","text":"2 marzo 2020","mentions":[{"text":"2 marzo 2020","location":[5559,5571]}],"count":1},{"type":"DATA_DOCUMENTO","text":"10.06.2019","mentions":[{"text":"10.06.2019","location":[6132,6142]}],"count":1},{"type":"OGGETTO_LETTERA","text":"Gara SUPC/PROCU prot","mentions":[{"text":"Gara SUPC/PROCU prot","location":[902,922]}],"count":1},{"type":"DATA_DOCUMENTO","text":"10/06/2019","mentions":[{"text":"10/06/2019","location":[5483,5493]}],"count":1}],"language":"it","status":200,"idAttachment":"5f71a87066163131f1b6f9f0"}
2020-09-28 11:10:11,519 INFO com.ibm.snam.idm.web_socket.upload.UploadFileService$UploadSupplierFileTask [pool-5-thread-1] fileToUpload
2020-09-28 11:10:11,519 INFO com.ibm.snam.idm.web_socket.upload.UploadFileService$UploadSupplierFileTask [pool-5-thread-1] Uploading attachment for supplier
2020-09-28 11:10:11,519 INFO com.ibm.snam.idm.microservices.BackendMicroservice [pool-5-thread-1] saveObjectOnDb -- INIT --
2020-09-28 11:10:11,521 INFO com.ibm.snam.idm.microservices.BackendMicroservice [pool-5-thread-1] calling url : http://localhost:8080/attachment/uploadAttachmentsForSupplier
2020-09-28 11:10:12,149 INFO com.ibm.snam.idm.microservices.BackendMicroservice [pool-5-thread-1] saveObjectOnDb -- END -- response : {"status":200,"message":"Documento caricato con successo"}
2020-09-28 11:10:12,149 INFO com.ibm.snam.idm.web_socket.upload.UploadFileService$UploadSupplierFileTask [pool-5-thread-1] Response from backend : {"status":200,"message":"Documento caricato con successo"}
2020-09-28 11:10:12,149 INFO com.ibm.snam.idm.web_socket.upload.UploadFileService$UploadSupplierFileTask [pool-5-thread-1] uploadResult com.ibm.snam.idm.web_socket.upload.UploadResult@7c053096
2020-09-28 11:18:13,822 INFO com.ibm.snam.idm.controller.ViewController [http-nio-3030-exec-5] getting garaOverview
2020-09-28 11:18:13,823 INFO com.ibm.snam.idm.controller.ViewController [http-nio-3030-exec-5] returning garaOverview
2020-09-28 11:18:14,123 INFO com.ibm.snam.idm.controller.UserNotificationController [http-nio-3030-exec-1] getUserNotification -- INIT -- userId : RIDP86Z
2020-09-28 11:18:14,124 INFO com.ibm.snam.idm.service.UserNotificationService [http-nio-3030-exec-1] getUserNotification -- INIT --
2020-09-28 11:18:14,125 INFO com.ibm.snam.idm.microservices.BackendMicroservice [http-nio-3030-exec-4] getSuppliersByTenderId -- INIT --
2020-09-28 11:18:14,127 INFO com.ibm.snam.idm.microservices.BackendMicroservice [http-nio-3030-exec-4] calling url : http://localhost:8080/tender/5f71816869cb3f5a9193864b/suppliers
2020-09-28 11:18:14,296 INFO com.ibm.snam.idm.service.UserNotificationService [http-nio-3030-exec-1] Found 0 notification(s) for user RIDP86Z
2020-09-28 11:18:14,296 INFO com.ibm.snam.idm.controller.UserNotificationController [http-nio-3030-exec-1] getUserNotification -- END -- userId : RIDP86Z
2020-09-28 11:18:34,134 INFO com.ibm.snam.idm.microservices.BackendMicroservice [http-nio-3030-exec-2] getSuppliersByTenderId -- INIT --
2020-09-28 11:18:34,136 INFO com.ibm.snam.idm.microservices.BackendMicroservice [http-nio-3030-exec-2] calling url : http://localhost:8080/tender/5f71816869cb3f5a9193864b/suppliers
2020-09-28 11:18:36,865 INFO com.ibm.snam.idm.microservices.BackendMicroservice [http-nio-3030-exec-2] getSuppliersByTenderId -- END --
2020-09-28 11:18:37,154 INFO com.ibm.snam.idm.microservices.BackendMicroservice [http-nio-3030-exec-4] getSuppliersByTenderId -- END --
2020-09-28 11:18:40,471 INFO com.ibm.snam.idm.controller.ViewController [http-nio-3030-exec-7] getting fornitoreOverview
2020-09-28 11:18:40,471 INFO com.ibm.snam.idm.controller.ViewController [http-nio-3030-exec-7] returning fornitoreOverview
2020-09-28 11:18:40,687 INFO com.ibm.snam.idm.controller.UserNotificationController [http-nio-3030-exec-1] getUserNotification -- INIT -- userId : RIDP86Z
2020-09-28 11:18:40,688 INFO com.ibm.snam.idm.service.UserNotificationService [http-nio-3030-exec-1] getUserNotification -- INIT --
2020-09-28 11:18:40,853 INFO com.ibm.snam.idm.service.UserNotificationService [http-nio-3030-exec-1] Found 0 notification(s) for user RIDP86Z
2020-09-28 11:18:40,853 INFO com.ibm.snam.idm.controller.UserNotificationController [http-nio-3030-exec-1] getUserNotification -- END -- userId : RIDP86Z
2020-09-28 11:18:56,827 INFO com.ibm.snam.idm.controller.ViewController [http-nio-3030-exec-8] getting garaOverview
2020-09-28 11:18:56,827 INFO com.ibm.snam.idm.controller.ViewController [http-nio-3030-exec-8] returning garaOverview
2020-09-28 11:18:57,032 INFO com.ibm.snam.idm.microservices.BackendMicroservice [http-nio-3030-exec-2] getSuppliersByTenderId -- INIT --
2020-09-28 11:18:57,033 INFO com.ibm.snam.idm.controller.UserNotificationController [http-nio-3030-exec-1] getUserNotification -- INIT -- userId : RIDP86Z
2020-09-28 11:18:57,034 INFO com.ibm.snam.idm.service.UserNotificationService [http-nio-3030-exec-1] getUserNotification -- INIT --
2020-09-28 11:18:57,035 INFO com.ibm.snam.idm.microservices.BackendMicroservice [http-nio-3030-exec-2] calling url : http://localhost:8080/tender/5f71816869cb3f5a9193864b/suppliers
2020-09-28 11:18:57,200 INFO com.ibm.snam.idm.service.UserNotificationService [http-nio-3030-exec-1] Found 0 notification(s) for user RIDP86Z
2020-09-28 11:18:57,200 INFO com.ibm.snam.idm.controller.UserNotificationController [http-nio-3030-exec-1] getUserNotification -- END -- userId : RIDP86Z
2020-09-28 11:18:58,343 INFO com.ibm.snam.idm.microservices.BackendMicroservice [http-nio-3030-exec-2] getSuppliersByTenderId -- END --
2020-09-28 11:18:58,348 INFO com.ibm.snam.idm.microservices.BackendMicroservice [http-nio-3030-exec-6] getSuppliersByTenderId -- INIT --
2020-09-28 11:18:58,351 INFO com.ibm.snam.idm.microservices.BackendMicroservice [http-nio-3030-exec-6] calling url : http://localhost:8080/tender/5f71816869cb3f5a9193864b/suppliers
2020-09-28 11:19:00,346 INFO com.ibm.snam.idm.microservices.BackendMicroservice [http-nio-3030-exec-6] getSuppliersByTenderId -- END --
2020-09-28 11:19:16,861 INFO com.ibm.snam.idm.microservices.BackendMicroservice [http-nio-3030-exec-4] getDocumentContent -- INIT --
2020-09-28 11:19:16,864 INFO com.ibm.snam.idm.microservices.BackendMicroservice [http-nio-3030-exec-4] calling url : http://localhost:8080/document/5f71816066163131f1b6f9ce/content
2020-09-28 11:19:19,424 INFO com.ibm.snam.idm.microservices.BackendMicroservice [http-nio-3030-exec-4] getDocumentContent -- END --
2020-09-28 11:19:34,557 INFO com.ibm.snam.idm.controller.ViewController [http-nio-3030-exec-7] getting dashboard
2020-09-28 11:19:34,557 INFO com.ibm.snam.idm.controller.ViewController [http-nio-3030-exec-7] returning dashboard
2020-09-28 11:19:34,777 INFO com.ibm.snam.idm.controller.UserNotificationController [http-nio-3030-exec-9] getUserNotification -- INIT -- userId : RIDP86Z
2020-09-28 11:19:34,777 INFO com.ibm.snam.idm.service.UserNotificationService [http-nio-3030-exec-9] getUserNotification -- INIT --
2020-09-28 11:19:34,940 INFO com.ibm.snam.idm.service.UserNotificationService [http-nio-3030-exec-9] Found 0 notification(s) for user RIDP86Z
2020-09-28 11:19:34,941 INFO com.ibm.snam.idm.controller.UserNotificationController [http-nio-3030-exec-9] getUserNotification -- END -- userId : RIDP86Z
2020-09-28 11:19:36,697 INFO com.ibm.snam.idm.controller.ViewController [http-nio-3030-exec-5] getting garaOverview
2020-09-28 11:19:36,697 INFO com.ibm.snam.idm.controller.ViewController [http-nio-3030-exec-5] returning garaOverview
2020-09-28 11:19:36,871 INFO com.ibm.snam.idm.microservices.BackendMicroservice [http-nio-3030-exec-2] getSuppliersByTenderId -- INIT --
2020-09-28 11:19:36,871 INFO com.ibm.snam.idm.controller.UserNotificationController [http-nio-3030-exec-6] getUserNotification -- INIT -- userId : RIDP86Z
2020-09-28 11:19:36,871 INFO com.ibm.snam.idm.service.UserNotificationService [http-nio-3030-exec-6] getUserNotification -- INIT --
2020-09-28 11:19:36,873 INFO com.ibm.snam.idm.microservices.BackendMicroservice [http-nio-3030-exec-2] calling url : http://localhost:8080/tender/5f71a94e69cb3f5a9193864f/suppliers
2020-09-28 11:19:37,036 INFO com.ibm.snam.idm.service.UserNotificationService [http-nio-3030-exec-6] Found 0 notification(s) for user RIDP86Z
2020-09-28 11:19:37,036 INFO com.ibm.snam.idm.controller.UserNotificationController [http-nio-3030-exec-6] getUserNotification -- END -- userId : RIDP86Z
2020-09-28 11:19:38,246 INFO com.ibm.snam.idm.microservices.BackendMicroservice [http-nio-3030-exec-2] getSuppliersByTenderId -- END --
2020-09-28 11:19:38,251 INFO com.ibm.snam.idm.microservices.BackendMicroservice [http-nio-3030-exec-7] getSuppliersByTenderId -- INIT --
2020-09-28 11:19:38,253 INFO com.ibm.snam.idm.microservices.BackendMicroservice [http-nio-3030-exec-7] calling url : http://localhost:8080/tender/5f71a94e69cb3f5a9193864f/suppliers
2020-09-28 11:19:39,702 INFO com.ibm.snam.idm.microservices.BackendMicroservice [http-nio-3030-exec-7] getSuppliersByTenderId -- END --
2020-09-28 11:19:40,188 INFO com.ibm.snam.idm.microservices.BackendMicroservice [http-nio-3030-exec-8] getDocumentContent -- INIT --
2020-09-28 11:19:40,192 INFO com.ibm.snam.idm.microservices.BackendMicroservice [http-nio-3030-exec-8] calling url : http://localhost:8080/document/5f71a93566163131f1b6f9f1/content
2020-09-28 11:19:44,209 INFO com.ibm.snam.idm.microservices.BackendMicroservice [http-nio-3030-exec-8] getDocumentContent -- END --
2020-09-28 11:20:03,178 INFO com.ibm.snam.idm.controller.ViewController [http-nio-3030-exec-4] getting fornitoreOverview
2020-09-28 11:20:03,179 INFO com.ibm.snam.idm.controller.ViewController [http-nio-3030-exec-4] returning fornitoreOverview
2020-09-28 11:20:03,413 INFO com.ibm.snam.idm.controller.UserNotificationController [http-nio-3030-exec-8] getUserNotification -- INIT -- userId : RIDP86Z
2020-09-28 11:20:03,413 INFO com.ibm.snam.idm.service.UserNotificationService [http-nio-3030-exec-8] getUserNotification -- INIT --
2020-09-28 11:20:03,576 INFO com.ibm.snam.idm.service.UserNotificationService [http-nio-3030-exec-8] Found 0 notification(s) for user RIDP86Z
2020-09-28 11:20:03,576 INFO com.ibm.snam.idm.controller.UserNotificationController [http-nio-3030-exec-8] getUserNotification -- END -- userId : RIDP86Z
2020-09-28 11:20:15,819 INFO com.ibm.snam.idm.controller.ViewController [http-nio-3030-exec-6] getting garaOverview
2020-09-28 11:20:15,820 INFO com.ibm.snam.idm.controller.ViewController [http-nio-3030-exec-6] returning garaOverview
2020-09-28 11:20:16,045 INFO com.ibm.snam.idm.controller.UserNotificationController [http-nio-3030-exec-1] getUserNotification -- INIT -- userId : RIDP86Z
2020-09-28 11:20:16,046 INFO com.ibm.snam.idm.service.UserNotificationService [http-nio-3030-exec-1] getUserNotification -- INIT --
2020-09-28 11:20:16,046 INFO com.ibm.snam.idm.microservices.BackendMicroservice [http-nio-3030-exec-10] getSuppliersByTenderId -- INIT --
2020-09-28 11:20:16,048 INFO com.ibm.snam.idm.microservices.BackendMicroservice [http-nio-3030-exec-10] calling url : http://localhost:8080/tender/5f71a94e69cb3f5a9193864f/suppliers
2020-09-28 11:20:16,266 INFO com.ibm.snam.idm.service.UserNotificationService [http-nio-3030-exec-1] Found 0 notification(s) for user RIDP86Z
2020-09-28 11:20:16,267 INFO com.ibm.snam.idm.controller.UserNotificationController [http-nio-3030-exec-1] getUserNotification -- END -- userId : RIDP86Z
2020-09-28 11:20:17,537 INFO com.ibm.snam.idm.microservices.BackendMicroservice [http-nio-3030-exec-10] getSuppliersByTenderId -- END --
2020-09-28 11:20:17,541 INFO com.ibm.snam.idm.microservices.BackendMicroservice [http-nio-3030-exec-7] getSuppliersByTenderId -- INIT --
2020-09-28 11:20:17,543 INFO com.ibm.snam.idm.microservices.BackendMicroservice [http-nio-3030-exec-7] calling url : http://localhost:8080/tender/5f71a94e69cb3f5a9193864f/suppliers
2020-09-28 11:20:19,034 INFO com.ibm.snam.idm.microservices.BackendMicroservice [http-nio-3030-exec-7] getSuppliersByTenderId -- END --
2020-09-28 11:26:09,258 INFO com.ibm.snam.idm.controller.ViewController [http-nio-3030-exec-8] getting fornitoreOverview
2020-09-28 11:26:09,259 INFO com.ibm.snam.idm.controller.ViewController [http-nio-3030-exec-8] returning fornitoreOverview
2020-09-28 11:26:09,502 INFO com.ibm.snam.idm.controller.UserNotificationController [http-nio-3030-exec-2] getUserNotification -- INIT -- userId : RIDP86Z
2020-09-28 11:26:09,503 INFO com.ibm.snam.idm.service.UserNotificationService [http-nio-3030-exec-2] getUserNotification -- INIT --
2020-09-28 11:26:09,732 INFO com.ibm.snam.idm.service.UserNotificationService [http-nio-3030-exec-2] Found 0 notification(s) for user RIDP86Z
2020-09-28 11:26:09,732 INFO com.ibm.snam.idm.controller.UserNotificationController [http-nio-3030-exec-2] getUserNotification -- END -- userId : RIDP86Z
2020-09-28 11:26:21,911 INFO com.ibm.snam.idm.web_socket.UpdateFilesController [clientInboundChannel-65] Uploading document: Snam IHS Global Inc MNDA  redline 13June2019.doc
2020-09-28 11:26:21,912 INFO com.ibm.snam.idm.microservices.AnalyzerMicroservice [pool-11-thread-1] analyzeFile -- INIT --
2020-09-28 11:26:21,912 INFO com.ibm.snam.idm.microservices.AnalyzerMicroservice [pool-11-thread-1] bytes : [B@7e3dbfe7
2020-09-28 11:26:21,912 INFO com.ibm.snam.idm.microservices.AnalyzerMicroservice [pool-11-thread-1] name : Snam IHS Global Inc MNDA  redline 13June2019.doc
2020-09-28 11:26:21,914 INFO com.ibm.snam.idm.microservices.AnalyzerMicroservice [pool-11-thread-1] Calling URL : http://158.177.78.140:8080/analyzerDocument/analyze/document
2020-09-28 11:27:36,390 INFO com.ibm.snam.idm.microservices.AnalyzerMicroservice [pool-11-thread-1] analyzeFile --END--
2020-09-28 11:27:36,391 INFO com.ibm.snam.idm.web_socket.upload.UploadFileService$UploadSupplierFileTask [pool-11-thread-1] Response from analyzer {"entities":[{"type":"PAR_RECIPIENT","text":"Recipient","mentions":[{"text":"Recipient","location":[341,350]},{"text":"Recipient","location":[1113,1122]},{"text":"Recipient","location":[1418,1427]},{"text":"Recipient","location":[1771,1780]},{"text":"Recipient","location":[1786,1795]},{"text":"Recipient","location":[1878,1887]},{"text":"Recipient","location":[1937,1946]},{"text":"Recipient","location":[2001,2010]},{"text":"Recipient","location":[2493,2502]},{"text":"Recipient","location":[2823,2832]},{"text":"Recipient","location":[3119,3128]},{"text":"Recipient","location":[3268,3277]},{"text":"Recipient","location":[3462,3471]},{"text":"Recipient","location":[3601,3610]},{"text":"Recipient","location":[3777,3786]},{"text":"Recipient","location":[3965,3974]},{"text":"Recipient","location":[4051,4060]},{"text":"Recipient","location":[4181,4190]},{"text":"Recipient","location":[4211,4220]},{"text":"Recipient","location":[5388,5397]},{"text":"Recipient","location":[5543,5552]},{"text":"Recipient","location":[5794,5803]},{"text":"Recipient","location":[5929,5938]},{"text":"Recipient","location":[6134,6143]},{"text":"Recipient","location":[6281,6290]}],"count":25},{"type":"CAT_DEFINITION","text":"Derivatives","mentions":[{"text":"Derivatives","location":[4810,4821]}],"count":1},{"type":"CAT_CONFIDENTIALITY","text":"Confidentiality","mentions":[{"text":"Confidentiality","location":[67,82]}],"count":1},{"type":"CAT_WARRANTIES","text":"warrants","mentions":[{"text":"warrants","location":[5312,5320]}],"count":1},{"type":"NAT_RIGHT","text":"other rights","mentions":[{"text":"other rights","location":[4705,4717]}],"count":1},{"type":"CAT_TERMINATION","text":"termination","mentions":[{"text":"termination","location":[6580,6591]},{"text":"termination","location":[6598,6609]},{"text":"termination","location":[7356,7367]}],"count":3},{"type":"CAT_COSTS","text":"costs","mentions":[{"text":"costs","location":[1278,1283]}],"count":1},{"type":"CAT_DEFINITION","text":"Residual Information","mentions":[{"text":"Residual Information","location":[2166,2186]}],"count":1},{"type":"INVOLVED_PARTY","text":"IHS Global Inc.","mentions":[{"text":"IHS Global Inc.","location":[161,176]},{"text":"IHS Global Inc.","location":[7596,7611]}],"count":2},{"type":"NAT_LIMITATIONS","text":"limitation","mentions":[{"text":"limitation","location":[1180,1190]}],"count":1},{"type":"CAT_DEFINITION","text":"Discloser","mentions":[{"text":"Discloser","location":[326,335]}],"count":1},{"type":"INVOLVED_PARTY","text":"Snam S.p.A","mentions":[{"text":"Snam S.p.A","location":[7657,7667]}],"count":1},{"type":"CAT_DEFINITION","text":"Project","mentions":[{"text":"Project","location":[494,501]}],"count":1},{"type":"CAT_PAYMENTS","text":"prices","mentions":[{"text":"prices","location":[1285,1291]}],"count":1},{"type":"CAT_CONFIDENTIALITY","text":"obligation of  confidentiality","mentions":[{"text":"obligation of  confidentiality","location":[2060,2090]}],"count":1},{"type":"CAT_DEFINITION","text":"AS IS","mentions":[{"text":"AS IS","location":[5439,5444]}],"count":1},{"type":"INVOLVED_PARTY","text":"Snam S.p.A.","mentions":[{"text":"Snam S.p.A.","location":[227,238]}],"count":1},{"type":"CAT_CONFIDENTIALITY","text":"Confidential","mentions":[{"text":"Confidential","location":[619,631]},{"text":"Confidential","location":[723,735]},{"text":"Confidential","location":[1598,1610]},{"text":"Confidential","location":[1970,1982]},{"text":"Confidential","location":[2605,2617]},{"text":"Confidential","location":[2797,2809]},{"text":"Confidential","location":[3094,3106]},{"text":"Confidential","location":[3159,3171]},{"text":"Confidential","location":[3297,3309]},{"text":"Confidential","location":[3486,3498]},{"text":"Confidential","location":[3877,3889]},{"text":"Confidential","location":[3993,4005]},{"text":"Confidential","location":[4239,4251]},{"text":"Confidential","location":[4560,4572]},{"text":"Confidential","location":[4589,4601]},{"text":"Confidential","location":[4721,4733]},{"text":"Confidential","location":[5360,5372]},{"text":"Confidential","location":[5578,5590]},{"text":"Confidential","location":[6321,6333]},{"text":"Confidential","location":[6403,6415]},{"text":"Confidential","location":[6491,6503]},{"text":"Confidential","location":[6879,6891]},{"text":"Confidential","location":[7011,7023]}],"count":23},{"type":"PAR_DISCLOSER","text":"Discloser","mentions":[{"text":"Discloser","location":[326,335]},{"text":"Discloser","location":[1191,1200]},{"text":"Discloser","location":[1891,1900]},{"text":"Discloser","location":[3147,3156]},{"text":"Discloser","location":[3435,3444]},{"text":"Discloser","location":[3647,3656]},{"text":"Discloser","location":[3751,3760]},{"text":"Discloser","location":[3840,3849]},{"text":"Discloser","location":[3940,3949]},{"text":"Discloser","location":[4160,4169]},{"text":"Discloser","location":[4677,4686]},{"text":"Discloser","location":[5302,5311]},{"text":"Discloser","location":[5721,5730]},{"text":"Discloser","location":[5748,5757]},{"text":"Discloser","location":[5826,5835]},{"text":"Discloser","location":[6047,6056]},{"text":"Discloser","location":[6309,6318]}],"count":17},{"type":"PARTY_ADDRESS","text":"Piazza Santa Barbara 7, 20097 San Donato Milanese (Mi), Italy","mentions":[{"text":"Piazza Santa Barbara 7, 20097 San Donato Milanese (Mi), Italy","location":[241,302]}],"count":1},{"type":"CAT_DEFINITION","text":"Representatives","mentions":[{"text":"Representatives","location":[1547,1562]}],"count":1},{"type":"NAT_RIGHT","text":"shall be entitled","mentions":[{"text":"shall be entitled","location":[6057,6074]}],"count":1},{"type":"NAT_EXCLUSION","text":"does not include","mentions":[{"text":"does not include","location":[1623,1639]},{"text":"does not include","location":[2588,2604]}],"count":2},{"type":"CAT_DEFINITION","text":"Agreement","mentions":[{"text":"Agreement","location":[118,127]}],"count":1},{"type":"CONTRACT_TYPE","text":"MUTUAL CONFIDENTIALITY","mentions":[{"text":"MUTUAL CONFIDENTIALITY","location":[3,25]}],"count":1},{"type":"CAT_DEFINITION","text":"Recipient","mentions":[{"text":"Recipient","location":[341,350]}],"count":1},{"type":"CAT_CONFIDENTIALITY","text":"confidential","mentions":[{"text":"confidential","location":[707,719]},{"text":"confidential","location":[940,952]},{"text":"confidential","location":[1008,1020]},{"text":"confidential","location":[1148,1160]},{"text":"confidential","location":[2904,2916]},{"text":"confidential","location":[4438,4450]},{"text":"confidential","location":[4523,4535]},{"text":"confidential","location":[6615,6627]}],"count":8},{"type":"CAT_INTELLECTUAL_PROPERTY","text":"intellectual property","mentions":[{"text":"intellectual property","location":[2735,2756]}],"count":1},{"type":"CAT_COMMUNICATION_CHANNEL","text":"letter","mentions":[{"text":"letter","location":[6701,6707]}],"count":1},{"type":"ATT_DATE","text":"4 June, 2019","mentions":[{"text":"4 June, 2019","location":[7578,7590]}],"count":1},{"type":"PAR_EACH_PARTY","text":"parties","mentions":[{"text":"parties","location":[357,364]},{"text":"parties","location":[648,655]},{"text":"parties","location":[848,855]},{"text":"parties","location":[2637,2644]},{"text":"parties","location":[4349,4356]},{"text":"parties","location":[7149,7156]}],"count":6},{"type":"CAT_INTELLECTUAL_PROPERTY","text":"property","mentions":[{"text":"property","location":[4657,4665]}],"count":1},{"type":"NAT_RIGHT","text":"right","mentions":[{"text":"right","location":[5337,5342]}],"count":1},{"type":"ATT_DURATION","text":"three (3) years","mentions":[{"text":"three (3) years","location":[6355,6370]}],"count":1},{"type":"CAT_DEFINITION","text":"Confidential Information","mentions":[{"text":"Confidential Information","location":[723,747]}],"count":1},{"type":"PAR_DISCLOSER","text":"disclosing party","mentions":[{"text":"disclosing party","location":[6671,6687]}],"count":1}],"language":"en","status":200,"idAttachment":"5f71ac7666163131f1b6fa00"}
2020-09-28 11:27:36,393 INFO com.ibm.snam.idm.web_socket.upload.UploadFileService$UploadSupplierFileTask [pool-11-thread-1] fileToUpload
2020-09-28 11:27:36,393 INFO com.ibm.snam.idm.web_socket.upload.UploadFileService$UploadSupplierFileTask [pool-11-thread-1] Uploading attachment for supplier
2020-09-28 11:27:36,393 INFO com.ibm.snam.idm.microservices.BackendMicroservice [pool-11-thread-1] saveObjectOnDb -- INIT --
2020-09-28 11:27:36,395 INFO com.ibm.snam.idm.microservices.BackendMicroservice [pool-11-thread-1] calling url : http://localhost:8080/attachment/uploadAttachmentsForSupplier
2020-09-28 11:28:14,937 ERROR com.ibm.snam.idm.web_socket.UpdateFilesController [clientInboundChannel-65] org.springframework.web.client.HttpServerErrorException$InternalServerError: 500 Internal Server Error: [{"status":200,"message":"Errore nel caricamento del documento"}]
2020-09-28 11:28:14,938 ERROR com.ibm.snam.idm.web_socket.UpdateFilesController [clientInboundChannel-65] null
2020-09-28 11:28:14,942 ERROR org.springframework.messaging.handler.invocation.AbstractMethodMessageHandler [clientInboundChannel-65] Unhandled exception from message handler method
net.sf.json.JSONException: JSONObject["userId"] not found.
	at net.sf.json.JSONObject.getString(JSONObject.java:2092)
	at com.ibm.snam.idm.web_socket.UpdateFilesController.updateFiles(UpdateFilesController.java:148)
	at sun.reflect.NativeMethodAccessorImpl.invoke0(Native Method)
	at sun.reflect.NativeMethodAccessorImpl.invoke(NativeMethodAccessorImpl.java:62)
	at sun.reflect.DelegatingMethodAccessorImpl.invoke(DelegatingMethodAccessorImpl.java:43)
	at java.lang.reflect.Method.invoke(Method.java:498)
	at org.springframework.messaging.handler.invocation.InvocableHandlerMethod.doInvoke(InvocableHandlerMethod.java:171)
	at org.springframework.messaging.handler.invocation.InvocableHandlerMethod.invoke(InvocableHandlerMethod.java:120)
	at org.springframework.messaging.handler.invocation.AbstractMethodMessageHandler.handleMatch(AbstractMethodMessageHandler.java:565)
	at org.springframework.messaging.simp.annotation.support.SimpAnnotationMethodMessageHandler.handleMatch(SimpAnnotationMethodMessageHandler.java:511)
	at org.springframework.messaging.simp.annotation.support.SimpAnnotationMethodMessageHandler.handleMatch(SimpAnnotationMethodMessageHandler.java:94)
	at org.springframework.messaging.handler.invocation.AbstractMethodMessageHandler.handleMessageInternal(AbstractMethodMessageHandler.java:520)
	at org.springframework.messaging.handler.invocation.AbstractMethodMessageHandler.handleMessage(AbstractMethodMessageHandler.java:454)
	at org.springframework.messaging.support.ExecutorSubscribableChannel$SendTask.run(ExecutorSubscribableChannel.java:144)
	at java.util.concurrent.ThreadPoolExecutor.runWorker(ThreadPoolExecutor.java:1149)
	at java.util.concurrent.ThreadPoolExecutor$Worker.run(ThreadPoolExecutor.java:624)
	at java.lang.Thread.run(Thread.java:748)
2020-09-28 11:29:59,543 INFO com.ibm.snam.idm.controller.ViewController [http-nio-3030-exec-2] getting fornitoreOverview
2020-09-28 11:29:59,544 INFO com.ibm.snam.idm.controller.ViewController [http-nio-3030-exec-2] returning fornitoreOverview
2020-09-28 11:29:59,853 INFO com.ibm.snam.idm.controller.UserNotificationController [http-nio-3030-exec-1] getUserNotification -- INIT -- userId : RIDP86Z
2020-09-28 11:29:59,853 INFO com.ibm.snam.idm.service.UserNotificationService [http-nio-3030-exec-1] getUserNotification -- INIT --
2020-09-28 11:30:00,015 INFO com.ibm.snam.idm.service.UserNotificationService [http-nio-3030-exec-1] Found 0 notification(s) for user RIDP86Z
2020-09-28 11:30:00,016 INFO com.ibm.snam.idm.controller.UserNotificationController [http-nio-3030-exec-1] getUserNotification -- END -- userId : RIDP86Z
2020-09-28 11:35:01,274 INFO com.ibm.snam.idm.controller.ViewController [http-nio-3030-exec-7] getting fornitoreOverview
2020-09-28 11:35:01,275 INFO com.ibm.snam.idm.controller.ViewController [http-nio-3030-exec-7] returning fornitoreOverview
2020-09-28 11:35:01,505 INFO com.ibm.snam.idm.controller.UserNotificationController [http-nio-3030-exec-6] getUserNotification -- INIT -- userId : RIDP86Z
2020-09-28 11:35:01,505 INFO com.ibm.snam.idm.service.UserNotificationService [http-nio-3030-exec-6] getUserNotification -- INIT --
2020-09-28 11:35:02,243 INFO com.ibm.snam.idm.service.UserNotificationService [http-nio-3030-exec-6] Found 0 notification(s) for user RIDP86Z
2020-09-28 11:35:02,243 INFO com.ibm.snam.idm.controller.UserNotificationController [http-nio-3030-exec-6] getUserNotification -- END -- userId : RIDP86Z
2020-09-28 11:35:02,248 WARN org.hibernate.engine.jdbc.spi.SqlExceptionHelper$StandardWarningHandler [http-nio-3030-exec-6] SQL Warning Code: 4223, SQLState: null
2020-09-28 11:35:02,248 WARN org.hibernate.engine.jdbc.spi.SqlExceptionHelper$StandardWarningHandler [http-nio-3030-exec-6] Origination unknown: [10228][11541][4.13.127] Security exceptions occurred while loading driver. ERRORCODE=4223, SQLSTATE=null
2020-09-28 11:35:26,777 INFO org.springframework.web.socket.config.WebSocketMessageBrokerStats [MessageBroker-5] WebSocketSession[3 current WS(3)-HttpStream(0)-HttpPoll(0), 39 total, 0 closed abnormally (0 connect failure, 0 send limit, 0 transport error)], stompSubProtocol[processed CONNECT(39)-CONNECTED(39)-DISCONNECT(0)], stompBrokerRelay[null], inboundChannel[pool size = 24, active threads = 1, queued tasks = 0, completed tasks = 698], outboundChannel[pool size = 6, active threads = 0, queued tasks = 0, completed tasks = 75], sockJsScheduler[pool size = 12, active threads = 1, queued tasks = 6, completed tasks = 1321]
2020-09-28 11:36:27,834 INFO org.springframework.boot.StartupInfoLogger [main] Starting IdmFrontendApplication on DESKTOP-D7RNNC6 with PID 5668 (C:\progetti\Legal_IDM\workspace\idm-frontend\target\classes started by PietroGerace in C:\progetti\Legal_IDM\workspace\idm-frontend)
2020-09-28 11:36:27,837 INFO org.springframework.boot.SpringApplication [main] No active profile set, falling back to default profiles: default
2020-09-28 11:36:28,512 INFO org.springframework.data.repository.config.RepositoryConfigurationDelegate [main] Bootstrapping Spring Data JPA repositories in DEFERRED mode.
2020-09-28 11:36:28,564 INFO org.springframework.data.repository.config.RepositoryConfigurationDelegate [main] Finished Spring Data repository scanning in 45ms. Found 1 JPA repository interfaces.
2020-09-28 11:36:28,968 INFO org.springframework.boot.web.embedded.tomcat.TomcatWebServer [main] Tomcat initialized with port(s): 3030 (http)
2020-09-28 11:36:28,973 INFO org.apache.juli.logging.DirectJDKLog [main] Initializing ProtocolHandler ["http-nio-3030"]
2020-09-28 11:36:28,973 INFO org.apache.juli.logging.DirectJDKLog [main] Starting service [Tomcat]
2020-09-28 11:36:28,974 INFO org.apache.juli.logging.DirectJDKLog [main] Starting Servlet engine: [Apache Tomcat/9.0.36]
2020-09-28 11:36:29,252 INFO org.apache.juli.logging.DirectJDKLog [main] At least one JAR was scanned for TLDs yet contained no TLDs. Enable debug logging for this logger for a complete list of JARs that were scanned but no TLDs were found in them. Skipping unneeded JARs during scanning can improve startup time and JSP compilation time.
2020-09-28 11:36:29,255 INFO org.apache.juli.logging.DirectJDKLog [main] Initializing Spring embedded WebApplicationContext
2020-09-28 11:36:29,256 INFO org.springframework.boot.web.servlet.context.ServletWebServerApplicationContext [main] Root WebApplicationContext: initialization completed in 1387 ms
2020-09-28 11:36:29,309 WARN org.springframework.boot.autoconfigure.orm.jpa.JpaBaseConfiguration$JpaWebConfiguration [main] spring.jpa.open-in-view is enabled by default. Therefore, database queries may be performed during view rendering. Explicitly configure spring.jpa.open-in-view to disable this warning
2020-09-28 11:36:29,315 INFO com.ibm.snam.idm.datasource.DatasourceConfiguration [main] Connecting to Datasource....
2020-09-28 11:36:29,316 INFO com.ibm.snam.idm.datasource.DatasourceConfiguration [main] Connected to Datasource - url : jdbc:db2://dashdb-txn-flex-yp-fra02-566.services.eu-de.bluemix.net:50000/BLUDB
2020-09-28 11:36:29,370 INFO com.zaxxer.hikari.HikariDataSource [main] HikariPool-1 - Starting...
2020-09-28 11:36:30,488 INFO com.zaxxer.hikari.HikariDataSource [main] HikariPool-1 - Start completed.
2020-09-28 11:36:30,522 INFO org.hibernate.jpa.internal.util.LogHelper [main] HHH000204: Processing PersistenceUnitInfo [name: default]
2020-09-28 11:36:30,556 INFO org.hibernate.Version [main] HHH000412: Hibernate ORM core version 5.4.17.Final
2020-09-28 11:36:30,657 INFO org.hibernate.annotations.common.reflection.java.JavaReflectionManager [main] HCANN000001: Hibernate Commons Annotations {5.1.0.Final}
2020-09-28 11:36:30,745 INFO org.hibernate.dialect.Dialect [main] HHH000400: Using dialect: org.hibernate.dialect.DB2Dialect
2020-09-28 11:36:32,816 INFO org.hibernate.engine.transaction.jta.platform.internal.JtaPlatformInitiator [main] HHH000490: Using JtaPlatform implementation: [org.hibernate.engine.transaction.jta.platform.internal.NoJtaPlatform]
2020-09-28 11:36:32,824 INFO org.springframework.orm.jpa.AbstractEntityManagerFactoryBean [main] Initialized JPA EntityManagerFactory for persistence unit 'default'
2020-09-28 11:36:33,015 INFO org.springframework.security.web.DefaultSecurityFilterChain [main] Creating filter chain: any request, [org.springframework.security.web.context.request.async.WebAsyncManagerIntegrationFilter@b06d46d, org.springframework.security.web.context.SecurityContextPersistenceFilter@147cc940, org.springframework.security.web.header.HeaderWriterFilter@79ca7bea, org.keycloak.adapters.springsecurity.filter.KeycloakPreAuthActionsFilter@3af10d0b, org.keycloak.adapters.springsecurity.filter.KeycloakAuthenticationProcessingFilter@6bce313, org.springframework.security.web.authentication.logout.LogoutFilter@e3899fd, org.springframework.security.web.savedrequest.RequestCacheAwareFilter@70c29356, org.springframework.security.web.servletapi.SecurityContextHolderAwareRequestFilter@2c8b8de0, org.keycloak.adapters.springsecurity.filter.KeycloakSecurityContextRequestFilter@68631b1d, org.keycloak.adapters.springsecurity.filter.KeycloakAuthenticatedActionsFilter@5a48da4f, org.springframework.security.web.authentication.AnonymousAuthenticationFilter@25a5c8e, org.springframework.security.web.session.SessionManagementFilter@4bc9ca97, org.springframework.security.web.access.ExceptionTranslationFilter@2017f6e6, org.springframework.security.web.access.intercept.FilterSecurityInterceptor@2f09e6b2]
2020-09-28 11:36:33,063 INFO org.springframework.scheduling.concurrent.ExecutorConfigurationSupport [main] Initializing ExecutorService 'clientInboundChannelExecutor'
2020-09-28 11:36:33,066 INFO org.springframework.scheduling.concurrent.ExecutorConfigurationSupport [main] Initializing ExecutorService 'clientOutboundChannelExecutor'
2020-09-28 11:36:33,071 INFO org.springframework.scheduling.concurrent.ExecutorConfigurationSupport [main] Initializing ExecutorService 'messageBrokerTaskScheduler'
2020-09-28 11:36:33,096 INFO org.springframework.scheduling.concurrent.ExecutorConfigurationSupport [main] Initializing ExecutorService 'brokerChannelExecutor'
2020-09-28 11:36:33,207 INFO org.springframework.boot.autoconfigure.web.servlet.WelcomePageHandlerMapping [main] Adding welcome page: class path resource [public/index.html]
2020-09-28 11:36:33,288 INFO org.apache.juli.logging.DirectJDKLog [main] Starting ProtocolHandler ["http-nio-3030"]
2020-09-28 11:36:33,307 INFO org.springframework.boot.web.embedded.tomcat.TomcatWebServer [main] Tomcat started on port(s): 3030 (http) with context path ''
2020-09-28 11:36:33,309 INFO org.springframework.core.log.CompositeLog [main] Starting...
2020-09-28 11:36:33,309 INFO org.springframework.core.log.CompositeLog [main] BrokerAvailabilityEvent[available=true, SimpleBrokerMessageHandler [DefaultSubscriptionRegistry[cache[0 destination(s)], registry[0 sessions]]]]
2020-09-28 11:36:33,309 INFO org.springframework.core.log.CompositeLog [main] Started.
2020-09-28 11:36:33,310 INFO org.springframework.data.repository.config.DeferredRepositoryInitializationListener [main] Triggering deferred initialization of Spring Data repositories…
2020-09-28 11:36:33,484 INFO org.springframework.data.repository.config.DeferredRepositoryInitializationListener [main] Spring Data repositories initialized!
2020-09-28 11:36:33,489 INFO org.springframework.boot.StartupInfoLogger [main] Started IdmFrontendApplication in 5.972 seconds (JVM running for 6.781)
2020-09-28 11:36:36,075 INFO org.apache.juli.logging.DirectJDKLog [http-nio-3030-exec-1] Initializing Spring DispatcherServlet 'dispatcherServlet'
2020-09-28 11:36:36,075 INFO org.springframework.web.servlet.FrameworkServlet [http-nio-3030-exec-1] Initializing Servlet 'dispatcherServlet'
2020-09-28 11:36:36,081 INFO org.springframework.web.servlet.FrameworkServlet [http-nio-3030-exec-1] Completed initialization in 6 ms
2020-09-28 11:36:36,761 INFO org.keycloak.adapters.KeycloakDeployment [http-nio-3030-exec-3] Loaded URLs from http://158.177.78.141:8080/auth/realms/idm-realm/.well-known/openid-configuration
2020-09-28 11:36:37,122 INFO com.ibm.snam.idm.controller.ViewController [http-nio-3030-exec-5] getting fornitoreOverview
2020-09-28 11:36:37,129 INFO com.ibm.snam.idm.controller.ViewController [http-nio-3030-exec-4] getting dashboard
2020-09-28 11:36:37,129 INFO com.ibm.snam.idm.controller.ViewController [http-nio-3030-exec-4] returning dashboard
2020-09-28 11:36:38,118 INFO com.ibm.snam.idm.controller.UserNotificationController [http-nio-3030-exec-9] getUserNotification -- INIT -- userId : RIDP86Z
2020-09-28 11:36:38,123 INFO com.ibm.snam.idm.service.UserNotificationService [http-nio-3030-exec-9] getUserNotification -- INIT --
2020-09-28 11:36:38,754 INFO com.ibm.snam.idm.service.UserNotificationService [http-nio-3030-exec-9] Found 0 notification(s) for user RIDP86Z
2020-09-28 11:36:38,776 INFO com.ibm.snam.idm.controller.UserNotificationController [http-nio-3030-exec-9] getUserNotification -- END -- userId : RIDP86Z
2020-09-28 11:36:51,819 INFO com.ibm.snam.idm.controller.ViewController [http-nio-3030-exec-6] getting garaOverview
2020-09-28 11:36:51,819 INFO com.ibm.snam.idm.controller.ViewController [http-nio-3030-exec-6] returning garaOverview
2020-09-28 11:36:52,306 INFO com.ibm.snam.idm.controller.UserNotificationController [http-nio-3030-exec-10] getUserNotification -- INIT -- userId : RIDP86Z
2020-09-28 11:36:52,307 INFO com.ibm.snam.idm.service.UserNotificationService [http-nio-3030-exec-10] getUserNotification -- INIT --
2020-09-28 11:36:52,308 INFO com.ibm.snam.idm.microservices.BackendMicroservice [http-nio-3030-exec-9] getSuppliersByTenderId -- INIT --
2020-09-28 11:36:52,316 INFO com.ibm.snam.idm.microservices.BackendMicroservice [http-nio-3030-exec-9] calling url : http://localhost:8080/tender/5f71a94e69cb3f5a9193864f/suppliers
2020-09-28 11:36:53,216 INFO com.ibm.snam.idm.service.UserNotificationService [http-nio-3030-exec-10] Found 0 notification(s) for user RIDP86Z
2020-09-28 11:36:53,216 INFO com.ibm.snam.idm.controller.UserNotificationController [http-nio-3030-exec-10] getUserNotification -- END -- userId : RIDP86Z
2020-09-28 11:36:57,166 INFO com.ibm.snam.idm.microservices.BackendMicroservice [http-nio-3030-exec-9] getSuppliersByTenderId -- END --
2020-09-28 11:36:57,174 INFO com.ibm.snam.idm.microservices.BackendMicroservice [http-nio-3030-exec-8] getSuppliersByTenderId -- INIT --
2020-09-28 11:36:57,176 INFO com.ibm.snam.idm.microservices.BackendMicroservice [http-nio-3030-exec-8] calling url : http://localhost:8080/tender/5f71a94e69cb3f5a9193864f/suppliers
2020-09-28 11:37:00,138 INFO com.ibm.snam.idm.controller.ViewController [http-nio-3030-exec-7] getting fornitoreOverview
2020-09-28 11:37:00,139 INFO com.ibm.snam.idm.controller.ViewController [http-nio-3030-exec-7] returning fornitoreOverview
2020-09-28 11:37:00,271 INFO com.ibm.snam.idm.microservices.BackendMicroservice [http-nio-3030-exec-8] getSuppliersByTenderId -- END --
2020-09-28 11:37:00,478 INFO com.ibm.snam.idm.controller.UserNotificationController [http-nio-3030-exec-8] getUserNotification -- INIT -- userId : RIDP86Z
2020-09-28 11:37:00,479 INFO com.ibm.snam.idm.service.UserNotificationService [http-nio-3030-exec-8] getUserNotification -- INIT --
2020-09-28 11:37:00,691 INFO com.ibm.snam.idm.service.UserNotificationService [http-nio-3030-exec-8] Found 0 notification(s) for user RIDP86Z
2020-09-28 11:37:00,691 INFO com.ibm.snam.idm.controller.UserNotificationController [http-nio-3030-exec-8] getUserNotification -- END -- userId : RIDP86Z
2020-09-28 11:37:21,326 INFO com.ibm.snam.idm.web_socket.UpdateFilesController [clientInboundChannel-16] Uploading document: Snam IHS Global Inc MNDA  redline 13June2019.doc
2020-09-28 11:37:21,329 INFO com.ibm.snam.idm.microservices.AnalyzerMicroservice [pool-3-thread-1] analyzeFile -- INIT --
2020-09-28 11:37:21,330 INFO com.ibm.snam.idm.microservices.AnalyzerMicroservice [pool-3-thread-1] bytes : [B@6a763d19
2020-09-28 11:37:21,330 INFO com.ibm.snam.idm.microservices.AnalyzerMicroservice [pool-3-thread-1] name : Snam IHS Global Inc MNDA  redline 13June2019.doc
2020-09-28 11:37:21,333 INFO com.ibm.snam.idm.microservices.AnalyzerMicroservice [pool-3-thread-1] Calling URL : http://158.177.78.140:8080/analyzerDocument/analyze/document
2020-09-28 11:37:33,101 INFO org.springframework.web.socket.config.WebSocketMessageBrokerStats [MessageBroker-10] WebSocketSession[3 current WS(3)-HttpStream(0)-HttpPoll(0), 9 total, 0 closed abnormally (0 connect failure, 0 send limit, 0 transport error)], stompSubProtocol[processed CONNECT(9)-CONNECTED(9)-DISCONNECT(0)], stompBrokerRelay[null], inboundChannel[pool size = 24, active threads = 1, queued tasks = 0, completed tasks = 155], outboundChannel[pool size = 15, active threads = 0, queued tasks = 0, completed tasks = 15], sockJsScheduler[pool size = 12, active threads = 1, queued tasks = 6, completed tasks = 36]
2020-09-28 11:39:06,982 INFO com.ibm.snam.idm.microservices.AnalyzerMicroservice [pool-3-thread-1] analyzeFile --END--
2020-09-28 11:39:06,984 INFO com.ibm.snam.idm.web_socket.upload.UploadFileService$UploadSupplierFileTask [pool-3-thread-1] Response from analyzer {"entities":[{"type":"PAR_RECIPIENT","text":"Recipient","mentions":[{"text":"Recipient","location":[341,350]},{"text":"Recipient","location":[1113,1122]},{"text":"Recipient","location":[1418,1427]},{"text":"Recipient","location":[1771,1780]},{"text":"Recipient","location":[1786,1795]},{"text":"Recipient","location":[1878,1887]},{"text":"Recipient","location":[1937,1946]},{"text":"Recipient","location":[2001,2010]},{"text":"Recipient","location":[2493,2502]},{"text":"Recipient","location":[2823,2832]},{"text":"Recipient","location":[3119,3128]},{"text":"Recipient","location":[3268,3277]},{"text":"Recipient","location":[3462,3471]},{"text":"Recipient","location":[3601,3610]},{"text":"Recipient","location":[3777,3786]},{"text":"Recipient","location":[3965,3974]},{"text":"Recipient","location":[4051,4060]},{"text":"Recipient","location":[4181,4190]},{"text":"Recipient","location":[4211,4220]},{"text":"Recipient","location":[5388,5397]},{"text":"Recipient","location":[5543,5552]},{"text":"Recipient","location":[5794,5803]},{"text":"Recipient","location":[5929,5938]},{"text":"Recipient","location":[6134,6143]},{"text":"Recipient","location":[6281,6290]}],"count":25},{"type":"CAT_DEFINITION","text":"Derivatives","mentions":[{"text":"Derivatives","location":[4810,4821]}],"count":1},{"type":"CAT_CONFIDENTIALITY","text":"Confidentiality","mentions":[{"text":"Confidentiality","location":[67,82]}],"count":1},{"type":"CAT_WARRANTIES","text":"warrants","mentions":[{"text":"warrants","location":[5312,5320]}],"count":1},{"type":"NAT_RIGHT","text":"other rights","mentions":[{"text":"other rights","location":[4705,4717]}],"count":1},{"type":"CAT_TERMINATION","text":"termination","mentions":[{"text":"termination","location":[6580,6591]},{"text":"termination","location":[6598,6609]},{"text":"termination","location":[7356,7367]}],"count":3},{"type":"CAT_COSTS","text":"costs","mentions":[{"text":"costs","location":[1278,1283]}],"count":1},{"type":"CAT_DEFINITION","text":"Residual Information","mentions":[{"text":"Residual Information","location":[2166,2186]}],"count":1},{"type":"INVOLVED_PARTY","text":"IHS Global Inc.","mentions":[{"text":"IHS Global Inc.","location":[161,176]},{"text":"IHS Global Inc.","location":[7596,7611]}],"count":2},{"type":"NAT_LIMITATIONS","text":"limitation","mentions":[{"text":"limitation","location":[1180,1190]}],"count":1},{"type":"CAT_DEFINITION","text":"Discloser","mentions":[{"text":"Discloser","location":[326,335]}],"count":1},{"type":"INVOLVED_PARTY","text":"Snam S.p.A","mentions":[{"text":"Snam S.p.A","location":[7657,7667]}],"count":1},{"type":"CAT_DEFINITION","text":"Project","mentions":[{"text":"Project","location":[494,501]}],"count":1},{"type":"CAT_PAYMENTS","text":"prices","mentions":[{"text":"prices","location":[1285,1291]}],"count":1},{"type":"CAT_CONFIDENTIALITY","text":"obligation of  confidentiality","mentions":[{"text":"obligation of  confidentiality","location":[2060,2090]}],"count":1},{"type":"CAT_DEFINITION","text":"AS IS","mentions":[{"text":"AS IS","location":[5439,5444]}],"count":1},{"type":"INVOLVED_PARTY","text":"Snam S.p.A.","mentions":[{"text":"Snam S.p.A.","location":[227,238]}],"count":1},{"type":"CAT_CONFIDENTIALITY","text":"Confidential","mentions":[{"text":"Confidential","location":[619,631]},{"text":"Confidential","location":[723,735]},{"text":"Confidential","location":[1598,1610]},{"text":"Confidential","location":[1970,1982]},{"text":"Confidential","location":[2605,2617]},{"text":"Confidential","location":[2797,2809]},{"text":"Confidential","location":[3094,3106]},{"text":"Confidential","location":[3159,3171]},{"text":"Confidential","location":[3297,3309]},{"text":"Confidential","location":[3486,3498]},{"text":"Confidential","location":[3877,3889]},{"text":"Confidential","location":[3993,4005]},{"text":"Confidential","location":[4239,4251]},{"text":"Confidential","location":[4560,4572]},{"text":"Confidential","location":[4589,4601]},{"text":"Confidential","location":[4721,4733]},{"text":"Confidential","location":[5360,5372]},{"text":"Confidential","location":[5578,5590]},{"text":"Confidential","location":[6321,6333]},{"text":"Confidential","location":[6403,6415]},{"text":"Confidential","location":[6491,6503]},{"text":"Confidential","location":[6879,6891]},{"text":"Confidential","location":[7011,7023]}],"count":23},{"type":"PAR_DISCLOSER","text":"Discloser","mentions":[{"text":"Discloser","location":[326,335]},{"text":"Discloser","location":[1191,1200]},{"text":"Discloser","location":[1891,1900]},{"text":"Discloser","location":[3147,3156]},{"text":"Discloser","location":[3435,3444]},{"text":"Discloser","location":[3647,3656]},{"text":"Discloser","location":[3751,3760]},{"text":"Discloser","location":[3840,3849]},{"text":"Discloser","location":[3940,3949]},{"text":"Discloser","location":[4160,4169]},{"text":"Discloser","location":[4677,4686]},{"text":"Discloser","location":[5302,5311]},{"text":"Discloser","location":[5721,5730]},{"text":"Discloser","location":[5748,5757]},{"text":"Discloser","location":[5826,5835]},{"text":"Discloser","location":[6047,6056]},{"text":"Discloser","location":[6309,6318]}],"count":17},{"type":"PARTY_ADDRESS","text":"Piazza Santa Barbara 7, 20097 San Donato Milanese (Mi), Italy","mentions":[{"text":"Piazza Santa Barbara 7, 20097 San Donato Milanese (Mi), Italy","location":[241,302]}],"count":1},{"type":"CAT_DEFINITION","text":"Representatives","mentions":[{"text":"Representatives","location":[1547,1562]}],"count":1},{"type":"NAT_RIGHT","text":"shall be entitled","mentions":[{"text":"shall be entitled","location":[6057,6074]}],"count":1},{"type":"NAT_EXCLUSION","text":"does not include","mentions":[{"text":"does not include","location":[1623,1639]},{"text":"does not include","location":[2588,2604]}],"count":2},{"type":"CAT_DEFINITION","text":"Agreement","mentions":[{"text":"Agreement","location":[118,127]}],"count":1},{"type":"CONTRACT_TYPE","text":"MUTUAL CONFIDENTIALITY","mentions":[{"text":"MUTUAL CONFIDENTIALITY","location":[3,25]}],"count":1},{"type":"CAT_DEFINITION","text":"Recipient","mentions":[{"text":"Recipient","location":[341,350]}],"count":1},{"type":"CAT_CONFIDENTIALITY","text":"confidential","mentions":[{"text":"confidential","location":[707,719]},{"text":"confidential","location":[940,952]},{"text":"confidential","location":[1008,1020]},{"text":"confidential","location":[1148,1160]},{"text":"confidential","location":[2904,2916]},{"text":"confidential","location":[4438,4450]},{"text":"confidential","location":[4523,4535]},{"text":"confidential","location":[6615,6627]}],"count":8},{"type":"CAT_INTELLECTUAL_PROPERTY","text":"intellectual property","mentions":[{"text":"intellectual property","location":[2735,2756]}],"count":1},{"type":"CAT_COMMUNICATION_CHANNEL","text":"letter","mentions":[{"text":"letter","location":[6701,6707]}],"count":1},{"type":"ATT_DATE","text":"4 June, 2019","mentions":[{"text":"4 June, 2019","location":[7578,7590]}],"count":1},{"type":"PAR_EACH_PARTY","text":"parties","mentions":[{"text":"parties","location":[357,364]},{"text":"parties","location":[648,655]},{"text":"parties","location":[848,855]},{"text":"parties","location":[2637,2644]},{"text":"parties","location":[4349,4356]},{"text":"parties","location":[7149,7156]}],"count":6},{"type":"CAT_INTELLECTUAL_PROPERTY","text":"property","mentions":[{"text":"property","location":[4657,4665]}],"count":1},{"type":"NAT_RIGHT","text":"right","mentions":[{"text":"right","location":[5337,5342]}],"count":1},{"type":"ATT_DURATION","text":"three (3) years","mentions":[{"text":"three (3) years","location":[6355,6370]}],"count":1},{"type":"CAT_DEFINITION","text":"Confidential Information","mentions":[{"text":"Confidential Information","location":[723,747]}],"count":1},{"type":"PAR_DISCLOSER","text":"disclosing party","mentions":[{"text":"disclosing party","location":[6671,6687]}],"count":1}],"language":"en","status":200,"idAttachment":"5f71af3766163131f1b6fa01"}
2020-09-28 11:39:06,988 INFO com.ibm.snam.idm.web_socket.upload.UploadFileService$UploadSupplierFileTask [pool-3-thread-1] fileToUpload
2020-09-28 11:39:06,988 INFO com.ibm.snam.idm.web_socket.upload.UploadFileService$UploadSupplierFileTask [pool-3-thread-1] Uploading attachment for supplier
2020-09-28 11:39:06,989 INFO com.ibm.snam.idm.microservices.BackendMicroservice [pool-3-thread-1] saveObjectOnDb -- INIT --
2020-09-28 11:39:06,992 INFO com.ibm.snam.idm.microservices.BackendMicroservice [pool-3-thread-1] calling url : http://localhost:8080/attachment/uploadAttachmentsForSupplier
2020-09-28 11:39:08,407 INFO com.ibm.snam.idm.microservices.BackendMicroservice [pool-3-thread-1] saveObjectOnDb -- END -- response : {"status":200,"message":"Documento caricato con successo"}
2020-09-28 11:39:08,407 INFO com.ibm.snam.idm.web_socket.upload.UploadFileService$UploadSupplierFileTask [pool-3-thread-1] Response from backend : {"status":200,"message":"Documento caricato con successo"}
2020-09-28 11:39:08,408 INFO com.ibm.snam.idm.web_socket.upload.UploadFileService$UploadSupplierFileTask [pool-3-thread-1] uploadResult com.ibm.snam.idm.web_socket.upload.UploadResult@6636bd28
2020-09-28 11:39:08,408 ERROR com.ibm.snam.idm.web_socket.UpdateFilesController [clientInboundChannel-16] JSONObject["userId"] not found.
2020-09-28 11:39:08,414 ERROR org.springframework.messaging.handler.invocation.AbstractMethodMessageHandler [clientInboundChannel-16] Unhandled exception from message handler method
net.sf.json.JSONException: JSONObject["userId"] not found.
	at net.sf.json.JSONObject.getString(JSONObject.java:2092)
	at com.ibm.snam.idm.web_socket.UpdateFilesController.updateFiles(UpdateFilesController.java:148)
	at sun.reflect.NativeMethodAccessorImpl.invoke0(Native Method)
	at sun.reflect.NativeMethodAccessorImpl.invoke(NativeMethodAccessorImpl.java:62)
	at sun.reflect.DelegatingMethodAccessorImpl.invoke(DelegatingMethodAccessorImpl.java:43)
	at java.lang.reflect.Method.invoke(Method.java:498)
	at org.springframework.messaging.handler.invocation.InvocableHandlerMethod.doInvoke(InvocableHandlerMethod.java:171)
	at org.springframework.messaging.handler.invocation.InvocableHandlerMethod.invoke(InvocableHandlerMethod.java:120)
	at org.springframework.messaging.handler.invocation.AbstractMethodMessageHandler.handleMatch(AbstractMethodMessageHandler.java:565)
	at org.springframework.messaging.simp.annotation.support.SimpAnnotationMethodMessageHandler.handleMatch(SimpAnnotationMethodMessageHandler.java:511)
	at org.springframework.messaging.simp.annotation.support.SimpAnnotationMethodMessageHandler.handleMatch(SimpAnnotationMethodMessageHandler.java:94)
	at org.springframework.messaging.handler.invocation.AbstractMethodMessageHandler.handleMessageInternal(AbstractMethodMessageHandler.java:520)
	at org.springframework.messaging.handler.invocation.AbstractMethodMessageHandler.handleMessage(AbstractMethodMessageHandler.java:454)
	at org.springframework.messaging.support.ExecutorSubscribableChannel$SendTask.run(ExecutorSubscribableChannel.java:144)
	at java.util.concurrent.ThreadPoolExecutor.runWorker(ThreadPoolExecutor.java:1149)
	at java.util.concurrent.ThreadPoolExecutor$Worker.run(ThreadPoolExecutor.java:624)
	at java.lang.Thread.run(Thread.java:748)
2020-09-28 11:40:40,513 INFO org.springframework.boot.StartupInfoLogger [main] Starting IdmFrontendApplication on DESKTOP-D7RNNC6 with PID 11764 (C:\progetti\Legal_IDM\workspace\idm-frontend\target\classes started by PietroGerace in C:\progetti\Legal_IDM\workspace\idm-frontend)
2020-09-28 11:40:40,515 INFO org.springframework.boot.SpringApplication [main] No active profile set, falling back to default profiles: default
2020-09-28 11:40:41,179 INFO org.springframework.data.repository.config.RepositoryConfigurationDelegate [main] Bootstrapping Spring Data JPA repositories in DEFERRED mode.
2020-09-28 11:40:41,234 INFO org.springframework.data.repository.config.RepositoryConfigurationDelegate [main] Finished Spring Data repository scanning in 47ms. Found 1 JPA repository interfaces.
2020-09-28 11:40:41,644 INFO org.springframework.boot.web.embedded.tomcat.TomcatWebServer [main] Tomcat initialized with port(s): 3030 (http)
2020-09-28 11:40:41,651 INFO org.apache.juli.logging.DirectJDKLog [main] Initializing ProtocolHandler ["http-nio-3030"]
2020-09-28 11:40:41,652 INFO org.apache.juli.logging.DirectJDKLog [main] Starting service [Tomcat]
2020-09-28 11:40:41,652 INFO org.apache.juli.logging.DirectJDKLog [main] Starting Servlet engine: [Apache Tomcat/9.0.36]
2020-09-28 11:40:41,957 INFO org.apache.juli.logging.DirectJDKLog [main] At least one JAR was scanned for TLDs yet contained no TLDs. Enable debug logging for this logger for a complete list of JARs that were scanned but no TLDs were found in them. Skipping unneeded JARs during scanning can improve startup time and JSP compilation time.
2020-09-28 11:40:41,960 INFO org.apache.juli.logging.DirectJDKLog [main] Initializing Spring embedded WebApplicationContext
2020-09-28 11:40:41,961 INFO org.springframework.boot.web.servlet.context.ServletWebServerApplicationContext [main] Root WebApplicationContext: initialization completed in 1396 ms
2020-09-28 11:40:42,016 WARN org.springframework.boot.autoconfigure.orm.jpa.JpaBaseConfiguration$JpaWebConfiguration [main] spring.jpa.open-in-view is enabled by default. Therefore, database queries may be performed during view rendering. Explicitly configure spring.jpa.open-in-view to disable this warning
2020-09-28 11:40:42,023 INFO com.ibm.snam.idm.datasource.DatasourceConfiguration [main] Connecting to Datasource....
2020-09-28 11:40:42,024 INFO com.ibm.snam.idm.datasource.DatasourceConfiguration [main] Connected to Datasource - url : jdbc:db2://dashdb-txn-flex-yp-fra02-566.services.eu-de.bluemix.net:50000/BLUDB
2020-09-28 11:40:42,078 INFO com.zaxxer.hikari.HikariDataSource [main] HikariPool-1 - Starting...
2020-09-28 11:40:42,560 INFO com.zaxxer.hikari.HikariDataSource [main] HikariPool-1 - Start completed.
2020-09-28 11:40:42,596 INFO org.hibernate.jpa.internal.util.LogHelper [main] HHH000204: Processing PersistenceUnitInfo [name: default]
2020-09-28 11:40:42,633 INFO org.hibernate.Version [main] HHH000412: Hibernate ORM core version 5.4.17.Final
2020-09-28 11:40:42,735 INFO org.hibernate.annotations.common.reflection.java.JavaReflectionManager [main] HCANN000001: Hibernate Commons Annotations {5.1.0.Final}
2020-09-28 11:40:42,825 INFO org.hibernate.dialect.Dialect [main] HHH000400: Using dialect: org.hibernate.dialect.DB2Dialect
2020-09-28 11:40:44,209 INFO org.hibernate.engine.transaction.jta.platform.internal.JtaPlatformInitiator [main] HHH000490: Using JtaPlatform implementation: [org.hibernate.engine.transaction.jta.platform.internal.NoJtaPlatform]
2020-09-28 11:40:44,216 INFO org.springframework.orm.jpa.AbstractEntityManagerFactoryBean [main] Initialized JPA EntityManagerFactory for persistence unit 'default'
2020-09-28 11:40:44,397 INFO org.springframework.security.web.DefaultSecurityFilterChain [main] Creating filter chain: any request, [org.springframework.security.web.context.request.async.WebAsyncManagerIntegrationFilter@3a6e9856, org.springframework.security.web.context.SecurityContextPersistenceFilter@203e705e, org.springframework.security.web.header.HeaderWriterFilter@7bd38fed, org.keycloak.adapters.springsecurity.filter.KeycloakPreAuthActionsFilter@3c81cd82, org.keycloak.adapters.springsecurity.filter.KeycloakAuthenticationProcessingFilter@21f7e537, org.springframework.security.web.authentication.logout.LogoutFilter@7364f68, org.springframework.security.web.savedrequest.RequestCacheAwareFilter@39652a30, org.springframework.security.web.servletapi.SecurityContextHolderAwareRequestFilter@723742b2, org.keycloak.adapters.springsecurity.filter.KeycloakSecurityContextRequestFilter@1a14fdf0, org.keycloak.adapters.springsecurity.filter.KeycloakAuthenticatedActionsFilter@284bdeed, org.springframework.security.web.authentication.AnonymousAuthenticationFilter@4863c8ac, org.springframework.security.web.session.SessionManagementFilter@42a0786f, org.springframework.security.web.access.ExceptionTranslationFilter@7841bd30, org.springframework.security.web.access.intercept.FilterSecurityInterceptor@935493d]
2020-09-28 11:40:44,447 INFO org.springframework.scheduling.concurrent.ExecutorConfigurationSupport [main] Initializing ExecutorService 'clientInboundChannelExecutor'
2020-09-28 11:40:44,450 INFO org.springframework.scheduling.concurrent.ExecutorConfigurationSupport [main] Initializing ExecutorService 'clientOutboundChannelExecutor'
2020-09-28 11:40:44,455 INFO org.springframework.scheduling.concurrent.ExecutorConfigurationSupport [main] Initializing ExecutorService 'messageBrokerTaskScheduler'
2020-09-28 11:40:44,479 INFO org.springframework.scheduling.concurrent.ExecutorConfigurationSupport [main] Initializing ExecutorService 'brokerChannelExecutor'
2020-09-28 11:40:44,600 INFO org.springframework.boot.autoconfigure.web.servlet.WelcomePageHandlerMapping [main] Adding welcome page: class path resource [public/index.html]
2020-09-28 11:40:44,684 INFO org.apache.juli.logging.DirectJDKLog [main] Starting ProtocolHandler ["http-nio-3030"]
2020-09-28 11:40:44,704 INFO org.springframework.boot.web.embedded.tomcat.TomcatWebServer [main] Tomcat started on port(s): 3030 (http) with context path ''
2020-09-28 11:40:44,706 INFO org.springframework.core.log.CompositeLog [main] Starting...
2020-09-28 11:40:44,706 INFO org.springframework.core.log.CompositeLog [main] BrokerAvailabilityEvent[available=true, SimpleBrokerMessageHandler [DefaultSubscriptionRegistry[cache[0 destination(s)], registry[0 sessions]]]]
2020-09-28 11:40:44,707 INFO org.springframework.core.log.CompositeLog [main] Started.
2020-09-28 11:40:44,707 INFO org.springframework.data.repository.config.DeferredRepositoryInitializationListener [main] Triggering deferred initialization of Spring Data repositories…
2020-09-28 11:40:44,907 INFO org.springframework.data.repository.config.DeferredRepositoryInitializationListener [main] Spring Data repositories initialized!
2020-09-28 11:40:44,913 INFO org.springframework.boot.StartupInfoLogger [main] Started IdmFrontendApplication in 4.73 seconds (JVM running for 5.608)
