2020-09-02 14:12:47,103 INFO org.springframework.boot.StartupInfoLogger [main] Starting IdmFrontendApplication on DESKTOP-D7RNNC6 with PID 15428 (C:\progetti\Legal_IDM\workspace\idm-frontend\target\classes started by PietroGerace in C:\progetti\Legal_IDM\workspace\idm-frontend)
2020-09-02 14:12:47,107 INFO org.springframework.boot.SpringApplication [main] No active profile set, falling back to default profiles: default
2020-09-02 14:12:47,798 INFO org.springframework.data.repository.config.RepositoryConfigurationDelegate [main] Bootstrapping Spring Data JPA repositories in DEFERRED mode.
2020-09-02 14:12:47,846 INFO org.springframework.data.repository.config.RepositoryConfigurationDelegate [main] Finished Spring Data repository scanning in 42ms. Found 1 JPA repository interfaces.
2020-09-02 14:12:48,267 INFO org.springframework.boot.web.embedded.tomcat.TomcatWebServer [main] Tomcat initialized with port(s): 3032 (http)
2020-09-02 14:12:48,272 INFO org.apache.juli.logging.DirectJDKLog [main] Initializing ProtocolHandler ["http-nio-3032"]
2020-09-02 14:12:48,273 INFO org.apache.juli.logging.DirectJDKLog [main] Starting service [Tomcat]
2020-09-02 14:12:48,273 INFO org.apache.juli.logging.DirectJDKLog [main] Starting Servlet engine: [Apache Tomcat/9.0.36]
2020-09-02 14:12:48,568 INFO org.apache.juli.logging.DirectJDKLog [main] At least one JAR was scanned for TLDs yet contained no TLDs. Enable debug logging for this logger for a complete list of JARs that were scanned but no TLDs were found in them. Skipping unneeded JARs during scanning can improve startup time and JSP compilation time.
2020-09-02 14:12:48,572 INFO org.apache.juli.logging.DirectJDKLog [main] Initializing Spring embedded WebApplicationContext
2020-09-02 14:12:48,572 INFO org.springframework.boot.web.servlet.context.ServletWebServerApplicationContext [main] Root WebApplicationContext: initialization completed in 1429 ms
2020-09-02 14:12:48,617 WARN org.springframework.boot.autoconfigure.orm.jpa.JpaBaseConfiguration$JpaWebConfiguration [main] spring.jpa.open-in-view is enabled by default. Therefore, database queries may be performed during view rendering. Explicitly configure spring.jpa.open-in-view to disable this warning
2020-09-02 14:12:48,622 INFO com.ibm.snam.idm.datasource.DatasourceConfiguration [main] Connecting to Datasource....
2020-09-02 14:12:48,623 INFO com.ibm.snam.idm.datasource.DatasourceConfiguration [main] Connected to Datasource - url : jdbc:db2://dashdb-txn-flex-yp-fra02-566.services.eu-de.bluemix.net:50000/BLUDB
2020-09-02 14:12:48,674 INFO com.zaxxer.hikari.HikariDataSource [main] HikariPool-1 - Starting...
2020-09-02 14:12:49,363 INFO com.zaxxer.hikari.HikariDataSource [main] HikariPool-1 - Start completed.
2020-09-02 14:12:49,396 INFO org.hibernate.jpa.internal.util.LogHelper [main] HHH000204: Processing PersistenceUnitInfo [name: default]
2020-09-02 14:12:49,431 INFO org.hibernate.Version [main] HHH000412: Hibernate ORM core version 5.4.17.Final
2020-09-02 14:12:49,529 INFO org.hibernate.annotations.common.reflection.java.JavaReflectionManager [main] HCANN000001: Hibernate Commons Annotations {5.1.0.Final}
2020-09-02 14:12:49,615 INFO org.hibernate.dialect.Dialect [main] HHH000400: Using dialect: org.hibernate.dialect.DB2Dialect
2020-09-02 14:12:50,485 INFO org.hibernate.engine.transaction.jta.platform.internal.JtaPlatformInitiator [main] HHH000490: Using JtaPlatform implementation: [org.hibernate.engine.transaction.jta.platform.internal.NoJtaPlatform]
2020-09-02 14:12:50,493 INFO org.springframework.orm.jpa.AbstractEntityManagerFactoryBean [main] Initialized JPA EntityManagerFactory for persistence unit 'default'
2020-09-02 14:12:50,693 INFO org.springframework.security.web.DefaultSecurityFilterChain [main] Creating filter chain: any request, [org.springframework.security.web.context.request.async.WebAsyncManagerIntegrationFilter@4d4c1ba9, org.springframework.security.web.context.SecurityContextPersistenceFilter@57cabdc3, org.springframework.security.web.header.HeaderWriterFilter@2e952845, org.keycloak.adapters.springsecurity.filter.KeycloakPreAuthActionsFilter@26c8b296, org.keycloak.adapters.springsecurity.filter.KeycloakAuthenticationProcessingFilter@34045582, org.springframework.security.web.authentication.logout.LogoutFilter@5ca4dce5, org.springframework.security.web.savedrequest.RequestCacheAwareFilter@129c4d19, org.springframework.security.web.servletapi.SecurityContextHolderAwareRequestFilter@5396eeb1, org.keycloak.adapters.springsecurity.filter.KeycloakSecurityContextRequestFilter@7f27f59b, org.keycloak.adapters.springsecurity.filter.KeycloakAuthenticatedActionsFilter@1c98b4eb, org.springframework.security.web.authentication.AnonymousAuthenticationFilter@2017f6e6, org.springframework.security.web.session.SessionManagementFilter@6fbf5db2, org.springframework.security.web.access.ExceptionTranslationFilter@68dfda77, org.springframework.security.web.access.intercept.FilterSecurityInterceptor@55a0f011]
2020-09-02 14:12:50,739 INFO org.springframework.scheduling.concurrent.ExecutorConfigurationSupport [main] Initializing ExecutorService 'clientInboundChannelExecutor'
2020-09-02 14:12:50,743 INFO org.springframework.scheduling.concurrent.ExecutorConfigurationSupport [main] Initializing ExecutorService 'clientOutboundChannelExecutor'
2020-09-02 14:12:50,747 INFO org.springframework.scheduling.concurrent.ExecutorConfigurationSupport [main] Initializing ExecutorService 'messageBrokerTaskScheduler'
2020-09-02 14:12:50,770 INFO org.springframework.scheduling.concurrent.ExecutorConfigurationSupport [main] Initializing ExecutorService 'brokerChannelExecutor'
2020-09-02 14:12:50,881 INFO org.springframework.boot.autoconfigure.web.servlet.WelcomePageHandlerMapping [main] Adding welcome page: class path resource [public/index.html]
2020-09-02 14:12:50,961 INFO org.apache.juli.logging.DirectJDKLog [main] Starting ProtocolHandler ["http-nio-3032"]
2020-09-02 14:12:50,980 INFO org.springframework.boot.web.embedded.tomcat.TomcatWebServer [main] Tomcat started on port(s): 3032 (http) with context path ''
2020-09-02 14:12:50,982 INFO org.springframework.core.log.CompositeLog [main] Starting...
2020-09-02 14:12:50,982 INFO org.springframework.core.log.CompositeLog [main] BrokerAvailabilityEvent[available=true, SimpleBrokerMessageHandler [DefaultSubscriptionRegistry[cache[0 destination(s)], registry[0 sessions]]]]
2020-09-02 14:12:50,982 INFO org.springframework.core.log.CompositeLog [main] Started.
2020-09-02 14:12:50,983 INFO org.springframework.data.repository.config.DeferredRepositoryInitializationListener [main] Triggering deferred initialization of Spring Data repositories…
2020-09-02 14:12:51,162 INFO org.springframework.data.repository.config.DeferredRepositoryInitializationListener [main] Spring Data repositories initialized!
2020-09-02 14:12:51,168 INFO org.springframework.boot.StartupInfoLogger [main] Started IdmFrontendApplication in 4.386 seconds (JVM running for 5.278)
2020-09-02 14:13:26,476 INFO org.apache.juli.logging.DirectJDKLog [http-nio-3032-exec-1] Initializing Spring DispatcherServlet 'dispatcherServlet'
2020-09-02 14:13:26,477 INFO org.springframework.web.servlet.FrameworkServlet [http-nio-3032-exec-1] Initializing Servlet 'dispatcherServlet'
2020-09-02 14:13:26,483 INFO org.springframework.web.servlet.FrameworkServlet [http-nio-3032-exec-1] Completed initialization in 6 ms
2020-09-02 14:13:27,334 INFO org.keycloak.adapters.KeycloakDeployment [http-nio-3032-exec-2] Loaded URLs from http://158.177.78.141:8080/auth/realms/idm-realm/.well-known/openid-configuration
2020-09-02 14:13:55,898 INFO org.springframework.boot.StartupInfoLogger [main] Starting IdmFrontendApplication on DESKTOP-D7RNNC6 with PID 9436 (C:\progetti\Legal_IDM\workspace\idm-frontend\target\classes started by PietroGerace in C:\progetti\Legal_IDM\workspace\idm-frontend)
2020-09-02 14:13:55,902 INFO org.springframework.boot.SpringApplication [main] No active profile set, falling back to default profiles: default
2020-09-02 14:13:56,606 INFO org.springframework.data.repository.config.RepositoryConfigurationDelegate [main] Bootstrapping Spring Data JPA repositories in DEFERRED mode.
2020-09-02 14:13:56,656 INFO org.springframework.data.repository.config.RepositoryConfigurationDelegate [main] Finished Spring Data repository scanning in 44ms. Found 1 JPA repository interfaces.
2020-09-02 14:13:57,099 INFO org.springframework.boot.web.embedded.tomcat.TomcatWebServer [main] Tomcat initialized with port(s): 3030 (http)
2020-09-02 14:13:57,105 INFO org.apache.juli.logging.DirectJDKLog [main] Initializing ProtocolHandler ["http-nio-3030"]
2020-09-02 14:13:57,106 INFO org.apache.juli.logging.DirectJDKLog [main] Starting service [Tomcat]
2020-09-02 14:13:57,106 INFO org.apache.juli.logging.DirectJDKLog [main] Starting Servlet engine: [Apache Tomcat/9.0.36]
2020-09-02 14:13:57,414 INFO org.apache.juli.logging.DirectJDKLog [main] At least one JAR was scanned for TLDs yet contained no TLDs. Enable debug logging for this logger for a complete list of JARs that were scanned but no TLDs were found in them. Skipping unneeded JARs during scanning can improve startup time and JSP compilation time.
2020-09-02 14:13:57,417 INFO org.apache.juli.logging.DirectJDKLog [main] Initializing Spring embedded WebApplicationContext
2020-09-02 14:13:57,417 INFO org.springframework.boot.web.servlet.context.ServletWebServerApplicationContext [main] Root WebApplicationContext: initialization completed in 1473 ms
2020-09-02 14:13:57,467 WARN org.springframework.boot.autoconfigure.orm.jpa.JpaBaseConfiguration$JpaWebConfiguration [main] spring.jpa.open-in-view is enabled by default. Therefore, database queries may be performed during view rendering. Explicitly configure spring.jpa.open-in-view to disable this warning
2020-09-02 14:13:57,473 INFO com.ibm.snam.idm.datasource.DatasourceConfiguration [main] Connecting to Datasource....
2020-09-02 14:13:57,473 INFO com.ibm.snam.idm.datasource.DatasourceConfiguration [main] Connected to Datasource - url : jdbc:db2://dashdb-txn-flex-yp-fra02-566.services.eu-de.bluemix.net:50000/BLUDB
2020-09-02 14:13:57,538 INFO com.zaxxer.hikari.HikariDataSource [main] HikariPool-1 - Starting...
2020-09-02 14:13:57,917 INFO com.zaxxer.hikari.HikariDataSource [main] HikariPool-1 - Start completed.
2020-09-02 14:13:58,000 INFO org.hibernate.jpa.internal.util.LogHelper [main] HHH000204: Processing PersistenceUnitInfo [name: default]
2020-09-02 14:13:58,035 INFO org.hibernate.Version [main] HHH000412: Hibernate ORM core version 5.4.17.Final
2020-09-02 14:13:58,132 INFO org.hibernate.annotations.common.reflection.java.JavaReflectionManager [main] HCANN000001: Hibernate Commons Annotations {5.1.0.Final}
2020-09-02 14:13:58,218 INFO org.hibernate.dialect.Dialect [main] HHH000400: Using dialect: org.hibernate.dialect.DB2Dialect
2020-09-02 14:13:58,868 INFO org.hibernate.engine.transaction.jta.platform.internal.JtaPlatformInitiator [main] HHH000490: Using JtaPlatform implementation: [org.hibernate.engine.transaction.jta.platform.internal.NoJtaPlatform]
2020-09-02 14:13:58,875 INFO org.springframework.orm.jpa.AbstractEntityManagerFactoryBean [main] Initialized JPA EntityManagerFactory for persistence unit 'default'
2020-09-02 14:13:59,056 INFO org.springframework.security.web.DefaultSecurityFilterChain [main] Creating filter chain: any request, [org.springframework.security.web.context.request.async.WebAsyncManagerIntegrationFilter@71531dd7, org.springframework.security.web.context.SecurityContextPersistenceFilter@48e41b5d, org.springframework.security.web.header.HeaderWriterFilter@5a30722c, org.keycloak.adapters.springsecurity.filter.KeycloakPreAuthActionsFilter@5a05dd30, org.keycloak.adapters.springsecurity.filter.KeycloakAuthenticationProcessingFilter@7f0f84d4, org.springframework.security.web.authentication.logout.LogoutFilter@cbf1997, org.springframework.security.web.savedrequest.RequestCacheAwareFilter@5333f08f, org.springframework.security.web.servletapi.SecurityContextHolderAwareRequestFilter@70d4f672, org.keycloak.adapters.springsecurity.filter.KeycloakSecurityContextRequestFilter@250d440, org.keycloak.adapters.springsecurity.filter.KeycloakAuthenticatedActionsFilter@76c86567, org.springframework.security.web.authentication.AnonymousAuthenticationFilter@20256a0b, org.springframework.security.web.session.SessionManagementFilter@2484dbb7, org.springframework.security.web.access.ExceptionTranslationFilter@794240e2, org.springframework.security.web.access.intercept.FilterSecurityInterceptor@629075f4]
2020-09-02 14:13:59,105 INFO org.springframework.scheduling.concurrent.ExecutorConfigurationSupport [main] Initializing ExecutorService 'clientInboundChannelExecutor'
2020-09-02 14:13:59,109 INFO org.springframework.scheduling.concurrent.ExecutorConfigurationSupport [main] Initializing ExecutorService 'clientOutboundChannelExecutor'
2020-09-02 14:13:59,114 INFO org.springframework.scheduling.concurrent.ExecutorConfigurationSupport [main] Initializing ExecutorService 'messageBrokerTaskScheduler'
2020-09-02 14:13:59,140 INFO org.springframework.scheduling.concurrent.ExecutorConfigurationSupport [main] Initializing ExecutorService 'brokerChannelExecutor'
2020-09-02 14:13:59,256 INFO org.springframework.boot.autoconfigure.web.servlet.WelcomePageHandlerMapping [main] Adding welcome page: class path resource [public/index.html]
2020-09-02 14:13:59,339 INFO org.apache.juli.logging.DirectJDKLog [main] Starting ProtocolHandler ["http-nio-3030"]
2020-09-02 14:13:59,348 WARN org.springframework.context.support.AbstractApplicationContext [main] Exception encountered during context initialization - cancelling refresh attempt: org.springframework.context.ApplicationContextException: Failed to start bean 'webServerStartStop'; nested exception is org.springframework.boot.web.server.PortInUseException: Port 3030 is already in use
2020-09-02 14:13:59,349 INFO org.springframework.scheduling.concurrent.ExecutorConfigurationSupport [main] Shutting down ExecutorService 'brokerChannelExecutor'
2020-09-02 14:13:59,349 INFO org.springframework.scheduling.concurrent.ExecutorConfigurationSupport [main] Shutting down ExecutorService 'messageBrokerTaskScheduler'
2020-09-02 14:13:59,350 INFO org.springframework.scheduling.concurrent.ExecutorConfigurationSupport [main] Shutting down ExecutorService 'clientOutboundChannelExecutor'
2020-09-02 14:13:59,350 INFO org.springframework.scheduling.concurrent.ExecutorConfigurationSupport [main] Shutting down ExecutorService 'clientInboundChannelExecutor'
2020-09-02 14:13:59,350 INFO org.springframework.orm.jpa.AbstractEntityManagerFactoryBean [main] Closing JPA EntityManagerFactory for persistence unit 'default'
2020-09-02 14:13:59,352 INFO com.zaxxer.hikari.HikariDataSource [main] HikariPool-1 - Shutdown initiated...
2020-09-02 14:13:59,427 INFO com.zaxxer.hikari.HikariDataSource [main] HikariPool-1 - Shutdown completed.
2020-09-02 14:13:59,428 INFO org.apache.juli.logging.DirectJDKLog [main] Pausing ProtocolHandler ["http-nio-3030"]
2020-09-02 14:13:59,428 INFO org.apache.juli.logging.DirectJDKLog [main] Stopping service [Tomcat]
2020-09-02 14:13:59,431 INFO org.apache.juli.logging.DirectJDKLog [main] Stopping ProtocolHandler ["http-nio-3030"]
2020-09-02 14:13:59,431 INFO org.apache.juli.logging.DirectJDKLog [main] Destroying ProtocolHandler ["http-nio-3030"]
2020-09-02 14:13:59,436 INFO org.springframework.boot.autoconfigure.logging.ConditionEvaluationReportLoggingListener [main] 

Error starting ApplicationContext. To display the conditions report re-run your application with 'debug' enabled.
2020-09-02 14:13:59,440 ERROR org.springframework.boot.diagnostics.LoggingFailureAnalysisReporter [main] 

***************************
APPLICATION FAILED TO START
***************************

Description:

Web server failed to start. Port 3030 was already in use.

Action:

Identify and stop the process that's listening on port 3030 or configure this application to listen on another port.

2020-09-02 14:14:15,237 INFO org.springframework.boot.StartupInfoLogger [main] Starting IdmFrontendApplication on DESKTOP-D7RNNC6 with PID 4016 (C:\progetti\Legal_IDM\workspace\idm-frontend\target\classes started by PietroGerace in C:\progetti\Legal_IDM\workspace\idm-frontend)
2020-09-02 14:14:15,240 INFO org.springframework.boot.SpringApplication [main] No active profile set, falling back to default profiles: default
2020-09-02 14:14:15,887 INFO org.springframework.data.repository.config.RepositoryConfigurationDelegate [main] Bootstrapping Spring Data JPA repositories in DEFERRED mode.
2020-09-02 14:14:15,941 INFO org.springframework.data.repository.config.RepositoryConfigurationDelegate [main] Finished Spring Data repository scanning in 47ms. Found 1 JPA repository interfaces.
2020-09-02 14:14:16,367 INFO org.springframework.boot.web.embedded.tomcat.TomcatWebServer [main] Tomcat initialized with port(s): 3030 (http)
2020-09-02 14:14:16,374 INFO org.apache.juli.logging.DirectJDKLog [main] Initializing ProtocolHandler ["http-nio-3030"]
2020-09-02 14:14:16,375 INFO org.apache.juli.logging.DirectJDKLog [main] Starting service [Tomcat]
2020-09-02 14:14:16,375 INFO org.apache.juli.logging.DirectJDKLog [main] Starting Servlet engine: [Apache Tomcat/9.0.36]
2020-09-02 14:14:16,708 INFO org.apache.juli.logging.DirectJDKLog [main] At least one JAR was scanned for TLDs yet contained no TLDs. Enable debug logging for this logger for a complete list of JARs that were scanned but no TLDs were found in them. Skipping unneeded JARs during scanning can improve startup time and JSP compilation time.
2020-09-02 14:14:16,711 INFO org.apache.juli.logging.DirectJDKLog [main] Initializing Spring embedded WebApplicationContext
2020-09-02 14:14:16,712 INFO org.springframework.boot.web.servlet.context.ServletWebServerApplicationContext [main] Root WebApplicationContext: initialization completed in 1434 ms
2020-09-02 14:14:16,766 WARN org.springframework.boot.autoconfigure.orm.jpa.JpaBaseConfiguration$JpaWebConfiguration [main] spring.jpa.open-in-view is enabled by default. Therefore, database queries may be performed during view rendering. Explicitly configure spring.jpa.open-in-view to disable this warning
2020-09-02 14:14:16,772 INFO com.ibm.snam.idm.datasource.DatasourceConfiguration [main] Connecting to Datasource....
2020-09-02 14:14:16,773 INFO com.ibm.snam.idm.datasource.DatasourceConfiguration [main] Connected to Datasource - url : jdbc:db2://dashdb-txn-flex-yp-fra02-566.services.eu-de.bluemix.net:50000/BLUDB
2020-09-02 14:14:16,830 INFO com.zaxxer.hikari.HikariDataSource [main] HikariPool-1 - Starting...
2020-09-02 14:14:17,192 INFO com.zaxxer.hikari.HikariDataSource [main] HikariPool-1 - Start completed.
2020-09-02 14:14:17,287 INFO org.hibernate.jpa.internal.util.LogHelper [main] HHH000204: Processing PersistenceUnitInfo [name: default]
2020-09-02 14:14:17,323 INFO org.hibernate.Version [main] HHH000412: Hibernate ORM core version 5.4.17.Final
2020-09-02 14:14:17,426 INFO org.hibernate.annotations.common.reflection.java.JavaReflectionManager [main] HCANN000001: Hibernate Commons Annotations {5.1.0.Final}
2020-09-02 14:14:17,527 INFO org.hibernate.dialect.Dialect [main] HHH000400: Using dialect: org.hibernate.dialect.DB2Dialect
2020-09-02 14:14:18,208 INFO org.hibernate.engine.transaction.jta.platform.internal.JtaPlatformInitiator [main] HHH000490: Using JtaPlatform implementation: [org.hibernate.engine.transaction.jta.platform.internal.NoJtaPlatform]
2020-09-02 14:14:18,215 INFO org.springframework.orm.jpa.AbstractEntityManagerFactoryBean [main] Initialized JPA EntityManagerFactory for persistence unit 'default'
2020-09-02 14:14:18,400 INFO org.springframework.security.web.DefaultSecurityFilterChain [main] Creating filter chain: any request, [org.springframework.security.web.context.request.async.WebAsyncManagerIntegrationFilter@4bc9ca97, org.springframework.security.web.context.SecurityContextPersistenceFilter@4a31ed12, org.springframework.security.web.header.HeaderWriterFilter@75bd28d, org.keycloak.adapters.springsecurity.filter.KeycloakPreAuthActionsFilter@45801322, org.keycloak.adapters.springsecurity.filter.KeycloakAuthenticationProcessingFilter@11a3a45f, org.springframework.security.web.authentication.logout.LogoutFilter@6169be09, org.springframework.security.web.savedrequest.RequestCacheAwareFilter@2365ea38, org.springframework.security.web.servletapi.SecurityContextHolderAwareRequestFilter@15d236fd, org.keycloak.adapters.springsecurity.filter.KeycloakSecurityContextRequestFilter@6cc64028, org.keycloak.adapters.springsecurity.filter.KeycloakAuthenticatedActionsFilter@291a4791, org.springframework.security.web.authentication.AnonymousAuthenticationFilter@3e43f049, org.springframework.security.web.session.SessionManagementFilter@11810917, org.springframework.security.web.access.ExceptionTranslationFilter@509a6095, org.springframework.security.web.access.intercept.FilterSecurityInterceptor@106c988]
2020-09-02 14:14:18,448 INFO org.springframework.scheduling.concurrent.ExecutorConfigurationSupport [main] Initializing ExecutorService 'clientInboundChannelExecutor'
2020-09-02 14:14:18,452 INFO org.springframework.scheduling.concurrent.ExecutorConfigurationSupport [main] Initializing ExecutorService 'clientOutboundChannelExecutor'
2020-09-02 14:14:18,457 INFO org.springframework.scheduling.concurrent.ExecutorConfigurationSupport [main] Initializing ExecutorService 'messageBrokerTaskScheduler'
2020-09-02 14:14:18,482 INFO org.springframework.scheduling.concurrent.ExecutorConfigurationSupport [main] Initializing ExecutorService 'brokerChannelExecutor'
2020-09-02 14:14:18,604 INFO org.springframework.boot.autoconfigure.web.servlet.WelcomePageHandlerMapping [main] Adding welcome page: class path resource [public/index.html]
2020-09-02 14:14:18,690 INFO org.apache.juli.logging.DirectJDKLog [main] Starting ProtocolHandler ["http-nio-3030"]
2020-09-02 14:14:18,709 INFO org.springframework.boot.web.embedded.tomcat.TomcatWebServer [main] Tomcat started on port(s): 3030 (http) with context path ''
2020-09-02 14:14:18,711 INFO org.springframework.core.log.CompositeLog [main] Starting...
2020-09-02 14:14:18,711 INFO org.springframework.core.log.CompositeLog [main] BrokerAvailabilityEvent[available=true, SimpleBrokerMessageHandler [DefaultSubscriptionRegistry[cache[0 destination(s)], registry[0 sessions]]]]
2020-09-02 14:14:18,712 INFO org.springframework.core.log.CompositeLog [main] Started.
2020-09-02 14:14:18,712 INFO org.springframework.data.repository.config.DeferredRepositoryInitializationListener [main] Triggering deferred initialization of Spring Data repositories…
2020-09-02 14:14:18,921 INFO org.springframework.data.repository.config.DeferredRepositoryInitializationListener [main] Spring Data repositories initialized!
2020-09-02 14:14:18,922 INFO org.apache.juli.logging.DirectJDKLog [http-nio-3030-exec-1] Initializing Spring DispatcherServlet 'dispatcherServlet'
2020-09-02 14:14:18,922 INFO org.springframework.web.servlet.FrameworkServlet [http-nio-3030-exec-1] Initializing Servlet 'dispatcherServlet'
2020-09-02 14:14:18,929 INFO org.springframework.boot.StartupInfoLogger [main] Started IdmFrontendApplication in 4.05 seconds (JVM running for 4.949)
2020-09-02 14:14:18,929 INFO org.springframework.web.servlet.FrameworkServlet [http-nio-3030-exec-1] Completed initialization in 6 ms
2020-09-02 14:14:19,714 INFO org.keycloak.adapters.KeycloakDeployment [http-nio-3030-exec-1] Loaded URLs from http://158.177.78.141:8080/auth/realms/idm-realm/.well-known/openid-configuration
2020-09-02 14:14:22,850 INFO com.ibm.snam.idm.controller.ViewController [http-nio-3030-exec-6] getting dashboard
2020-09-02 14:14:22,851 INFO com.ibm.snam.idm.controller.ViewController [http-nio-3030-exec-6] returning dashboard
2020-09-02 14:14:24,034 INFO com.ibm.snam.idm.controller.UserNotificationController [http-nio-3030-exec-5] getUserNotification -- INIT -- userId : RIDP86Z
2020-09-02 14:14:24,041 INFO com.ibm.snam.idm.service.UserNotificationService [http-nio-3030-exec-5] getUserNotification -- INIT --
2020-09-02 14:14:24,327 INFO com.ibm.snam.idm.service.UserNotificationService [http-nio-3030-exec-5] Found 0 notification(s) for user RIDP86Z
2020-09-02 14:14:24,349 INFO com.ibm.snam.idm.controller.UserNotificationController [http-nio-3030-exec-5] getUserNotification -- END -- userId : RIDP86Z
2020-09-02 14:15:18,491 INFO org.springframework.web.socket.config.WebSocketMessageBrokerStats [MessageBroker-11] WebSocketSession[3 current WS(3)-HttpStream(0)-HttpPoll(0), 3 total, 0 closed abnormally (0 connect failure, 0 send limit, 0 transport error)], stompSubProtocol[processed CONNECT(3)-CONNECTED(3)-DISCONNECT(0)], stompBrokerRelay[null], inboundChannel[pool size = 24, active threads = 0, queued tasks = 0, completed tasks = 45], outboundChannel[pool size = 3, active threads = 0, queued tasks = 0, completed tasks = 3], sockJsScheduler[pool size = 12, active threads = 1, queued tasks = 6, completed tasks = 39]
2020-09-02 14:17:54,868 INFO org.springframework.boot.StartupInfoLogger [main] Starting IdmFrontendApplication on DESKTOP-D7RNNC6 with PID 12672 (C:\progetti\Legal_IDM\workspace\idm-frontend\target\classes started by PietroGerace in C:\progetti\Legal_IDM\workspace\idm-frontend)
2020-09-02 14:17:54,871 INFO org.springframework.boot.SpringApplication [main] No active profile set, falling back to default profiles: default
2020-09-02 14:17:55,512 INFO org.springframework.data.repository.config.RepositoryConfigurationDelegate [main] Bootstrapping Spring Data JPA repositories in DEFERRED mode.
2020-09-02 14:17:55,562 INFO org.springframework.data.repository.config.RepositoryConfigurationDelegate [main] Finished Spring Data repository scanning in 43ms. Found 1 JPA repository interfaces.
2020-09-02 14:17:55,979 INFO org.springframework.boot.web.embedded.tomcat.TomcatWebServer [main] Tomcat initialized with port(s): 3030 (http)
2020-09-02 14:17:55,985 INFO org.apache.juli.logging.DirectJDKLog [main] Initializing ProtocolHandler ["http-nio-3030"]
2020-09-02 14:17:55,985 INFO org.apache.juli.logging.DirectJDKLog [main] Starting service [Tomcat]
2020-09-02 14:17:55,986 INFO org.apache.juli.logging.DirectJDKLog [main] Starting Servlet engine: [Apache Tomcat/9.0.36]
2020-09-02 14:17:56,265 INFO org.apache.juli.logging.DirectJDKLog [main] At least one JAR was scanned for TLDs yet contained no TLDs. Enable debug logging for this logger for a complete list of JARs that were scanned but no TLDs were found in them. Skipping unneeded JARs during scanning can improve startup time and JSP compilation time.
2020-09-02 14:17:56,268 INFO org.apache.juli.logging.DirectJDKLog [main] Initializing Spring embedded WebApplicationContext
2020-09-02 14:17:56,269 INFO org.springframework.boot.web.servlet.context.ServletWebServerApplicationContext [main] Root WebApplicationContext: initialization completed in 1358 ms
2020-09-02 14:17:56,314 WARN org.springframework.boot.autoconfigure.orm.jpa.JpaBaseConfiguration$JpaWebConfiguration [main] spring.jpa.open-in-view is enabled by default. Therefore, database queries may be performed during view rendering. Explicitly configure spring.jpa.open-in-view to disable this warning
2020-09-02 14:17:56,321 INFO com.ibm.snam.idm.datasource.DatasourceConfiguration [main] Connecting to Datasource....
2020-09-02 14:17:56,321 INFO com.ibm.snam.idm.datasource.DatasourceConfiguration [main] Connected to Datasource - url : jdbc:db2://dashdb-txn-flex-yp-fra02-566.services.eu-de.bluemix.net:50000/BLUDB
2020-09-02 14:17:56,373 INFO com.zaxxer.hikari.HikariDataSource [main] HikariPool-1 - Starting...
2020-09-02 14:17:56,726 INFO com.zaxxer.hikari.HikariDataSource [main] HikariPool-1 - Start completed.
2020-09-02 14:17:56,826 INFO org.hibernate.jpa.internal.util.LogHelper [main] HHH000204: Processing PersistenceUnitInfo [name: default]
2020-09-02 14:17:56,862 INFO org.hibernate.Version [main] HHH000412: Hibernate ORM core version 5.4.17.Final
2020-09-02 14:17:56,960 INFO org.hibernate.annotations.common.reflection.java.JavaReflectionManager [main] HCANN000001: Hibernate Commons Annotations {5.1.0.Final}
2020-09-02 14:17:57,046 INFO org.hibernate.dialect.Dialect [main] HHH000400: Using dialect: org.hibernate.dialect.DB2Dialect
2020-09-02 14:17:57,738 INFO org.hibernate.engine.transaction.jta.platform.internal.JtaPlatformInitiator [main] HHH000490: Using JtaPlatform implementation: [org.hibernate.engine.transaction.jta.platform.internal.NoJtaPlatform]
2020-09-02 14:17:57,746 INFO org.springframework.orm.jpa.AbstractEntityManagerFactoryBean [main] Initialized JPA EntityManagerFactory for persistence unit 'default'
2020-09-02 14:17:57,946 INFO org.springframework.security.web.DefaultSecurityFilterChain [main] Creating filter chain: any request, [org.springframework.security.web.context.request.async.WebAsyncManagerIntegrationFilter@19a5b637, org.springframework.security.web.context.SecurityContextPersistenceFilter@37e7c4cc, org.springframework.security.web.header.HeaderWriterFilter@6aae0e6f, org.keycloak.adapters.springsecurity.filter.KeycloakPreAuthActionsFilter@32ea16b7, org.keycloak.adapters.springsecurity.filter.KeycloakAuthenticationProcessingFilter@15d114ce, org.springframework.security.web.authentication.logout.LogoutFilter@723742b2, org.springframework.security.web.savedrequest.RequestCacheAwareFilter@3079c26a, org.springframework.security.web.servletapi.SecurityContextHolderAwareRequestFilter@7bd38fed, org.keycloak.adapters.springsecurity.filter.KeycloakSecurityContextRequestFilter@46b2dcc5, org.keycloak.adapters.springsecurity.filter.KeycloakAuthenticatedActionsFilter@240f350a, org.springframework.security.web.authentication.AnonymousAuthenticationFilter@4f3c7808, org.springframework.security.web.session.SessionManagementFilter@7b9e25bd, org.springframework.security.web.access.ExceptionTranslationFilter@d8835af, org.springframework.security.web.access.intercept.FilterSecurityInterceptor@26b3c9a2]
2020-09-02 14:17:57,991 INFO org.springframework.scheduling.concurrent.ExecutorConfigurationSupport [main] Initializing ExecutorService 'clientInboundChannelExecutor'
2020-09-02 14:17:57,994 INFO org.springframework.scheduling.concurrent.ExecutorConfigurationSupport [main] Initializing ExecutorService 'clientOutboundChannelExecutor'
2020-09-02 14:17:57,998 INFO org.springframework.scheduling.concurrent.ExecutorConfigurationSupport [main] Initializing ExecutorService 'messageBrokerTaskScheduler'
2020-09-02 14:17:58,021 INFO org.springframework.scheduling.concurrent.ExecutorConfigurationSupport [main] Initializing ExecutorService 'brokerChannelExecutor'
2020-09-02 14:17:58,129 INFO org.springframework.boot.autoconfigure.web.servlet.WelcomePageHandlerMapping [main] Adding welcome page: class path resource [public/index.html]
2020-09-02 14:17:58,210 INFO org.apache.juli.logging.DirectJDKLog [main] Starting ProtocolHandler ["http-nio-3030"]
2020-09-02 14:17:58,229 INFO org.springframework.boot.web.embedded.tomcat.TomcatWebServer [main] Tomcat started on port(s): 3030 (http) with context path ''
2020-09-02 14:17:58,232 INFO org.springframework.core.log.CompositeLog [main] Starting...
2020-09-02 14:17:58,233 INFO org.springframework.core.log.CompositeLog [main] BrokerAvailabilityEvent[available=true, SimpleBrokerMessageHandler [DefaultSubscriptionRegistry[cache[0 destination(s)], registry[0 sessions]]]]
2020-09-02 14:17:58,233 INFO org.springframework.core.log.CompositeLog [main] Started.
2020-09-02 14:17:58,233 INFO org.springframework.data.repository.config.DeferredRepositoryInitializationListener [main] Triggering deferred initialization of Spring Data repositories…
2020-09-02 14:17:58,420 INFO org.springframework.data.repository.config.DeferredRepositoryInitializationListener [main] Spring Data repositories initialized!
2020-09-02 14:17:58,426 INFO org.springframework.boot.StartupInfoLogger [main] Started IdmFrontendApplication in 3.88 seconds (JVM running for 4.744)
2020-09-02 14:18:02,703 INFO org.apache.juli.logging.DirectJDKLog [http-nio-3030-exec-1] Initializing Spring DispatcherServlet 'dispatcherServlet'
2020-09-02 14:18:02,704 INFO org.springframework.web.servlet.FrameworkServlet [http-nio-3030-exec-1] Initializing Servlet 'dispatcherServlet'
2020-09-02 14:18:02,707 INFO org.springframework.web.servlet.FrameworkServlet [http-nio-3030-exec-1] Completed initialization in 3 ms
2020-09-02 14:18:03,420 INFO org.keycloak.adapters.KeycloakDeployment [http-nio-3030-exec-2] Loaded URLs from http://158.177.78.141:8080/auth/realms/idm-realm/.well-known/openid-configuration
2020-09-02 14:18:03,677 INFO com.ibm.snam.idm.controller.ViewController [http-nio-3030-exec-4] getting dashboard
2020-09-02 14:18:03,677 INFO com.ibm.snam.idm.controller.ViewController [http-nio-3030-exec-4] returning dashboard
2020-09-02 14:18:04,810 INFO com.ibm.snam.idm.controller.UserNotificationController [http-nio-3030-exec-5] getUserNotification -- INIT -- userId : RIDP86Z
2020-09-02 14:18:04,820 INFO com.ibm.snam.idm.service.UserNotificationService [http-nio-3030-exec-5] getUserNotification -- INIT --
2020-09-02 14:18:05,098 INFO com.ibm.snam.idm.service.UserNotificationService [http-nio-3030-exec-5] Found 0 notification(s) for user RIDP86Z
2020-09-02 14:18:05,121 INFO com.ibm.snam.idm.controller.UserNotificationController [http-nio-3030-exec-5] getUserNotification -- END -- userId : RIDP86Z
2020-09-02 14:18:58,027 INFO org.springframework.web.socket.config.WebSocketMessageBrokerStats [MessageBroker-1] WebSocketSession[3 current WS(3)-HttpStream(0)-HttpPoll(0), 3 total, 0 closed abnormally (0 connect failure, 0 send limit, 0 transport error)], stompSubProtocol[processed CONNECT(3)-CONNECTED(3)-DISCONNECT(0)], stompBrokerRelay[null], inboundChannel[pool size = 24, active threads = 0, queued tasks = 0, completed tasks = 45], outboundChannel[pool size = 3, active threads = 0, queued tasks = 0, completed tasks = 3], sockJsScheduler[pool size = 12, active threads = 1, queued tasks = 6, completed tasks = 39]
