2020-09-15 10:11:19,886 INFO org.springframework.boot.StartupInfoLogger [main] Starting IdmFrontendApplication on DESKTOP-D7RNNC6 with PID 12456 (C:\progetti\Legal_IDM\workspace\idm-frontend\target\classes started by PietroGerace in C:\progetti\Legal_IDM\workspace\idm-frontend)
2020-09-15 10:11:19,892 INFO org.springframework.boot.SpringApplication [main] No active profile set, falling back to default profiles: default
2020-09-15 10:11:21,004 INFO org.springframework.data.repository.config.RepositoryConfigurationDelegate [main] Bootstrapping Spring Data JPA repositories in DEFERRED mode.
2020-09-15 10:11:21,104 INFO org.springframework.data.repository.config.RepositoryConfigurationDelegate [main] Finished Spring Data repository scanning in 84ms. Found 1 JPA repository interfaces.
2020-09-15 10:11:21,865 INFO org.springframework.boot.web.embedded.tomcat.TomcatWebServer [main] Tomcat initialized with port(s): 3030 (http)
2020-09-15 10:11:21,874 INFO org.apache.juli.logging.DirectJDKLog [main] Initializing ProtocolHandler ["http-nio-3030"]
2020-09-15 10:11:21,875 INFO org.apache.juli.logging.DirectJDKLog [main] Starting service [Tomcat]
2020-09-15 10:11:21,875 INFO org.apache.juli.logging.DirectJDKLog [main] Starting Servlet engine: [Apache Tomcat/9.0.36]
2020-09-15 10:11:22,296 INFO org.apache.juli.logging.DirectJDKLog [main] At least one JAR was scanned for TLDs yet contained no TLDs. Enable debug logging for this logger for a complete list of JARs that were scanned but no TLDs were found in them. Skipping unneeded JARs during scanning can improve startup time and JSP compilation time.
2020-09-15 10:11:22,301 INFO org.apache.juli.logging.DirectJDKLog [main] Initializing Spring embedded WebApplicationContext
2020-09-15 10:11:22,301 INFO org.springframework.boot.web.servlet.context.ServletWebServerApplicationContext [main] Root WebApplicationContext: initialization completed in 2335 ms
2020-09-15 10:11:22,379 WARN org.springframework.boot.autoconfigure.orm.jpa.JpaBaseConfiguration$JpaWebConfiguration [main] spring.jpa.open-in-view is enabled by default. Therefore, database queries may be performed during view rendering. Explicitly configure spring.jpa.open-in-view to disable this warning
2020-09-15 10:11:22,389 INFO com.ibm.snam.idm.datasource.DatasourceConfiguration [main] Connecting to Datasource....
2020-09-15 10:11:22,390 INFO com.ibm.snam.idm.datasource.DatasourceConfiguration [main] Connected to Datasource - url : jdbc:db2://dashdb-txn-flex-yp-fra02-566.services.eu-de.bluemix.net:50000/BLUDB
2020-09-15 10:11:22,475 INFO com.zaxxer.hikari.HikariDataSource [main] HikariPool-1 - Starting...
2020-09-15 10:11:24,044 INFO com.zaxxer.hikari.HikariDataSource [main] HikariPool-1 - Start completed.
2020-09-15 10:11:24,284 INFO org.hibernate.jpa.internal.util.LogHelper [main] HHH000204: Processing PersistenceUnitInfo [name: default]
2020-09-15 10:11:24,477 INFO org.hibernate.Version [main] HHH000412: Hibernate ORM core version 5.4.17.Final
2020-09-15 10:11:24,729 INFO org.hibernate.annotations.common.reflection.java.JavaReflectionManager [main] HCANN000001: Hibernate Commons Annotations {5.1.0.Final}
2020-09-15 10:11:24,986 INFO org.hibernate.dialect.Dialect [main] HHH000400: Using dialect: org.hibernate.dialect.DB2Dialect
2020-09-15 10:11:26,472 INFO org.hibernate.engine.transaction.jta.platform.internal.JtaPlatformInitiator [main] HHH000490: Using JtaPlatform implementation: [org.hibernate.engine.transaction.jta.platform.internal.NoJtaPlatform]
2020-09-15 10:11:26,487 INFO org.springframework.orm.jpa.AbstractEntityManagerFactoryBean [main] Initialized JPA EntityManagerFactory for persistence unit 'default'
2020-09-15 10:11:27,069 INFO org.springframework.security.web.DefaultSecurityFilterChain [main] Creating filter chain: any request, [org.springframework.security.web.context.request.async.WebAsyncManagerIntegrationFilter@26b3c9a2, org.springframework.security.web.context.SecurityContextPersistenceFilter@6885ed19, org.springframework.security.web.header.HeaderWriterFilter@7741ae1b, org.keycloak.adapters.springsecurity.filter.KeycloakPreAuthActionsFilter@16bd7ae1, org.keycloak.adapters.springsecurity.filter.KeycloakAuthenticationProcessingFilter@31aab981, org.springframework.security.web.authentication.logout.LogoutFilter@78c74647, org.springframework.security.web.savedrequest.RequestCacheAwareFilter@2d4a3e13, org.springframework.security.web.servletapi.SecurityContextHolderAwareRequestFilter@3a40bb52, org.keycloak.adapters.springsecurity.filter.KeycloakSecurityContextRequestFilter@b5aa65b, org.keycloak.adapters.springsecurity.filter.KeycloakAuthenticatedActionsFilter@76cdafa3, org.springframework.security.web.authentication.AnonymousAuthenticationFilter@241b971f, org.springframework.security.web.session.SessionManagementFilter@545d2560, org.springframework.security.web.access.ExceptionTranslationFilter@703e8050, org.springframework.security.web.access.intercept.FilterSecurityInterceptor@e3899fd]
2020-09-15 10:11:27,140 INFO org.springframework.scheduling.concurrent.ExecutorConfigurationSupport [main] Initializing ExecutorService 'clientInboundChannelExecutor'
2020-09-15 10:11:27,145 INFO org.springframework.scheduling.concurrent.ExecutorConfigurationSupport [main] Initializing ExecutorService 'clientOutboundChannelExecutor'
2020-09-15 10:11:27,151 INFO org.springframework.scheduling.concurrent.ExecutorConfigurationSupport [main] Initializing ExecutorService 'messageBrokerTaskScheduler'
2020-09-15 10:11:27,192 INFO org.springframework.scheduling.concurrent.ExecutorConfigurationSupport [main] Initializing ExecutorService 'brokerChannelExecutor'
2020-09-15 10:11:27,369 INFO org.springframework.boot.autoconfigure.web.servlet.WelcomePageHandlerMapping [main] Adding welcome page: class path resource [public/index.html]
2020-09-15 10:11:27,495 INFO org.apache.juli.logging.DirectJDKLog [main] Starting ProtocolHandler ["http-nio-3030"]
2020-09-15 10:11:27,528 INFO org.springframework.boot.web.embedded.tomcat.TomcatWebServer [main] Tomcat started on port(s): 3030 (http) with context path ''
2020-09-15 10:11:27,531 INFO org.springframework.core.log.CompositeLog [main] Starting...
2020-09-15 10:11:27,531 INFO org.springframework.core.log.CompositeLog [main] BrokerAvailabilityEvent[available=true, SimpleBrokerMessageHandler [DefaultSubscriptionRegistry[cache[0 destination(s)], registry[0 sessions]]]]
2020-09-15 10:11:27,531 INFO org.springframework.core.log.CompositeLog [main] Started.
2020-09-15 10:11:27,532 INFO org.springframework.data.repository.config.DeferredRepositoryInitializationListener [main] Triggering deferred initialization of Spring Data repositories…
2020-09-15 10:11:27,879 INFO org.springframework.data.repository.config.DeferredRepositoryInitializationListener [main] Spring Data repositories initialized!
2020-09-15 10:11:27,887 INFO org.springframework.boot.StartupInfoLogger [main] Started IdmFrontendApplication in 8.639 seconds (JVM running for 9.919)
2020-09-15 10:11:30,681 INFO org.apache.juli.logging.DirectJDKLog [http-nio-3030-exec-1] Initializing Spring DispatcherServlet 'dispatcherServlet'
2020-09-15 10:11:30,682 INFO org.springframework.web.servlet.FrameworkServlet [http-nio-3030-exec-1] Initializing Servlet 'dispatcherServlet'
2020-09-15 10:11:30,688 INFO org.springframework.web.servlet.FrameworkServlet [http-nio-3030-exec-1] Completed initialization in 6 ms
2020-09-15 10:11:31,792 INFO org.keycloak.adapters.KeycloakDeployment [http-nio-3030-exec-2] Loaded URLs from http://158.177.78.141:8080/auth/realms/idm-realm/.well-known/openid-configuration
2020-09-15 10:12:24,312 INFO com.ibm.snam.idm.controller.ViewController [http-nio-3030-exec-10] getting dashboard
2020-09-15 10:12:24,313 INFO com.ibm.snam.idm.controller.ViewController [http-nio-3030-exec-10] returning dashboard
2020-09-15 10:12:26,795 INFO com.ibm.snam.idm.controller.UserNotificationController [http-nio-3030-exec-7] getUserNotification -- INIT -- userId : RIDP86Z
2020-09-15 10:12:26,807 INFO com.ibm.snam.idm.service.UserNotificationService [http-nio-3030-exec-7] getUserNotification -- INIT --
2020-09-15 10:12:27,204 INFO org.springframework.web.socket.config.WebSocketMessageBrokerStats [MessageBroker-3] WebSocketSession[3 current WS(3)-HttpStream(0)-HttpPoll(0), 3 total, 0 closed abnormally (0 connect failure, 0 send limit, 0 transport error)], stompSubProtocol[processed CONNECT(3)-CONNECTED(3)-DISCONNECT(0)], stompBrokerRelay[null], inboundChannel[pool size = 24, active threads = 0, queued tasks = 0, completed tasks = 45], outboundChannel[pool size = 3, active threads = 0, queued tasks = 0, completed tasks = 3], sockJsScheduler[pool size = 12, active threads = 1, queued tasks = 6, completed tasks = 3]
2020-09-15 10:12:27,349 INFO com.ibm.snam.idm.service.UserNotificationService [http-nio-3030-exec-7] Found 0 notification(s) for user RIDP86Z
2020-09-15 10:12:27,429 INFO com.ibm.snam.idm.controller.UserNotificationController [http-nio-3030-exec-7] getUserNotification -- END -- userId : RIDP86Z
2020-09-15 10:13:16,046 INFO com.ibm.snam.idm.controller.ViewController [http-nio-3030-exec-8] getting bandiList
2020-09-15 10:13:16,048 INFO com.ibm.snam.idm.controller.ViewController [http-nio-3030-exec-8] returning bandiList
2020-09-15 10:13:16,564 INFO com.ibm.snam.idm.controller.UserNotificationController [http-nio-3030-exec-7] getUserNotification -- INIT -- userId : RIDP86Z
2020-09-15 10:13:16,565 INFO com.ibm.snam.idm.service.UserNotificationService [http-nio-3030-exec-7] getUserNotification -- INIT --
2020-09-15 10:13:16,783 INFO com.ibm.snam.idm.service.UserNotificationService [http-nio-3030-exec-7] Found 0 notification(s) for user RIDP86Z
2020-09-15 10:13:16,784 INFO com.ibm.snam.idm.controller.UserNotificationController [http-nio-3030-exec-7] getUserNotification -- END -- userId : RIDP86Z
2020-09-15 10:23:28,567 INFO com.ibm.snam.idm.controller.ViewController [http-nio-3030-exec-5] getting bandiList
2020-09-15 10:23:28,568 INFO com.ibm.snam.idm.controller.ViewController [http-nio-3030-exec-5] returning bandiList
2020-09-15 10:23:29,010 INFO com.ibm.snam.idm.controller.UserNotificationController [http-nio-3030-exec-3] getUserNotification -- INIT -- userId : RIDP86Z
2020-09-15 10:23:29,011 INFO com.ibm.snam.idm.service.UserNotificationService [http-nio-3030-exec-3] getUserNotification -- INIT --
2020-09-15 10:23:29,241 INFO com.ibm.snam.idm.service.UserNotificationService [http-nio-3030-exec-3] Found 0 notification(s) for user RIDP86Z
2020-09-15 10:23:29,243 INFO com.ibm.snam.idm.controller.UserNotificationController [http-nio-3030-exec-3] getUserNotification -- END -- userId : RIDP86Z
2020-09-15 10:24:34,569 INFO com.ibm.snam.idm.microservices.AnalyzerMicroservice [clientInboundChannel-49] analyzeFile -- INIT --
2020-09-15 10:24:34,569 INFO com.ibm.snam.idm.microservices.AnalyzerMicroservice [clientInboundChannel-49] bytes : [B@6072dfd5
2020-09-15 10:24:34,569 INFO com.ibm.snam.idm.microservices.AnalyzerMicroservice [clientInboundChannel-49] name : 3 - Sez 2 - Modulistica.docx
2020-09-15 10:24:34,579 INFO com.ibm.snam.idm.microservices.AnalyzerMicroservice [clientInboundChannel-49] Calling URL : http://158.177.78.140:8080/analyzerDocument/analyze/document
2020-09-15 10:25:42,651 INFO com.ibm.snam.idm.microservices.AnalyzerMicroservice [clientInboundChannel-49] analyzeFile --END--
2020-09-15 10:25:42,667 INFO com.ibm.snam.idm.microservices.BackendMicroservice [clientInboundChannel-49] saveObjectOnDb -- INIT --
2020-09-15 10:25:42,675 INFO com.ibm.snam.idm.microservices.BackendMicroservice [clientInboundChannel-49] calling url : http://localhost:8080/tender/createTender
2020-09-15 10:25:42,676 INFO com.ibm.snam.idm.microservices.BackendMicroservice [clientInboundChannel-49] JSON: {"object":"Creazione di gara","cig":"123456798","sapNumber":"SAPN-20002","supplier":"Snam","endDate":"30/09/2020","fileName":"3 - Sez 2 - Modulistica.docx","responseFromAnalyzer":{"entities":[{"type":"D_12_16_MODELLO_15","text":"Modello 15/1","mentions":[{"text":"Modello 15/1","location":[1768,1780]}],"count":1},{"type":"M_05_CONSENSO","text":"Modello 5 - Dichiarazione di consenso ai sensi del Regolamento (UE) 679/2016","mentions":[{"text":"Modello 5 - Dichiarazione di consenso ai sensi del Regolamento (UE) 679/2016","location":[693,769]}],"count":1},{"type":"M_06_ISCRIZIONE_CAMERA","text":"Modello 6","mentions":[{"text":"Modello 6","location":[843,852]}],"count":1},{"type":"OGGETTO_LETTERA","text":"GARA N. ____________","mentions":[{"text":"GARA N. ____________","location":[34830,34850]}],"count":1},{"type":"M_01_ETICO","text":"Modello 1","mentions":[{"text":"Modello 1","location":[70,79]},{"text":"Modello 1","location":[4143,4152]}],"count":2},{"type":"M_02_ESCLUSIONE","text":"Autocertificazione dell’Offerente ex DPR 445/2000 attestante l’assenza di motivi di esclusione","mentions":[{"text":"Autocertificazione dell’Offerente ex DPR 445/2000 attestante l’assenza di motivi di esclusione","location":[131,225]},{"text":"Autocertificazione dell’Offerente ex DPR 445/2000 attestante l’assenza di motivi di esclusione","location":[13018,13112]}],"count":2},{"type":"M_03_RESPONSABILITA","text":"Dichiarazione di impegno sulla Responsabilità amministrativa e Anticorruzione","mentions":[{"text":"Dichiarazione di impegno sulla Responsabilità amministrativa e Anticorruzione","location":[284,361]},{"text":"Dichiarazione di impegno sulla Responsabilità amministrativa e Anticorruzione","location":[31286,31363]}],"count":2},{"type":"M_06_ISCRIZIONE_CAMERA","text":"Certificato Iscrizione alla Camera di Commercio","mentions":[{"text":"Certificato Iscrizione alla Camera di Commercio","location":[915,962]}],"count":1},{"type":"M_11_BID_BOND","text":"Modello 11","mentions":[{"text":"Modello 11","location":[1464,1474]}],"count":1},{"type":"M_12_SOPRALLUOGO","text":"Modulo “Verbale di sopralluogo”","mentions":[{"text":"Modulo “Verbale di sopralluogo”","location":[1539,1570]}],"count":1},{"type":"M_21_PROVENIENZA_PRODOTTI","text":"Modello 21","mentions":[{"text":"Modello 21","location":[3775,3785]}],"count":1},{"type":"M_02_ESCLUSIONE","text":"Modello 2","mentions":[{"text":"Modello 2","location":[111,120]},{"text":"Modello 2","location":[12998,13007]}],"count":2},{"type":"M_07_AUTOCERT_445","text":"Modello 7","mentions":[{"text":"Modello 7","location":[968,977]}],"count":1},{"type":"M_01_ETICO","text":"Patto etico e di integrità","mentions":[{"text":"Patto etico e di integrità","location":[4182,4208]}],"count":1},{"type":"M_03_RESPONSABILITA","text":"Modello 3","mentions":[{"text":"Modello 3","location":[272,281]},{"text":"Modello 3","location":[31274,31283]}],"count":2},{"type":"D_12_16_MODELLO_15","text":"Modello 15/2","mentions":[{"text":"Modello 15/2","location":[1840,1852]}],"count":1},{"type":"M_11_BID_BOND","text":"Modulo “testo di garanzia bancaria bid bond”","mentions":[{"text":"Modulo “testo di garanzia bancaria bid bond”","location":[1477,1521]}],"count":1},{"type":"M_10_IDONEITA_TECNICA","text":"Modello 10","mentions":[{"text":"Modello 10","location":[1229,1239]}],"count":1},{"type":"M_22_COSTI_CHIUSI","text":"Contratti chiusi - Dichiarazione “costo della manodopera” e “oneri di sicurezza aziendale”","mentions":[{"text":"Contratti chiusi - Dichiarazione “costo della manodopera” e “oneri di sicurezza aziendale”","location":[3889,3979]}],"count":1},{"type":"M_23_COSTI_APERTI","text":"Modello 23","mentions":[{"text":"Modello 23","location":[3985,3995]}],"count":1},{"type":"M_23_COSTI_APERTI","text":"Contratti Aperti - Dichiarazione “costo della manodopera” e “oneri di sicurezza aziendale”","mentions":[{"text":"Contratti Aperti - Dichiarazione “costo della manodopera” e “oneri di sicurezza aziendale”","location":[3998,4088]}],"count":1},{"type":"M_05_CONSENSO","text":"Dichiarazione di consenso ai sensi del Regolamento (UE) 679/2016","mentions":[{"text":"Dichiarazione di consenso ai sensi del Regolamento (UE) 679/2016","location":[774,838]}],"count":1},{"type":"M_09_DICHIARAZIONE_445","text":"Modello 9","mentions":[{"text":"Modello 9","location":[1142,1151]}],"count":1},{"type":"M_09_DICHIARAZIONE_445","text":"Dichiarazione sostitutiva ex D.P.R. n. 445/2000 familiari conviventi","mentions":[{"text":"Dichiarazione sostitutiva ex D.P.R. n. 445/2000 familiari conviventi","location":[1155,1223]}],"count":1},{"type":"M_21_PROVENIENZA_PRODOTTI","text":"Dichiarazione sostitutiva di certificazione prodotti originari paesi terzi","mentions":[{"text":"Dichiarazione sostitutiva di certificazione prodotti originari paesi terzi","location":[3796,3870]}],"count":1},{"type":"M_12_SOPRALLUOGO","text":"Modello 12","mentions":[{"text":"Modello 12","location":[1526,1536]}],"count":1},{"type":"M_22_COSTI_CHIUSI","text":"Modello 22","mentions":[{"text":"Modello 22","location":[3876,3886]}],"count":1},{"type":"M_10_IDONEITA_TECNICA","text":"Modulo “Autocertificazione dell’Offerente ex D.P.R. n. 445/2000 attestante il possesso dei requisiti di idoneità tecnico – professionale con riferimento alla tutela della salute e della sicurezza nei luoghi di lavoro”","mentions":[{"text":"Modulo “Autocertificazione dell’Offerente ex D.P.R. n. 445/2000 attestante il possesso dei requisiti di idoneità tecnico – professionale con riferimento alla tutela della salute e della sicurezza nei luoghi di lavoro”","location":[1242,1459]}],"count":1},{"type":"M_09_DICHIARAZIONE_445","text":"Dichiarazione sostitutiva familiari conviventi","mentions":[{"text":"Dichiarazione sostitutiva familiari conviventi","location":[263424,263470]}],"count":1},{"type":"OGGETTO_LETTERA","text":"contratto n","mentions":[{"text":"contratto n","location":[253145,253156]}],"count":1},{"type":"D_12_09_WHITE_LIST","text":"dichiarazione sostitutiva ex DPR 445/00 di iscrizione nella White-List","mentions":[{"text":"dichiarazione sostitutiva ex DPR 445/00 di iscrizione nella White-List","location":[257489,257559]}],"count":1},{"type":"M_06_ISCRIZIONE_CAMERA","text":"Certificato Iscrizione alla Camera di Commercio","mentions":[{"text":"Certificato Iscrizione alla Camera di Commercio","location":[262750,262797]}],"count":1},{"type":"M_01_ETICO","text":"(modello 1)","mentions":[{"text":"(modello 1)","location":[257475,257486]}],"count":1},{"type":"C_12_13_DURC","text":"Documento Unico di Regolarità Contributiva (DURC)","mentions":[{"text":"Documento Unico di Regolarità Contributiva (DURC)","location":[266626,266675]}],"count":1}],"language":"it","status":200,"idAttachment":"5f607a48115b3374bb5e9224"}}
2020-09-15 10:25:42,899 INFO com.ibm.snam.idm.microservices.BackendMicroservice [clientInboundChannel-49] saveObjectOnDb -- END --
2020-09-15 10:25:42,900 INFO com.ibm.snam.idm.web_socket.CreateTenderController [clientInboundChannel-49] responseFromBackend : {"status":200,"message":"Gara creata con successo","tender":{"id":"5f607a866ab9e8387510d9ad","object":"Creazione di gara","cig":["123456798"],"sapNumber":"SAPN-20002","company":"Snam","endDate":{"chronology":{"calendarType":"iso8601","id":"ISO"},"dayOfMonth":30,"dayOfWeek":"WEDNESDAY","dayOfYear":274,"era":"CE","leapYear":true,"month":"SEPTEMBER","monthValue":9,"year":2020},"requiredAttachments":["M_06_ISCRIZIONE_CAMERA","M_05_CONSENSO","M_21_PROVENIENZA_PRODOTTI","D_12_09_WHITE_LIST","M_12_SOPRALLUOGO","M_10_IDONEITA_TECNICA","D_12_16_MODELLO_15","M_01_ETICO","M_02_ESCLUSIONE","M_23_COSTI_APERTI","C_12_13_DURC","OGGETTO_LETTERA","M_11_BID_BOND","M_07_AUTOCERT_445","M_09_DICHIARAZIONE_445","M_22_COSTI_CHIUSI","M_03_RESPONSABILITA"],"suppliers":[],"tenderAttachments":[{"tag":"Lettera d'invito","fileName":"3 - Sez 2 - Modulistica.docx","uploadedOn":{"date":15,"day":2,"hours":10,"minutes":25,"month":8,"seconds":42,"time":1600158342784,"timezoneOffset":-120,"year":120},"_idAttachment":"5f607a48115b3374bb5e9224"}]}}
2020-09-15 10:25:42,900 INFO com.ibm.snam.idm.web_socket.CreateTenderController [clientInboundChannel-49] Returning message
2020-09-15 10:25:42,951 INFO com.ibm.snam.idm.controller.UserNotificationController [http-nio-3030-exec-10] createNotification -- INIT --
2020-09-15 10:25:42,952 INFO com.ibm.snam.idm.service.UserNotificationService [http-nio-3030-exec-10] createNotification -- INIT -- notification : {"userId":"RIDP86Z","cig":"123456798","idTender":"5f607a866ab9e8387510d9ad","notificationType":"tenderCreation"}
2020-09-15 10:25:42,966 INFO com.ibm.snam.idm.service.UserNotificationService [http-nio-3030-exec-10] Create notification for user RIDP86Z at time : 2020-09-15
2020-09-15 10:25:42,971 INFO com.ibm.snam.idm.service.UserNotificationService [http-nio-3030-exec-10] Saving notification : UserNotification{id=null, userId='RIDP86Z', notificationType='tenderCreation', idTender='5f607a866ab9e8387510d9ad', creationDate=15.09.2020 10:25, idSupplier='null', readingDate='null'}
2020-09-15 10:25:43,439 INFO com.ibm.snam.idm.service.UserNotificationService [http-nio-3030-exec-10] createNotification -- END -- 
2020-09-15 10:26:46,858 INFO com.ibm.snam.idm.controller.ViewController [http-nio-3030-exec-2] getting garaOverview
2020-09-15 10:26:46,859 INFO com.ibm.snam.idm.controller.ViewController [http-nio-3030-exec-2] returning garaOverview
2020-09-15 10:26:47,387 INFO com.ibm.snam.idm.controller.UserNotificationController [http-nio-3030-exec-8] getUserNotification -- INIT -- userId : RIDP86Z
2020-09-15 10:26:47,388 INFO com.ibm.snam.idm.service.UserNotificationService [http-nio-3030-exec-8] getUserNotification -- INIT --
2020-09-15 10:26:47,390 INFO com.ibm.snam.idm.microservices.BackendMicroservice [http-nio-3030-exec-6] getSuppliersByTenderId -- INIT --
2020-09-15 10:26:47,394 INFO com.ibm.snam.idm.microservices.BackendMicroservice [http-nio-3030-exec-6] calling url : http://localhost:8080/tender/5f607a866ab9e8387510d9ad/suppliers
2020-09-15 10:26:47,682 INFO com.ibm.snam.idm.service.UserNotificationService [http-nio-3030-exec-8] Found 1 notification(s) for user RIDP86Z
2020-09-15 10:26:47,687 INFO com.ibm.snam.idm.controller.UserNotificationController [http-nio-3030-exec-8] getUserNotification -- END -- userId : RIDP86Z
2020-09-15 10:26:48,636 INFO com.ibm.snam.idm.microservices.BackendMicroservice [http-nio-3030-exec-6] getSuppliersByTenderId -- END --
2020-09-15 10:26:48,649 INFO com.ibm.snam.idm.microservices.BackendMicroservice [http-nio-3030-exec-2] getSuppliersByTenderId -- INIT --
2020-09-15 10:26:48,651 INFO com.ibm.snam.idm.microservices.BackendMicroservice [http-nio-3030-exec-2] calling url : http://localhost:8080/tender/5f607a866ab9e8387510d9ad/suppliers
2020-09-15 10:26:49,028 INFO com.ibm.snam.idm.microservices.BackendMicroservice [http-nio-3030-exec-2] getSuppliersByTenderId -- END --
2020-09-15 10:27:13,272 INFO com.ibm.snam.idm.microservices.AnalyzerMicroservice [clientInboundChannel-55] analyzeFile -- INIT --
2020-09-15 10:27:13,273 INFO com.ibm.snam.idm.microservices.AnalyzerMicroservice [clientInboundChannel-55] bytes : [B@24abb50
2020-09-15 10:27:13,273 INFO com.ibm.snam.idm.microservices.AnalyzerMicroservice [clientInboundChannel-55] name : SNAM Bozza Oracle servizi consulting- REV.docx
2020-09-15 10:27:13,276 INFO com.ibm.snam.idm.microservices.AnalyzerMicroservice [clientInboundChannel-55] Calling URL : http://158.177.78.140:8080/analyzerDocument/analyze/document
2020-09-15 10:27:31,053 INFO com.ibm.snam.idm.microservices.AnalyzerMicroservice [clientInboundChannel-55] analyzeFile --END--
2020-09-15 10:27:31,056 INFO com.ibm.snam.idm.microservices.BackendMicroservice [clientInboundChannel-55] saveObjectOnDb -- INIT --
2020-09-15 10:27:31,064 INFO com.ibm.snam.idm.microservices.BackendMicroservice [clientInboundChannel-55] calling url : http://localhost:8080/supplier/createSupplier
2020-09-15 10:27:31,065 INFO com.ibm.snam.idm.microservices.BackendMicroservice [clientInboundChannel-55] JSON: {"name":"IBM","idTender":"5f607a866ab9e8387510d9ad","sapNumber":"SAPN-20002","attachmentsId":[{"idAttachment":"5f607ae4115b3374bb5e9225","fileName":"SNAM Bozza Oracle servizi consulting- REV.docx"}],"responseFromAnalyzer":{"entities":[{"type":"DATA_DOCUMENTO","text":"31/11/2022","mentions":[{"text":"31/11/2022","location":[24277,24287]}],"count":1},{"type":"DATA_DOCUMENTO","text":"4.2.13","mentions":[{"text":"4.2.13","location":[19331,19337]}],"count":1},{"type":"OGGETTO_LETTERA","text":"Prestazioni professionali per assistenza specialistica, in ambito Cloud ed On premise, sulle","mentions":[{"text":"Prestazioni professionali per assistenza specialistica, in ambito Cloud ed On premise, sulle","location":[170,262]}],"count":1},{"type":"DATA_DOCUMENTO","text":"01/12/2019","mentions":[{"text":"01/12/2019","location":[24213,24223]}],"count":1},{"type":"D_12_01_VISIONE","text":"lettera di accettazione","mentions":[{"text":"lettera di accettazione","location":[8145,8168]}],"count":1},{"type":"D_12_01_VISIONE","text":"Lettera di Accettazione","mentions":[{"text":"Lettera di Accettazione","location":[8174,8197]}],"count":1},{"type":"DATA_DOCUMENTO","text":"1.1.11","mentions":[{"text":"1.1.11","location":[19588,19594]},{"text":"1.1.11","location":[19681,19687]}],"count":2},{"type":"D_12_01_VISIONE","text":"Lettera di Accettazione","mentions":[{"text":"Lettera di Accettazione","location":[61590,61613]}],"count":1}],"language":"it","status":200,"idAttachment":"5f607ae4115b3374bb5e9225"}}
2020-09-15 10:27:31,530 INFO com.ibm.snam.idm.microservices.BackendMicroservice [clientInboundChannel-55] saveObjectOnDb -- END --
2020-09-15 10:27:31,531 INFO com.ibm.snam.idm.web_socket.CreateSupplierController [clientInboundChannel-55] Response from backend : {"status":200,"message":"Fornitore creato con successo","supplier":{"id":"5f607af36ab9e8387510d9ae","name":"IBM","tenderSapNumber":"SAPN-20002"}}
2020-09-15 10:27:31,572 INFO com.ibm.snam.idm.microservices.BackendMicroservice [http-nio-3030-exec-1] getSuppliersByTenderId -- INIT --
2020-09-15 10:27:31,580 INFO com.ibm.snam.idm.microservices.BackendMicroservice [http-nio-3030-exec-1] calling url : http://localhost:8080/tender/5f607a866ab9e8387510d9ad/suppliers
2020-09-15 10:27:31,783 INFO com.ibm.snam.idm.microservices.BackendMicroservice [http-nio-3030-exec-1] getSuppliersByTenderId -- END --
2020-09-15 10:27:39,961 INFO com.ibm.snam.idm.controller.ViewController [http-nio-3030-exec-8] getting fornitoreOverview
2020-09-15 10:27:39,963 INFO com.ibm.snam.idm.controller.ViewController [http-nio-3030-exec-8] returning fornitoreOverview
2020-09-15 10:27:40,378 INFO com.ibm.snam.idm.controller.UserNotificationController [http-nio-3030-exec-1] getUserNotification -- INIT -- userId : RIDP86Z
2020-09-15 10:27:40,379 INFO com.ibm.snam.idm.service.UserNotificationService [http-nio-3030-exec-1] getUserNotification -- INIT --
2020-09-15 10:27:40,611 INFO com.ibm.snam.idm.service.UserNotificationService [http-nio-3030-exec-1] Found 1 notification(s) for user RIDP86Z
2020-09-15 10:27:40,614 INFO com.ibm.snam.idm.controller.UserNotificationController [http-nio-3030-exec-1] getUserNotification -- END -- userId : RIDP86Z
2020-09-15 10:42:27,205 INFO org.springframework.web.socket.config.WebSocketMessageBrokerStats [MessageBroker-2] WebSocketSession[3 current WS(3)-HttpStream(0)-HttpPoll(0), 15 total, 0 closed abnormally (0 connect failure, 0 send limit, 0 transport error)], stompSubProtocol[processed CONNECT(15)-CONNECTED(15)-DISCONNECT(0)], stompBrokerRelay[null], inboundChannel[pool size = 0, active threads = 0, queued tasks = 0, completed tasks = 267], outboundChannel[pool size = 0, active threads = 0, queued tasks = 0, completed tasks = 29], sockJsScheduler[pool size = 12, active threads = 1, queued tasks = 6, completed tasks = 1290]
2020-09-15 10:49:32,926 INFO com.ibm.snam.idm.controller.ViewController [http-nio-3030-exec-8] getting fornitoreOverview
2020-09-15 10:49:32,927 INFO com.ibm.snam.idm.controller.ViewController [http-nio-3030-exec-8] returning fornitoreOverview
2020-09-15 10:49:33,326 INFO com.ibm.snam.idm.controller.UserNotificationController [http-nio-3030-exec-2] getUserNotification -- INIT -- userId : RIDP86Z
2020-09-15 10:49:33,327 INFO com.ibm.snam.idm.service.UserNotificationService [http-nio-3030-exec-2] getUserNotification -- INIT --
2020-09-15 10:49:33,526 INFO com.ibm.snam.idm.service.UserNotificationService [http-nio-3030-exec-2] Found 1 notification(s) for user RIDP86Z
2020-09-15 10:49:33,529 INFO com.ibm.snam.idm.controller.UserNotificationController [http-nio-3030-exec-2] getUserNotification -- END -- userId : RIDP86Z
2020-09-15 10:49:33,546 WARN org.hibernate.engine.jdbc.spi.SqlExceptionHelper$StandardWarningHandler [http-nio-3030-exec-2] SQL Warning Code: 4223, SQLState: null
2020-09-15 10:49:33,548 WARN org.hibernate.engine.jdbc.spi.SqlExceptionHelper$StandardWarningHandler [http-nio-3030-exec-2] Origination unknown: [10228][11541][4.13.127] Security exceptions occurred while loading driver. ERRORCODE=4223, SQLSTATE=null
2020-09-15 10:49:52,335 INFO com.ibm.snam.idm.controller.ViewController [http-nio-3030-exec-4] getting fornitoreOverview
2020-09-15 10:49:52,335 INFO com.ibm.snam.idm.controller.ViewController [http-nio-3030-exec-4] returning fornitoreOverview
2020-09-15 10:49:52,612 INFO com.ibm.snam.idm.controller.UserNotificationController [http-nio-3030-exec-1] getUserNotification -- INIT -- userId : RIDP86Z
2020-09-15 10:49:52,612 INFO com.ibm.snam.idm.service.UserNotificationService [http-nio-3030-exec-1] getUserNotification -- INIT --
2020-09-15 10:49:52,846 INFO com.ibm.snam.idm.service.UserNotificationService [http-nio-3030-exec-1] Found 1 notification(s) for user RIDP86Z
2020-09-15 10:49:52,848 INFO com.ibm.snam.idm.controller.UserNotificationController [http-nio-3030-exec-1] getUserNotification -- END -- userId : RIDP86Z
2020-09-15 10:50:32,132 INFO com.ibm.snam.idm.controller.ViewController [http-nio-3030-exec-9] getting fornitoreOverview
2020-09-15 10:50:32,133 INFO com.ibm.snam.idm.controller.ViewController [http-nio-3030-exec-9] returning fornitoreOverview
2020-09-15 10:50:32,521 INFO com.ibm.snam.idm.controller.UserNotificationController [http-nio-3030-exec-3] getUserNotification -- INIT -- userId : RIDP86Z
2020-09-15 10:50:32,521 INFO com.ibm.snam.idm.service.UserNotificationService [http-nio-3030-exec-3] getUserNotification -- INIT --
2020-09-15 10:50:32,755 INFO com.ibm.snam.idm.service.UserNotificationService [http-nio-3030-exec-3] Found 1 notification(s) for user RIDP86Z
2020-09-15 10:50:32,757 INFO com.ibm.snam.idm.controller.UserNotificationController [http-nio-3030-exec-3] getUserNotification -- END -- userId : RIDP86Z
2020-09-15 10:51:31,159 INFO com.ibm.snam.idm.controller.ViewController [http-nio-3030-exec-2] getting garaOverview
2020-09-15 10:51:31,160 INFO com.ibm.snam.idm.controller.ViewController [http-nio-3030-exec-2] returning garaOverview
2020-09-15 10:51:31,550 INFO com.ibm.snam.idm.controller.UserNotificationController [http-nio-3030-exec-10] getUserNotification -- INIT -- userId : RIDP86Z
2020-09-15 10:51:31,551 INFO com.ibm.snam.idm.service.UserNotificationService [http-nio-3030-exec-10] getUserNotification -- INIT --
2020-09-15 10:51:31,551 INFO com.ibm.snam.idm.microservices.BackendMicroservice [http-nio-3030-exec-9] getSuppliersByTenderId -- INIT --
2020-09-15 10:51:31,555 INFO com.ibm.snam.idm.microservices.BackendMicroservice [http-nio-3030-exec-9] calling url : http://localhost:8080/tender/5f607a866ab9e8387510d9ad/suppliers
2020-09-15 10:51:31,745 INFO com.ibm.snam.idm.service.UserNotificationService [http-nio-3030-exec-10] Found 1 notification(s) for user RIDP86Z
2020-09-15 10:51:31,747 INFO com.ibm.snam.idm.controller.UserNotificationController [http-nio-3030-exec-10] getUserNotification -- END -- userId : RIDP86Z
2020-09-15 10:51:32,384 INFO com.ibm.snam.idm.microservices.BackendMicroservice [http-nio-3030-exec-9] getSuppliersByTenderId -- END --
2020-09-15 10:51:32,404 INFO com.ibm.snam.idm.microservices.BackendMicroservice [http-nio-3030-exec-2] getSuppliersByTenderId -- INIT --
2020-09-15 10:51:32,410 INFO com.ibm.snam.idm.microservices.BackendMicroservice [http-nio-3030-exec-2] calling url : http://localhost:8080/tender/5f607a866ab9e8387510d9ad/suppliers
2020-09-15 10:51:32,590 INFO com.ibm.snam.idm.microservices.BackendMicroservice [http-nio-3030-exec-2] getSuppliersByTenderId -- END --
2020-09-15 10:51:33,292 INFO com.ibm.snam.idm.controller.ViewController [http-nio-3030-exec-1] getting fornitoreOverview
2020-09-15 10:51:33,293 INFO com.ibm.snam.idm.controller.ViewController [http-nio-3030-exec-1] returning fornitoreOverview
2020-09-15 10:51:33,674 INFO com.ibm.snam.idm.controller.UserNotificationController [http-nio-3030-exec-3] getUserNotification -- INIT -- userId : RIDP86Z
2020-09-15 10:51:33,674 INFO com.ibm.snam.idm.service.UserNotificationService [http-nio-3030-exec-3] getUserNotification -- INIT --
2020-09-15 10:51:33,902 INFO com.ibm.snam.idm.service.UserNotificationService [http-nio-3030-exec-3] Found 1 notification(s) for user RIDP86Z
2020-09-15 10:51:33,904 INFO com.ibm.snam.idm.controller.UserNotificationController [http-nio-3030-exec-3] getUserNotification -- END -- userId : RIDP86Z
2020-09-15 10:52:01,056 INFO com.ibm.snam.idm.controller.ViewController [http-nio-3030-exec-2] getting fornitoreOverview
2020-09-15 10:52:01,057 INFO com.ibm.snam.idm.controller.ViewController [http-nio-3030-exec-2] returning fornitoreOverview
2020-09-15 10:52:01,488 INFO com.ibm.snam.idm.controller.UserNotificationController [http-nio-3030-exec-10] getUserNotification -- INIT -- userId : RIDP86Z
2020-09-15 10:52:01,488 INFO com.ibm.snam.idm.service.UserNotificationService [http-nio-3030-exec-10] getUserNotification -- INIT --
2020-09-15 10:52:01,673 INFO com.ibm.snam.idm.service.UserNotificationService [http-nio-3030-exec-10] Found 1 notification(s) for user RIDP86Z
2020-09-15 10:52:01,675 INFO com.ibm.snam.idm.controller.UserNotificationController [http-nio-3030-exec-10] getUserNotification -- END -- userId : RIDP86Z
2020-09-15 10:52:03,847 INFO com.ibm.snam.idm.controller.ViewController [http-nio-3030-exec-5] getting fornitoreOverview
2020-09-15 10:52:03,848 INFO com.ibm.snam.idm.controller.ViewController [http-nio-3030-exec-5] returning fornitoreOverview
2020-09-15 10:52:04,059 INFO com.ibm.snam.idm.controller.UserNotificationController [http-nio-3030-exec-3] getUserNotification -- INIT -- userId : RIDP86Z
2020-09-15 10:52:04,059 INFO com.ibm.snam.idm.service.UserNotificationService [http-nio-3030-exec-3] getUserNotification -- INIT --
2020-09-15 10:52:04,332 INFO com.ibm.snam.idm.service.UserNotificationService [http-nio-3030-exec-3] Found 1 notification(s) for user RIDP86Z
2020-09-15 10:52:04,334 INFO com.ibm.snam.idm.controller.UserNotificationController [http-nio-3030-exec-3] getUserNotification -- END -- userId : RIDP86Z
2020-09-15 10:52:10,151 INFO com.ibm.snam.idm.controller.ViewController [http-nio-3030-exec-9] getting garaOverview
2020-09-15 10:52:10,151 INFO com.ibm.snam.idm.controller.ViewController [http-nio-3030-exec-9] returning garaOverview
2020-09-15 10:52:10,370 INFO com.ibm.snam.idm.controller.UserNotificationController [http-nio-3030-exec-2] getUserNotification -- INIT -- userId : RIDP86Z
2020-09-15 10:52:10,370 INFO com.ibm.snam.idm.microservices.BackendMicroservice [http-nio-3030-exec-10] getSuppliersByTenderId -- INIT --
2020-09-15 10:52:10,370 INFO com.ibm.snam.idm.service.UserNotificationService [http-nio-3030-exec-2] getUserNotification -- INIT --
2020-09-15 10:52:10,376 INFO com.ibm.snam.idm.microservices.BackendMicroservice [http-nio-3030-exec-10] calling url : http://localhost:8080/tender/5f607a866ab9e8387510d9ad/suppliers
2020-09-15 10:52:10,549 INFO com.ibm.snam.idm.microservices.BackendMicroservice [http-nio-3030-exec-10] getSuppliersByTenderId -- END --
2020-09-15 10:52:10,560 INFO com.ibm.snam.idm.microservices.BackendMicroservice [http-nio-3030-exec-5] getSuppliersByTenderId -- INIT --
2020-09-15 10:52:10,567 INFO com.ibm.snam.idm.microservices.BackendMicroservice [http-nio-3030-exec-5] calling url : http://localhost:8080/tender/5f607a866ab9e8387510d9ad/suppliers
2020-09-15 10:52:10,579 INFO com.ibm.snam.idm.service.UserNotificationService [http-nio-3030-exec-2] Found 1 notification(s) for user RIDP86Z
2020-09-15 10:52:10,580 INFO com.ibm.snam.idm.controller.UserNotificationController [http-nio-3030-exec-2] getUserNotification -- END -- userId : RIDP86Z
2020-09-15 10:52:10,756 INFO com.ibm.snam.idm.microservices.BackendMicroservice [http-nio-3030-exec-5] getSuppliersByTenderId -- END --
2020-09-15 10:52:12,116 INFO com.ibm.snam.idm.controller.ViewController [http-nio-3030-exec-4] getting fornitoreOverview
2020-09-15 10:52:12,118 INFO com.ibm.snam.idm.controller.ViewController [http-nio-3030-exec-4] returning fornitoreOverview
2020-09-15 10:52:12,340 INFO com.ibm.snam.idm.controller.UserNotificationController [http-nio-3030-exec-5] getUserNotification -- INIT -- userId : RIDP86Z
2020-09-15 10:52:12,341 INFO com.ibm.snam.idm.service.UserNotificationService [http-nio-3030-exec-5] getUserNotification -- INIT --
2020-09-15 10:52:13,949 INFO com.ibm.snam.idm.service.UserNotificationService [http-nio-3030-exec-5] Found 1 notification(s) for user RIDP86Z
2020-09-15 10:52:13,952 INFO com.ibm.snam.idm.controller.UserNotificationController [http-nio-3030-exec-5] getUserNotification -- END -- userId : RIDP86Z
2020-09-15 10:52:43,428 INFO com.ibm.snam.idm.microservices.AnalyzerMicroservice [clientInboundChannel-87] analyzeFile -- INIT --
2020-09-15 10:52:43,429 INFO com.ibm.snam.idm.microservices.AnalyzerMicroservice [clientInboundChannel-87] bytes : [B@606ebad1
2020-09-15 10:52:43,429 INFO com.ibm.snam.idm.microservices.AnalyzerMicroservice [clientInboundChannel-87] name : (29672410)_(4)_Project Bravo - Form Confidentiality Agreement SNAM (Blac....docx
2020-09-15 10:52:43,435 INFO com.ibm.snam.idm.microservices.AnalyzerMicroservice [clientInboundChannel-87] Calling URL : http://158.177.78.140:8080/analyzerDocument/analyze/document
2020-09-15 10:53:09,825 INFO com.ibm.snam.idm.microservices.AnalyzerMicroservice [clientInboundChannel-87] analyzeFile --END--
2020-09-15 10:53:09,844 INFO com.ibm.snam.idm.microservices.BackendMicroservice [clientInboundChannel-87] saveObjectOnDb -- INIT --
2020-09-15 10:53:09,854 INFO com.ibm.snam.idm.microservices.BackendMicroservice [clientInboundChannel-87] calling url : http://localhost:8080/attachment/uploadAttachmentsForSupplier
2020-09-15 10:53:09,858 INFO com.ibm.snam.idm.microservices.BackendMicroservice [clientInboundChannel-87] JSON: {"cig":"123456798","idTender":"5f607a866ab9e8387510d9ad","idSupplier":"5f607af36ab9e8387510d9ae","attachmentsId":[{"idAttachment":"5f6080dc115b3374bb5e9226","fileName":"(29672410)_(4)_Project Bravo - Form Confidentiality Agreement SNAM (Blac....docx"}],"responseFromAnalyzer":{"entities":[{"type":"CON_PERSON","text":"Carlos Alvarez","mentions":[{"text":"Carlos Alvarez","location":[23600,23614]}],"count":1},{"type":"CAT_CONFIDENTIALITY","text":"Confidentiality","mentions":[{"text":"Confidentiality","location":[29182,29197]}],"count":1},{"type":"ATT_DURATION","text":"two (2) years","mentions":[{"text":"two (2) years","location":[3077,3090]}],"count":1},{"type":"CAT_DEFINITION","text":"Transaction","mentions":[{"text":"Transaction","location":[1218,1229]}],"count":1},{"type":"CAT_DEFINITION","text":"Joining Party","mentions":[{"text":"Joining Party","location":[32395,32408]}],"count":1},{"type":"ATT_PERCENTAGE","text":"45%","mentions":[{"text":"45%","location":[1010,1013]}],"count":1},{"type":"CAT_COSTS","text":"expenses","mentions":[{"text":"expenses","location":[22198,22206]},{"text":"expenses","location":[27088,27096]}],"count":2},{"type":"CAT_DEFINITION","text":"Disclosing Parties","mentions":[{"text":"Disclosing Parties","location":[392,410]},{"text":"Disclosing Parties","location":[32763,32781]}],"count":2},{"type":"INVOLVED_PARTY","text":"Morgan Stanley & Co. LLC","mentions":[{"text":"Morgan Stanley & Co. LLC","location":[11243,11267]}],"count":1},{"type":"CAT_DEFINITION","text":"Sur","mentions":[{"text":"Sur","location":[1084,1087]}],"count":1},{"type":"INVOLVED_PARTY","text":"Snam S.p.A.","mentions":[{"text":"Snam S.p.A.","location":[418,429]}],"count":1},{"type":"CAT_PREVALENCE","text":"ambiguity","mentions":[{"text":"ambiguity","location":[27796,27805]}],"count":1},{"type":"CAT_DEFINITION","text":"Investment Banker","mentions":[{"text":"Investment Banker","location":[11274,11291]}],"count":1},{"type":"CAT_JURISDICTION","text":"arbitration","mentions":[{"text":"arbitration","location":[31060,31071]}],"count":1},{"type":"CAT_COMMUNICATION","text":"notices","mentions":[{"text":"notices","location":[23237,23244]}],"count":1},{"type":"PAR_EACH_PARTY","text":"EACH PARTY","mentions":[{"text":"EACH PARTY","location":[23075,23085]}],"count":1},{"type":"CAT_ASSIGNMENT","text":"assign","mentions":[{"text":"assign","location":[24298,24304]}],"count":1},{"type":"INVOLVED_PARTY","text":"SNAM S.P.A.","mentions":[{"text":"SNAM S.P.A.","location":[32255,32266]}],"count":1},{"type":"CAT_COMMUNICATION","text":"written notice","mentions":[{"text":"written notice","location":[13174,13188]}],"count":1},{"type":"CAT_DEFINITION","text":"Agreement","mentions":[{"text":"Agreement","location":[65,74]}],"count":1},{"type":"CAT_AMENDMENTS","text":"Modification","mentions":[{"text":"Modification","location":[24822,24834]}],"count":1},{"type":"CON_PERSON","text":"David Maryles","mentions":[{"text":"David Maryles","location":[23798,23811]}],"count":1},{"type":"INVOLVED_PARTY","text":"TAG Pipelines Norte S. de R.L. de C.V.","mentions":[{"text":"TAG Pipelines Norte S. de R.L. de C.V.","location":[885,923]}],"count":1},{"type":"CAT_DAMAGES","text":"damages","mentions":[{"text":"damages","location":[21139,21146]},{"text":"damages","location":[21471,21478]},{"text":"damages","location":[21659,21666]}],"count":3},{"type":"CAT_DEFINITION","text":"TETL JV Norte","mentions":[{"text":"TETL JV Norte","location":[231,244]},{"text":"TETL JV Norte","location":[32650,32663]}],"count":2},{"type":"CON_PERSON","text":"Adi Blum","mentions":[{"text":"Adi Blum","location":[23587,23595]}],"count":1},{"type":"CAT_PRIORITY","text":"ambiguity","mentions":[{"text":"ambiguity","location":[27796,27805]}],"count":1},{"type":"CON_EMAIL","text":"adi.blum@blackrock.com","mentions":[{"text":"adi.blum@blackrock.com","location":[23623,23645]}],"count":1},{"type":"CON_EMAIL","text":"legaltransactions@blackrock.com","mentions":[{"text":"legaltransactions@blackrock.com","location":[23842,23873]}],"count":1},{"type":"CAT_DEFINITION","text":"TETL JV Sur","mentions":[{"text":"TETL JV Sur","location":[340,351]},{"text":"TETL JV Sur","location":[32711,32722]}],"count":2},{"type":"CAT_COMMUNICATION_CHANNEL","text":"Email","mentions":[{"text":"Email","location":[23616,23621]},{"text":"Email","location":[23835,23840]}],"count":2},{"type":"CONTRACT_TYPE","text":"contract","mentions":[{"text":"contract","location":[18067,18075]}],"count":1},{"type":"CAT_ASSIGNMENT","text":"Assignment","mentions":[{"text":"Assignment","location":[23904,23914]}],"count":1},{"type":"CAT_DEFINITION","text":"or","mentions":[{"text":"or","location":[27591,27593]}],"count":1},{"type":"CAT_COMMUNICATION","text":"communications","mentions":[{"text":"communications","location":[3986,4000]}],"count":1},{"type":"PAR_RECIPIENT","text":"Receiving Party","mentions":[{"text":"Receiving Party","location":[486,501]},{"text":"Receiving Party","location":[545,560]},{"text":"Receiving Party","location":[680,695]},{"text":"Receiving Party","location":[1237,1252]},{"text":"Receiving Party","location":[1733,1748]},{"text":"Receiving Party","location":[1930,1945]},{"text":"Receiving Party","location":[2397,2412]},{"text":"Receiving Party","location":[2851,2866]},{"text":"Receiving Party","location":[2962,2977]},{"text":"Receiving Party","location":[3160,3175]},{"text":"Receiving Party","location":[3874,3889]},{"text":"Receiving Party","location":[4322,4337]},{"text":"Receiving Party","location":[4632,4647]},{"text":"Receiving Party","location":[5262,5277]},{"text":"Receiving Party","location":[5353,5368]},{"text":"Receiving Party","location":[5460,5475]},{"text":"Receiving Party","location":[5659,5674]},{"text":"Receiving Party","location":[5974,5989]},{"text":"Receiving Party","location":[6192,6207]},{"text":"Receiving Party","location":[6345,6360]},{"text":"Receiving Party","location":[6479,6494]},{"text":"Receiving Party","location":[6549,6564]},{"text":"Receiving Party","location":[6657,6672]},{"text":"Receiving Party","location":[6834,6849]},{"text":"Receiving Party","location":[6855,6870]},{"text":"Receiving Party","location":[7318,7333]},{"text":"Receiving Party","location":[8499,8514]},{"text":"Receiving Party","location":[8993,9008]},{"text":"Receiving Party","location":[9311,9326]},{"text":"Receiving Party","location":[9360,9375]},{"text":"Receiving Party","location":[9510,9525]},{"text":"Receiving Party","location":[9727,9742]},{"text":"Receiving Party","location":[10491,10506]},{"text":"Receiving Party","location":[10579,10594]},{"text":"Receiving Party","location":[10805,10820]},{"text":"Receiving Party","location":[10869,10884]},{"text":"Receiving Party","location":[11406,11421]},{"text":"Receiving Party","location":[12008,12023]},{"text":"Receiving Party","location":[12078,12093]},{"text":"Receiving Party","location":[12142,12157]},{"text":"Receiving Party","location":[12260,12275]},{"text":"Receiving Party","location":[12379,12394]},{"text":"Receiving Party","location":[12441,12456]},{"text":"Receiving Party","location":[12603,12618]},{"text":"Receiving Party","location":[12719,12734]},{"text":"Receiving Party","location":[12868,12883]},{"text":"Receiving Party","location":[13066,13081]},{"text":"Receiving Party","location":[13370,13385]},{"text":"Receiving Party","location":[13666,13681]},{"text":"Receiving Party","location":[13897,13912]},{"text":"Receiving Party","location":[14392,14407]},{"text":"Receiving Party","location":[14607,14622]},{"text":"Receiving Party","location":[14908,14923]},{"text":"Receiving Party","location":[15438,15453]},{"text":"Receiving Party","location":[15580,15595]},{"text":"Receiving Party","location":[16341,16356]},{"text":"Receiving Party","location":[16544,16559]},{"text":"Receiving Party","location":[16585,16600]},{"text":"Receiving Party","location":[16722,16737]},{"text":"Receiving Party","location":[16979,16994]},{"text":"Receiving Party","location":[17105,17120]},{"text":"Receiving Party","location":[17522,17537]},{"text":"Receiving Party","location":[17572,17587]},{"text":"Receiving Party","location":[17877,17892]},{"text":"Receiving Party","location":[18015,18030]},{"text":"Receiving Party","location":[18257,18272]},{"text":"Receiving Party","location":[18323,18338]},{"text":"Receiving Party","location":[18597,18612]},{"text":"Receiving Party","location":[18666,18681]},{"text":"Receiving Party","location":[18735,18750]},{"text":"Receiving Party","location":[18993,19008]},{"text":"Receiving Party","location":[19428,19443]},{"text":"Receiving Party","location":[19552,19567]},{"text":"Receiving Party","location":[19766,19781]},{"text":"Receiving Party","location":[20341,20356]},{"text":"Receiving Party","location":[20588,20603]},{"text":"Receiving Party","location":[20803,20818]},{"text":"Receiving Party","location":[20976,20991]},{"text":"Receiving Party","location":[21242,21257]},{"text":"Receiving Party","location":[21321,21336]},{"text":"Receiving Party","location":[21846,21861]},{"text":"Receiving Party","location":[23881,23896]},{"text":"Receiving Party","location":[24981,24996]},{"text":"Receiving Party","location":[28834,28849]},{"text":"Receiving Party","location":[29664,29679]},{"text":"Receiving Party","location":[32879,32894]},{"text":"Receiving Party","location":[33378,33393]}],"count":87},{"type":"INVOLVED_PARTY","text":"TAG Pipelines Sur S. de R.L. de C.V.","mentions":[{"text":"TAG Pipelines Sur S. de R.L. de C.V.","location":[1045,1081]}],"count":1},{"type":"CAT_DEFINITION","text":"Potential Co-Investor","mentions":[{"text":"Potential Co-Investor","location":[2878,2899]}],"count":1},{"type":"NAT_RIGHT","text":"shall be entitled","mentions":[{"text":"shall be entitled","location":[15454,15471]},{"text":"shall be entitled","location":[21535,21552]},{"text":"shall be entitled","location":[22064,22081]}],"count":3},{"type":"PAR_EACH_PARTY","text":"Parties","mentions":[{"text":"Parties","location":[403,410]},{"text":"Parties","location":[529,536]},{"text":"Parties","location":[616,623]},{"text":"Parties","location":[780,787]},{"text":"Parties","location":[1372,1379]},{"text":"Parties","location":[1674,1681]},{"text":"Parties","location":[1835,1842]},{"text":"Parties","location":[2625,2632]},{"text":"Parties","location":[3653,3660]},{"text":"Parties","location":[3947,3954]},{"text":"Parties","location":[4021,4028]},{"text":"Parties","location":[4615,4622]},{"text":"Parties","location":[4709,4716]},{"text":"Parties","location":[5015,5022]},{"text":"Parties","location":[5592,5599]},{"text":"Parties","location":[7282,7289]},{"text":"Parties","location":[7733,7740]},{"text":"Parties","location":[7840,7847]},{"text":"Parties","location":[8977,8984]},{"text":"Parties","location":[9134,9141]},{"text":"Parties","location":[9646,9653]},{"text":"Parties","location":[10068,10075]},{"text":"Parties","location":[10220,10227]},{"text":"Parties","location":[10298,10305]},{"text":"Parties","location":[10326,10333]},{"text":"Parties","location":[10417,10424]},{"text":"Parties","location":[10770,10777]},{"text":"Parties","location":[11660,11667]},{"text":"Parties","location":[11861,11868]},{"text":"Parties","location":[12534,12541]},{"text":"Parties","location":[13154,13161]},{"text":"Parties","location":[13284,13291]},{"text":"Parties","location":[13448,13455]},{"text":"Parties","location":[13475,13482]},{"text":"Parties","location":[14181,14188]},{"text":"Parties","location":[14301,14308]},{"text":"Parties","location":[15053,15060]},{"text":"Parties","location":[16178,16185]},{"text":"Parties","location":[16636,16643]},{"text":"Parties","location":[16824,16831]},{"text":"Parties","location":[17303,17310]},{"text":"Parties","location":[17486,17493]},{"text":"Parties","location":[17607,17614]},{"text":"Parties","location":[17911,17918]},{"text":"Parties","location":[18376,18383]},{"text":"Parties","location":[18454,18461]},{"text":"Parties","location":[18937,18944]},{"text":"Parties","location":[19395,19402]},{"text":"Parties","location":[19479,19486]},{"text":"Parties","location":[20699,20706]},{"text":"Parties","location":[20912,20919]},{"text":"Parties","location":[21114,21121]},{"text":"Parties","location":[21447,21454]},{"text":"Parties","location":[21527,21534]},{"text":"Parties","location":[22373,22380]},{"text":"Parties","location":[23414,23421]},{"text":"Parties","location":[24184,24191]},{"text":"Parties","location":[24965,24972]},{"text":"Parties","location":[26547,26554]},{"text":"Parties","location":[26835,26842]},{"text":"Parties","location":[27705,27712]},{"text":"Parties","location":[27917,27924]},{"text":"Parties","location":[28116,28123]},{"text":"Parties","location":[28417,28424]},{"text":"Parties","location":[28951,28958]},{"text":"Parties","location":[29445,29452]},{"text":"Parties","location":[29862,29869]},{"text":"Parties","location":[30350,30357]},{"text":"Parties","location":[30751,30758]},{"text":"Parties","location":[30939,30946]},{"text":"Parties","location":[31992,31999]},{"text":"Parties","location":[32774,32781]},{"text":"Parties","location":[33152,33159]},{"text":"Parties","location":[33310,33317]}],"count":74},{"type":"CAT_CONFIDENTIALITY","text":"confidential","mentions":[{"text":"confidential","location":[3757,3769]},{"text":"confidential","location":[5333,5345]},{"text":"confidential","location":[5761,5773]},{"text":"confidential","location":[5944,5956]},{"text":"confidential","location":[6572,6584]},{"text":"confidential","location":[14014,14026]}],"count":6},{"type":"CAT_INTELLECTUAL_PROPERTY","text":"intellectual property","mentions":[{"text":"intellectual property","location":[4975,4996]}],"count":1},{"type":"PAR_EACH_PARTY","text":"parties","mentions":[{"text":"parties","location":[17368,17375]},{"text":"parties","location":[18233,18240]},{"text":"parties","location":[24038,24045]}],"count":3},{"type":"CAT_WARRANTIES","text":"represents","mentions":[{"text":"represents","location":[8522,8532]},{"text":"represents","location":[26791,26801]}],"count":2},{"type":"CAT_JURISDICTION","text":"court","mentions":[{"text":"court","location":[22945,22950]},{"text":"court","location":[23026,23031]},{"text":"court","location":[26576,26581]}],"count":3},{"type":"INVOLVED_PARTY","text":"TETL JV Mexico Norte, S. de R.L. de C.V.","mentions":[{"text":"TETL JV Mexico Norte, S. de R.L. de C.V.","location":[139,179]},{"text":"TETL JV Mexico Norte, S. de R.L. de C.V.","location":[23424,23464]},{"text":"TETL JV Mexico Norte, S. de R.L. de C.V.","location":[32607,32647]}],"count":3},{"type":"INVOLVED_PARTY","text":"Simpson Thacher & Bartlett LLP","mentions":[{"text":"Simpson Thacher & Bartlett LLP","location":[29883,29913]},{"text":"Simpson Thacher & Bartlett LLP","location":[30024,30054]},{"text":"Simpson Thacher & Bartlett LLP","location":[30361,30391]},{"text":"Simpson Thacher & Bartlett LLP","location":[30528,30558]},{"text":"Simpson Thacher & Bartlett LLP","location":[30631,30661]},{"text":"Simpson Thacher & Bartlett LLP","location":[30828,30858]},{"text":"Simpson Thacher & Bartlett LLP","location":[31407,31437]}],"count":7},{"type":"CAT_DEFINITION","text":"including","mentions":[{"text":"including","location":[27525,27534]}],"count":1},{"type":"CAT_COMMUNICATION","text":"communication","mentions":[{"text":"communication","location":[10852,10865]}],"count":1},{"type":"CAT_DEFINITION","text":"Receiving Party","mentions":[{"text":"Receiving Party","location":[486,501]},{"text":"Receiving Party","location":[32879,32894]},{"text":"Receiving Party","location":[33378,33393]}],"count":3},{"type":"CAT_PAYMENTS","text":"interest","mentions":[{"text":"interest","location":[873,881]},{"text":"interest","location":[1033,1041]},{"text":"interest","location":[4682,4690]},{"text":"interest","location":[6497,6505]},{"text":"interest","location":[10651,10659]},{"text":"interest","location":[28469,28477]}],"count":6},{"type":"CAT_COMMUNICATION_CHANNEL","text":"email","mentions":[{"text":"email","location":[24708,24713]}],"count":1},{"type":"CAT_DEFINITION","text":"party","mentions":[{"text":"party","location":[33366,33371]}],"count":1},{"type":"CAT_COSTS","text":"Costs","mentions":[{"text":"Costs","location":[26995,27000]}],"count":1},{"type":"CAT_DEFINITION","text":"Company","mentions":[{"text":"Company","location":[1119,1126]}],"count":1},{"type":"CAT_WARRANTIES","text":"warrants","mentions":[{"text":"warrants","location":[8537,8545]}],"count":1},{"type":"CAT_TERMINATION","text":"termination","mentions":[{"text":"termination","location":[3130,3141]},{"text":"termination","location":[3252,3263]}],"count":2},{"type":"CONTRACT_TYPE","text":"Confidentiality Agreement","mentions":[{"text":"Confidentiality Agreement","location":[32522,32547]},{"text":"Confidentiality Agreement","location":[32564,32589]},{"text":"Confidentiality Agreement","location":[33013,33038]},{"text":"Confidentiality Agreement","location":[33207,33232]}],"count":4},{"type":"INVOLVED_PARTY","text":"TETL JV MEXICO SUR, S. DE R.L. DE C.V.","mentions":[{"text":"TETL JV MEXICO SUR, S. DE R.L. DE C.V.","location":[32164,32202]}],"count":1},{"type":"PAR_EACH_PARTY","text":"any Party","mentions":[{"text":"any Party","location":[16044,16053]},{"text":"any Party","location":[25109,25118]},{"text":"any Party","location":[27999,28008]}],"count":3},{"type":"CAT_DEFINITION","text":"your","mentions":[{"text":"your","location":[33358,33362]}],"count":1},{"type":"CAT_JURISDICTION","text":"courts","mentions":[{"text":"courts","location":[22505,22511]},{"text":"courts","location":[22656,22662]},{"text":"courts","location":[22755,22761]}],"count":3},{"type":"CAT_DEFINITION","text":"Representatives","mentions":[{"text":"Representatives","location":[2108,2123]},{"text":"Representatives","location":[2424,2439]},{"text":"Representatives","location":[2777,2792]}],"count":3},{"type":"CONTRACT_TYPE","text":"CONFIDENTIALITY AGREEMENT","mentions":[{"text":"CONFIDENTIALITY AGREEMENT","location":[0,25]},{"text":"CONFIDENTIALITY AGREEMENT","location":[32,57]}],"count":2},{"type":"ATT_PERCENTAGE","text":"50%","mentions":[{"text":"50%","location":[850,853]}],"count":1},{"type":"NAT_LIMITATIONS","text":"exclude","mentions":[{"text":"exclude","location":[2447,2454]}],"count":1},{"type":"CONTRACT_TYPE","text":"letter of intent","mentions":[{"text":"letter of intent","location":[25889,25905]}],"count":1},{"type":"CAT_DEFINITION","text":"Los Ramones Sur","mentions":[{"text":"Los Ramones Sur","location":[1196,1211]}],"count":1},{"type":"CAT_COMMUNICATION_CHANNEL","text":"Notices","mentions":[{"text":"Notices","location":[23224,23231]}],"count":1},{"type":"CAT_DEFINITION","text":"Sur Confidential Information","mentions":[{"text":"Sur Confidential Information","location":[5202,5230]}],"count":1},{"type":"CAT_INTELLECTUAL_PROPERTY","text":"property","mentions":[{"text":"property","location":[3969,3977]},{"text":"property","location":[4588,4596]},{"text":"property","location":[20672,20680]},{"text":"property","location":[20746,20754]},{"text":"property","location":[21060,21068]}],"count":5},{"type":"PAR_DISCLOSER","text":"the Company","mentions":[{"text":"the Company","location":[1603,1614]},{"text":"the Company","location":[3811,3822]},{"text":"the Company","location":[10381,10392]},{"text":"the Company","location":[11551,11562]},{"text":"the Company","location":[11729,11740]},{"text":"the Company","location":[18683,18694]},{"text":"the Company","location":[24262,24273]}],"count":7},{"type":"NAT_RIGHT","text":"right","mentions":[{"text":"right","location":[4665,4670]},{"text":"right","location":[16844,16849]},{"text":"right","location":[18473,18478]},{"text":"right","location":[24289,24294]},{"text":"right","location":[25137,25142]},{"text":"right","location":[25217,25222]},{"text":"right","location":[25290,25295]},{"text":"right","location":[25368,25373]},{"text":"right","location":[25423,25428]}],"count":9},{"type":"CAT_COMMUNICATION","text":"Notices","mentions":[{"text":"Notices","location":[23224,23231]}],"count":1},{"type":"CAT_COMMUNICATION_CHANNEL","text":"notices","mentions":[{"text":"notices","location":[23237,23244]}],"count":1},{"type":"NAT_EXCLUSION","text":"shall not","mentions":[{"text":"shall not","location":[5430,5439]},{"text":"shall not","location":[6208,6217]},{"text":"shall not","location":[6222,6231]},{"text":"shall not","location":[7338,7347]},{"text":"shall not","location":[7859,7868]},{"text":"shall not","location":[10186,10195]},{"text":"shall not","location":[15193,15202]},{"text":"shall not","location":[21756,21765]},{"text":"shall not","location":[25869,25878]},{"text":"shall not","location":[26254,26263]},{"text":"shall not","location":[29258,29267]}],"count":11},{"type":"INVOLVED_PARTY","text":"TETL JV Mexico Sur, S. de R.L. de C.V.","mentions":[{"text":"TETL JV Mexico Sur, S. de R.L. de C.V.","location":[251,289]},{"text":"TETL JV Mexico Sur, S. de R.L. de C.V.","location":[23469,23507]},{"text":"TETL JV Mexico Sur, S. de R.L. de C.V.","location":[32670,32708]}],"count":3},{"type":"INVOLVED_PARTY","text":"TETL JV MEXICO NORTE, S. DE R.L. DE C.V.","mentions":[{"text":"TETL JV MEXICO NORTE, S. DE R.L. DE C.V.","location":[32071,32111]}],"count":1},{"type":"CAT_DEFINITION","text":"Confidentiality Agreement","mentions":[{"text":"Confidentiality Agreement","location":[32564,32589]}],"count":1},{"type":"CAT_TERMINATION","text":"terminate","mentions":[{"text":"terminate","location":[17057,17066]}],"count":1},{"type":"CAT_DEFINITION","text":"Norte","mentions":[{"text":"Norte","location":[926,931]}],"count":1},{"type":"CAT_TERMINATION","text":"shall terminate","mentions":[{"text":"shall terminate","location":[3040,3055]}],"count":1},{"type":"CAT_DEFINITION","text":"disclose","mentions":[{"text":"disclose","location":[1912,1920]}],"count":1},{"type":"CAT_DEFINITION","text":"you","mentions":[{"text":"you","location":[507,510]},{"text":"you","location":[33351,33354]}],"count":2},{"type":"CON_EMAIL","text":"carlos.alvarez@blackrock.com","mentions":[{"text":"carlos.alvarez@blackrock.com","location":[23650,23678]}],"count":1},{"type":"CON_PERSON","text":"Jelena Napolitano","mentions":[{"text":"Jelena Napolitano","location":[23816,23833]}],"count":1},{"type":"CAT_CONFIDENTIALITY","text":"Confidential","mentions":[{"text":"Confidential","location":[3266,3278]},{"text":"Confidential","location":[3329,3341]},{"text":"Confidential","location":[4529,4541]},{"text":"Confidential","location":[4807,4819]},{"text":"Confidential","location":[5098,5110]},{"text":"Confidential","location":[5206,5218]},{"text":"Confidential","location":[5234,5246]},{"text":"Confidential","location":[5294,5306]},{"text":"Confidential","location":[5733,5745]},{"text":"Confidential","location":[5790,5802]},{"text":"Confidential","location":[6043,6055]},{"text":"Confidential","location":[6271,6283]},{"text":"Confidential","location":[6374,6386]},{"text":"Confidential","location":[7096,7108]},{"text":"Confidential","location":[7518,7530]},{"text":"Confidential","location":[9260,9272]},{"text":"Confidential","location":[9433,9445]},{"text":"Confidential","location":[10035,10047]},{"text":"Confidential","location":[10922,10934]},{"text":"Confidential","location":[10999,11011]},{"text":"Confidential","location":[11746,11758]},{"text":"Confidential","location":[11955,11967]},{"text":"Confidential","location":[12775,12787]},{"text":"Confidential","location":[13803,13815]},{"text":"Confidential","location":[14061,14073]},{"text":"Confidential","location":[14231,14243]},{"text":"Confidential","location":[14455,14467]},{"text":"Confidential","location":[14703,14715]},{"text":"Confidential","location":[14772,14784]},{"text":"Confidential","location":[14866,14878]},{"text":"Confidential","location":[15071,15083]},{"text":"Confidential","location":[15168,15180]},{"text":"Confidential","location":[15503,15515]},{"text":"Confidential","location":[15750,15762]},{"text":"Confidential","location":[18624,18636]},{"text":"Confidential","location":[18781,18793]},{"text":"Confidential","location":[18879,18891]},{"text":"Confidential","location":[19160,19172]},{"text":"Confidential","location":[19680,19692]},{"text":"Confidential","location":[19931,19943]},{"text":"Confidential","location":[20535,20547]},{"text":"Confidential","location":[21380,21392]},{"text":"Confidential","location":[28366,28378]},{"text":"Confidential","location":[28486,28498]},{"text":"Confidential","location":[28574,28586]},{"text":"Confidential","location":[28763,28775]},{"text":"Confidential","location":[29117,29129]},{"text":"Confidential","location":[29747,29759]},{"text":"Confidential","location":[31256,31268]},{"text":"Confidential","location":[31781,31793]},{"text":"Confidential","location":[31871,31883]},{"text":"Confidential","location":[32956,32968]}],"count":52},{"type":"CAT_CONFIDENTIALITY","text":"confidentiality","mentions":[{"text":"confidentiality","location":[6612,6627]},{"text":"confidentiality","location":[15803,15818]},{"text":"confidentiality","location":[29329,29344]},{"text":"confidentiality","location":[29521,29536]},{"text":"confidentiality","location":[31692,31707]}],"count":5},{"type":"INVOLVED_PARTY","text":"BlackRock, Inc.","mentions":[{"text":"BlackRock, Inc.","location":[23698,23713]}],"count":1},{"type":"NAT_RIGHT","text":"RIGHT","mentions":[{"text":"RIGHT","location":[23116,23121]}],"count":1},{"type":"ATT_EFFECTIVE_DATE","text":"[●], 2019","mentions":[{"text":"[●], 2019","location":[91,100]}],"count":1},{"type":"PAR_EACH_PARTY","text":"each Party","mentions":[{"text":"each Party","location":[27040,27050]}],"count":1},{"type":"INVOLVED_PARTY","text":"Creel, García-Cuéllar, Aiza y Enriquez, S.C.","mentions":[{"text":"Creel, García-Cuéllar, Aiza y Enriquez, S.C.","location":[29919,29963]},{"text":"Creel, García-Cuéllar, Aiza y Enriquez, S.C.","location":[30063,30107]},{"text":"Creel, García-Cuéllar, Aiza y Enriquez, S.C.","location":[30399,30443]},{"text":"Creel, García-Cuéllar, Aiza y Enriquez, S.C.","location":[30566,30610]},{"text":"Creel, García-Cuéllar, Aiza y Enriquez, S.C.","location":[30671,30715]},{"text":"Creel, García-Cuéllar, Aiza y Enriquez, S.C.","location":[30866,30910]},{"text":"Creel, García-Cuéllar, Aiza y Enriquez, S.C.","location":[31442,31486]}],"count":7},{"type":"CAT_DEFINITION","text":"definitive transaction agreement","mentions":[{"text":"definitive transaction agreement","location":[25835,25867]}],"count":1},{"type":"CAT_TERMINATION","text":"termination of discussions","mentions":[{"text":"termination of discussions","location":[14333,14359]}],"count":1},{"type":"CAT_JURISDICTION","text":"jurisdiction","mentions":[{"text":"jurisdiction","location":[22616,22628]}],"count":1},{"type":"CAT_DEFINITION","text":"person","mentions":[{"text":"person","location":[25514,25520]}],"count":1},{"type":"CAT_DEFINITION","text":"and/or","mentions":[{"text":"and/or","location":[27654,27660]}],"count":1},{"type":"CAT_DEFINITION","text":"affiliate","mentions":[{"text":"affiliate","location":[26031,26040]}],"count":1},{"type":"CAT_WARRANTIES","text":"represent","mentions":[{"text":"represent","location":[30140,30149]}],"count":1},{"type":"CAT_DEFINITION","text":"Effective Date","mentions":[{"text":"Effective Date","location":[107,121]}],"count":1},{"type":"CAT_DEFINITION","text":"Confidential Information","mentions":[{"text":"Confidential Information","location":[3329,3353]}],"count":1}],"language":"en","status":200,"idAttachment":"5f6080dc115b3374bb5e9226"}}
2020-09-15 10:53:10,131 INFO com.ibm.snam.idm.microservices.BackendMicroservice [clientInboundChannel-87] saveObjectOnDb -- END --
2020-09-15 10:53:10,131 INFO com.ibm.snam.idm.web_socket.UpdateFilesController [clientInboundChannel-87] Response from backend : {"status":200,"message":"Documento caricato con successo","updated":"supplier","idSupplier":"5f607af36ab9e8387510d9ae","cig":"123456798","idTender":"5f607a866ab9e8387510d9ad"}
2020-09-15 10:53:10,163 INFO com.ibm.snam.idm.controller.UserNotificationController [http-nio-3030-exec-7] createNotification -- INIT --
2020-09-15 10:53:10,163 INFO com.ibm.snam.idm.service.UserNotificationService [http-nio-3030-exec-7] createNotification -- INIT -- notification : {"userId":"RIDP86Z","idTender":"5f607a866ab9e8387510d9ad","idSupplier":"5f607af36ab9e8387510d9ae","cig":"123456798","notificationType":"uploadFileSupplier"}
2020-09-15 10:53:10,164 INFO com.ibm.snam.idm.service.UserNotificationService [http-nio-3030-exec-7] Create notification for user RIDP86Z at time : 2020-09-15
2020-09-15 10:53:10,165 INFO com.ibm.snam.idm.service.UserNotificationService [http-nio-3030-exec-7] Saving notification : UserNotification{id=null, userId='RIDP86Z', notificationType='uploadFileSupplier', idTender='5f607a866ab9e8387510d9ad', creationDate=15.09.2020 10:53, idSupplier='5f607a866ab9e8387510d9ad', readingDate='null'}
2020-09-15 10:53:10,432 INFO com.ibm.snam.idm.service.UserNotificationService [http-nio-3030-exec-7] createNotification -- END -- 
2020-09-15 10:53:55,025 INFO com.ibm.snam.idm.microservices.AnalyzerMicroservice [clientInboundChannel-109] analyzeFile -- INIT --
2020-09-15 10:53:55,025 INFO com.ibm.snam.idm.microservices.AnalyzerMicroservice [clientInboundChannel-109] bytes : [B@7bd9b4a0
2020-09-15 10:53:55,025 INFO com.ibm.snam.idm.microservices.AnalyzerMicroservice [clientInboundChannel-109] name : SNAM Bozza Oracle servizi consulting- REV.docx
2020-09-15 10:53:55,027 INFO com.ibm.snam.idm.microservices.AnalyzerMicroservice [clientInboundChannel-109] Calling URL : http://158.177.78.140:8080/analyzerDocument/analyze/document
2020-09-15 10:54:41,398 INFO com.ibm.snam.idm.microservices.AnalyzerMicroservice [clientInboundChannel-109] analyzeFile --END--
2020-09-15 10:54:41,400 INFO com.ibm.snam.idm.microservices.BackendMicroservice [clientInboundChannel-109] saveObjectOnDb -- INIT --
2020-09-15 10:54:41,404 INFO com.ibm.snam.idm.microservices.BackendMicroservice [clientInboundChannel-109] calling url : http://localhost:8080/attachment/uploadAttachmentsForSupplier
2020-09-15 10:54:41,404 INFO com.ibm.snam.idm.microservices.BackendMicroservice [clientInboundChannel-109] JSON: {"cig":"123456798","idTender":"5f607a866ab9e8387510d9ad","idSupplier":"5f607af36ab9e8387510d9ae","attachmentsId":[{"idAttachment":"5f608126115b3374bb5e9227","fileName":"SNAM Bozza Oracle servizi consulting- REV.docx"}],"responseFromAnalyzer":{"entities":[{"type":"DATA_DOCUMENTO","text":"31/11/2022","mentions":[{"text":"31/11/2022","location":[24277,24287]}],"count":1},{"type":"DATA_DOCUMENTO","text":"4.2.13","mentions":[{"text":"4.2.13","location":[19331,19337]}],"count":1},{"type":"OGGETTO_LETTERA","text":"Prestazioni professionali per assistenza specialistica, in ambito Cloud ed On premise, sulle","mentions":[{"text":"Prestazioni professionali per assistenza specialistica, in ambito Cloud ed On premise, sulle","location":[170,262]}],"count":1},{"type":"DATA_DOCUMENTO","text":"01/12/2019","mentions":[{"text":"01/12/2019","location":[24213,24223]}],"count":1},{"type":"D_12_01_VISIONE","text":"lettera di accettazione","mentions":[{"text":"lettera di accettazione","location":[8145,8168]}],"count":1},{"type":"D_12_01_VISIONE","text":"Lettera di Accettazione","mentions":[{"text":"Lettera di Accettazione","location":[8174,8197]}],"count":1},{"type":"DATA_DOCUMENTO","text":"1.1.11","mentions":[{"text":"1.1.11","location":[19588,19594]},{"text":"1.1.11","location":[19681,19687]}],"count":2},{"type":"D_12_01_VISIONE","text":"Lettera di Accettazione","mentions":[{"text":"Lettera di Accettazione","location":[61590,61613]}],"count":1}],"language":"it","status":200,"idAttachment":"5f608126115b3374bb5e9227"}}
2020-09-15 10:54:41,587 INFO com.ibm.snam.idm.microservices.BackendMicroservice [clientInboundChannel-109] saveObjectOnDb -- END --
2020-09-15 10:54:41,587 INFO com.ibm.snam.idm.web_socket.UpdateFilesController [clientInboundChannel-109] Response from backend : {"status":200,"message":"Documento caricato con successo","updated":"supplier","idSupplier":"5f607af36ab9e8387510d9ae","cig":"123456798","idTender":"5f607a866ab9e8387510d9ad"}
2020-09-15 10:54:41,637 INFO com.ibm.snam.idm.controller.UserNotificationController [http-nio-3030-exec-7] createNotification -- INIT --
2020-09-15 10:54:41,639 INFO com.ibm.snam.idm.service.UserNotificationService [http-nio-3030-exec-7] createNotification -- INIT -- notification : {"userId":"RIDP86Z","idTender":"5f607a866ab9e8387510d9ad","idSupplier":"5f607af36ab9e8387510d9ae","cig":"123456798","notificationType":"uploadFileSupplier"}
2020-09-15 10:54:41,640 INFO com.ibm.snam.idm.service.UserNotificationService [http-nio-3030-exec-7] Create notification for user RIDP86Z at time : 2020-09-15
2020-09-15 10:54:41,641 INFO com.ibm.snam.idm.service.UserNotificationService [http-nio-3030-exec-7] Saving notification : UserNotification{id=null, userId='RIDP86Z', notificationType='uploadFileSupplier', idTender='5f607a866ab9e8387510d9ad', creationDate=15.09.2020 10:54, idSupplier='5f607a866ab9e8387510d9ad', readingDate='null'}
2020-09-15 10:54:41,910 INFO com.ibm.snam.idm.service.UserNotificationService [http-nio-3030-exec-7] createNotification -- END -- 
2020-09-15 11:01:54,792 INFO com.ibm.snam.idm.controller.ViewController [http-nio-3030-exec-1] getting fornitoreOverview
2020-09-15 11:01:54,793 INFO com.ibm.snam.idm.controller.ViewController [http-nio-3030-exec-1] returning fornitoreOverview
2020-09-15 11:01:55,061 INFO com.ibm.snam.idm.controller.UserNotificationController [http-nio-3030-exec-5] getUserNotification -- INIT -- userId : RIDP86Z
2020-09-15 11:01:55,061 INFO com.ibm.snam.idm.service.UserNotificationService [http-nio-3030-exec-5] getUserNotification -- INIT --
2020-09-15 11:01:55,305 INFO com.ibm.snam.idm.service.UserNotificationService [http-nio-3030-exec-5] Found 3 notification(s) for user RIDP86Z
2020-09-15 11:01:55,310 INFO com.ibm.snam.idm.controller.UserNotificationController [http-nio-3030-exec-5] getUserNotification -- END -- userId : RIDP86Z
2020-09-15 11:02:16,323 INFO com.ibm.snam.idm.controller.ViewController [http-nio-3030-exec-9] getting fornitoreOverview
2020-09-15 11:02:16,324 INFO com.ibm.snam.idm.controller.ViewController [http-nio-3030-exec-9] returning fornitoreOverview
2020-09-15 11:02:16,598 INFO com.ibm.snam.idm.controller.UserNotificationController [http-nio-3030-exec-10] getUserNotification -- INIT -- userId : RIDP86Z
2020-09-15 11:02:16,599 INFO com.ibm.snam.idm.service.UserNotificationService [http-nio-3030-exec-10] getUserNotification -- INIT --
2020-09-15 11:02:16,790 INFO com.ibm.snam.idm.service.UserNotificationService [http-nio-3030-exec-10] Found 3 notification(s) for user RIDP86Z
2020-09-15 11:02:16,792 INFO com.ibm.snam.idm.controller.UserNotificationController [http-nio-3030-exec-10] getUserNotification -- END -- userId : RIDP86Z
2020-09-15 11:03:05,156 INFO com.ibm.snam.idm.microservices.AnalyzerMicroservice [clientInboundChannel-136] analyzeFile -- INIT --
2020-09-15 11:03:05,157 INFO com.ibm.snam.idm.microservices.AnalyzerMicroservice [clientInboundChannel-136] bytes : [B@496a9b9d
2020-09-15 11:03:05,157 INFO com.ibm.snam.idm.microservices.AnalyzerMicroservice [clientInboundChannel-136] name : QlikView 7600012877.docx
2020-09-15 11:03:05,159 INFO com.ibm.snam.idm.microservices.AnalyzerMicroservice [clientInboundChannel-136] Calling URL : http://158.177.78.140:8080/analyzerDocument/analyze/document
2020-09-15 11:03:25,174 INFO com.ibm.snam.idm.microservices.AnalyzerMicroservice [clientInboundChannel-136] analyzeFile --END--
2020-09-15 11:03:25,178 INFO com.ibm.snam.idm.microservices.BackendMicroservice [clientInboundChannel-136] saveObjectOnDb -- INIT --
2020-09-15 11:03:25,187 INFO com.ibm.snam.idm.microservices.BackendMicroservice [clientInboundChannel-136] calling url : http://localhost:8080/attachment/uploadAttachmentsForSupplier
2020-09-15 11:03:25,189 INFO com.ibm.snam.idm.microservices.BackendMicroservice [clientInboundChannel-136] JSON: {"cig":"123456798","idTender":"5f607a866ab9e8387510d9ad","idSupplier":"5f607af36ab9e8387510d9ae","attachmentsId":[{"idAttachment":"5f60834e115b3374bb5e9228","fileName":"QlikView 7600012877.docx"}],"responseFromAnalyzer":{"entities":[{"type":"DATA_DOCUMENTO","text":"1.2.12","mentions":[{"text":"1.2.12","location":[7255,7261]}],"count":1},{"type":"C_12_13_DURC","text":"documento unico di regolarità contributiva","mentions":[{"text":"documento unico di regolarità contributiva","location":[17058,17100]}],"count":1},{"type":"DATA_DOCUMENTO","text":"1.2.11","mentions":[{"text":"1.2.11","location":[7026,7032]}],"count":1},{"type":"DATA_DOCUMENTO","text":"1.2.14","mentions":[{"text":"1.2.14","location":[7455,7461]}],"count":1},{"type":"D_12_17_MODELLO_14","text":"come da Modello 14","mentions":[{"text":"come da Modello 14","location":[18300,18318]}],"count":1},{"type":"DATA_DOCUMENTO","text":"1.2.13","mentions":[{"text":"1.2.13","location":[7312,7318]}],"count":1},{"type":"D_12_17_MODELLO_14","text":"dichiarazione sostitutiva di atto notorio","mentions":[{"text":"dichiarazione sostitutiva di atto notorio","location":[18320,18361]}],"count":1},{"type":"DATA_DOCUMENTO","text":"1.2.15","mentions":[{"text":"1.2.15","location":[7607,7613]}],"count":1},{"type":"DATA_DOCUMENTO","text":"21/07/2020","mentions":[{"text":"21/07/2020","location":[11280,11290]}],"count":1},{"type":"D_12_01_VISIONE","text":"Lettera di accettazione","mentions":[{"text":"Lettera di accettazione","location":[9619,9642]}],"count":1},{"type":"DATA_DOCUMENTO","text":"1.2.10","mentions":[{"text":"1.2.10","location":[6454,6460]}],"count":1},{"type":"DATA_DOCUMENTO","text":"01/01/2018","mentions":[{"text":"01/01/2018","location":[11267,11277]}],"count":1},{"type":"C_12_13_DURC","text":"DURC","mentions":[{"text":"DURC","location":[17107,17111]},{"text":"DURC","location":[17214,17218]}],"count":2},{"type":"M_01_ETICO","text":"Patto Etico e di Integrità","mentions":[{"text":"Patto Etico e di Integrità","location":[9649,9675]}],"count":1},{"type":"DATA_DOCUMENTO","text":"21/10/2020","mentions":[{"text":"21/10/2020","location":[11338,11348]}],"count":1},{"type":"DATA_DOCUMENTO","text":"18.2.10","mentions":[{"text":"18.2.10","location":[41108,41115]}],"count":1}],"language":"it","status":200,"idAttachment":"5f60834e115b3374bb5e9228"}}
2020-09-15 11:03:26,896 INFO com.ibm.snam.idm.microservices.BackendMicroservice [clientInboundChannel-136] saveObjectOnDb -- END --
2020-09-15 11:03:26,897 INFO com.ibm.snam.idm.web_socket.UpdateFilesController [clientInboundChannel-136] Response from backend : {"status":200,"message":"Documento caricato con successo","updated":"supplier","idSupplier":"5f607af36ab9e8387510d9ae","cig":"123456798","idTender":"5f607a866ab9e8387510d9ad"}
2020-09-15 11:03:26,948 INFO com.ibm.snam.idm.controller.UserNotificationController [http-nio-3030-exec-3] createNotification -- INIT --
2020-09-15 11:03:26,948 INFO com.ibm.snam.idm.service.UserNotificationService [http-nio-3030-exec-3] createNotification -- INIT -- notification : {"userId":"RIDP86Z","idTender":"5f607a866ab9e8387510d9ad","idSupplier":"5f607af36ab9e8387510d9ae","cig":"123456798","notificationType":"uploadFileSupplier"}
2020-09-15 11:03:26,950 INFO com.ibm.snam.idm.service.UserNotificationService [http-nio-3030-exec-3] Create notification for user RIDP86Z at time : 2020-09-15
2020-09-15 11:03:26,951 INFO com.ibm.snam.idm.service.UserNotificationService [http-nio-3030-exec-3] Saving notification : UserNotification{id=null, userId='RIDP86Z', notificationType='uploadFileSupplier', idTender='5f607a866ab9e8387510d9ad', creationDate=15.09.2020 11:03, idSupplier='5f607a866ab9e8387510d9ad', readingDate='null'}
2020-09-15 11:03:27,251 INFO com.ibm.snam.idm.service.UserNotificationService [http-nio-3030-exec-3] createNotification -- END -- 
2020-09-15 11:06:44,482 INFO com.ibm.snam.idm.controller.ViewController [http-nio-3030-exec-6] getting fornitoreOverview
2020-09-15 11:06:44,483 INFO com.ibm.snam.idm.controller.ViewController [http-nio-3030-exec-6] returning fornitoreOverview
2020-09-15 11:06:44,885 INFO com.ibm.snam.idm.controller.UserNotificationController [http-nio-3030-exec-7] getUserNotification -- INIT -- userId : RIDP86Z
2020-09-15 11:06:44,886 INFO com.ibm.snam.idm.service.UserNotificationService [http-nio-3030-exec-7] getUserNotification -- INIT --
2020-09-15 11:06:45,084 INFO com.ibm.snam.idm.service.UserNotificationService [http-nio-3030-exec-7] Found 4 notification(s) for user RIDP86Z
2020-09-15 11:06:45,087 INFO com.ibm.snam.idm.controller.UserNotificationController [http-nio-3030-exec-7] getUserNotification -- END -- userId : RIDP86Z
2020-09-15 11:12:27,208 INFO org.springframework.web.socket.config.WebSocketMessageBrokerStats [MessageBroker-4] WebSocketSession[3 current WS(3)-HttpStream(0)-HttpPoll(0), 51 total, 0 closed abnormally (0 connect failure, 0 send limit, 0 transport error)], stompSubProtocol[processed CONNECT(51)-CONNECTED(51)-DISCONNECT(0)], stompBrokerRelay[null], inboundChannel[pool size = 0, active threads = 0, queued tasks = 0, completed tasks = 924], outboundChannel[pool size = 0, active threads = 0, queued tasks = 0, completed tasks = 104], sockJsScheduler[pool size = 12, active threads = 1, queued tasks = 6, completed tasks = 2570]
2020-09-15 11:36:50,873 INFO com.ibm.snam.idm.controller.ViewController [http-nio-3030-exec-1] getting fornitoreOverview
2020-09-15 11:36:50,874 INFO com.ibm.snam.idm.controller.ViewController [http-nio-3030-exec-1] returning fornitoreOverview
2020-09-15 11:36:52,279 INFO com.ibm.snam.idm.controller.UserNotificationController [http-nio-3030-exec-3] getUserNotification -- INIT -- userId : RIDP86Z
2020-09-15 11:36:52,280 INFO com.ibm.snam.idm.service.UserNotificationService [http-nio-3030-exec-3] getUserNotification -- INIT --
2020-09-15 11:36:52,505 INFO com.ibm.snam.idm.service.UserNotificationService [http-nio-3030-exec-3] Found 4 notification(s) for user RIDP86Z
2020-09-15 11:36:52,507 INFO com.ibm.snam.idm.controller.UserNotificationController [http-nio-3030-exec-3] getUserNotification -- END -- userId : RIDP86Z
2020-09-15 11:36:52,509 WARN org.hibernate.engine.jdbc.spi.SqlExceptionHelper$StandardWarningHandler [http-nio-3030-exec-3] SQL Warning Code: 4223, SQLState: null
2020-09-15 11:36:52,509 WARN org.hibernate.engine.jdbc.spi.SqlExceptionHelper$StandardWarningHandler [http-nio-3030-exec-3] Origination unknown: [10228][11541][4.13.127] Security exceptions occurred while loading driver. ERRORCODE=4223, SQLSTATE=null
2020-09-15 11:36:56,370 INFO com.ibm.snam.idm.microservices.BackendMicroservice [http-nio-3030-exec-1] getDocumentContent -- INIT --
2020-09-15 11:36:56,374 INFO com.ibm.snam.idm.microservices.BackendMicroservice [http-nio-3030-exec-1] calling url : http://localhost:8080/document/5f6080dc115b3374bb5e9226/content
2020-09-15 11:37:22,125 INFO com.ibm.snam.idm.microservices.BackendMicroservice [http-nio-3030-exec-1] getDocumentContent -- END --
2020-09-15 11:42:27,221 INFO org.springframework.web.socket.config.WebSocketMessageBrokerStats [MessageBroker-10] WebSocketSession[3 current WS(3)-HttpStream(0)-HttpPoll(0), 54 total, 0 closed abnormally (0 connect failure, 0 send limit, 0 transport error)], stompSubProtocol[processed CONNECT(54)-CONNECTED(54)-DISCONNECT(0)], stompBrokerRelay[null], inboundChannel[pool size = 0, active threads = 0, queued tasks = 0, completed tasks = 978], outboundChannel[pool size = 0, active threads = 0, queued tasks = 0, completed tasks = 110], sockJsScheduler[pool size = 12, active threads = 1, queued tasks = 6, completed tasks = 3864]
2020-09-15 12:12:27,235 INFO org.springframework.web.socket.config.WebSocketMessageBrokerStats [MessageBroker-5] WebSocketSession[3 current WS(3)-HttpStream(0)-HttpPoll(0), 54 total, 0 closed abnormally (0 connect failure, 0 send limit, 0 transport error)], stompSubProtocol[processed CONNECT(54)-CONNECTED(54)-DISCONNECT(0)], stompBrokerRelay[null], inboundChannel[pool size = 0, active threads = 0, queued tasks = 0, completed tasks = 978], outboundChannel[pool size = 0, active threads = 0, queued tasks = 0, completed tasks = 110], sockJsScheduler[pool size = 12, active threads = 1, queued tasks = 6, completed tasks = 5161]
2020-09-15 12:42:27,249 INFO org.springframework.web.socket.config.WebSocketMessageBrokerStats [MessageBroker-12] WebSocketSession[3 current WS(3)-HttpStream(0)-HttpPoll(0), 54 total, 0 closed abnormally (0 connect failure, 0 send limit, 0 transport error)], stompSubProtocol[processed CONNECT(54)-CONNECTED(54)-DISCONNECT(0)], stompBrokerRelay[null], inboundChannel[pool size = 0, active threads = 0, queued tasks = 0, completed tasks = 978], outboundChannel[pool size = 0, active threads = 0, queued tasks = 0, completed tasks = 110], sockJsScheduler[pool size = 12, active threads = 1, queued tasks = 6, completed tasks = 6458]
2020-09-15 13:12:27,261 INFO org.springframework.web.socket.config.WebSocketMessageBrokerStats [MessageBroker-4] WebSocketSession[3 current WS(3)-HttpStream(0)-HttpPoll(0), 54 total, 0 closed abnormally (0 connect failure, 0 send limit, 0 transport error)], stompSubProtocol[processed CONNECT(54)-CONNECTED(54)-DISCONNECT(0)], stompBrokerRelay[null], inboundChannel[pool size = 0, active threads = 0, queued tasks = 0, completed tasks = 978], outboundChannel[pool size = 0, active threads = 0, queued tasks = 0, completed tasks = 110], sockJsScheduler[pool size = 12, active threads = 1, queued tasks = 6, completed tasks = 7755]
2020-09-15 13:42:27,268 INFO org.springframework.web.socket.config.WebSocketMessageBrokerStats [MessageBroker-3] WebSocketSession[3 current WS(3)-HttpStream(0)-HttpPoll(0), 54 total, 0 closed abnormally (0 connect failure, 0 send limit, 0 transport error)], stompSubProtocol[processed CONNECT(54)-CONNECTED(54)-DISCONNECT(0)], stompBrokerRelay[null], inboundChannel[pool size = 0, active threads = 0, queued tasks = 0, completed tasks = 978], outboundChannel[pool size = 0, active threads = 0, queued tasks = 0, completed tasks = 110], sockJsScheduler[pool size = 12, active threads = 1, queued tasks = 6, completed tasks = 9052]
2020-09-15 14:12:27,284 INFO org.springframework.web.socket.config.WebSocketMessageBrokerStats [MessageBroker-4] WebSocketSession[3 current WS(3)-HttpStream(0)-HttpPoll(0), 54 total, 0 closed abnormally (0 connect failure, 0 send limit, 0 transport error)], stompSubProtocol[processed CONNECT(54)-CONNECTED(54)-DISCONNECT(0)], stompBrokerRelay[null], inboundChannel[pool size = 0, active threads = 0, queued tasks = 0, completed tasks = 978], outboundChannel[pool size = 0, active threads = 0, queued tasks = 0, completed tasks = 110], sockJsScheduler[pool size = 12, active threads = 1, queued tasks = 6, completed tasks = 10349]
