2020-07-28 11:37:41,745 INFO org.springframework.boot.StartupInfoLogger [main] Starting IdmFrontendApplication on DESKTOP-MDNKOOP with PID 300 (C:\Users\FRANCESCOStumpo\Desktop\SNAM_IDM\IDMProject\snam-idm-frontend\target\classes started by FRANCESCOStumpo in C:\Users\FRANCESCOStumpo\Desktop\SNAM_IDM\IDMProject\snam-idm-frontend)
2020-07-28 11:37:41,749 INFO org.springframework.boot.SpringApplication [main] No active profile set, falling back to default profiles: default
2020-07-28 11:37:42,870 INFO org.springframework.data.repository.config.RepositoryConfigurationDelegate [main] Bootstrapping Spring Data JPA repositories in DEFERRED mode.
2020-07-28 11:37:42,975 INFO org.springframework.data.repository.config.RepositoryConfigurationDelegate [main] Finished Spring Data repository scanning in 82ms. Found 1 JPA repository interfaces.
2020-07-28 11:37:43,699 INFO org.springframework.boot.web.embedded.tomcat.TomcatWebServer [main] Tomcat initialized with port(s): 3030 (http)
2020-07-28 11:37:43,707 INFO org.apache.juli.logging.DirectJDKLog [main] Initializing ProtocolHandler ["http-nio-3030"]
2020-07-28 11:37:43,707 INFO org.apache.juli.logging.DirectJDKLog [main] Starting service [Tomcat]
2020-07-28 11:37:43,707 INFO org.apache.juli.logging.DirectJDKLog [main] Starting Servlet engine: [Apache Tomcat/9.0.36]
2020-07-28 11:37:44,255 INFO org.apache.juli.logging.DirectJDKLog [main] At least one JAR was scanned for TLDs yet contained no TLDs. Enable debug logging for this logger for a complete list of JARs that were scanned but no TLDs were found in them. Skipping unneeded JARs during scanning can improve startup time and JSP compilation time.
2020-07-28 11:37:44,259 INFO org.apache.juli.logging.DirectJDKLog [main] Initializing Spring embedded WebApplicationContext
2020-07-28 11:37:44,259 INFO org.springframework.boot.web.servlet.context.ServletWebServerApplicationContext [main] Root WebApplicationContext: initialization completed in 2446 ms
2020-07-28 11:37:44,343 WARN org.springframework.boot.autoconfigure.orm.jpa.JpaBaseConfiguration$JpaWebConfiguration [main] spring.jpa.open-in-view is enabled by default. Therefore, database queries may be performed during view rendering. Explicitly configure spring.jpa.open-in-view to disable this warning
2020-07-28 11:37:44,351 INFO com.ibm.snam.idm.datasource.DatasourceConfiguration [main] Connecting to Datasource....
2020-07-28 11:37:44,351 INFO com.ibm.snam.idm.datasource.DatasourceConfiguration [main] Connected to Datasource - url : jdbc:db2://dashdb-txn-flex-yp-fra02-501.services.eu-de.bluemix.net:50000/BLUDB
2020-07-28 11:37:44,450 INFO com.zaxxer.hikari.HikariDataSource [main] HikariPool-1 - Starting...
2020-07-28 11:37:45,188 INFO com.zaxxer.hikari.HikariDataSource [main] HikariPool-1 - Start completed.
2020-07-28 11:37:45,253 INFO org.hibernate.jpa.internal.util.LogHelper [main] HHH000204: Processing PersistenceUnitInfo [name: default]
2020-07-28 11:37:45,325 INFO org.hibernate.Version [main] HHH000412: Hibernate ORM core version 5.4.17.Final
2020-07-28 11:37:45,501 INFO org.hibernate.annotations.common.reflection.java.JavaReflectionManager [main] HCANN000001: Hibernate Commons Annotations {5.1.0.Final}
2020-07-28 11:37:45,633 INFO org.hibernate.dialect.Dialect [main] HHH000400: Using dialect: org.hibernate.dialect.DB2Dialect
2020-07-28 11:37:46,840 INFO org.hibernate.engine.transaction.jta.platform.internal.JtaPlatformInitiator [main] HHH000490: Using JtaPlatform implementation: [org.hibernate.engine.transaction.jta.platform.internal.NoJtaPlatform]
2020-07-28 11:37:46,856 INFO org.springframework.orm.jpa.AbstractEntityManagerFactoryBean [main] Initialized JPA EntityManagerFactory for persistence unit 'default'
2020-07-28 11:37:47,272 INFO org.springframework.security.web.DefaultSecurityFilterChain [main] Creating filter chain: any request, [org.springframework.security.web.context.request.async.WebAsyncManagerIntegrationFilter@10817f46, org.springframework.security.web.context.SecurityContextPersistenceFilter@234cd86c, org.springframework.security.web.header.HeaderWriterFilter@2cccf134, org.keycloak.adapters.springsecurity.filter.KeycloakPreAuthActionsFilter@3b11620a, org.keycloak.adapters.springsecurity.filter.KeycloakAuthenticationProcessingFilter@291a4791, org.springframework.security.web.authentication.logout.LogoutFilter@231df705, org.springframework.security.web.savedrequest.RequestCacheAwareFilter@39c87b42, org.springframework.security.web.servletapi.SecurityContextHolderAwareRequestFilter@571a663c, org.keycloak.adapters.springsecurity.filter.KeycloakSecurityContextRequestFilter@689faf79, org.keycloak.adapters.springsecurity.filter.KeycloakAuthenticatedActionsFilter@582e9152, org.springframework.security.web.authentication.AnonymousAuthenticationFilter@2d4a3e13, org.springframework.security.web.session.SessionManagementFilter@743c3520, org.springframework.security.web.access.ExceptionTranslationFilter@29bbc63c, org.springframework.security.web.access.intercept.FilterSecurityInterceptor@325162e9]
2020-07-28 11:37:47,349 INFO org.springframework.scheduling.concurrent.ExecutorConfigurationSupport [main] Initializing ExecutorService 'clientInboundChannelExecutor'
2020-07-28 11:37:47,353 INFO org.springframework.scheduling.concurrent.ExecutorConfigurationSupport [main] Initializing ExecutorService 'clientOutboundChannelExecutor'
2020-07-28 11:37:47,357 INFO org.springframework.scheduling.concurrent.ExecutorConfigurationSupport [main] Initializing ExecutorService 'messageBrokerTaskScheduler'
2020-07-28 11:37:47,397 INFO org.springframework.scheduling.concurrent.ExecutorConfigurationSupport [main] Initializing ExecutorService 'brokerChannelExecutor'
2020-07-28 11:37:47,589 INFO org.springframework.boot.autoconfigure.web.servlet.WelcomePageHandlerMapping [main] Adding welcome page: class path resource [public/index.html]
2020-07-28 11:37:47,721 INFO org.apache.juli.logging.DirectJDKLog [main] Starting ProtocolHandler ["http-nio-3030"]
2020-07-28 11:37:47,753 INFO org.springframework.boot.web.embedded.tomcat.TomcatWebServer [main] Tomcat started on port(s): 3030 (http) with context path ''
2020-07-28 11:37:47,757 INFO org.springframework.core.log.CompositeLog [main] Starting...
2020-07-28 11:37:47,757 INFO org.springframework.core.log.CompositeLog [main] BrokerAvailabilityEvent[available=true, SimpleBrokerMessageHandler [DefaultSubscriptionRegistry[cache[0 destination(s)], registry[0 sessions]]]]
2020-07-28 11:37:47,757 INFO org.springframework.core.log.CompositeLog [main] Started.
2020-07-28 11:37:47,757 INFO org.springframework.data.repository.config.DeferredRepositoryInitializationListener [main] Triggering deferred initialization of Spring Data repositories…
2020-07-28 11:37:48,069 INFO org.springframework.data.repository.config.DeferredRepositoryInitializationListener [main] Spring Data repositories initialized!
2020-07-28 11:37:48,097 INFO org.springframework.boot.StartupInfoLogger [main] Started IdmFrontendApplication in 6.945 seconds (JVM running for 8.855)
2020-07-28 11:38:47,395 INFO org.springframework.web.socket.config.WebSocketMessageBrokerStats [MessageBroker-1] WebSocketSession[0 current WS(0)-HttpStream(0)-HttpPoll(0), 0 total, 0 closed abnormally (0 connect failure, 0 send limit, 0 transport error)], stompSubProtocol[processed CONNECT(0)-CONNECTED(0)-DISCONNECT(0)], stompBrokerRelay[null], inboundChannel[pool size = 0, active threads = 0, queued tasks = 0, completed tasks = 0], outboundChannel[pool size = 0, active threads = 0, queued tasks = 0, completed tasks = 0], sockJsScheduler[pool size = 1, active threads = 1, queued tasks = 0, completed tasks = 0]
2020-07-28 11:39:06,290 INFO org.apache.juli.logging.DirectJDKLog [http-nio-3030-exec-1] Initializing Spring DispatcherServlet 'dispatcherServlet'
2020-07-28 11:39:06,290 INFO org.springframework.web.servlet.FrameworkServlet [http-nio-3030-exec-1] Initializing Servlet 'dispatcherServlet'
2020-07-28 11:39:06,302 INFO org.springframework.web.servlet.FrameworkServlet [http-nio-3030-exec-1] Completed initialization in 12 ms
2020-07-28 11:39:07,886 INFO org.keycloak.adapters.KeycloakDeployment [http-nio-3030-exec-2] Loaded URLs from http://158.177.78.141:8080/auth/realms/idm-realm/.well-known/openid-configuration
2020-07-28 11:39:11,601 INFO com.ibm.snam.idm.controller.ViewController [http-nio-3030-exec-4] getting dashboard
2020-07-28 11:39:11,710 INFO net.sf.json.JSONObject [http-nio-3030-exec-4] Property 'items' of class org.apache.http.auth.AuthSchemeRegistry has no read method. SKIPPED
2020-07-28 11:39:11,722 INFO net.sf.json.JSONObject [http-nio-3030-exec-4] Property 'items' of class org.apache.http.conn.scheme.SchemeRegistry has no read method. SKIPPED
2020-07-28 11:39:11,730 INFO net.sf.json.JSONObject [http-nio-3030-exec-4] Property 'items' of class org.apache.http.cookie.CookieSpecRegistry has no read method. SKIPPED
2020-07-28 11:39:11,738 INFO net.sf.json.JSONObject [http-nio-3030-exec-4] Property 'keepAliveStrategy' of class org.apache.http.impl.client.DefaultHttpClient has no read method. SKIPPED
2020-07-28 11:39:11,770 INFO net.sf.json.JSONObject [http-nio-3030-exec-4] Property 'requestInterceptor' of class org.apache.http.impl.client.DefaultHttpClient has no read method. SKIPPED
2020-07-28 11:39:11,770 INFO net.sf.json.JSONObject [http-nio-3030-exec-4] Property 'responseInterceptor' of class org.apache.http.impl.client.DefaultHttpClient has no read method. SKIPPED
2020-07-28 11:39:11,770 INFO net.sf.json.JSONObject [http-nio-3030-exec-4] Property 'reuseStrategy' of class org.apache.http.impl.client.DefaultHttpClient has no read method. SKIPPED
2020-07-28 11:39:11,785 INFO net.sf.json.JSONObject [http-nio-3030-exec-4] Property 'ignoreOAuthQueryParameter' of class org.keycloak.adapters.KeycloakDeployment has no read method. SKIPPED
2020-07-28 11:39:11,794 INFO net.sf.json.JSONObject [http-nio-3030-exec-4] Property 'rewriteRedirectRules' of class org.keycloak.adapters.KeycloakDeployment has no read method. SKIPPED
2020-07-28 11:39:11,813 INFO net.sf.json.JSONObject [http-nio-3030-exec-4] Property 'items' of class org.apache.http.auth.AuthSchemeRegistry has no read method. SKIPPED
2020-07-28 11:39:11,817 INFO net.sf.json.JSONObject [http-nio-3030-exec-4] Property 'items' of class org.apache.http.conn.scheme.SchemeRegistry has no read method. SKIPPED
2020-07-28 11:39:11,817 INFO net.sf.json.JSONObject [http-nio-3030-exec-4] Property 'items' of class org.apache.http.cookie.CookieSpecRegistry has no read method. SKIPPED
2020-07-28 11:39:11,817 INFO net.sf.json.JSONObject [http-nio-3030-exec-4] Property 'keepAliveStrategy' of class org.apache.http.impl.client.DefaultHttpClient has no read method. SKIPPED
2020-07-28 11:39:11,817 INFO net.sf.json.JSONObject [http-nio-3030-exec-4] Property 'requestInterceptor' of class org.apache.http.impl.client.DefaultHttpClient has no read method. SKIPPED
2020-07-28 11:39:11,817 INFO net.sf.json.JSONObject [http-nio-3030-exec-4] Property 'responseInterceptor' of class org.apache.http.impl.client.DefaultHttpClient has no read method. SKIPPED
2020-07-28 11:39:11,817 INFO net.sf.json.JSONObject [http-nio-3030-exec-4] Property 'reuseStrategy' of class org.apache.http.impl.client.DefaultHttpClient has no read method. SKIPPED
2020-07-28 11:39:11,822 INFO net.sf.json.JSONObject [http-nio-3030-exec-4] Property 'ignoreOAuthQueryParameter' of class org.keycloak.adapters.KeycloakDeployment has no read method. SKIPPED
2020-07-28 11:39:11,822 INFO net.sf.json.JSONObject [http-nio-3030-exec-4] Property 'rewriteRedirectRules' of class org.keycloak.adapters.KeycloakDeployment has no read method. SKIPPED
2020-07-28 11:39:11,825 INFO net.sf.json.JSONObject [http-nio-3030-exec-4] Property 'items' of class org.apache.http.auth.AuthSchemeRegistry has no read method. SKIPPED
2020-07-28 11:39:11,825 INFO net.sf.json.JSONObject [http-nio-3030-exec-4] Property 'items' of class org.apache.http.conn.scheme.SchemeRegistry has no read method. SKIPPED
2020-07-28 11:39:11,825 INFO net.sf.json.JSONObject [http-nio-3030-exec-4] Property 'items' of class org.apache.http.cookie.CookieSpecRegistry has no read method. SKIPPED
2020-07-28 11:39:11,829 INFO net.sf.json.JSONObject [http-nio-3030-exec-4] Property 'keepAliveStrategy' of class org.apache.http.impl.client.DefaultHttpClient has no read method. SKIPPED
2020-07-28 11:39:11,829 INFO net.sf.json.JSONObject [http-nio-3030-exec-4] Property 'requestInterceptor' of class org.apache.http.impl.client.DefaultHttpClient has no read method. SKIPPED
2020-07-28 11:39:11,829 INFO net.sf.json.JSONObject [http-nio-3030-exec-4] Property 'responseInterceptor' of class org.apache.http.impl.client.DefaultHttpClient has no read method. SKIPPED
2020-07-28 11:39:11,829 INFO net.sf.json.JSONObject [http-nio-3030-exec-4] Property 'reuseStrategy' of class org.apache.http.impl.client.DefaultHttpClient has no read method. SKIPPED
2020-07-28 11:39:11,829 INFO net.sf.json.JSONObject [http-nio-3030-exec-4] Property 'ignoreOAuthQueryParameter' of class org.keycloak.adapters.KeycloakDeployment has no read method. SKIPPED
2020-07-28 11:39:11,829 INFO net.sf.json.JSONObject [http-nio-3030-exec-4] Property 'rewriteRedirectRules' of class org.keycloak.adapters.KeycloakDeployment has no read method. SKIPPED
2020-07-28 11:39:11,833 INFO net.sf.json.JSONObject [http-nio-3030-exec-4] Property 'items' of class org.apache.http.auth.AuthSchemeRegistry has no read method. SKIPPED
2020-07-28 11:39:11,833 INFO net.sf.json.JSONObject [http-nio-3030-exec-4] Property 'items' of class org.apache.http.conn.scheme.SchemeRegistry has no read method. SKIPPED
2020-07-28 11:39:11,833 INFO net.sf.json.JSONObject [http-nio-3030-exec-4] Property 'items' of class org.apache.http.cookie.CookieSpecRegistry has no read method. SKIPPED
2020-07-28 11:39:11,837 INFO net.sf.json.JSONObject [http-nio-3030-exec-4] Property 'keepAliveStrategy' of class org.apache.http.impl.client.DefaultHttpClient has no read method. SKIPPED
2020-07-28 11:39:11,837 INFO net.sf.json.JSONObject [http-nio-3030-exec-4] Property 'requestInterceptor' of class org.apache.http.impl.client.DefaultHttpClient has no read method. SKIPPED
2020-07-28 11:39:11,837 INFO net.sf.json.JSONObject [http-nio-3030-exec-4] Property 'responseInterceptor' of class org.apache.http.impl.client.DefaultHttpClient has no read method. SKIPPED
2020-07-28 11:39:11,837 INFO net.sf.json.JSONObject [http-nio-3030-exec-4] Property 'reuseStrategy' of class org.apache.http.impl.client.DefaultHttpClient has no read method. SKIPPED
2020-07-28 11:39:11,837 INFO net.sf.json.JSONObject [http-nio-3030-exec-4] Property 'ignoreOAuthQueryParameter' of class org.keycloak.adapters.KeycloakDeployment has no read method. SKIPPED
2020-07-28 11:39:11,841 INFO net.sf.json.JSONObject [http-nio-3030-exec-4] Property 'rewriteRedirectRules' of class org.keycloak.adapters.KeycloakDeployment has no read method. SKIPPED
2020-07-28 11:39:11,841 INFO net.sf.json.JSONObject [http-nio-3030-exec-4] Property 'items' of class org.apache.http.auth.AuthSchemeRegistry has no read method. SKIPPED
2020-07-28 11:39:11,841 INFO net.sf.json.JSONObject [http-nio-3030-exec-4] Property 'items' of class org.apache.http.conn.scheme.SchemeRegistry has no read method. SKIPPED
2020-07-28 11:39:11,845 INFO net.sf.json.JSONObject [http-nio-3030-exec-4] Property 'items' of class org.apache.http.cookie.CookieSpecRegistry has no read method. SKIPPED
2020-07-28 11:39:11,845 INFO net.sf.json.JSONObject [http-nio-3030-exec-4] Property 'keepAliveStrategy' of class org.apache.http.impl.client.DefaultHttpClient has no read method. SKIPPED
2020-07-28 11:39:11,845 INFO net.sf.json.JSONObject [http-nio-3030-exec-4] Property 'requestInterceptor' of class org.apache.http.impl.client.DefaultHttpClient has no read method. SKIPPED
2020-07-28 11:39:11,845 INFO net.sf.json.JSONObject [http-nio-3030-exec-4] Property 'responseInterceptor' of class org.apache.http.impl.client.DefaultHttpClient has no read method. SKIPPED
2020-07-28 11:39:11,850 INFO net.sf.json.JSONObject [http-nio-3030-exec-4] Property 'reuseStrategy' of class org.apache.http.impl.client.DefaultHttpClient has no read method. SKIPPED
2020-07-28 11:39:11,850 INFO net.sf.json.JSONObject [http-nio-3030-exec-4] Property 'ignoreOAuthQueryParameter' of class org.keycloak.adapters.KeycloakDeployment has no read method. SKIPPED
2020-07-28 11:39:11,850 INFO net.sf.json.JSONObject [http-nio-3030-exec-4] Property 'rewriteRedirectRules' of class org.keycloak.adapters.KeycloakDeployment has no read method. SKIPPED
2020-07-28 11:39:11,854 INFO net.sf.json.JSONObject [http-nio-3030-exec-4] Property 'items' of class org.apache.http.auth.AuthSchemeRegistry has no read method. SKIPPED
2020-07-28 11:39:11,854 INFO net.sf.json.JSONObject [http-nio-3030-exec-4] Property 'items' of class org.apache.http.conn.scheme.SchemeRegistry has no read method. SKIPPED
2020-07-28 11:39:11,854 INFO net.sf.json.JSONObject [http-nio-3030-exec-4] Property 'items' of class org.apache.http.cookie.CookieSpecRegistry has no read method. SKIPPED
2020-07-28 11:39:11,854 INFO net.sf.json.JSONObject [http-nio-3030-exec-4] Property 'keepAliveStrategy' of class org.apache.http.impl.client.DefaultHttpClient has no read method. SKIPPED
2020-07-28 11:39:11,854 INFO net.sf.json.JSONObject [http-nio-3030-exec-4] Property 'requestInterceptor' of class org.apache.http.impl.client.DefaultHttpClient has no read method. SKIPPED
2020-07-28 11:39:11,854 INFO net.sf.json.JSONObject [http-nio-3030-exec-4] Property 'responseInterceptor' of class org.apache.http.impl.client.DefaultHttpClient has no read method. SKIPPED
2020-07-28 11:39:11,854 INFO net.sf.json.JSONObject [http-nio-3030-exec-4] Property 'reuseStrategy' of class org.apache.http.impl.client.DefaultHttpClient has no read method. SKIPPED
2020-07-28 11:39:11,857 INFO net.sf.json.JSONObject [http-nio-3030-exec-4] Property 'ignoreOAuthQueryParameter' of class org.keycloak.adapters.KeycloakDeployment has no read method. SKIPPED
2020-07-28 11:39:11,857 INFO net.sf.json.JSONObject [http-nio-3030-exec-4] Property 'rewriteRedirectRules' of class org.keycloak.adapters.KeycloakDeployment has no read method. SKIPPED
2020-07-28 11:39:11,857 INFO com.ibm.snam.idm.controller.ViewController [http-nio-3030-exec-4] returning dashboard
2020-07-28 11:39:13,624 INFO com.ibm.snam.idm.controller.UserNotificationController [http-nio-3030-exec-2] getUserNotification -- INIT -- userId : RIDP86Z
2020-07-28 11:39:13,624 INFO com.ibm.snam.idm.service.UserNotificationService [http-nio-3030-exec-2] getUserNotification -- INIT --
2020-07-28 11:39:14,117 INFO com.ibm.snam.idm.service.UserNotificationService [http-nio-3030-exec-2] Found 3 notification(s) for user RIDP86Z
2020-07-28 11:39:14,121 INFO com.ibm.snam.idm.controller.UserNotificationController [http-nio-3030-exec-2] getUserNotification -- END -- userId : RIDP86Z
2020-07-28 11:39:21,454 INFO com.ibm.snam.idm.controller.ViewController [http-nio-3030-exec-6] getting bandiList
2020-07-28 11:39:21,454 INFO com.ibm.snam.idm.controller.ViewController [http-nio-3030-exec-6] returning bandiList
2020-07-28 11:39:21,943 INFO com.ibm.snam.idm.controller.UserNotificationController [http-nio-3030-exec-9] getUserNotification -- INIT -- userId : RIDP86Z
2020-07-28 11:39:21,943 INFO com.ibm.snam.idm.service.UserNotificationService [http-nio-3030-exec-9] getUserNotification -- INIT --
2020-07-28 11:39:22,211 INFO com.ibm.snam.idm.service.UserNotificationService [http-nio-3030-exec-9] Found 3 notification(s) for user RIDP86Z
2020-07-28 11:39:22,215 INFO com.ibm.snam.idm.controller.UserNotificationController [http-nio-3030-exec-9] getUserNotification -- END -- userId : RIDP86Z
2020-07-28 11:39:24,199 INFO com.ibm.snam.idm.controller.ViewController [http-nio-3030-exec-10] getting garaOverview
2020-07-28 11:39:24,199 INFO com.ibm.snam.idm.controller.ViewController [http-nio-3030-exec-10] returning garaOverview
2020-07-28 11:39:24,765 INFO com.ibm.snam.idm.controller.UserNotificationController [http-nio-3030-exec-8] getUserNotification -- INIT -- userId : RIDP86Z
2020-07-28 11:39:24,765 INFO com.ibm.snam.idm.service.UserNotificationService [http-nio-3030-exec-8] getUserNotification -- INIT --
2020-07-28 11:39:24,773 INFO com.ibm.snam.idm.microservices.BackendMicroservice [http-nio-3030-exec-2] getSuppliersByTenderId -- INIT --
2020-07-28 11:39:24,789 INFO com.ibm.snam.idm.microservices.BackendMicroservice [http-nio-3030-exec-2] calling url : http://158.177.78.138:8080/tender/5f1ff05a19498a5f0f008760/suppliers
2020-07-28 11:39:25,009 INFO com.ibm.snam.idm.service.UserNotificationService [http-nio-3030-exec-8] Found 3 notification(s) for user RIDP86Z
2020-07-28 11:39:25,013 INFO com.ibm.snam.idm.controller.UserNotificationController [http-nio-3030-exec-8] getUserNotification -- END -- userId : RIDP86Z
2020-07-28 11:39:25,029 INFO com.ibm.snam.idm.microservices.BackendMicroservice [http-nio-3030-exec-2] getSuppliersByTenderId -- END --
2020-07-28 11:39:25,041 INFO com.ibm.snam.idm.microservices.BackendMicroservice [http-nio-3030-exec-10] getSuppliersByTenderId -- INIT --
2020-07-28 11:39:25,041 INFO com.ibm.snam.idm.microservices.BackendMicroservice [http-nio-3030-exec-10] calling url : http://158.177.78.138:8080/tender/5f1ff05a19498a5f0f008760/suppliers
2020-07-28 11:39:25,155 INFO com.ibm.snam.idm.microservices.BackendMicroservice [http-nio-3030-exec-10] getSuppliersByTenderId -- END --
2020-07-28 11:39:26,635 INFO com.ibm.snam.idm.controller.ViewController [http-nio-3030-exec-3] getting fornitoreOverview
2020-07-28 11:39:26,639 INFO com.ibm.snam.idm.controller.ViewController [http-nio-3030-exec-3] returning fornitoreOverview
2020-07-28 11:39:27,251 INFO com.ibm.snam.idm.controller.UserNotificationController [http-nio-3030-exec-4] getUserNotification -- INIT -- userId : RIDP86Z
2020-07-28 11:39:27,251 INFO com.ibm.snam.idm.service.UserNotificationService [http-nio-3030-exec-4] getUserNotification -- INIT --
2020-07-28 11:39:27,515 INFO com.ibm.snam.idm.service.UserNotificationService [http-nio-3030-exec-4] Found 3 notification(s) for user RIDP86Z
2020-07-28 11:39:27,515 INFO com.ibm.snam.idm.controller.UserNotificationController [http-nio-3030-exec-4] getUserNotification -- END -- userId : RIDP86Z
2020-07-28 11:39:31,331 INFO com.ibm.snam.idm.controller.ViewController [http-nio-3030-exec-2] getting garaOverview
2020-07-28 11:39:31,335 INFO com.ibm.snam.idm.controller.ViewController [http-nio-3030-exec-2] returning garaOverview
2020-07-28 11:39:31,671 INFO com.ibm.snam.idm.controller.UserNotificationController [http-nio-3030-exec-7] getUserNotification -- INIT -- userId : RIDP86Z
2020-07-28 11:39:31,671 INFO com.ibm.snam.idm.service.UserNotificationService [http-nio-3030-exec-7] getUserNotification -- INIT --
2020-07-28 11:39:31,671 INFO com.ibm.snam.idm.microservices.BackendMicroservice [http-nio-3030-exec-10] getSuppliersByTenderId -- INIT --
2020-07-28 11:39:31,679 INFO com.ibm.snam.idm.microservices.BackendMicroservice [http-nio-3030-exec-10] calling url : http://158.177.78.138:8080/tender/5f1ff05a19498a5f0f008760/suppliers
2020-07-28 11:39:31,863 INFO com.ibm.snam.idm.microservices.BackendMicroservice [http-nio-3030-exec-10] getSuppliersByTenderId -- END --
2020-07-28 11:39:31,872 INFO com.ibm.snam.idm.microservices.BackendMicroservice [http-nio-3030-exec-9] getSuppliersByTenderId -- INIT --
2020-07-28 11:39:31,880 INFO com.ibm.snam.idm.microservices.BackendMicroservice [http-nio-3030-exec-9] calling url : http://158.177.78.138:8080/tender/5f1ff05a19498a5f0f008760/suppliers
2020-07-28 11:39:31,951 INFO com.ibm.snam.idm.service.UserNotificationService [http-nio-3030-exec-7] Found 3 notification(s) for user RIDP86Z
2020-07-28 11:39:31,951 INFO com.ibm.snam.idm.controller.UserNotificationController [http-nio-3030-exec-7] getUserNotification -- END -- userId : RIDP86Z
2020-07-28 11:39:31,967 INFO com.ibm.snam.idm.microservices.BackendMicroservice [http-nio-3030-exec-9] getSuppliersByTenderId -- END --
2020-07-28 11:39:40,568 INFO com.ibm.snam.idm.microservices.BackendMicroservice [http-nio-3030-exec-2] getDocumentContent -- INIT --
2020-07-28 11:39:40,572 INFO com.ibm.snam.idm.microservices.BackendMicroservice [http-nio-3030-exec-2] calling url : http://158.177.78.138:8080/document/undefined/content
2020-07-28 11:39:40,772 ERROR org.apache.juli.logging.DirectJDKLog [http-nio-3030-exec-2] Servlet.service() for servlet [dispatcherServlet] in context with path [] threw exception [Request processing failed; nested exception is org.springframework.web.client.HttpServerErrorException$InternalServerError: 500 Internal Server Error: [{"details":"Error id 928fce0b-d87e-4127-b09b-54bd96d681d7-1","stack":""}]] with root cause
org.springframework.web.client.HttpServerErrorException$InternalServerError: 500 Internal Server Error: [{"details":"Error id 928fce0b-d87e-4127-b09b-54bd96d681d7-1","stack":""}]
	at org.springframework.web.client.HttpServerErrorException.create(HttpServerErrorException.java:100)
	at org.springframework.web.client.DefaultResponseErrorHandler.handleError(DefaultResponseErrorHandler.java:186)
	at org.springframework.web.client.DefaultResponseErrorHandler.handleError(DefaultResponseErrorHandler.java:125)
	at org.springframework.web.client.ResponseErrorHandler.handleError(ResponseErrorHandler.java:63)
	at org.springframework.web.client.RestTemplate.handleResponse(RestTemplate.java:782)
	at org.springframework.web.client.RestTemplate.doExecute(RestTemplate.java:740)
	at org.springframework.web.client.RestTemplate.execute(RestTemplate.java:674)
	at org.springframework.web.client.RestTemplate.exchange(RestTemplate.java:583)
	at com.ibm.snam.idm.microservices.BackendMicroservice.getDocumentContent(BackendMicroservice.java:54)
	at com.ibm.snam.idm.controller.ApiController.getDocumentContent(ApiController.java:24)
	at sun.reflect.NativeMethodAccessorImpl.invoke0(Native Method)
	at sun.reflect.NativeMethodAccessorImpl.invoke(NativeMethodAccessorImpl.java:62)
	at sun.reflect.DelegatingMethodAccessorImpl.invoke(DelegatingMethodAccessorImpl.java:43)
	at java.lang.reflect.Method.invoke(Method.java:498)
	at org.springframework.web.method.support.InvocableHandlerMethod.doInvoke(InvocableHandlerMethod.java:190)
	at org.springframework.web.method.support.InvocableHandlerMethod.invokeForRequest(InvocableHandlerMethod.java:138)
	at org.springframework.web.servlet.mvc.method.annotation.ServletInvocableHandlerMethod.invokeAndHandle(ServletInvocableHandlerMethod.java:105)
	at org.springframework.web.servlet.mvc.method.annotation.RequestMappingHandlerAdapter.invokeHandlerMethod(RequestMappingHandlerAdapter.java:879)
	at org.springframework.web.servlet.mvc.method.annotation.RequestMappingHandlerAdapter.handleInternal(RequestMappingHandlerAdapter.java:793)
	at org.springframework.web.servlet.mvc.method.AbstractHandlerMethodAdapter.handle(AbstractHandlerMethodAdapter.java:87)
	at org.springframework.web.servlet.DispatcherServlet.doDispatch(DispatcherServlet.java:1040)
	at org.springframework.web.servlet.DispatcherServlet.doService(DispatcherServlet.java:943)
	at org.springframework.web.servlet.FrameworkServlet.processRequest(FrameworkServlet.java:1006)
	at org.springframework.web.servlet.FrameworkServlet.doGet(FrameworkServlet.java:898)
	at javax.servlet.http.HttpServlet.service(HttpServlet.java:634)
	at org.springframework.web.servlet.FrameworkServlet.service(FrameworkServlet.java:883)
	at javax.servlet.http.HttpServlet.service(HttpServlet.java:741)
	at org.apache.catalina.core.ApplicationFilterChain.internalDoFilter(ApplicationFilterChain.java:231)
	at org.apache.catalina.core.ApplicationFilterChain.doFilter(ApplicationFilterChain.java:166)
	at org.apache.tomcat.websocket.server.WsFilter.doFilter(WsFilter.java:53)
	at org.apache.catalina.core.ApplicationFilterChain.internalDoFilter(ApplicationFilterChain.java:193)
	at org.apache.catalina.core.ApplicationFilterChain.doFilter(ApplicationFilterChain.java:166)
	at org.keycloak.adapters.springsecurity.filter.KeycloakAuthenticatedActionsFilter.doFilter(KeycloakAuthenticatedActionsFilter.java:57)
	at org.apache.catalina.core.ApplicationFilterChain.internalDoFilter(ApplicationFilterChain.java:193)
	at org.apache.catalina.core.ApplicationFilterChain.doFilter(ApplicationFilterChain.java:166)
	at org.keycloak.adapters.springsecurity.filter.KeycloakSecurityContextRequestFilter.doFilter(KeycloakSecurityContextRequestFilter.java:61)
	at org.apache.catalina.core.ApplicationFilterChain.internalDoFilter(ApplicationFilterChain.java:193)
	at org.apache.catalina.core.ApplicationFilterChain.doFilter(ApplicationFilterChain.java:166)
	at org.keycloak.adapters.springsecurity.filter.KeycloakPreAuthActionsFilter.doFilter(KeycloakPreAuthActionsFilter.java:96)
	at org.apache.catalina.core.ApplicationFilterChain.internalDoFilter(ApplicationFilterChain.java:193)
	at org.apache.catalina.core.ApplicationFilterChain.doFilter(ApplicationFilterChain.java:166)
	at org.keycloak.adapters.springsecurity.filter.KeycloakAuthenticationProcessingFilter.successfulAuthentication(KeycloakAuthenticationProcessingFilter.java:214)
	at org.springframework.security.web.authentication.AbstractAuthenticationProcessingFilter.doFilter(AbstractAuthenticationProcessingFilter.java:240)
	at org.apache.catalina.core.ApplicationFilterChain.internalDoFilter(ApplicationFilterChain.java:193)
	at org.apache.catalina.core.ApplicationFilterChain.doFilter(ApplicationFilterChain.java:166)
	at org.springframework.security.web.FilterChainProxy$VirtualFilterChain.doFilter(FilterChainProxy.java:320)
	at org.springframework.security.web.access.intercept.FilterSecurityInterceptor.invoke(FilterSecurityInterceptor.java:126)
	at org.springframework.security.web.access.intercept.FilterSecurityInterceptor.doFilter(FilterSecurityInterceptor.java:90)
	at org.springframework.security.web.FilterChainProxy$VirtualFilterChain.doFilter(FilterChainProxy.java:334)
	at org.springframework.security.web.access.ExceptionTranslationFilter.doFilter(ExceptionTranslationFilter.java:118)
	at org.springframework.security.web.FilterChainProxy$VirtualFilterChain.doFilter(FilterChainProxy.java:334)
	at org.springframework.security.web.session.SessionManagementFilter.doFilter(SessionManagementFilter.java:137)
	at org.springframework.security.web.FilterChainProxy$VirtualFilterChain.doFilter(FilterChainProxy.java:334)
	at org.springframework.security.web.authentication.AnonymousAuthenticationFilter.doFilter(AnonymousAuthenticationFilter.java:111)
	at org.springframework.security.web.FilterChainProxy$VirtualFilterChain.doFilter(FilterChainProxy.java:334)
	at org.keycloak.adapters.springsecurity.filter.KeycloakAuthenticatedActionsFilter.doFilter(KeycloakAuthenticatedActionsFilter.java:74)
	at org.springframework.security.web.FilterChainProxy$VirtualFilterChain.doFilter(FilterChainProxy.java:334)
	at org.keycloak.adapters.springsecurity.filter.KeycloakSecurityContextRequestFilter.doFilter(KeycloakSecurityContextRequestFilter.java:92)
	at org.springframework.security.web.FilterChainProxy$VirtualFilterChain.doFilter(FilterChainProxy.java:334)
	at org.springframework.security.web.servletapi.SecurityContextHolderAwareRequestFilter.doFilter(SecurityContextHolderAwareRequestFilter.java:158)
	at org.springframework.security.web.FilterChainProxy$VirtualFilterChain.doFilter(FilterChainProxy.java:334)
	at org.springframework.security.web.savedrequest.RequestCacheAwareFilter.doFilter(RequestCacheAwareFilter.java:63)
	at org.springframework.security.web.FilterChainProxy$VirtualFilterChain.doFilter(FilterChainProxy.java:334)
	at org.springframework.security.web.authentication.logout.LogoutFilter.doFilter(LogoutFilter.java:116)
	at org.springframework.security.web.FilterChainProxy$VirtualFilterChain.doFilter(FilterChainProxy.java:334)
	at org.keycloak.adapters.springsecurity.filter.KeycloakAuthenticationProcessingFilter.successfulAuthentication(KeycloakAuthenticationProcessingFilter.java:214)
	at org.springframework.security.web.authentication.AbstractAuthenticationProcessingFilter.doFilter(AbstractAuthenticationProcessingFilter.java:240)
	at org.springframework.security.web.FilterChainProxy$VirtualFilterChain.doFilter(FilterChainProxy.java:334)
	at org.keycloak.adapters.springsecurity.filter.KeycloakPreAuthActionsFilter.doFilter(KeycloakPreAuthActionsFilter.java:96)
	at org.springframework.security.web.FilterChainProxy$VirtualFilterChain.doFilter(FilterChainProxy.java:334)
	at org.springframework.security.web.header.HeaderWriterFilter.doHeadersAfter(HeaderWriterFilter.java:92)
	at org.springframework.security.web.header.HeaderWriterFilter.doFilterInternal(HeaderWriterFilter.java:77)
	at org.springframework.web.filter.OncePerRequestFilter.doFilter(OncePerRequestFilter.java:119)
	at org.springframework.security.web.FilterChainProxy$VirtualFilterChain.doFilter(FilterChainProxy.java:334)
	at org.springframework.security.web.context.SecurityContextPersistenceFilter.doFilter(SecurityContextPersistenceFilter.java:105)
	at org.springframework.security.web.FilterChainProxy$VirtualFilterChain.doFilter(FilterChainProxy.java:334)
	at org.springframework.security.web.context.request.async.WebAsyncManagerIntegrationFilter.doFilterInternal(WebAsyncManagerIntegrationFilter.java:56)
	at org.springframework.web.filter.OncePerRequestFilter.doFilter(OncePerRequestFilter.java:119)
	at org.springframework.security.web.FilterChainProxy$VirtualFilterChain.doFilter(FilterChainProxy.java:334)
	at org.springframework.security.web.FilterChainProxy.doFilterInternal(FilterChainProxy.java:215)
	at org.springframework.security.web.FilterChainProxy.doFilter(FilterChainProxy.java:178)
	at org.springframework.web.filter.DelegatingFilterProxy.invokeDelegate(DelegatingFilterProxy.java:358)
	at org.springframework.web.filter.DelegatingFilterProxy.doFilter(DelegatingFilterProxy.java:271)
	at org.apache.catalina.core.ApplicationFilterChain.internalDoFilter(ApplicationFilterChain.java:193)
	at org.apache.catalina.core.ApplicationFilterChain.doFilter(ApplicationFilterChain.java:166)
	at org.springframework.web.filter.RequestContextFilter.doFilterInternal(RequestContextFilter.java:100)
	at org.springframework.web.filter.OncePerRequestFilter.doFilter(OncePerRequestFilter.java:119)
	at org.apache.catalina.core.ApplicationFilterChain.internalDoFilter(ApplicationFilterChain.java:193)
	at org.apache.catalina.core.ApplicationFilterChain.doFilter(ApplicationFilterChain.java:166)
	at org.springframework.web.filter.FormContentFilter.doFilterInternal(FormContentFilter.java:93)
	at org.springframework.web.filter.OncePerRequestFilter.doFilter(OncePerRequestFilter.java:119)
	at org.apache.catalina.core.ApplicationFilterChain.internalDoFilter(ApplicationFilterChain.java:193)
	at org.apache.catalina.core.ApplicationFilterChain.doFilter(ApplicationFilterChain.java:166)
	at org.springframework.web.filter.CharacterEncodingFilter.doFilterInternal(CharacterEncodingFilter.java:201)
	at org.springframework.web.filter.OncePerRequestFilter.doFilter(OncePerRequestFilter.java:119)
	at org.apache.catalina.core.ApplicationFilterChain.internalDoFilter(ApplicationFilterChain.java:193)
	at org.apache.catalina.core.ApplicationFilterChain.doFilter(ApplicationFilterChain.java:166)
	at org.apache.catalina.core.StandardWrapperValve.invoke(StandardWrapperValve.java:202)
	at org.apache.catalina.core.StandardContextValve.invoke(StandardContextValve.java:96)
	at org.keycloak.adapters.tomcat.AbstractAuthenticatedActionsValve.invoke(AbstractAuthenticatedActionsValve.java:67)
	at org.apache.catalina.authenticator.AuthenticatorBase.invoke(AuthenticatorBase.java:541)
	at org.keycloak.adapters.tomcat.AbstractKeycloakAuthenticatorValve.invoke(AbstractKeycloakAuthenticatorValve.java:181)
	at org.apache.catalina.core.StandardHostValve.invoke(StandardHostValve.java:139)
	at org.apache.catalina.valves.ErrorReportValve.invoke(ErrorReportValve.java:92)
	at org.apache.catalina.core.StandardEngineValve.invoke(StandardEngineValve.java:74)
	at org.apache.catalina.connector.CoyoteAdapter.service(CoyoteAdapter.java:343)
	at org.apache.coyote.http11.Http11Processor.service(Http11Processor.java:373)
	at org.apache.coyote.AbstractProcessorLight.process(AbstractProcessorLight.java:65)
	at org.apache.coyote.AbstractProtocol$ConnectionHandler.process(AbstractProtocol.java:868)
	at org.apache.tomcat.util.net.NioEndpoint$SocketProcessor.doRun(NioEndpoint.java:1590)
	at org.apache.tomcat.util.net.SocketProcessorBase.run(SocketProcessorBase.java:49)
	at java.util.concurrent.ThreadPoolExecutor.runWorker(ThreadPoolExecutor.java:1149)
	at java.util.concurrent.ThreadPoolExecutor$Worker.run(ThreadPoolExecutor.java:624)
	at org.apache.tomcat.util.threads.TaskThread$WrappingRunnable.run(TaskThread.java:61)
	at java.lang.Thread.run(Thread.java:748)
2020-07-28 11:49:12,054 INFO org.springframework.boot.StartupInfoLogger [main] Starting IdmFrontendApplication on DESKTOP-MDNKOOP with PID 2020 (C:\Users\FRANCESCOStumpo\Desktop\SNAM_IDM\IDMProject\snam-idm-frontend\target\classes started by FRANCESCOStumpo in C:\Users\FRANCESCOStumpo\Desktop\SNAM_IDM\IDMProject\snam-idm-frontend)
2020-07-28 11:49:12,058 INFO org.springframework.boot.SpringApplication [main] No active profile set, falling back to default profiles: default
2020-07-28 11:49:13,193 INFO org.springframework.data.repository.config.RepositoryConfigurationDelegate [main] Bootstrapping Spring Data JPA repositories in DEFERRED mode.
2020-07-28 11:49:13,282 INFO org.springframework.data.repository.config.RepositoryConfigurationDelegate [main] Finished Spring Data repository scanning in 72ms. Found 1 JPA repository interfaces.
2020-07-28 11:49:13,934 INFO org.springframework.boot.web.embedded.tomcat.TomcatWebServer [main] Tomcat initialized with port(s): 3030 (http)
2020-07-28 11:49:13,944 INFO org.apache.juli.logging.DirectJDKLog [main] Initializing ProtocolHandler ["http-nio-3030"]
2020-07-28 11:49:13,945 INFO org.apache.juli.logging.DirectJDKLog [main] Starting service [Tomcat]
2020-07-28 11:49:13,945 INFO org.apache.juli.logging.DirectJDKLog [main] Starting Servlet engine: [Apache Tomcat/9.0.36]
2020-07-28 11:49:14,426 INFO org.apache.juli.logging.DirectJDKLog [main] At least one JAR was scanned for TLDs yet contained no TLDs. Enable debug logging for this logger for a complete list of JARs that were scanned but no TLDs were found in them. Skipping unneeded JARs during scanning can improve startup time and JSP compilation time.
2020-07-28 11:49:14,431 INFO org.apache.juli.logging.DirectJDKLog [main] Initializing Spring embedded WebApplicationContext
2020-07-28 11:49:14,431 INFO org.springframework.boot.web.servlet.context.ServletWebServerApplicationContext [main] Root WebApplicationContext: initialization completed in 2311 ms
2020-07-28 11:49:14,501 WARN org.springframework.boot.autoconfigure.orm.jpa.JpaBaseConfiguration$JpaWebConfiguration [main] spring.jpa.open-in-view is enabled by default. Therefore, database queries may be performed during view rendering. Explicitly configure spring.jpa.open-in-view to disable this warning
2020-07-28 11:49:14,509 INFO com.ibm.snam.idm.datasource.DatasourceConfiguration [main] Connecting to Datasource....
2020-07-28 11:49:14,509 INFO com.ibm.snam.idm.datasource.DatasourceConfiguration [main] Connected to Datasource - url : jdbc:db2://dashdb-txn-flex-yp-fra02-501.services.eu-de.bluemix.net:50000/BLUDB
2020-07-28 11:49:14,596 INFO com.zaxxer.hikari.HikariDataSource [main] HikariPool-1 - Starting...
2020-07-28 11:49:15,447 INFO com.zaxxer.hikari.HikariDataSource [main] HikariPool-1 - Start completed.
2020-07-28 11:49:15,509 INFO org.hibernate.jpa.internal.util.LogHelper [main] HHH000204: Processing PersistenceUnitInfo [name: default]
2020-07-28 11:49:15,574 INFO org.hibernate.Version [main] HHH000412: Hibernate ORM core version 5.4.17.Final
2020-07-28 11:49:15,745 INFO org.hibernate.annotations.common.reflection.java.JavaReflectionManager [main] HCANN000001: Hibernate Commons Annotations {5.1.0.Final}
2020-07-28 11:49:15,893 INFO org.hibernate.dialect.Dialect [main] HHH000400: Using dialect: org.hibernate.dialect.DB2Dialect
2020-07-28 11:49:17,214 INFO org.hibernate.engine.transaction.jta.platform.internal.JtaPlatformInitiator [main] HHH000490: Using JtaPlatform implementation: [org.hibernate.engine.transaction.jta.platform.internal.NoJtaPlatform]
2020-07-28 11:49:17,226 INFO org.springframework.orm.jpa.AbstractEntityManagerFactoryBean [main] Initialized JPA EntityManagerFactory for persistence unit 'default'
2020-07-28 11:49:17,676 INFO org.springframework.security.web.DefaultSecurityFilterChain [main] Creating filter chain: any request, [org.springframework.security.web.context.request.async.WebAsyncManagerIntegrationFilter@78c74647, org.springframework.security.web.context.SecurityContextPersistenceFilter@77083e41, org.springframework.security.web.header.HeaderWriterFilter@4fb64a52, org.keycloak.adapters.springsecurity.filter.KeycloakPreAuthActionsFilter@b5aa65b, org.keycloak.adapters.springsecurity.filter.KeycloakAuthenticationProcessingFilter@411fa0ce, org.springframework.security.web.authentication.logout.LogoutFilter@4a1a412e, org.springframework.security.web.savedrequest.RequestCacheAwareFilter@2d130ac4, org.springframework.security.web.servletapi.SecurityContextHolderAwareRequestFilter@64279ab, org.keycloak.adapters.springsecurity.filter.KeycloakSecurityContextRequestFilter@4fb64e14, org.keycloak.adapters.springsecurity.filter.KeycloakAuthenticatedActionsFilter@118041c7, org.springframework.security.web.authentication.AnonymousAuthenticationFilter@39652a30, org.springframework.security.web.session.SessionManagementFilter@7b8ea1db, org.springframework.security.web.access.ExceptionTranslationFilter@3cb6e0ee, org.springframework.security.web.access.intercept.FilterSecurityInterceptor@565d7d2f]
2020-07-28 11:49:17,770 INFO org.springframework.scheduling.concurrent.ExecutorConfigurationSupport [main] Initializing ExecutorService 'clientInboundChannelExecutor'
2020-07-28 11:49:17,774 INFO org.springframework.scheduling.concurrent.ExecutorConfigurationSupport [main] Initializing ExecutorService 'clientOutboundChannelExecutor'
2020-07-28 11:49:17,782 INFO org.springframework.scheduling.concurrent.ExecutorConfigurationSupport [main] Initializing ExecutorService 'messageBrokerTaskScheduler'
2020-07-28 11:49:17,818 INFO org.springframework.scheduling.concurrent.ExecutorConfigurationSupport [main] Initializing ExecutorService 'brokerChannelExecutor'
2020-07-28 11:49:18,000 INFO org.springframework.boot.autoconfigure.web.servlet.WelcomePageHandlerMapping [main] Adding welcome page: class path resource [public/index.html]
2020-07-28 11:49:18,138 INFO org.apache.juli.logging.DirectJDKLog [main] Starting ProtocolHandler ["http-nio-3030"]
2020-07-28 11:49:18,176 INFO org.springframework.boot.web.embedded.tomcat.TomcatWebServer [main] Tomcat started on port(s): 3030 (http) with context path ''
2020-07-28 11:49:18,180 INFO org.springframework.core.log.CompositeLog [main] Starting...
2020-07-28 11:49:18,180 INFO org.springframework.core.log.CompositeLog [main] BrokerAvailabilityEvent[available=true, SimpleBrokerMessageHandler [DefaultSubscriptionRegistry[cache[0 destination(s)], registry[0 sessions]]]]
2020-07-28 11:49:18,180 INFO org.springframework.core.log.CompositeLog [main] Started.
2020-07-28 11:49:18,180 INFO org.springframework.data.repository.config.DeferredRepositoryInitializationListener [main] Triggering deferred initialization of Spring Data repositories…
2020-07-28 11:49:18,481 INFO org.springframework.data.repository.config.DeferredRepositoryInitializationListener [main] Spring Data repositories initialized!
2020-07-28 11:49:18,493 INFO org.springframework.boot.StartupInfoLogger [main] Started IdmFrontendApplication in 7.011 seconds (JVM running for 8.939)
2020-07-28 11:49:46,480 INFO org.apache.juli.logging.DirectJDKLog [http-nio-3030-exec-1] Initializing Spring DispatcherServlet 'dispatcherServlet'
2020-07-28 11:49:46,484 INFO org.springframework.web.servlet.FrameworkServlet [http-nio-3030-exec-1] Initializing Servlet 'dispatcherServlet'
2020-07-28 11:49:46,492 INFO org.springframework.web.servlet.FrameworkServlet [http-nio-3030-exec-1] Completed initialization in 8 ms
2020-07-28 11:49:48,098 INFO org.keycloak.adapters.KeycloakDeployment [http-nio-3030-exec-2] Loaded URLs from http://158.177.78.141:8080/auth/realms/idm-realm/.well-known/openid-configuration
2020-07-28 11:49:51,579 INFO com.ibm.snam.idm.controller.ViewController [http-nio-3030-exec-4] getting dashboard
2020-07-28 11:49:51,691 INFO net.sf.json.JSONObject [http-nio-3030-exec-4] Property 'items' of class org.apache.http.auth.AuthSchemeRegistry has no read method. SKIPPED
2020-07-28 11:49:51,704 INFO net.sf.json.JSONObject [http-nio-3030-exec-4] Property 'items' of class org.apache.http.conn.scheme.SchemeRegistry has no read method. SKIPPED
2020-07-28 11:49:51,713 INFO net.sf.json.JSONObject [http-nio-3030-exec-4] Property 'items' of class org.apache.http.cookie.CookieSpecRegistry has no read method. SKIPPED
2020-07-28 11:49:51,724 INFO net.sf.json.JSONObject [http-nio-3030-exec-4] Property 'keepAliveStrategy' of class org.apache.http.impl.client.DefaultHttpClient has no read method. SKIPPED
2020-07-28 11:49:51,759 INFO net.sf.json.JSONObject [http-nio-3030-exec-4] Property 'requestInterceptor' of class org.apache.http.impl.client.DefaultHttpClient has no read method. SKIPPED
2020-07-28 11:49:51,763 INFO net.sf.json.JSONObject [http-nio-3030-exec-4] Property 'responseInterceptor' of class org.apache.http.impl.client.DefaultHttpClient has no read method. SKIPPED
2020-07-28 11:49:51,763 INFO net.sf.json.JSONObject [http-nio-3030-exec-4] Property 'reuseStrategy' of class org.apache.http.impl.client.DefaultHttpClient has no read method. SKIPPED
2020-07-28 11:49:51,779 INFO net.sf.json.JSONObject [http-nio-3030-exec-4] Property 'ignoreOAuthQueryParameter' of class org.keycloak.adapters.KeycloakDeployment has no read method. SKIPPED
2020-07-28 11:49:51,783 INFO net.sf.json.JSONObject [http-nio-3030-exec-4] Property 'rewriteRedirectRules' of class org.keycloak.adapters.KeycloakDeployment has no read method. SKIPPED
2020-07-28 11:49:51,815 INFO net.sf.json.JSONObject [http-nio-3030-exec-4] Property 'items' of class org.apache.http.auth.AuthSchemeRegistry has no read method. SKIPPED
2020-07-28 11:49:51,816 INFO net.sf.json.JSONObject [http-nio-3030-exec-4] Property 'items' of class org.apache.http.conn.scheme.SchemeRegistry has no read method. SKIPPED
2020-07-28 11:49:51,817 INFO net.sf.json.JSONObject [http-nio-3030-exec-4] Property 'items' of class org.apache.http.cookie.CookieSpecRegistry has no read method. SKIPPED
2020-07-28 11:49:51,818 INFO net.sf.json.JSONObject [http-nio-3030-exec-4] Property 'keepAliveStrategy' of class org.apache.http.impl.client.DefaultHttpClient has no read method. SKIPPED
2020-07-28 11:49:51,819 INFO net.sf.json.JSONObject [http-nio-3030-exec-4] Property 'requestInterceptor' of class org.apache.http.impl.client.DefaultHttpClient has no read method. SKIPPED
2020-07-28 11:49:51,820 INFO net.sf.json.JSONObject [http-nio-3030-exec-4] Property 'responseInterceptor' of class org.apache.http.impl.client.DefaultHttpClient has no read method. SKIPPED
2020-07-28 11:49:51,820 INFO net.sf.json.JSONObject [http-nio-3030-exec-4] Property 'reuseStrategy' of class org.apache.http.impl.client.DefaultHttpClient has no read method. SKIPPED
2020-07-28 11:49:51,820 INFO net.sf.json.JSONObject [http-nio-3030-exec-4] Property 'ignoreOAuthQueryParameter' of class org.keycloak.adapters.KeycloakDeployment has no read method. SKIPPED
2020-07-28 11:49:51,820 INFO net.sf.json.JSONObject [http-nio-3030-exec-4] Property 'rewriteRedirectRules' of class org.keycloak.adapters.KeycloakDeployment has no read method. SKIPPED
2020-07-28 11:49:51,831 INFO net.sf.json.JSONObject [http-nio-3030-exec-4] Property 'items' of class org.apache.http.auth.AuthSchemeRegistry has no read method. SKIPPED
2020-07-28 11:49:51,831 INFO net.sf.json.JSONObject [http-nio-3030-exec-4] Property 'items' of class org.apache.http.conn.scheme.SchemeRegistry has no read method. SKIPPED
2020-07-28 11:49:51,831 INFO net.sf.json.JSONObject [http-nio-3030-exec-4] Property 'items' of class org.apache.http.cookie.CookieSpecRegistry has no read method. SKIPPED
2020-07-28 11:49:51,835 INFO net.sf.json.JSONObject [http-nio-3030-exec-4] Property 'keepAliveStrategy' of class org.apache.http.impl.client.DefaultHttpClient has no read method. SKIPPED
2020-07-28 11:49:51,835 INFO net.sf.json.JSONObject [http-nio-3030-exec-4] Property 'requestInterceptor' of class org.apache.http.impl.client.DefaultHttpClient has no read method. SKIPPED
2020-07-28 11:49:51,835 INFO net.sf.json.JSONObject [http-nio-3030-exec-4] Property 'responseInterceptor' of class org.apache.http.impl.client.DefaultHttpClient has no read method. SKIPPED
2020-07-28 11:49:51,839 INFO net.sf.json.JSONObject [http-nio-3030-exec-4] Property 'reuseStrategy' of class org.apache.http.impl.client.DefaultHttpClient has no read method. SKIPPED
2020-07-28 11:49:51,839 INFO net.sf.json.JSONObject [http-nio-3030-exec-4] Property 'ignoreOAuthQueryParameter' of class org.keycloak.adapters.KeycloakDeployment has no read method. SKIPPED
2020-07-28 11:49:51,839 INFO net.sf.json.JSONObject [http-nio-3030-exec-4] Property 'rewriteRedirectRules' of class org.keycloak.adapters.KeycloakDeployment has no read method. SKIPPED
2020-07-28 11:49:51,839 INFO net.sf.json.JSONObject [http-nio-3030-exec-4] Property 'items' of class org.apache.http.auth.AuthSchemeRegistry has no read method. SKIPPED
2020-07-28 11:49:51,843 INFO net.sf.json.JSONObject [http-nio-3030-exec-4] Property 'items' of class org.apache.http.conn.scheme.SchemeRegistry has no read method. SKIPPED
2020-07-28 11:49:51,843 INFO net.sf.json.JSONObject [http-nio-3030-exec-4] Property 'items' of class org.apache.http.cookie.CookieSpecRegistry has no read method. SKIPPED
2020-07-28 11:49:51,843 INFO net.sf.json.JSONObject [http-nio-3030-exec-4] Property 'keepAliveStrategy' of class org.apache.http.impl.client.DefaultHttpClient has no read method. SKIPPED
2020-07-28 11:49:51,843 INFO net.sf.json.JSONObject [http-nio-3030-exec-4] Property 'requestInterceptor' of class org.apache.http.impl.client.DefaultHttpClient has no read method. SKIPPED
2020-07-28 11:49:51,843 INFO net.sf.json.JSONObject [http-nio-3030-exec-4] Property 'responseInterceptor' of class org.apache.http.impl.client.DefaultHttpClient has no read method. SKIPPED
2020-07-28 11:49:51,843 INFO net.sf.json.JSONObject [http-nio-3030-exec-4] Property 'reuseStrategy' of class org.apache.http.impl.client.DefaultHttpClient has no read method. SKIPPED
2020-07-28 11:49:51,847 INFO net.sf.json.JSONObject [http-nio-3030-exec-4] Property 'ignoreOAuthQueryParameter' of class org.keycloak.adapters.KeycloakDeployment has no read method. SKIPPED
2020-07-28 11:49:51,847 INFO net.sf.json.JSONObject [http-nio-3030-exec-4] Property 'rewriteRedirectRules' of class org.keycloak.adapters.KeycloakDeployment has no read method. SKIPPED
2020-07-28 11:49:51,851 INFO net.sf.json.JSONObject [http-nio-3030-exec-4] Property 'items' of class org.apache.http.auth.AuthSchemeRegistry has no read method. SKIPPED
2020-07-28 11:49:51,851 INFO net.sf.json.JSONObject [http-nio-3030-exec-4] Property 'items' of class org.apache.http.conn.scheme.SchemeRegistry has no read method. SKIPPED
2020-07-28 11:49:51,851 INFO net.sf.json.JSONObject [http-nio-3030-exec-4] Property 'items' of class org.apache.http.cookie.CookieSpecRegistry has no read method. SKIPPED
2020-07-28 11:49:51,851 INFO net.sf.json.JSONObject [http-nio-3030-exec-4] Property 'keepAliveStrategy' of class org.apache.http.impl.client.DefaultHttpClient has no read method. SKIPPED
2020-07-28 11:49:51,851 INFO net.sf.json.JSONObject [http-nio-3030-exec-4] Property 'requestInterceptor' of class org.apache.http.impl.client.DefaultHttpClient has no read method. SKIPPED
2020-07-28 11:49:51,851 INFO net.sf.json.JSONObject [http-nio-3030-exec-4] Property 'responseInterceptor' of class org.apache.http.impl.client.DefaultHttpClient has no read method. SKIPPED
2020-07-28 11:49:51,855 INFO net.sf.json.JSONObject [http-nio-3030-exec-4] Property 'reuseStrategy' of class org.apache.http.impl.client.DefaultHttpClient has no read method. SKIPPED
2020-07-28 11:49:51,855 INFO net.sf.json.JSONObject [http-nio-3030-exec-4] Property 'ignoreOAuthQueryParameter' of class org.keycloak.adapters.KeycloakDeployment has no read method. SKIPPED
2020-07-28 11:49:51,855 INFO net.sf.json.JSONObject [http-nio-3030-exec-4] Property 'rewriteRedirectRules' of class org.keycloak.adapters.KeycloakDeployment has no read method. SKIPPED
2020-07-28 11:49:51,860 INFO net.sf.json.JSONObject [http-nio-3030-exec-4] Property 'items' of class org.apache.http.auth.AuthSchemeRegistry has no read method. SKIPPED
2020-07-28 11:49:51,860 INFO net.sf.json.JSONObject [http-nio-3030-exec-4] Property 'items' of class org.apache.http.conn.scheme.SchemeRegistry has no read method. SKIPPED
2020-07-28 11:49:51,860 INFO net.sf.json.JSONObject [http-nio-3030-exec-4] Property 'items' of class org.apache.http.cookie.CookieSpecRegistry has no read method. SKIPPED
2020-07-28 11:49:51,860 INFO net.sf.json.JSONObject [http-nio-3030-exec-4] Property 'keepAliveStrategy' of class org.apache.http.impl.client.DefaultHttpClient has no read method. SKIPPED
2020-07-28 11:49:51,860 INFO net.sf.json.JSONObject [http-nio-3030-exec-4] Property 'requestInterceptor' of class org.apache.http.impl.client.DefaultHttpClient has no read method. SKIPPED
2020-07-28 11:49:51,860 INFO net.sf.json.JSONObject [http-nio-3030-exec-4] Property 'responseInterceptor' of class org.apache.http.impl.client.DefaultHttpClient has no read method. SKIPPED
2020-07-28 11:49:51,864 INFO net.sf.json.JSONObject [http-nio-3030-exec-4] Property 'reuseStrategy' of class org.apache.http.impl.client.DefaultHttpClient has no read method. SKIPPED
2020-07-28 11:49:51,864 INFO net.sf.json.JSONObject [http-nio-3030-exec-4] Property 'ignoreOAuthQueryParameter' of class org.keycloak.adapters.KeycloakDeployment has no read method. SKIPPED
2020-07-28 11:49:51,864 INFO net.sf.json.JSONObject [http-nio-3030-exec-4] Property 'rewriteRedirectRules' of class org.keycloak.adapters.KeycloakDeployment has no read method. SKIPPED
2020-07-28 11:49:51,868 INFO com.ibm.snam.idm.controller.ViewController [http-nio-3030-exec-4] returning dashboard
2020-07-28 11:49:53,746 INFO com.ibm.snam.idm.controller.UserNotificationController [http-nio-3030-exec-9] getUserNotification -- INIT -- userId : RIDP86Z
2020-07-28 11:49:53,746 INFO com.ibm.snam.idm.service.UserNotificationService [http-nio-3030-exec-9] getUserNotification -- INIT --
2020-07-28 11:49:54,264 INFO com.ibm.snam.idm.service.UserNotificationService [http-nio-3030-exec-9] Found 3 notification(s) for user RIDP86Z
2020-07-28 11:49:54,268 INFO com.ibm.snam.idm.controller.UserNotificationController [http-nio-3030-exec-9] getUserNotification -- END -- userId : RIDP86Z
2020-07-28 11:49:57,273 INFO com.ibm.snam.idm.controller.ViewController [http-nio-3030-exec-3] getting bandiList
2020-07-28 11:49:57,276 INFO com.ibm.snam.idm.controller.ViewController [http-nio-3030-exec-3] returning bandiList
2020-07-28 11:49:57,814 INFO com.ibm.snam.idm.controller.UserNotificationController [http-nio-3030-exec-3] getUserNotification -- INIT -- userId : RIDP86Z
2020-07-28 11:49:57,814 INFO com.ibm.snam.idm.service.UserNotificationService [http-nio-3030-exec-3] getUserNotification -- INIT --
2020-07-28 11:49:58,076 INFO com.ibm.snam.idm.service.UserNotificationService [http-nio-3030-exec-3] Found 3 notification(s) for user RIDP86Z
2020-07-28 11:49:58,077 INFO com.ibm.snam.idm.controller.UserNotificationController [http-nio-3030-exec-3] getUserNotification -- END -- userId : RIDP86Z
2020-07-28 11:50:09,969 INFO com.ibm.snam.idm.controller.ViewController [http-nio-3030-exec-1] getting garaOverview
2020-07-28 11:50:09,969 INFO com.ibm.snam.idm.controller.ViewController [http-nio-3030-exec-1] returning garaOverview
2020-07-28 11:50:10,587 INFO com.ibm.snam.idm.controller.UserNotificationController [http-nio-3030-exec-4] getUserNotification -- INIT -- userId : RIDP86Z
2020-07-28 11:50:10,587 INFO com.ibm.snam.idm.service.UserNotificationService [http-nio-3030-exec-4] getUserNotification -- INIT --
2020-07-28 11:50:10,591 INFO com.ibm.snam.idm.microservices.BackendMicroservice [http-nio-3030-exec-10] getSuppliersByTenderId -- INIT --
2020-07-28 11:50:10,607 INFO com.ibm.snam.idm.microservices.BackendMicroservice [http-nio-3030-exec-10] calling url : http://158.177.78.138:8080/tender/5f1ff05a19498a5f0f008760/suppliers
2020-07-28 11:50:10,839 INFO com.ibm.snam.idm.service.UserNotificationService [http-nio-3030-exec-4] Found 3 notification(s) for user RIDP86Z
2020-07-28 11:50:10,839 INFO com.ibm.snam.idm.controller.UserNotificationController [http-nio-3030-exec-4] getUserNotification -- END -- userId : RIDP86Z
2020-07-28 11:50:10,847 INFO com.ibm.snam.idm.microservices.BackendMicroservice [http-nio-3030-exec-10] getSuppliersByTenderId -- END --
2020-07-28 11:50:10,860 INFO com.ibm.snam.idm.microservices.BackendMicroservice [http-nio-3030-exec-3] getSuppliersByTenderId -- INIT --
2020-07-28 11:50:10,863 INFO com.ibm.snam.idm.microservices.BackendMicroservice [http-nio-3030-exec-3] calling url : http://158.177.78.138:8080/tender/5f1ff05a19498a5f0f008760/suppliers
2020-07-28 11:50:10,964 INFO com.ibm.snam.idm.microservices.BackendMicroservice [http-nio-3030-exec-3] getSuppliersByTenderId -- END --
2020-07-28 11:50:17,820 INFO org.springframework.web.socket.config.WebSocketMessageBrokerStats [MessageBroker-5] WebSocketSession[3 current WS(3)-HttpStream(0)-HttpPoll(0), 9 total, 0 closed abnormally (0 connect failure, 0 send limit, 0 transport error)], stompSubProtocol[processed CONNECT(9)-CONNECTED(9)-DISCONNECT(0)], stompBrokerRelay[null], inboundChannel[pool size = 16, active threads = 0, queued tasks = 0, completed tasks = 153], outboundChannel[pool size = 15, active threads = 0, queued tasks = 0, completed tasks = 15], sockJsScheduler[pool size = 8, active threads = 1, queued tasks = 6, completed tasks = 15]
2020-07-28 11:50:53,484 INFO com.ibm.snam.idm.controller.ViewController [http-nio-3030-exec-1] getting fornitoreOverview
2020-07-28 11:50:53,485 INFO com.ibm.snam.idm.controller.ViewController [http-nio-3030-exec-1] returning fornitoreOverview
2020-07-28 11:50:54,333 INFO com.ibm.snam.idm.controller.UserNotificationController [http-nio-3030-exec-4] getUserNotification -- INIT -- userId : RIDP86Z
2020-07-28 11:50:54,333 INFO com.ibm.snam.idm.service.UserNotificationService [http-nio-3030-exec-4] getUserNotification -- INIT --
2020-07-28 11:50:54,582 INFO com.ibm.snam.idm.service.UserNotificationService [http-nio-3030-exec-4] Found 3 notification(s) for user RIDP86Z
2020-07-28 11:50:54,582 INFO com.ibm.snam.idm.controller.UserNotificationController [http-nio-3030-exec-4] getUserNotification -- END -- userId : RIDP86Z
2020-07-28 11:51:04,442 INFO com.ibm.snam.idm.controller.ViewController [http-nio-3030-exec-1] getting bandiList
2020-07-28 11:51:04,442 INFO com.ibm.snam.idm.controller.ViewController [http-nio-3030-exec-1] returning bandiList
2020-07-28 11:51:04,888 INFO com.ibm.snam.idm.controller.UserNotificationController [http-nio-3030-exec-3] getUserNotification -- INIT -- userId : RIDP86Z
2020-07-28 11:51:04,888 INFO com.ibm.snam.idm.service.UserNotificationService [http-nio-3030-exec-3] getUserNotification -- INIT --
2020-07-28 11:51:05,125 INFO com.ibm.snam.idm.service.UserNotificationService [http-nio-3030-exec-3] Found 3 notification(s) for user RIDP86Z
2020-07-28 11:51:05,125 INFO com.ibm.snam.idm.controller.UserNotificationController [http-nio-3030-exec-3] getUserNotification -- END -- userId : RIDP86Z
2020-07-28 11:51:10,096 INFO com.ibm.snam.idm.controller.ViewController [http-nio-3030-exec-2] getting garaOverview
2020-07-28 11:51:10,100 INFO com.ibm.snam.idm.controller.ViewController [http-nio-3030-exec-2] returning garaOverview
2020-07-28 11:51:10,459 INFO com.ibm.snam.idm.microservices.BackendMicroservice [http-nio-3030-exec-7] getSuppliersByTenderId -- INIT --
2020-07-28 11:51:10,459 INFO com.ibm.snam.idm.controller.UserNotificationController [http-nio-3030-exec-6] getUserNotification -- INIT -- userId : RIDP86Z
2020-07-28 11:51:10,461 INFO com.ibm.snam.idm.service.UserNotificationService [http-nio-3030-exec-6] getUserNotification -- INIT --
2020-07-28 11:51:10,466 INFO com.ibm.snam.idm.microservices.BackendMicroservice [http-nio-3030-exec-7] calling url : http://158.177.78.138:8080/tender/5f1f2c981b60712d17c46c00/suppliers
2020-07-28 11:51:10,676 INFO com.ibm.snam.idm.microservices.BackendMicroservice [http-nio-3030-exec-7] getSuppliersByTenderId -- END --
2020-07-28 11:51:10,680 INFO com.ibm.snam.idm.microservices.BackendMicroservice [http-nio-3030-exec-2] getSuppliersByTenderId -- INIT --
2020-07-28 11:51:10,688 INFO com.ibm.snam.idm.microservices.BackendMicroservice [http-nio-3030-exec-2] calling url : http://158.177.78.138:8080/tender/5f1f2c981b60712d17c46c00/suppliers
2020-07-28 11:51:10,704 INFO com.ibm.snam.idm.service.UserNotificationService [http-nio-3030-exec-6] Found 3 notification(s) for user RIDP86Z
2020-07-28 11:51:10,706 INFO com.ibm.snam.idm.controller.UserNotificationController [http-nio-3030-exec-6] getUserNotification -- END -- userId : RIDP86Z
2020-07-28 11:51:10,784 INFO com.ibm.snam.idm.microservices.BackendMicroservice [http-nio-3030-exec-2] getSuppliersByTenderId -- END --
2020-07-28 11:51:15,488 INFO com.ibm.snam.idm.controller.ViewController [http-nio-3030-exec-4] getting fornitoreOverview
2020-07-28 11:51:15,492 INFO com.ibm.snam.idm.controller.ViewController [http-nio-3030-exec-4] returning fornitoreOverview
2020-07-28 11:51:15,910 INFO com.ibm.snam.idm.controller.UserNotificationController [http-nio-3030-exec-2] getUserNotification -- INIT -- userId : RIDP86Z
2020-07-28 11:51:15,914 INFO com.ibm.snam.idm.service.UserNotificationService [http-nio-3030-exec-2] getUserNotification -- INIT --
2020-07-28 11:51:16,162 INFO com.ibm.snam.idm.service.UserNotificationService [http-nio-3030-exec-2] Found 3 notification(s) for user RIDP86Z
2020-07-28 11:51:16,162 INFO com.ibm.snam.idm.controller.UserNotificationController [http-nio-3030-exec-2] getUserNotification -- END -- userId : RIDP86Z
2020-07-28 11:51:52,958 INFO com.ibm.snam.idm.controller.ViewController [http-nio-3030-exec-5] getting garaOverview
2020-07-28 11:51:52,958 INFO com.ibm.snam.idm.controller.ViewController [http-nio-3030-exec-5] returning garaOverview
2020-07-28 11:51:53,386 INFO com.ibm.snam.idm.controller.UserNotificationController [http-nio-3030-exec-3] getUserNotification -- INIT -- userId : RIDP86Z
2020-07-28 11:51:53,386 INFO com.ibm.snam.idm.service.UserNotificationService [http-nio-3030-exec-3] getUserNotification -- INIT --
2020-07-28 11:51:53,386 INFO com.ibm.snam.idm.microservices.BackendMicroservice [http-nio-3030-exec-6] getSuppliersByTenderId -- INIT --
2020-07-28 11:51:53,390 INFO com.ibm.snam.idm.microservices.BackendMicroservice [http-nio-3030-exec-6] calling url : http://158.177.78.138:8080/tender/5f1f2c981b60712d17c46c00/suppliers
2020-07-28 11:51:53,566 INFO com.ibm.snam.idm.microservices.BackendMicroservice [http-nio-3030-exec-6] getSuppliersByTenderId -- END --
2020-07-28 11:51:53,574 INFO com.ibm.snam.idm.microservices.BackendMicroservice [http-nio-3030-exec-4] getSuppliersByTenderId -- INIT --
2020-07-28 11:51:53,576 INFO com.ibm.snam.idm.microservices.BackendMicroservice [http-nio-3030-exec-4] calling url : http://158.177.78.138:8080/tender/5f1f2c981b60712d17c46c00/suppliers
2020-07-28 11:51:53,634 INFO com.ibm.snam.idm.service.UserNotificationService [http-nio-3030-exec-3] Found 3 notification(s) for user RIDP86Z
2020-07-28 11:51:53,634 INFO com.ibm.snam.idm.controller.UserNotificationController [http-nio-3030-exec-3] getUserNotification -- END -- userId : RIDP86Z
2020-07-28 11:51:53,678 INFO com.ibm.snam.idm.microservices.BackendMicroservice [http-nio-3030-exec-4] getSuppliersByTenderId -- END --
2020-07-28 11:52:11,214 INFO com.ibm.snam.idm.controller.ViewController [http-nio-3030-exec-7] getting bandiList
2020-07-28 11:52:11,214 INFO com.ibm.snam.idm.controller.ViewController [http-nio-3030-exec-7] returning bandiList
2020-07-28 11:52:11,580 INFO com.ibm.snam.idm.controller.UserNotificationController [http-nio-3030-exec-1] getUserNotification -- INIT -- userId : RIDP86Z
2020-07-28 11:52:11,584 INFO com.ibm.snam.idm.service.UserNotificationService [http-nio-3030-exec-1] getUserNotification -- INIT --
2020-07-28 11:52:11,838 INFO com.ibm.snam.idm.service.UserNotificationService [http-nio-3030-exec-1] Found 3 notification(s) for user RIDP86Z
2020-07-28 11:52:11,838 INFO com.ibm.snam.idm.controller.UserNotificationController [http-nio-3030-exec-1] getUserNotification -- END -- userId : RIDP86Z
2020-07-28 11:52:14,928 INFO com.ibm.snam.idm.controller.ViewController [http-nio-3030-exec-3] getting garaOverview
2020-07-28 11:52:14,928 INFO com.ibm.snam.idm.controller.ViewController [http-nio-3030-exec-3] returning garaOverview
2020-07-28 11:52:15,262 INFO com.ibm.snam.idm.microservices.BackendMicroservice [http-nio-3030-exec-7] getSuppliersByTenderId -- INIT --
2020-07-28 11:52:15,266 INFO com.ibm.snam.idm.controller.UserNotificationController [http-nio-3030-exec-1] getUserNotification -- INIT -- userId : RIDP86Z
2020-07-28 11:52:15,266 INFO com.ibm.snam.idm.service.UserNotificationService [http-nio-3030-exec-1] getUserNotification -- INIT --
2020-07-28 11:52:15,272 INFO com.ibm.snam.idm.microservices.BackendMicroservice [http-nio-3030-exec-7] calling url : http://158.177.78.138:8080/tender/5f1ff05a19498a5f0f008760/suppliers
2020-07-28 11:52:15,473 INFO com.ibm.snam.idm.microservices.BackendMicroservice [http-nio-3030-exec-7] getSuppliersByTenderId -- END --
2020-07-28 11:52:15,480 INFO com.ibm.snam.idm.microservices.BackendMicroservice [http-nio-3030-exec-6] getSuppliersByTenderId -- INIT --
2020-07-28 11:52:15,484 INFO com.ibm.snam.idm.microservices.BackendMicroservice [http-nio-3030-exec-6] calling url : http://158.177.78.138:8080/tender/5f1ff05a19498a5f0f008760/suppliers
2020-07-28 11:52:15,534 INFO com.ibm.snam.idm.service.UserNotificationService [http-nio-3030-exec-1] Found 3 notification(s) for user RIDP86Z
2020-07-28 11:52:15,534 INFO com.ibm.snam.idm.controller.UserNotificationController [http-nio-3030-exec-1] getUserNotification -- END -- userId : RIDP86Z
2020-07-28 11:52:15,580 INFO com.ibm.snam.idm.microservices.BackendMicroservice [http-nio-3030-exec-6] getSuppliersByTenderId -- END --
2020-07-28 11:52:44,684 INFO com.ibm.snam.idm.controller.ViewController [http-nio-3030-exec-3] getting bandiList
2020-07-28 11:52:44,684 INFO com.ibm.snam.idm.controller.ViewController [http-nio-3030-exec-3] returning bandiList
2020-07-28 11:52:45,080 INFO com.ibm.snam.idm.controller.UserNotificationController [http-nio-3030-exec-2] getUserNotification -- INIT -- userId : RIDP86Z
2020-07-28 11:52:45,080 INFO com.ibm.snam.idm.service.UserNotificationService [http-nio-3030-exec-2] getUserNotification -- INIT --
2020-07-28 11:52:45,381 INFO com.ibm.snam.idm.service.UserNotificationService [http-nio-3030-exec-2] Found 3 notification(s) for user RIDP86Z
2020-07-28 11:52:45,381 INFO com.ibm.snam.idm.controller.UserNotificationController [http-nio-3030-exec-2] getUserNotification -- END -- userId : RIDP86Z
2020-07-28 11:52:57,782 INFO com.ibm.snam.idm.controller.ViewController [http-nio-3030-exec-10] getting garaOverview
2020-07-28 11:52:57,782 INFO com.ibm.snam.idm.controller.ViewController [http-nio-3030-exec-10] returning garaOverview
2020-07-28 11:52:58,140 INFO com.ibm.snam.idm.microservices.BackendMicroservice [http-nio-3030-exec-3] getSuppliersByTenderId -- INIT --
2020-07-28 11:52:58,140 INFO com.ibm.snam.idm.controller.UserNotificationController [http-nio-3030-exec-1] getUserNotification -- INIT -- userId : RIDP86Z
2020-07-28 11:52:58,140 INFO com.ibm.snam.idm.service.UserNotificationService [http-nio-3030-exec-1] getUserNotification -- INIT --
2020-07-28 11:52:58,144 INFO com.ibm.snam.idm.microservices.BackendMicroservice [http-nio-3030-exec-3] calling url : http://158.177.78.138:8080/tender/5f1ff05a19498a5f0f008760/suppliers
2020-07-28 11:52:58,324 INFO com.ibm.snam.idm.microservices.BackendMicroservice [http-nio-3030-exec-3] getSuppliersByTenderId -- END --
2020-07-28 11:52:58,332 INFO com.ibm.snam.idm.microservices.BackendMicroservice [http-nio-3030-exec-9] getSuppliersByTenderId -- INIT --
2020-07-28 11:52:58,336 INFO com.ibm.snam.idm.microservices.BackendMicroservice [http-nio-3030-exec-9] calling url : http://158.177.78.138:8080/tender/5f1ff05a19498a5f0f008760/suppliers
2020-07-28 11:52:58,387 INFO com.ibm.snam.idm.service.UserNotificationService [http-nio-3030-exec-1] Found 3 notification(s) for user RIDP86Z
2020-07-28 11:52:58,388 INFO com.ibm.snam.idm.controller.UserNotificationController [http-nio-3030-exec-1] getUserNotification -- END -- userId : RIDP86Z
2020-07-28 11:52:58,449 INFO com.ibm.snam.idm.microservices.BackendMicroservice [http-nio-3030-exec-9] getSuppliersByTenderId -- END --
2020-07-28 11:53:29,006 INFO com.ibm.snam.idm.controller.ViewController [http-nio-3030-exec-7] getting fornitoreOverview
2020-07-28 11:53:29,006 INFO com.ibm.snam.idm.controller.ViewController [http-nio-3030-exec-7] returning fornitoreOverview
2020-07-28 11:53:29,389 INFO com.ibm.snam.idm.controller.UserNotificationController [http-nio-3030-exec-4] getUserNotification -- INIT -- userId : RIDP86Z
2020-07-28 11:53:29,389 INFO com.ibm.snam.idm.service.UserNotificationService [http-nio-3030-exec-4] getUserNotification -- INIT --
2020-07-28 11:53:29,643 INFO com.ibm.snam.idm.service.UserNotificationService [http-nio-3030-exec-4] Found 3 notification(s) for user RIDP86Z
2020-07-28 11:53:29,644 INFO com.ibm.snam.idm.controller.UserNotificationController [http-nio-3030-exec-4] getUserNotification -- END -- userId : RIDP86Z
2020-07-28 11:55:36,187 INFO com.ibm.snam.idm.controller.ViewController [http-nio-3030-exec-4] getting dashboard
2020-07-28 11:55:36,187 INFO net.sf.json.JSONObject [http-nio-3030-exec-4] Property 'items' of class org.apache.http.auth.AuthSchemeRegistry has no read method. SKIPPED
2020-07-28 11:55:36,191 INFO net.sf.json.JSONObject [http-nio-3030-exec-4] Property 'items' of class org.apache.http.conn.scheme.SchemeRegistry has no read method. SKIPPED
2020-07-28 11:55:36,191 INFO net.sf.json.JSONObject [http-nio-3030-exec-4] Property 'items' of class org.apache.http.cookie.CookieSpecRegistry has no read method. SKIPPED
2020-07-28 11:55:36,191 INFO net.sf.json.JSONObject [http-nio-3030-exec-4] Property 'keepAliveStrategy' of class org.apache.http.impl.client.DefaultHttpClient has no read method. SKIPPED
2020-07-28 11:55:36,191 INFO net.sf.json.JSONObject [http-nio-3030-exec-4] Property 'requestInterceptor' of class org.apache.http.impl.client.DefaultHttpClient has no read method. SKIPPED
2020-07-28 11:55:36,191 INFO net.sf.json.JSONObject [http-nio-3030-exec-4] Property 'responseInterceptor' of class org.apache.http.impl.client.DefaultHttpClient has no read method. SKIPPED
2020-07-28 11:55:36,191 INFO net.sf.json.JSONObject [http-nio-3030-exec-4] Property 'reuseStrategy' of class org.apache.http.impl.client.DefaultHttpClient has no read method. SKIPPED
2020-07-28 11:55:36,191 INFO net.sf.json.JSONObject [http-nio-3030-exec-4] Property 'ignoreOAuthQueryParameter' of class org.keycloak.adapters.KeycloakDeployment has no read method. SKIPPED
2020-07-28 11:55:36,191 INFO net.sf.json.JSONObject [http-nio-3030-exec-4] Property 'rewriteRedirectRules' of class org.keycloak.adapters.KeycloakDeployment has no read method. SKIPPED
2020-07-28 11:55:36,195 INFO net.sf.json.JSONObject [http-nio-3030-exec-4] Property 'items' of class org.apache.http.auth.AuthSchemeRegistry has no read method. SKIPPED
2020-07-28 11:55:36,195 INFO net.sf.json.JSONObject [http-nio-3030-exec-4] Property 'items' of class org.apache.http.conn.scheme.SchemeRegistry has no read method. SKIPPED
2020-07-28 11:55:36,195 INFO net.sf.json.JSONObject [http-nio-3030-exec-4] Property 'items' of class org.apache.http.cookie.CookieSpecRegistry has no read method. SKIPPED
2020-07-28 11:55:36,195 INFO net.sf.json.JSONObject [http-nio-3030-exec-4] Property 'keepAliveStrategy' of class org.apache.http.impl.client.DefaultHttpClient has no read method. SKIPPED
2020-07-28 11:55:36,195 INFO net.sf.json.JSONObject [http-nio-3030-exec-4] Property 'requestInterceptor' of class org.apache.http.impl.client.DefaultHttpClient has no read method. SKIPPED
2020-07-28 11:55:36,195 INFO net.sf.json.JSONObject [http-nio-3030-exec-4] Property 'responseInterceptor' of class org.apache.http.impl.client.DefaultHttpClient has no read method. SKIPPED
2020-07-28 11:55:36,195 INFO net.sf.json.JSONObject [http-nio-3030-exec-4] Property 'reuseStrategy' of class org.apache.http.impl.client.DefaultHttpClient has no read method. SKIPPED
2020-07-28 11:55:36,199 INFO net.sf.json.JSONObject [http-nio-3030-exec-4] Property 'ignoreOAuthQueryParameter' of class org.keycloak.adapters.KeycloakDeployment has no read method. SKIPPED
2020-07-28 11:55:36,199 INFO net.sf.json.JSONObject [http-nio-3030-exec-4] Property 'rewriteRedirectRules' of class org.keycloak.adapters.KeycloakDeployment has no read method. SKIPPED
2020-07-28 11:55:36,207 INFO net.sf.json.JSONObject [http-nio-3030-exec-4] Property 'items' of class org.apache.http.auth.AuthSchemeRegistry has no read method. SKIPPED
2020-07-28 11:55:36,207 INFO net.sf.json.JSONObject [http-nio-3030-exec-4] Property 'items' of class org.apache.http.conn.scheme.SchemeRegistry has no read method. SKIPPED
2020-07-28 11:55:36,207 INFO net.sf.json.JSONObject [http-nio-3030-exec-4] Property 'items' of class org.apache.http.cookie.CookieSpecRegistry has no read method. SKIPPED
2020-07-28 11:55:36,211 INFO net.sf.json.JSONObject [http-nio-3030-exec-4] Property 'keepAliveStrategy' of class org.apache.http.impl.client.DefaultHttpClient has no read method. SKIPPED
2020-07-28 11:55:36,211 INFO net.sf.json.JSONObject [http-nio-3030-exec-4] Property 'requestInterceptor' of class org.apache.http.impl.client.DefaultHttpClient has no read method. SKIPPED
2020-07-28 11:55:36,211 INFO net.sf.json.JSONObject [http-nio-3030-exec-4] Property 'responseInterceptor' of class org.apache.http.impl.client.DefaultHttpClient has no read method. SKIPPED
2020-07-28 11:55:36,211 INFO net.sf.json.JSONObject [http-nio-3030-exec-4] Property 'reuseStrategy' of class org.apache.http.impl.client.DefaultHttpClient has no read method. SKIPPED
2020-07-28 11:55:36,211 INFO net.sf.json.JSONObject [http-nio-3030-exec-4] Property 'ignoreOAuthQueryParameter' of class org.keycloak.adapters.KeycloakDeployment has no read method. SKIPPED
2020-07-28 11:55:36,211 INFO net.sf.json.JSONObject [http-nio-3030-exec-4] Property 'rewriteRedirectRules' of class org.keycloak.adapters.KeycloakDeployment has no read method. SKIPPED
2020-07-28 11:55:36,215 INFO net.sf.json.JSONObject [http-nio-3030-exec-4] Property 'items' of class org.apache.http.auth.AuthSchemeRegistry has no read method. SKIPPED
2020-07-28 11:55:36,215 INFO net.sf.json.JSONObject [http-nio-3030-exec-4] Property 'items' of class org.apache.http.conn.scheme.SchemeRegistry has no read method. SKIPPED
2020-07-28 11:55:36,215 INFO net.sf.json.JSONObject [http-nio-3030-exec-4] Property 'items' of class org.apache.http.cookie.CookieSpecRegistry has no read method. SKIPPED
2020-07-28 11:55:36,215 INFO net.sf.json.JSONObject [http-nio-3030-exec-4] Property 'keepAliveStrategy' of class org.apache.http.impl.client.DefaultHttpClient has no read method. SKIPPED
2020-07-28 11:55:36,215 INFO net.sf.json.JSONObject [http-nio-3030-exec-4] Property 'requestInterceptor' of class org.apache.http.impl.client.DefaultHttpClient has no read method. SKIPPED
2020-07-28 11:55:36,215 INFO net.sf.json.JSONObject [http-nio-3030-exec-4] Property 'responseInterceptor' of class org.apache.http.impl.client.DefaultHttpClient has no read method. SKIPPED
2020-07-28 11:55:36,215 INFO net.sf.json.JSONObject [http-nio-3030-exec-4] Property 'reuseStrategy' of class org.apache.http.impl.client.DefaultHttpClient has no read method. SKIPPED
2020-07-28 11:55:36,215 INFO net.sf.json.JSONObject [http-nio-3030-exec-4] Property 'ignoreOAuthQueryParameter' of class org.keycloak.adapters.KeycloakDeployment has no read method. SKIPPED
2020-07-28 11:55:36,215 INFO net.sf.json.JSONObject [http-nio-3030-exec-4] Property 'rewriteRedirectRules' of class org.keycloak.adapters.KeycloakDeployment has no read method. SKIPPED
2020-07-28 11:55:36,219 INFO net.sf.json.JSONObject [http-nio-3030-exec-4] Property 'items' of class org.apache.http.auth.AuthSchemeRegistry has no read method. SKIPPED
2020-07-28 11:55:36,219 INFO net.sf.json.JSONObject [http-nio-3030-exec-4] Property 'items' of class org.apache.http.conn.scheme.SchemeRegistry has no read method. SKIPPED
2020-07-28 11:55:36,219 INFO net.sf.json.JSONObject [http-nio-3030-exec-4] Property 'items' of class org.apache.http.cookie.CookieSpecRegistry has no read method. SKIPPED
2020-07-28 11:55:36,219 INFO net.sf.json.JSONObject [http-nio-3030-exec-4] Property 'keepAliveStrategy' of class org.apache.http.impl.client.DefaultHttpClient has no read method. SKIPPED
2020-07-28 11:55:36,219 INFO net.sf.json.JSONObject [http-nio-3030-exec-4] Property 'requestInterceptor' of class org.apache.http.impl.client.DefaultHttpClient has no read method. SKIPPED
2020-07-28 11:55:36,219 INFO net.sf.json.JSONObject [http-nio-3030-exec-4] Property 'responseInterceptor' of class org.apache.http.impl.client.DefaultHttpClient has no read method. SKIPPED
2020-07-28 11:55:36,219 INFO net.sf.json.JSONObject [http-nio-3030-exec-4] Property 'reuseStrategy' of class org.apache.http.impl.client.DefaultHttpClient has no read method. SKIPPED
2020-07-28 11:55:36,219 INFO net.sf.json.JSONObject [http-nio-3030-exec-4] Property 'ignoreOAuthQueryParameter' of class org.keycloak.adapters.KeycloakDeployment has no read method. SKIPPED
2020-07-28 11:55:36,219 INFO net.sf.json.JSONObject [http-nio-3030-exec-4] Property 'rewriteRedirectRules' of class org.keycloak.adapters.KeycloakDeployment has no read method. SKIPPED
2020-07-28 11:55:36,223 INFO net.sf.json.JSONObject [http-nio-3030-exec-4] Property 'items' of class org.apache.http.auth.AuthSchemeRegistry has no read method. SKIPPED
2020-07-28 11:55:36,223 INFO net.sf.json.JSONObject [http-nio-3030-exec-4] Property 'items' of class org.apache.http.conn.scheme.SchemeRegistry has no read method. SKIPPED
2020-07-28 11:55:36,223 INFO net.sf.json.JSONObject [http-nio-3030-exec-4] Property 'items' of class org.apache.http.cookie.CookieSpecRegistry has no read method. SKIPPED
2020-07-28 11:55:36,223 INFO net.sf.json.JSONObject [http-nio-3030-exec-4] Property 'keepAliveStrategy' of class org.apache.http.impl.client.DefaultHttpClient has no read method. SKIPPED
2020-07-28 11:55:36,227 INFO net.sf.json.JSONObject [http-nio-3030-exec-4] Property 'requestInterceptor' of class org.apache.http.impl.client.DefaultHttpClient has no read method. SKIPPED
2020-07-28 11:55:36,227 INFO net.sf.json.JSONObject [http-nio-3030-exec-4] Property 'responseInterceptor' of class org.apache.http.impl.client.DefaultHttpClient has no read method. SKIPPED
2020-07-28 11:55:36,227 INFO net.sf.json.JSONObject [http-nio-3030-exec-4] Property 'reuseStrategy' of class org.apache.http.impl.client.DefaultHttpClient has no read method. SKIPPED
2020-07-28 11:55:36,227 INFO net.sf.json.JSONObject [http-nio-3030-exec-4] Property 'ignoreOAuthQueryParameter' of class org.keycloak.adapters.KeycloakDeployment has no read method. SKIPPED
2020-07-28 11:55:36,227 INFO net.sf.json.JSONObject [http-nio-3030-exec-4] Property 'rewriteRedirectRules' of class org.keycloak.adapters.KeycloakDeployment has no read method. SKIPPED
2020-07-28 11:55:36,231 INFO com.ibm.snam.idm.controller.ViewController [http-nio-3030-exec-4] returning dashboard
2020-07-28 11:55:36,679 INFO com.ibm.snam.idm.controller.UserNotificationController [http-nio-3030-exec-5] getUserNotification -- INIT -- userId : RIDP86Z
2020-07-28 11:55:36,679 INFO com.ibm.snam.idm.service.UserNotificationService [http-nio-3030-exec-5] getUserNotification -- INIT --
2020-07-28 11:55:36,966 INFO com.ibm.snam.idm.service.UserNotificationService [http-nio-3030-exec-5] Found 3 notification(s) for user RIDP86Z
2020-07-28 11:55:36,966 INFO com.ibm.snam.idm.controller.UserNotificationController [http-nio-3030-exec-5] getUserNotification -- END -- userId : RIDP86Z
