2020-09-07 10:29:09,720 INFO org.springframework.boot.StartupInfoLogger [main] Starting IdmFrontendApplication on DESKTOP-D7RNNC6 with PID 12084 (C:\progetti\Legal_IDM\workspace\idm-frontend\target\classes started by PietroGerace in C:\progetti\Legal_IDM\workspace\idm-frontend)
2020-09-07 10:29:09,725 INFO org.springframework.boot.SpringApplication [main] No active profile set, falling back to default profiles: default
2020-09-07 10:29:10,446 INFO org.springframework.data.repository.config.RepositoryConfigurationDelegate [main] Bootstrapping Spring Data JPA repositories in DEFERRED mode.
2020-09-07 10:29:10,501 INFO org.springframework.data.repository.config.RepositoryConfigurationDelegate [main] Finished Spring Data repository scanning in 47ms. Found 1 JPA repository interfaces.
2020-09-07 10:29:10,950 INFO org.springframework.boot.web.embedded.tomcat.TomcatWebServer [main] Tomcat initialized with port(s): 3030 (http)
2020-09-07 10:29:10,956 INFO org.apache.juli.logging.DirectJDKLog [main] Initializing ProtocolHandler ["http-nio-3030"]
2020-09-07 10:29:10,956 INFO org.apache.juli.logging.DirectJDKLog [main] Starting service [Tomcat]
2020-09-07 10:29:10,956 INFO org.apache.juli.logging.DirectJDKLog [main] Starting Servlet engine: [Apache Tomcat/9.0.36]
2020-09-07 10:29:11,287 INFO org.apache.juli.logging.DirectJDKLog [main] At least one JAR was scanned for TLDs yet contained no TLDs. Enable debug logging for this logger for a complete list of JARs that were scanned but no TLDs were found in them. Skipping unneeded JARs during scanning can improve startup time and JSP compilation time.
2020-09-07 10:29:11,291 INFO org.apache.juli.logging.DirectJDKLog [main] Initializing Spring embedded WebApplicationContext
2020-09-07 10:29:11,291 INFO org.springframework.boot.web.servlet.context.ServletWebServerApplicationContext [main] Root WebApplicationContext: initialization completed in 1529 ms
2020-09-07 10:29:11,345 WARN org.springframework.boot.autoconfigure.orm.jpa.JpaBaseConfiguration$JpaWebConfiguration [main] spring.jpa.open-in-view is enabled by default. Therefore, database queries may be performed during view rendering. Explicitly configure spring.jpa.open-in-view to disable this warning
2020-09-07 10:29:11,352 INFO com.ibm.snam.idm.datasource.DatasourceConfiguration [main] Connecting to Datasource....
2020-09-07 10:29:11,352 INFO com.ibm.snam.idm.datasource.DatasourceConfiguration [main] Connected to Datasource - url : jdbc:db2://dashdb-txn-flex-yp-fra02-566.services.eu-de.bluemix.net:50000/BLUDB
2020-09-07 10:29:11,422 INFO com.zaxxer.hikari.HikariDataSource [main] HikariPool-1 - Starting...
2020-09-07 10:29:11,852 INFO com.zaxxer.hikari.HikariDataSource [main] HikariPool-1 - Start completed.
2020-09-07 10:29:11,975 INFO org.hibernate.jpa.internal.util.LogHelper [main] HHH000204: Processing PersistenceUnitInfo [name: default]
2020-09-07 10:29:12,013 INFO org.hibernate.Version [main] HHH000412: Hibernate ORM core version 5.4.17.Final
2020-09-07 10:29:12,142 INFO org.hibernate.annotations.common.reflection.java.JavaReflectionManager [main] HCANN000001: Hibernate Commons Annotations {5.1.0.Final}
2020-09-07 10:29:12,337 INFO org.hibernate.dialect.Dialect [main] HHH000400: Using dialect: org.hibernate.dialect.DB2Dialect
2020-09-07 10:29:13,434 INFO org.hibernate.engine.transaction.jta.platform.internal.JtaPlatformInitiator [main] HHH000490: Using JtaPlatform implementation: [org.hibernate.engine.transaction.jta.platform.internal.NoJtaPlatform]
2020-09-07 10:29:13,441 INFO org.springframework.orm.jpa.AbstractEntityManagerFactoryBean [main] Initialized JPA EntityManagerFactory for persistence unit 'default'
2020-09-07 10:29:13,836 INFO org.springframework.security.web.DefaultSecurityFilterChain [main] Creating filter chain: any request, [org.springframework.security.web.context.request.async.WebAsyncManagerIntegrationFilter@54f6b629, org.springframework.security.web.context.SecurityContextPersistenceFilter@13278a41, org.springframework.security.web.header.HeaderWriterFilter@57cabdc3, org.keycloak.adapters.springsecurity.filter.KeycloakPreAuthActionsFilter@1c98b4eb, org.keycloak.adapters.springsecurity.filter.KeycloakAuthenticationProcessingFilter@1efac5b9, org.springframework.security.web.authentication.logout.LogoutFilter@7eb27768, org.springframework.security.web.savedrequest.RequestCacheAwareFilter@3ab595c8, org.springframework.security.web.servletapi.SecurityContextHolderAwareRequestFilter@3b5a19ed, org.keycloak.adapters.springsecurity.filter.KeycloakSecurityContextRequestFilter@3520958b, org.keycloak.adapters.springsecurity.filter.KeycloakAuthenticatedActionsFilter@6cc64028, org.springframework.security.web.authentication.AnonymousAuthenticationFilter@4bc9ca97, org.springframework.security.web.session.SessionManagementFilter@129c4d19, org.springframework.security.web.access.ExceptionTranslationFilter@6fbf5db2, org.springframework.security.web.access.intercept.FilterSecurityInterceptor@5e193ef5]
2020-09-07 10:29:13,940 INFO org.springframework.scheduling.concurrent.ExecutorConfigurationSupport [main] Initializing ExecutorService 'clientInboundChannelExecutor'
2020-09-07 10:29:13,947 INFO org.springframework.scheduling.concurrent.ExecutorConfigurationSupport [main] Initializing ExecutorService 'clientOutboundChannelExecutor'
2020-09-07 10:29:13,956 INFO org.springframework.scheduling.concurrent.ExecutorConfigurationSupport [main] Initializing ExecutorService 'messageBrokerTaskScheduler'
2020-09-07 10:29:13,992 INFO org.springframework.scheduling.concurrent.ExecutorConfigurationSupport [main] Initializing ExecutorService 'brokerChannelExecutor'
2020-09-07 10:29:14,215 INFO org.springframework.boot.autoconfigure.web.servlet.WelcomePageHandlerMapping [main] Adding welcome page: class path resource [public/index.html]
2020-09-07 10:29:14,417 INFO org.apache.juli.logging.DirectJDKLog [main] Starting ProtocolHandler ["http-nio-3030"]
2020-09-07 10:29:14,455 INFO org.springframework.boot.web.embedded.tomcat.TomcatWebServer [main] Tomcat started on port(s): 3030 (http) with context path ''
2020-09-07 10:29:14,459 INFO org.springframework.core.log.CompositeLog [main] Starting...
2020-09-07 10:29:14,460 INFO org.springframework.core.log.CompositeLog [main] BrokerAvailabilityEvent[available=true, SimpleBrokerMessageHandler [DefaultSubscriptionRegistry[cache[0 destination(s)], registry[0 sessions]]]]
2020-09-07 10:29:14,460 INFO org.springframework.core.log.CompositeLog [main] Started.
2020-09-07 10:29:14,461 INFO org.springframework.data.repository.config.DeferredRepositoryInitializationListener [main] Triggering deferred initialization of Spring Data repositories…
2020-09-07 10:29:14,958 INFO org.springframework.data.repository.config.DeferredRepositoryInitializationListener [main] Spring Data repositories initialized!
2020-09-07 10:29:14,969 INFO org.springframework.boot.StartupInfoLogger [main] Started IdmFrontendApplication in 5.612 seconds (JVM running for 6.545)
2020-09-07 10:29:27,547 INFO org.apache.juli.logging.DirectJDKLog [http-nio-3030-exec-1] Initializing Spring DispatcherServlet 'dispatcherServlet'
2020-09-07 10:29:27,547 INFO org.springframework.web.servlet.FrameworkServlet [http-nio-3030-exec-1] Initializing Servlet 'dispatcherServlet'
2020-09-07 10:29:27,554 INFO org.springframework.web.servlet.FrameworkServlet [http-nio-3030-exec-1] Completed initialization in 7 ms
2020-09-07 10:29:28,343 INFO org.keycloak.adapters.KeycloakDeployment [http-nio-3030-exec-2] Loaded URLs from http://158.177.78.141:8080/auth/realms/idm-realm/.well-known/openid-configuration
2020-09-07 10:29:44,711 WARN org.keycloak.adapters.OAuthRequestAuthenticator [http-nio-3030-exec-5] state parameter invalid
2020-09-07 10:29:44,712 WARN org.keycloak.adapters.OAuthRequestAuthenticator [http-nio-3030-exec-5] cookie: 0b114f52-a870-4cfd-b28c-31768b024f37
2020-09-07 10:29:44,712 WARN org.keycloak.adapters.OAuthRequestAuthenticator [http-nio-3030-exec-5] queryParam: 9d98d4f1-74bf-4ea3-ad8f-c239543e31e0
2020-09-07 10:29:47,470 INFO com.ibm.snam.idm.controller.ViewController [http-nio-3030-exec-9] getting dashboard
2020-09-07 10:29:47,470 INFO com.ibm.snam.idm.controller.ViewController [http-nio-3030-exec-9] returning dashboard
2020-09-07 10:29:48,200 INFO com.ibm.snam.idm.controller.ViewController [http-nio-3030-exec-10] getting dashboard
2020-09-07 10:29:48,201 INFO com.ibm.snam.idm.controller.ViewController [http-nio-3030-exec-10] returning dashboard
2020-09-07 10:29:48,675 INFO com.ibm.snam.idm.controller.UserNotificationController [http-nio-3030-exec-10] getUserNotification -- INIT -- userId : RIDP86Z
2020-09-07 10:29:48,681 INFO com.ibm.snam.idm.service.UserNotificationService [http-nio-3030-exec-10] getUserNotification -- INIT --
2020-09-07 10:29:48,951 INFO com.ibm.snam.idm.service.UserNotificationService [http-nio-3030-exec-10] Found 0 notification(s) for user RIDP86Z
2020-09-07 10:29:48,972 INFO com.ibm.snam.idm.controller.UserNotificationController [http-nio-3030-exec-10] getUserNotification -- END -- userId : RIDP86Z
2020-09-07 10:30:13,991 INFO org.springframework.web.socket.config.WebSocketMessageBrokerStats [MessageBroker-8] WebSocketSession[3 current WS(3)-HttpStream(0)-HttpPoll(0), 3 total, 0 closed abnormally (0 connect failure, 0 send limit, 0 transport error)], stompSubProtocol[processed CONNECT(3)-CONNECTED(3)-DISCONNECT(0)], stompBrokerRelay[null], inboundChannel[pool size = 24, active threads = 0, queued tasks = 0, completed tasks = 45], outboundChannel[pool size = 3, active threads = 0, queued tasks = 0, completed tasks = 3], sockJsScheduler[pool size = 12, active threads = 1, queued tasks = 6, completed tasks = 21]
