2020-09-19 00:00:56,461 INFO com.ibm.snam.idm.controller.ViewController [http-nio-3030-exec-7] getting garaOverview
2020-09-19 00:00:56,466 INFO com.ibm.snam.idm.controller.ViewController [http-nio-3030-exec-7] returning garaOverview
2020-09-19 00:00:56,743 INFO com.ibm.snam.idm.controller.UserNotificationController [http-nio-3030-exec-2] getUserNotification -- INIT -- userId : RIDP86Z
2020-09-19 00:00:56,743 INFO com.ibm.snam.idm.microservices.BackendMicroservice [http-nio-3030-exec-3] getSuppliersByTenderId -- INIT --
2020-09-19 00:00:56,743 INFO com.ibm.snam.idm.service.UserNotificationService [http-nio-3030-exec-2] getUserNotification -- INIT --
2020-09-19 00:00:56,747 INFO com.ibm.snam.idm.microservices.BackendMicroservice [http-nio-3030-exec-3] calling url : http://localhost:8080/tender/5f652d88e2842f1fa46e8d24/suppliers
2020-09-19 00:00:56,937 INFO com.ibm.snam.idm.service.UserNotificationService [http-nio-3030-exec-2] Found 1 notification(s) for user RIDP86Z
2020-09-19 00:00:56,939 INFO com.ibm.snam.idm.controller.UserNotificationController [http-nio-3030-exec-2] getUserNotification -- END -- userId : RIDP86Z
2020-09-19 00:00:57,170 INFO com.ibm.snam.idm.microservices.BackendMicroservice [http-nio-3030-exec-3] getSuppliersByTenderId -- END --
2020-09-19 00:00:57,182 INFO com.ibm.snam.idm.microservices.BackendMicroservice [http-nio-3030-exec-8] getSuppliersByTenderId -- INIT --
2020-09-19 00:00:57,187 INFO com.ibm.snam.idm.microservices.BackendMicroservice [http-nio-3030-exec-8] calling url : http://localhost:8080/tender/5f652d88e2842f1fa46e8d24/suppliers
2020-09-19 00:00:57,336 INFO com.ibm.snam.idm.microservices.BackendMicroservice [http-nio-3030-exec-8] getSuppliersByTenderId -- END --
2020-09-19 00:02:26,383 INFO org.springframework.web.socket.config.WebSocketMessageBrokerStats [MessageBroker-12] WebSocketSession[3 current WS(3)-HttpStream(0)-HttpPoll(0), 108 total, 0 closed abnormally (0 connect failure, 0 send limit, 0 transport error)], stompSubProtocol[processed CONNECT(108)-CONNECTED(108)-DISCONNECT(0)], stompBrokerRelay[null], inboundChannel[pool size = 0, active threads = 0, queued tasks = 0, completed tasks = 1956], outboundChannel[pool size = 0, active threads = 0, queued tasks = 0, completed tasks = 220], sockJsScheduler[pool size = 12, active threads = 1, queued tasks = 6, completed tasks = 10382]
2020-09-19 00:26:43,181 INFO com.ibm.snam.idm.controller.ViewController [http-nio-3030-exec-5] getting dashboard
2020-09-19 00:26:43,181 INFO com.ibm.snam.idm.controller.ViewController [http-nio-3030-exec-5] returning dashboard
2020-09-19 00:26:43,610 INFO com.ibm.snam.idm.controller.ViewController [http-nio-3030-exec-4] getting dashboard
2020-09-19 00:26:43,610 INFO com.ibm.snam.idm.controller.ViewController [http-nio-3030-exec-4] returning dashboard
2020-09-19 00:26:43,904 INFO com.ibm.snam.idm.controller.UserNotificationController [http-nio-3030-exec-1] getUserNotification -- INIT -- userId : RIDP86Z
2020-09-19 00:26:43,905 INFO com.ibm.snam.idm.service.UserNotificationService [http-nio-3030-exec-1] getUserNotification -- INIT --
2020-09-19 00:26:44,532 WARN com.zaxxer.hikari.pool.PoolBase [http-nio-3030-exec-1] HikariPool-1 - Failed to validate connection com.ibm.db2.jcc.t4.b@7e50c42e ([jcc][t4][10335][10366][4.13.127] Invalid operation: Connection is closed. ERRORCODE=-4470, SQLSTATE=08003). Possibly consider using a shorter maxLifetime value.
2020-09-19 00:26:44,536 WARN com.zaxxer.hikari.pool.PoolBase [http-nio-3030-exec-1] HikariPool-1 - Failed to validate connection com.ibm.db2.jcc.t4.b@3a46eb57 ([jcc][t4][10335][10366][4.13.127] Invalid operation: Connection is closed. ERRORCODE=-4470, SQLSTATE=08003). Possibly consider using a shorter maxLifetime value.
2020-09-19 00:26:44,540 WARN com.zaxxer.hikari.pool.PoolBase [http-nio-3030-exec-1] HikariPool-1 - Failed to validate connection com.ibm.db2.jcc.t4.b@7ded6c20 ([jcc][t4][10335][10366][4.13.127] Invalid operation: Connection is closed. ERRORCODE=-4470, SQLSTATE=08003). Possibly consider using a shorter maxLifetime value.
2020-09-19 00:26:44,543 WARN com.zaxxer.hikari.pool.PoolBase [http-nio-3030-exec-1] HikariPool-1 - Failed to validate connection com.ibm.db2.jcc.t4.b@5e4b607 ([jcc][t4][10335][10366][4.13.127] Invalid operation: Connection is closed. ERRORCODE=-4470, SQLSTATE=08003). Possibly consider using a shorter maxLifetime value.
2020-09-19 00:26:44,549 WARN com.zaxxer.hikari.pool.PoolBase [http-nio-3030-exec-1] HikariPool-1 - Failed to validate connection com.ibm.db2.jcc.t4.b@718d1fd ([jcc][t4][10335][10366][4.13.127] Invalid operation: Connection is closed. ERRORCODE=-4470, SQLSTATE=08003). Possibly consider using a shorter maxLifetime value.
2020-09-19 00:26:44,554 WARN com.zaxxer.hikari.pool.PoolBase [http-nio-3030-exec-1] HikariPool-1 - Failed to validate connection com.ibm.db2.jcc.t4.b@a099e1a ([jcc][t4][10335][10366][4.13.127] Invalid operation: Connection is closed. ERRORCODE=-4470, SQLSTATE=08003). Possibly consider using a shorter maxLifetime value.
2020-09-19 00:26:44,557 WARN com.zaxxer.hikari.pool.PoolBase [http-nio-3030-exec-1] HikariPool-1 - Failed to validate connection com.ibm.db2.jcc.t4.b@1c137f17 ([jcc][t4][10335][10366][4.13.127] Invalid operation: Connection is closed. ERRORCODE=-4470, SQLSTATE=08003). Possibly consider using a shorter maxLifetime value.
2020-09-19 00:26:44,560 WARN com.zaxxer.hikari.pool.PoolBase [http-nio-3030-exec-1] HikariPool-1 - Failed to validate connection com.ibm.db2.jcc.t4.b@3ce7b61c ([jcc][t4][10335][10366][4.13.127] Invalid operation: Connection is closed. ERRORCODE=-4470, SQLSTATE=08003). Possibly consider using a shorter maxLifetime value.
2020-09-19 00:26:44,562 WARN com.zaxxer.hikari.pool.PoolBase [http-nio-3030-exec-1] HikariPool-1 - Failed to validate connection com.ibm.db2.jcc.t4.b@7db11f44 ([jcc][t4][10335][10366][4.13.127] Invalid operation: Connection is closed. ERRORCODE=-4470, SQLSTATE=08003). Possibly consider using a shorter maxLifetime value.
2020-09-19 00:26:44,565 WARN com.zaxxer.hikari.pool.PoolBase [http-nio-3030-exec-1] HikariPool-1 - Failed to validate connection com.ibm.db2.jcc.t4.b@3b0eb7a6 ([jcc][t4][10335][10366][4.13.127] Invalid operation: Connection is closed. ERRORCODE=-4470, SQLSTATE=08003). Possibly consider using a shorter maxLifetime value.
2020-09-19 00:26:46,244 INFO com.ibm.snam.idm.service.UserNotificationService [http-nio-3030-exec-1] Found 1 notification(s) for user RIDP86Z
2020-09-19 00:26:46,246 INFO com.ibm.snam.idm.controller.UserNotificationController [http-nio-3030-exec-1] getUserNotification -- END -- userId : RIDP86Z
2020-09-19 00:26:46,250 WARN org.hibernate.engine.jdbc.spi.SqlExceptionHelper$StandardWarningHandler [http-nio-3030-exec-1] SQL Warning Code: 4223, SQLState: null
2020-09-19 00:26:46,250 WARN org.hibernate.engine.jdbc.spi.SqlExceptionHelper$StandardWarningHandler [http-nio-3030-exec-1] Origination unknown: [10228][11541][4.13.127] Security exceptions occurred while loading driver. ERRORCODE=4223, SQLSTATE=null
2020-09-19 00:32:26,387 INFO org.springframework.web.socket.config.WebSocketMessageBrokerStats [MessageBroker-5] WebSocketSession[3 current WS(3)-HttpStream(0)-HttpPoll(0), 111 total, 0 closed abnormally (0 connect failure, 0 send limit, 0 transport error)], stompSubProtocol[processed CONNECT(111)-CONNECTED(111)-DISCONNECT(0)], stompBrokerRelay[null], inboundChannel[pool size = 0, active threads = 0, queued tasks = 0, completed tasks = 2010], outboundChannel[pool size = 0, active threads = 0, queued tasks = 0, completed tasks = 226], sockJsScheduler[pool size = 12, active threads = 1, queued tasks = 6, completed tasks = 11676]
2020-09-19 12:00:10,244 INFO org.springframework.boot.StartupInfoLogger [main] Starting IdmFrontendApplication on DESKTOP-D7RNNC6 with PID 13716 (C:\progetti\Legal_IDM\workspace\idm-frontend\target\classes started by PietroGerace in C:\progetti\Legal_IDM\workspace\idm-frontend)
2020-09-19 12:00:10,250 INFO org.springframework.boot.SpringApplication [main] No active profile set, falling back to default profiles: default
2020-09-19 12:00:11,405 INFO org.springframework.data.repository.config.RepositoryConfigurationDelegate [main] Bootstrapping Spring Data JPA repositories in DEFERRED mode.
2020-09-19 12:00:11,530 INFO org.springframework.data.repository.config.RepositoryConfigurationDelegate [main] Finished Spring Data repository scanning in 108ms. Found 1 JPA repository interfaces.
2020-09-19 12:00:12,560 INFO org.springframework.boot.web.embedded.tomcat.TomcatWebServer [main] Tomcat initialized with port(s): 3030 (http)
2020-09-19 12:00:12,574 INFO org.apache.juli.logging.DirectJDKLog [main] Initializing ProtocolHandler ["http-nio-3030"]
2020-09-19 12:00:12,576 INFO org.apache.juli.logging.DirectJDKLog [main] Starting service [Tomcat]
2020-09-19 12:00:12,576 INFO org.apache.juli.logging.DirectJDKLog [main] Starting Servlet engine: [Apache Tomcat/9.0.36]
2020-09-19 12:00:13,221 INFO org.apache.juli.logging.DirectJDKLog [main] At least one JAR was scanned for TLDs yet contained no TLDs. Enable debug logging for this logger for a complete list of JARs that were scanned but no TLDs were found in them. Skipping unneeded JARs during scanning can improve startup time and JSP compilation time.
2020-09-19 12:00:13,228 INFO org.apache.juli.logging.DirectJDKLog [main] Initializing Spring embedded WebApplicationContext
2020-09-19 12:00:13,229 INFO org.springframework.boot.web.servlet.context.ServletWebServerApplicationContext [main] Root WebApplicationContext: initialization completed in 2920 ms
2020-09-19 12:00:13,321 WARN org.springframework.boot.autoconfigure.orm.jpa.JpaBaseConfiguration$JpaWebConfiguration [main] spring.jpa.open-in-view is enabled by default. Therefore, database queries may be performed during view rendering. Explicitly configure spring.jpa.open-in-view to disable this warning
2020-09-19 12:00:13,334 INFO com.ibm.snam.idm.datasource.DatasourceConfiguration [main] Connecting to Datasource....
2020-09-19 12:00:13,335 INFO com.ibm.snam.idm.datasource.DatasourceConfiguration [main] Connected to Datasource - url : jdbc:db2://dashdb-txn-flex-yp-fra02-566.services.eu-de.bluemix.net:50000/BLUDB
2020-09-19 12:00:13,460 INFO com.zaxxer.hikari.HikariDataSource [main] HikariPool-1 - Starting...
2020-09-19 12:00:14,474 INFO com.zaxxer.hikari.HikariDataSource [main] HikariPool-1 - Start completed.
2020-09-19 12:00:14,622 INFO org.hibernate.jpa.internal.util.LogHelper [main] HHH000204: Processing PersistenceUnitInfo [name: default]
2020-09-19 12:00:14,709 INFO org.hibernate.Version [main] HHH000412: Hibernate ORM core version 5.4.17.Final
2020-09-19 12:00:14,959 INFO org.hibernate.annotations.common.reflection.java.JavaReflectionManager [main] HCANN000001: Hibernate Commons Annotations {5.1.0.Final}
2020-09-19 12:00:15,321 INFO org.hibernate.dialect.Dialect [main] HHH000400: Using dialect: org.hibernate.dialect.DB2Dialect
2020-09-19 12:00:16,888 INFO org.hibernate.engine.transaction.jta.platform.internal.JtaPlatformInitiator [main] HHH000490: Using JtaPlatform implementation: [org.hibernate.engine.transaction.jta.platform.internal.NoJtaPlatform]
2020-09-19 12:00:16,906 INFO org.springframework.orm.jpa.AbstractEntityManagerFactoryBean [main] Initialized JPA EntityManagerFactory for persistence unit 'default'
2020-09-19 12:00:17,426 INFO org.springframework.security.web.DefaultSecurityFilterChain [main] Creating filter chain: any request, [org.springframework.security.web.context.request.async.WebAsyncManagerIntegrationFilter@6238d5e0, org.springframework.security.web.context.SecurityContextPersistenceFilter@15d236fd, org.springframework.security.web.header.HeaderWriterFilter@279126f5, org.keycloak.adapters.springsecurity.filter.KeycloakPreAuthActionsFilter@bb3ecfe, org.keycloak.adapters.springsecurity.filter.KeycloakAuthenticationProcessingFilter@756b2d90, org.springframework.security.web.authentication.logout.LogoutFilter@124eb83d, org.springframework.security.web.savedrequest.RequestCacheAwareFilter@584ca390, org.springframework.security.web.servletapi.SecurityContextHolderAwareRequestFilter@1291aab5, org.keycloak.adapters.springsecurity.filter.KeycloakSecurityContextRequestFilter@3b11620a, org.keycloak.adapters.springsecurity.filter.KeycloakAuthenticatedActionsFilter@2fd1ad8a, org.springframework.security.web.authentication.AnonymousAuthenticationFilter@336f49a1, org.springframework.security.web.session.SessionManagementFilter@5fdd97c1, org.springframework.security.web.access.ExceptionTranslationFilter@5faeeb56, org.springframework.security.web.access.intercept.FilterSecurityInterceptor@3e43f049]
2020-09-19 12:00:17,495 INFO org.springframework.scheduling.concurrent.ExecutorConfigurationSupport [main] Initializing ExecutorService 'clientInboundChannelExecutor'
2020-09-19 12:00:17,499 INFO org.springframework.scheduling.concurrent.ExecutorConfigurationSupport [main] Initializing ExecutorService 'clientOutboundChannelExecutor'
2020-09-19 12:00:17,506 INFO org.springframework.scheduling.concurrent.ExecutorConfigurationSupport [main] Initializing ExecutorService 'messageBrokerTaskScheduler'
2020-09-19 12:00:17,566 INFO org.springframework.scheduling.concurrent.ExecutorConfigurationSupport [main] Initializing ExecutorService 'brokerChannelExecutor'
2020-09-19 12:00:17,755 INFO org.springframework.boot.autoconfigure.web.servlet.WelcomePageHandlerMapping [main] Adding welcome page: class path resource [public/index.html]
2020-09-19 12:00:17,889 INFO org.apache.juli.logging.DirectJDKLog [main] Starting ProtocolHandler ["http-nio-3030"]
2020-09-19 12:00:17,917 INFO org.springframework.boot.web.embedded.tomcat.TomcatWebServer [main] Tomcat started on port(s): 3030 (http) with context path ''
2020-09-19 12:00:17,920 INFO org.springframework.core.log.CompositeLog [main] Starting...
2020-09-19 12:00:17,920 INFO org.springframework.core.log.CompositeLog [main] BrokerAvailabilityEvent[available=true, SimpleBrokerMessageHandler [DefaultSubscriptionRegistry[cache[0 destination(s)], registry[0 sessions]]]]
2020-09-19 12:00:17,921 INFO org.springframework.core.log.CompositeLog [main] Started.
2020-09-19 12:00:17,922 INFO org.springframework.data.repository.config.DeferredRepositoryInitializationListener [main] Triggering deferred initialization of Spring Data repositories…
2020-09-19 12:00:18,251 INFO org.springframework.data.repository.config.DeferredRepositoryInitializationListener [main] Spring Data repositories initialized!
2020-09-19 12:00:18,260 INFO org.springframework.boot.StartupInfoLogger [main] Started IdmFrontendApplication in 9.322 seconds (JVM running for 11.622)
2020-09-19 12:00:29,856 INFO org.apache.juli.logging.DirectJDKLog [http-nio-3030-exec-1] Initializing Spring DispatcherServlet 'dispatcherServlet'
2020-09-19 12:00:29,857 INFO org.springframework.web.servlet.FrameworkServlet [http-nio-3030-exec-1] Initializing Servlet 'dispatcherServlet'
2020-09-19 12:00:29,865 INFO org.springframework.web.servlet.FrameworkServlet [http-nio-3030-exec-1] Completed initialization in 8 ms
2020-09-19 12:00:31,827 INFO org.keycloak.adapters.KeycloakDeployment [http-nio-3030-exec-2] Loaded URLs from http://158.177.78.141:8080/auth/realms/idm-realm/.well-known/openid-configuration
2020-09-19 12:00:32,027 WARN org.keycloak.adapters.OAuthRequestAuthenticator [http-nio-3030-exec-7] state parameter invalid
2020-09-19 12:00:32,027 WARN org.keycloak.adapters.OAuthRequestAuthenticator [http-nio-3030-exec-7] cookie: ac1f71a9-da9b-4de7-bdcd-915dced419cb
2020-09-19 12:00:32,028 WARN org.keycloak.adapters.OAuthRequestAuthenticator [http-nio-3030-exec-7] queryParam: 175ed534-333e-4a96-bcb5-ac4f5526f9f2
2020-09-19 12:00:35,077 INFO com.ibm.snam.idm.controller.ViewController [http-nio-3030-exec-3] getting dashboard
2020-09-19 12:00:35,078 INFO com.ibm.snam.idm.controller.ViewController [http-nio-3030-exec-3] returning dashboard
2020-09-19 12:00:38,174 INFO com.ibm.snam.idm.controller.UserNotificationController [http-nio-3030-exec-4] getUserNotification -- INIT -- userId : RIDP86Z
2020-09-19 12:00:38,186 INFO com.ibm.snam.idm.service.UserNotificationService [http-nio-3030-exec-4] getUserNotification -- INIT --
2020-09-19 12:00:38,724 INFO com.ibm.snam.idm.service.UserNotificationService [http-nio-3030-exec-4] Found 0 notification(s) for user RIDP86Z
2020-09-19 12:00:38,797 INFO com.ibm.snam.idm.controller.UserNotificationController [http-nio-3030-exec-4] getUserNotification -- END -- userId : RIDP86Z
2020-09-19 12:01:02,133 INFO com.ibm.snam.idm.web_socket.CreateTenderController [clientInboundChannel-13] Creating tender from one file
2020-09-19 12:01:02,138 INFO com.ibm.snam.idm.web_socket.CreateTenderController [clientInboundChannel-13] analyzeFile -- INIT --
2020-09-19 12:01:02,139 INFO com.ibm.snam.idm.thread.AnalyzerThread [pool-3-thread-1] Starting thread for analyzer call... Document : 1 - Lettera di invito a presentare offerta.docx
2020-09-19 12:01:02,139 INFO com.ibm.snam.idm.microservices.AnalyzerMicroservice [pool-3-thread-1] analyzeFile -- INIT --
2020-09-19 12:01:02,140 INFO com.ibm.snam.idm.microservices.AnalyzerMicroservice [pool-3-thread-1] bytes : [B@4b6c7be6
2020-09-19 12:01:02,140 INFO com.ibm.snam.idm.microservices.AnalyzerMicroservice [pool-3-thread-1] name : 1 - Lettera di invito a presentare offerta.docx
2020-09-19 12:01:02,157 INFO com.ibm.snam.idm.microservices.AnalyzerMicroservice [pool-3-thread-1] Calling URL : http://158.177.78.140:8080/analyzerDocument/analyze/document
2020-09-19 12:01:06,745 INFO com.ibm.snam.idm.microservices.AnalyzerMicroservice [pool-3-thread-1] analyzeFile --END--
2020-09-19 12:01:06,752 INFO com.ibm.snam.idm.thread.AnalyzerThread [pool-3-thread-1] response from document : 1 - Lettera di invito a presentare offerta.docx : {"entities":[{"type":"OGGETTO_LETTERA","text":"inito alla presenazion di offerta, di seguito denminta “Richiesta d’Offerta /","mentions":[{"text":"inito alla presenazion di offerta, di seguito denminta “Richiesta d’Offerta /","location":[356,433]}],"count":1},{"type":"DATA_DOCUMENTO","text":"10/04/2020","mentions":[{"text":"10/04/2020","location":[128,138]}],"count":1}],"language":"it","status":200,"idAttachment":"5f65d6de115b3374bb5e92fa"}
2020-09-19 12:01:06,753 INFO com.ibm.snam.idm.thread.AnalyzerThread [pool-3-thread-1] Thread for document 1 - Lettera di invito a presentare offerta.docx finished
2020-09-19 12:01:06,757 INFO com.ibm.snam.idm.microservices.BackendMicroservice [clientInboundChannel-13] saveObjectOnDb -- INIT --
2020-09-19 12:01:06,767 INFO com.ibm.snam.idm.microservices.BackendMicroservice [clientInboundChannel-13] calling url : http://localhost:8080/tender/createTender
2020-09-19 12:01:07,197 INFO com.ibm.snam.idm.microservices.BackendMicroservice [clientInboundChannel-13] saveObjectOnDb -- END --
2020-09-19 12:01:07,199 INFO com.ibm.snam.idm.web_socket.CreateTenderController [clientInboundChannel-13] responseFromBackend : {"status":200,"creationStatus":"TENDER_CREATED_WITH_MISSING_DATA","message":"Gara creata con successo","tender":{"id":"5f65d6e3eb58af25d2d916e9","object":"inito alla presenazion di offerta, di seguito denminta “Richiesta d’Offerta /","cig":["N/A"],"sapNumber":"N/A","company":"N/A","endDate":{"chronology":{"calendarType":"iso8601","id":"ISO"},"dayOfMonth":30,"dayOfWeek":"WEDNESDAY","dayOfYear":274,"era":"CE","leapYear":true,"month":"SEPTEMBER","monthValue":9,"year":2020},"suppliers":[],"tenderAttachments":[{"tag":"LETTERA_INVITO","fileName":"1 - Lettera di invito a presentare offerta.docx","uploadedOn":{"date":19,"day":6,"hours":12,"minutes":1,"month":8,"seconds":7,"time":1600509667000,"timezoneOffset":-120,"year":120},"_idAttachment":"5f65d6de115b3374bb5e92fa"}]}}
2020-09-19 12:01:07,200 INFO com.ibm.snam.idm.microservices.BackendMicroservice [clientInboundChannel-13] saveObjectOnDb -- INIT --
2020-09-19 12:01:07,216 INFO com.ibm.snam.idm.microservices.BackendMicroservice [clientInboundChannel-13] calling url : http://localhost:8080/tender/updateTenderRequiredAttachments
2020-09-19 12:01:07,425 INFO com.ibm.snam.idm.microservices.BackendMicroservice [clientInboundChannel-13] saveObjectOnDb -- END --
2020-09-19 12:01:07,426 INFO com.ibm.snam.idm.web_socket.CreateTenderController [clientInboundChannel-13] responseFromBackendUpdateRequiredAttachments : {"status":200,"message":"Gara creata con successo"}
2020-09-19 12:01:07,426 INFO com.ibm.snam.idm.web_socket.CreateTenderController [clientInboundChannel-13] Tender created with missing data
2020-09-19 12:01:07,428 INFO com.ibm.snam.idm.web_socket.CreateTenderController [clientInboundChannel-13] Returning message
2020-09-19 12:01:07,469 INFO com.ibm.snam.idm.controller.UserNotificationController [http-nio-3030-exec-8] createNotification -- INIT --
2020-09-19 12:01:07,470 INFO com.ibm.snam.idm.service.UserNotificationService [http-nio-3030-exec-8] createNotification -- INIT -- notification : {"userId":"RIDP86Z","tenderNumber":"N/A","idTender":"5f65d6e3eb58af25d2d916e9","notificationType":"tenderCreation"}
2020-09-19 12:01:07,480 INFO com.ibm.snam.idm.service.UserNotificationService [http-nio-3030-exec-8] Create notification for user RIDP86Z at time : 2020-09-19
2020-09-19 12:01:07,486 INFO com.ibm.snam.idm.service.UserNotificationService [http-nio-3030-exec-8] Saving notification : UserNotification{id=null, userId='RIDP86Z', notificationType='tenderCreation', idTender='5f65d6e3eb58af25d2d916e9', creationDate=19.09.2020 12:01, idSupplier='null', readingDate='null'}
2020-09-19 12:01:07,906 INFO com.ibm.snam.idm.service.UserNotificationService [http-nio-3030-exec-8] createNotification -- END -- 
2020-09-19 12:01:14,054 INFO com.ibm.snam.idm.controller.ViewController [http-nio-3030-exec-9] getting garaOverview
2020-09-19 12:01:14,056 INFO com.ibm.snam.idm.controller.ViewController [http-nio-3030-exec-9] returning garaOverview
2020-09-19 12:01:15,137 INFO com.ibm.snam.idm.controller.UserNotificationController [http-nio-3030-exec-1] getUserNotification -- INIT -- userId : RIDP86Z
2020-09-19 12:01:15,137 INFO com.ibm.snam.idm.service.UserNotificationService [http-nio-3030-exec-1] getUserNotification -- INIT --
2020-09-19 12:01:15,139 INFO com.ibm.snam.idm.microservices.BackendMicroservice [http-nio-3030-exec-10] getSuppliersByTenderId -- INIT --
2020-09-19 12:01:15,141 INFO com.ibm.snam.idm.microservices.BackendMicroservice [http-nio-3030-exec-10] calling url : http://localhost:8080/tender/5f65d6e3eb58af25d2d916e9/suppliers
2020-09-19 12:01:15,355 INFO com.ibm.snam.idm.service.UserNotificationService [http-nio-3030-exec-1] Found 1 notification(s) for user RIDP86Z
2020-09-19 12:01:15,360 INFO com.ibm.snam.idm.controller.UserNotificationController [http-nio-3030-exec-1] getUserNotification -- END -- userId : RIDP86Z
2020-09-19 12:01:15,554 INFO com.ibm.snam.idm.microservices.BackendMicroservice [http-nio-3030-exec-10] getSuppliersByTenderId -- END --
2020-09-19 12:01:15,575 INFO com.ibm.snam.idm.microservices.BackendMicroservice [http-nio-3030-exec-4] getSuppliersByTenderId -- INIT --
2020-09-19 12:01:15,582 INFO com.ibm.snam.idm.microservices.BackendMicroservice [http-nio-3030-exec-4] calling url : http://localhost:8080/tender/5f65d6e3eb58af25d2d916e9/suppliers
2020-09-19 12:01:15,755 INFO com.ibm.snam.idm.microservices.BackendMicroservice [http-nio-3030-exec-4] getSuppliersByTenderId -- END --
2020-09-19 12:01:17,578 INFO org.springframework.web.socket.config.WebSocketMessageBrokerStats [MessageBroker-1] WebSocketSession[3 current WS(3)-HttpStream(0)-HttpPoll(0), 6 total, 0 closed abnormally (0 connect failure, 0 send limit, 0 transport error)], stompSubProtocol[processed CONNECT(6)-CONNECTED(6)-DISCONNECT(0)], stompBrokerRelay[null], inboundChannel[pool size = 24, active threads = 0, queued tasks = 0, completed tasks = 102], outboundChannel[pool size = 10, active threads = 0, queued tasks = 0, completed tasks = 10], sockJsScheduler[pool size = 12, active threads = 1, queued tasks = 6, completed tasks = 27]
2020-09-19 12:01:35,513 INFO com.ibm.snam.idm.microservices.AnalyzerMicroservice [clientInboundChannel-18] analyzeFile -- INIT --
2020-09-19 12:01:35,513 INFO com.ibm.snam.idm.microservices.AnalyzerMicroservice [clientInboundChannel-18] bytes : [B@6fdd44e7
2020-09-19 12:01:35,514 INFO com.ibm.snam.idm.microservices.AnalyzerMicroservice [clientInboundChannel-18] name : 2 - Sez. 1 Contenuto RDO.docx
2020-09-19 12:01:35,516 INFO com.ibm.snam.idm.microservices.AnalyzerMicroservice [clientInboundChannel-18] Calling URL : http://158.177.78.140:8080/analyzerDocument/analyze/document
2020-09-19 12:01:41,379 INFO com.ibm.snam.idm.microservices.AnalyzerMicroservice [clientInboundChannel-18] analyzeFile --END--
2020-09-19 12:01:41,381 INFO com.ibm.snam.idm.microservices.AnalyzerMicroservice [clientInboundChannel-18] analyzeFile -- INIT --
2020-09-19 12:01:41,381 INFO com.ibm.snam.idm.microservices.AnalyzerMicroservice [clientInboundChannel-18] bytes : [B@427e14b8
2020-09-19 12:01:41,382 INFO com.ibm.snam.idm.microservices.AnalyzerMicroservice [clientInboundChannel-18] name : 1 - Lettera di invito a presentare offerta.docx
2020-09-19 12:01:41,386 INFO com.ibm.snam.idm.microservices.AnalyzerMicroservice [clientInboundChannel-18] Calling URL : http://158.177.78.140:8080/analyzerDocument/analyze/document
2020-09-19 12:01:43,913 INFO com.ibm.snam.idm.microservices.AnalyzerMicroservice [clientInboundChannel-18] analyzeFile --END--
2020-09-19 12:01:43,914 INFO com.ibm.snam.idm.microservices.BackendMicroservice [clientInboundChannel-18] saveObjectOnDb -- INIT --
2020-09-19 12:01:43,917 INFO com.ibm.snam.idm.microservices.BackendMicroservice [clientInboundChannel-18] calling url : http://localhost:8080/supplier/createSupplier
2020-09-19 12:01:44,458 INFO com.ibm.snam.idm.microservices.BackendMicroservice [clientInboundChannel-18] saveObjectOnDb -- END --
2020-09-19 12:01:44,459 INFO com.ibm.snam.idm.web_socket.CreateSupplierController [clientInboundChannel-18] Response from backend : {"status":200,"message":"Fornitore creato con successo","supplier":{"id":"5f65d707eb58af25d2d916ea","name":"IBM","tenderSapNumber":"N/A"}}
2020-09-19 12:01:44,480 INFO com.ibm.snam.idm.microservices.BackendMicroservice [http-nio-3030-exec-3] getSuppliersByTenderId -- INIT --
2020-09-19 12:01:44,483 INFO com.ibm.snam.idm.microservices.BackendMicroservice [http-nio-3030-exec-3] calling url : http://localhost:8080/tender/5f65d6e3eb58af25d2d916e9/suppliers
2020-09-19 12:01:44,806 INFO com.ibm.snam.idm.microservices.BackendMicroservice [http-nio-3030-exec-3] getSuppliersByTenderId -- END --
2020-09-19 12:01:50,154 INFO com.ibm.snam.idm.controller.ViewController [http-nio-3030-exec-7] getting fornitoreOverview
2020-09-19 12:01:50,156 INFO com.ibm.snam.idm.controller.ViewController [http-nio-3030-exec-7] returning fornitoreOverview
2020-09-19 12:01:50,672 INFO com.ibm.snam.idm.controller.UserNotificationController [http-nio-3030-exec-4] getUserNotification -- INIT -- userId : RIDP86Z
2020-09-19 12:01:50,673 INFO com.ibm.snam.idm.service.UserNotificationService [http-nio-3030-exec-4] getUserNotification -- INIT --
2020-09-19 12:01:50,958 INFO com.ibm.snam.idm.service.UserNotificationService [http-nio-3030-exec-4] Found 1 notification(s) for user RIDP86Z
2020-09-19 12:01:50,959 INFO com.ibm.snam.idm.controller.UserNotificationController [http-nio-3030-exec-4] getUserNotification -- END -- userId : RIDP86Z
2020-09-19 12:02:08,870 INFO com.ibm.snam.idm.microservices.AnalyzerMicroservice [clientInboundChannel-12] analyzeFile -- INIT --
2020-09-19 12:02:08,870 INFO com.ibm.snam.idm.microservices.AnalyzerMicroservice [clientInboundChannel-12] bytes : [B@1fd1d426
2020-09-19 12:02:08,871 INFO com.ibm.snam.idm.microservices.AnalyzerMicroservice [clientInboundChannel-12] name : 1 - Lettera di invito a presentare offerta.docx
2020-09-19 12:02:08,875 INFO com.ibm.snam.idm.microservices.AnalyzerMicroservice [clientInboundChannel-12] Calling URL : http://158.177.78.140:8080/analyzerDocument/analyze/document
2020-09-19 12:02:10,894 INFO com.ibm.snam.idm.microservices.AnalyzerMicroservice [clientInboundChannel-12] analyzeFile --END--
2020-09-19 12:02:10,896 INFO com.ibm.snam.idm.microservices.AnalyzerMicroservice [clientInboundChannel-12] analyzeFile -- INIT --
2020-09-19 12:02:10,897 INFO com.ibm.snam.idm.microservices.AnalyzerMicroservice [clientInboundChannel-12] bytes : [B@3eb004a2
2020-09-19 12:02:10,897 INFO com.ibm.snam.idm.microservices.AnalyzerMicroservice [clientInboundChannel-12] name : 2 - Sez. 1 Contenuto RDO.docx
2020-09-19 12:02:10,898 INFO com.ibm.snam.idm.microservices.AnalyzerMicroservice [clientInboundChannel-12] Calling URL : http://158.177.78.140:8080/analyzerDocument/analyze/document
2020-09-19 12:02:15,153 INFO com.ibm.snam.idm.microservices.AnalyzerMicroservice [clientInboundChannel-12] analyzeFile --END--
2020-09-19 12:02:15,155 INFO com.ibm.snam.idm.microservices.BackendMicroservice [clientInboundChannel-12] saveObjectOnDb -- INIT --
2020-09-19 12:02:15,158 INFO com.ibm.snam.idm.microservices.BackendMicroservice [clientInboundChannel-12] calling url : http://localhost:8080/attachment/uploadAttachmentsForSupplier
2020-09-19 12:02:15,397 INFO com.ibm.snam.idm.microservices.BackendMicroservice [clientInboundChannel-12] saveObjectOnDb -- END --
2020-09-19 12:02:15,398 INFO com.ibm.snam.idm.web_socket.UpdateFilesController [clientInboundChannel-12] Response from backend : {"status":200,"message":"Documento caricato con successo","updated":"supplier","idSupplier":"5f65d707eb58af25d2d916ea","tenderNumber":"N/A","cig":"N/A","idTender":"5f65d6e3eb58af25d2d916e9"}
2020-09-19 12:02:15,429 INFO com.ibm.snam.idm.controller.UserNotificationController [http-nio-3030-exec-10] createNotification -- INIT --
2020-09-19 12:02:15,430 INFO com.ibm.snam.idm.service.UserNotificationService [http-nio-3030-exec-10] createNotification -- INIT -- notification : {"userId":"RIDP86Z","idTender":"5f65d6e3eb58af25d2d916e9","idSupplier":"5f65d707eb58af25d2d916ea","cig":"N/A","notificationType":"uploadFileSupplier","tenderNumber":"N/A"}
2020-09-19 12:02:15,430 INFO com.ibm.snam.idm.service.UserNotificationService [http-nio-3030-exec-10] Create notification for user RIDP86Z at time : 2020-09-19
2020-09-19 12:02:15,431 INFO com.ibm.snam.idm.service.UserNotificationService [http-nio-3030-exec-10] Saving notification : UserNotification{id=null, userId='RIDP86Z', notificationType='uploadFileSupplier', idTender='5f65d6e3eb58af25d2d916e9', creationDate=19.09.2020 12:02, idSupplier='5f65d6e3eb58af25d2d916e9', readingDate='null'}
2020-09-19 12:02:15,739 INFO com.ibm.snam.idm.service.UserNotificationService [http-nio-3030-exec-10] createNotification -- END -- 
2020-09-19 12:02:20,075 INFO com.ibm.snam.idm.controller.ViewController [http-nio-3030-exec-2] getting fornitoreOverview
2020-09-19 12:02:20,076 INFO com.ibm.snam.idm.controller.ViewController [http-nio-3030-exec-2] returning fornitoreOverview
2020-09-19 12:02:20,385 INFO com.ibm.snam.idm.controller.UserNotificationController [http-nio-3030-exec-8] getUserNotification -- INIT -- userId : RIDP86Z
2020-09-19 12:02:20,386 INFO com.ibm.snam.idm.service.UserNotificationService [http-nio-3030-exec-8] getUserNotification -- INIT --
2020-09-19 12:02:20,582 INFO com.ibm.snam.idm.service.UserNotificationService [http-nio-3030-exec-8] Found 2 notification(s) for user RIDP86Z
2020-09-19 12:02:20,587 INFO com.ibm.snam.idm.controller.UserNotificationController [http-nio-3030-exec-8] getUserNotification -- END -- userId : RIDP86Z
2020-09-19 12:02:55,193 INFO com.ibm.snam.idm.controller.ViewController [http-nio-3030-exec-2] getting fornitoreOverview
2020-09-19 12:02:55,194 INFO com.ibm.snam.idm.controller.ViewController [http-nio-3030-exec-2] returning fornitoreOverview
2020-09-19 12:02:55,478 INFO com.ibm.snam.idm.controller.UserNotificationController [http-nio-3030-exec-1] getUserNotification -- INIT -- userId : RIDP86Z
2020-09-19 12:02:55,478 INFO com.ibm.snam.idm.service.UserNotificationService [http-nio-3030-exec-1] getUserNotification -- INIT --
2020-09-19 12:02:55,678 INFO com.ibm.snam.idm.service.UserNotificationService [http-nio-3030-exec-1] Found 2 notification(s) for user RIDP86Z
2020-09-19 12:02:55,681 INFO com.ibm.snam.idm.controller.UserNotificationController [http-nio-3030-exec-1] getUserNotification -- END -- userId : RIDP86Z
2020-09-19 12:02:56,964 INFO com.ibm.snam.idm.controller.ViewController [http-nio-3030-exec-10] getting bandiList
2020-09-19 12:02:56,964 INFO com.ibm.snam.idm.controller.ViewController [http-nio-3030-exec-10] returning bandiList
2020-09-19 12:02:57,340 INFO com.ibm.snam.idm.controller.UserNotificationController [http-nio-3030-exec-5] getUserNotification -- INIT -- userId : RIDP86Z
2020-09-19 12:02:57,341 INFO com.ibm.snam.idm.service.UserNotificationService [http-nio-3030-exec-5] getUserNotification -- INIT --
2020-09-19 12:02:57,590 INFO com.ibm.snam.idm.service.UserNotificationService [http-nio-3030-exec-5] Found 2 notification(s) for user RIDP86Z
2020-09-19 12:02:57,592 INFO com.ibm.snam.idm.controller.UserNotificationController [http-nio-3030-exec-5] getUserNotification -- END -- userId : RIDP86Z
2020-09-19 12:02:58,680 INFO com.ibm.snam.idm.controller.ViewController [http-nio-3030-exec-1] getting garaOverview
2020-09-19 12:02:58,682 INFO com.ibm.snam.idm.controller.ViewController [http-nio-3030-exec-1] returning garaOverview
2020-09-19 12:02:58,878 INFO com.ibm.snam.idm.microservices.BackendMicroservice [http-nio-3030-exec-6] getSuppliersByTenderId -- INIT --
2020-09-19 12:02:58,878 INFO com.ibm.snam.idm.controller.UserNotificationController [http-nio-3030-exec-5] getUserNotification -- INIT -- userId : RIDP86Z
2020-09-19 12:02:58,878 INFO com.ibm.snam.idm.service.UserNotificationService [http-nio-3030-exec-5] getUserNotification -- INIT --
2020-09-19 12:02:58,882 INFO com.ibm.snam.idm.microservices.BackendMicroservice [http-nio-3030-exec-6] calling url : http://localhost:8080/tender/5f65d6e3eb58af25d2d916e9/suppliers
2020-09-19 12:02:59,106 INFO com.ibm.snam.idm.service.UserNotificationService [http-nio-3030-exec-5] Found 2 notification(s) for user RIDP86Z
2020-09-19 12:02:59,109 INFO com.ibm.snam.idm.controller.UserNotificationController [http-nio-3030-exec-5] getUserNotification -- END -- userId : RIDP86Z
2020-09-19 12:02:59,259 INFO com.ibm.snam.idm.microservices.BackendMicroservice [http-nio-3030-exec-6] getSuppliersByTenderId -- END --
2020-09-19 12:02:59,276 INFO com.ibm.snam.idm.microservices.BackendMicroservice [http-nio-3030-exec-10] getSuppliersByTenderId -- INIT --
2020-09-19 12:02:59,282 INFO com.ibm.snam.idm.microservices.BackendMicroservice [http-nio-3030-exec-10] calling url : http://localhost:8080/tender/5f65d6e3eb58af25d2d916e9/suppliers
2020-09-19 12:02:59,643 INFO com.ibm.snam.idm.microservices.BackendMicroservice [http-nio-3030-exec-10] getSuppliersByTenderId -- END --
2020-09-19 12:03:00,993 INFO com.ibm.snam.idm.controller.ViewController [http-nio-3030-exec-4] getting fornitoreOverview
2020-09-19 12:03:00,995 INFO com.ibm.snam.idm.controller.ViewController [http-nio-3030-exec-4] returning fornitoreOverview
2020-09-19 12:03:01,222 INFO com.ibm.snam.idm.controller.UserNotificationController [http-nio-3030-exec-10] getUserNotification -- INIT -- userId : RIDP86Z
2020-09-19 12:03:01,223 INFO com.ibm.snam.idm.service.UserNotificationService [http-nio-3030-exec-10] getUserNotification -- INIT --
2020-09-19 12:03:01,459 INFO com.ibm.snam.idm.service.UserNotificationService [http-nio-3030-exec-10] Found 2 notification(s) for user RIDP86Z
2020-09-19 12:03:01,463 INFO com.ibm.snam.idm.controller.UserNotificationController [http-nio-3030-exec-10] getUserNotification -- END -- userId : RIDP86Z
2020-09-19 12:03:12,929 INFO com.ibm.snam.idm.microservices.AnalyzerMicroservice [clientInboundChannel-17] analyzeFile -- INIT --
2020-09-19 12:03:12,929 INFO com.ibm.snam.idm.microservices.AnalyzerMicroservice [clientInboundChannel-17] bytes : [B@320f4f
2020-09-19 12:03:12,930 INFO com.ibm.snam.idm.microservices.AnalyzerMicroservice [clientInboundChannel-17] name : 2 - Sez. 1 Contenuto RDO.docx
2020-09-19 12:03:12,936 INFO com.ibm.snam.idm.microservices.AnalyzerMicroservice [clientInboundChannel-17] Calling URL : http://158.177.78.140:8080/analyzerDocument/analyze/document
2020-09-19 12:03:17,442 INFO com.ibm.snam.idm.microservices.AnalyzerMicroservice [clientInboundChannel-17] analyzeFile --END--
2020-09-19 12:03:17,442 INFO com.ibm.snam.idm.microservices.AnalyzerMicroservice [clientInboundChannel-17] analyzeFile -- INIT --
2020-09-19 12:03:17,442 INFO com.ibm.snam.idm.microservices.AnalyzerMicroservice [clientInboundChannel-17] bytes : [B@aca643f
2020-09-19 12:03:17,443 INFO com.ibm.snam.idm.microservices.AnalyzerMicroservice [clientInboundChannel-17] name : 1 - Lettera di invito a presentare offerta.docx
2020-09-19 12:03:17,444 INFO com.ibm.snam.idm.microservices.AnalyzerMicroservice [clientInboundChannel-17] Calling URL : http://158.177.78.140:8080/analyzerDocument/analyze/document
2020-09-19 12:03:19,363 INFO com.ibm.snam.idm.microservices.AnalyzerMicroservice [clientInboundChannel-17] analyzeFile --END--
2020-09-19 12:03:19,365 INFO com.ibm.snam.idm.microservices.BackendMicroservice [clientInboundChannel-17] saveObjectOnDb -- INIT --
2020-09-19 12:03:19,373 INFO com.ibm.snam.idm.microservices.BackendMicroservice [clientInboundChannel-17] calling url : http://localhost:8080/attachment/uploadAttachmentsForSupplier
2020-09-19 12:03:19,720 INFO com.ibm.snam.idm.microservices.BackendMicroservice [clientInboundChannel-17] saveObjectOnDb -- END --
2020-09-19 12:03:19,722 INFO com.ibm.snam.idm.web_socket.UpdateFilesController [clientInboundChannel-17] Response from backend : {"status":200,"message":"Documento caricato con successo","updated":"supplier","idSupplier":"5f65d707eb58af25d2d916ea","tenderNumber":"N/A","cig":"N/A","idTender":"5f65d6e3eb58af25d2d916e9"}
2020-09-19 12:03:19,763 INFO com.ibm.snam.idm.controller.UserNotificationController [http-nio-3030-exec-10] createNotification -- INIT --
2020-09-19 12:03:19,764 INFO com.ibm.snam.idm.service.UserNotificationService [http-nio-3030-exec-10] createNotification -- INIT -- notification : {"userId":"RIDP86Z","idTender":"5f65d6e3eb58af25d2d916e9","idSupplier":"5f65d707eb58af25d2d916ea","cig":"N/A","notificationType":"uploadFileSupplier","tenderNumber":"N/A"}
2020-09-19 12:03:19,765 INFO com.ibm.snam.idm.service.UserNotificationService [http-nio-3030-exec-10] Create notification for user RIDP86Z at time : 2020-09-19
2020-09-19 12:03:19,766 INFO com.ibm.snam.idm.service.UserNotificationService [http-nio-3030-exec-10] Saving notification : UserNotification{id=null, userId='RIDP86Z', notificationType='uploadFileSupplier', idTender='5f65d6e3eb58af25d2d916e9', creationDate=19.09.2020 12:03, idSupplier='5f65d6e3eb58af25d2d916e9', readingDate='null'}
2020-09-19 12:03:20,066 INFO com.ibm.snam.idm.service.UserNotificationService [http-nio-3030-exec-10] createNotification -- END -- 
2020-09-19 12:03:32,473 INFO com.ibm.snam.idm.microservices.BackendMicroservice [http-nio-3030-exec-1] getDocumentContent -- INIT --
2020-09-19 12:03:32,477 INFO com.ibm.snam.idm.microservices.BackendMicroservice [http-nio-3030-exec-1] calling url : http://localhost:8080/document/5f65d762115b3374bb5e92ff/content
2020-09-19 12:03:38,536 INFO com.ibm.snam.idm.microservices.BackendMicroservice [http-nio-3030-exec-1] getDocumentContent -- END --
2020-09-19 12:03:43,050 INFO com.ibm.snam.idm.microservices.BackendMicroservice [http-nio-3030-exec-4] getDocumentContent -- INIT --
2020-09-19 12:03:43,054 INFO com.ibm.snam.idm.microservices.BackendMicroservice [http-nio-3030-exec-4] calling url : http://localhost:8080/document/5f65d765115b3374bb5e9300/content
2020-09-19 12:03:43,691 INFO com.ibm.snam.idm.microservices.BackendMicroservice [http-nio-3030-exec-4] getDocumentContent -- END --
2020-09-19 12:03:50,371 INFO com.ibm.snam.idm.controller.ViewController [http-nio-3030-exec-7] getting dashboard
2020-09-19 12:03:50,373 INFO com.ibm.snam.idm.controller.ViewController [http-nio-3030-exec-7] returning dashboard
2020-09-19 12:03:50,625 INFO com.ibm.snam.idm.controller.UserNotificationController [http-nio-3030-exec-8] getUserNotification -- INIT -- userId : RIDP86Z
2020-09-19 12:03:50,625 INFO com.ibm.snam.idm.service.UserNotificationService [http-nio-3030-exec-8] getUserNotification -- INIT --
2020-09-19 12:03:50,861 INFO com.ibm.snam.idm.service.UserNotificationService [http-nio-3030-exec-8] Found 3 notification(s) for user RIDP86Z
2020-09-19 12:03:50,865 INFO com.ibm.snam.idm.controller.UserNotificationController [http-nio-3030-exec-8] getUserNotification -- END -- userId : RIDP86Z
2020-09-19 12:03:52,966 INFO com.ibm.snam.idm.controller.ViewController [http-nio-3030-exec-5] getting bandiList
2020-09-19 12:03:52,968 INFO com.ibm.snam.idm.controller.ViewController [http-nio-3030-exec-5] returning bandiList
2020-09-19 12:03:53,185 INFO com.ibm.snam.idm.controller.UserNotificationController [http-nio-3030-exec-8] getUserNotification -- INIT -- userId : RIDP86Z
2020-09-19 12:03:53,185 INFO com.ibm.snam.idm.service.UserNotificationService [http-nio-3030-exec-8] getUserNotification -- INIT --
2020-09-19 12:03:53,479 INFO com.ibm.snam.idm.service.UserNotificationService [http-nio-3030-exec-8] Found 3 notification(s) for user RIDP86Z
2020-09-19 12:03:53,480 INFO com.ibm.snam.idm.controller.UserNotificationController [http-nio-3030-exec-8] getUserNotification -- END -- userId : RIDP86Z
2020-09-19 12:22:40,699 INFO com.ibm.snam.idm.controller.ViewController [http-nio-3030-exec-6] getting dashboard
2020-09-19 12:22:40,700 INFO com.ibm.snam.idm.controller.ViewController [http-nio-3030-exec-6] returning dashboard
2020-09-19 12:22:41,076 INFO com.ibm.snam.idm.controller.ViewController [http-nio-3030-exec-4] getting dashboard
2020-09-19 12:22:41,077 INFO com.ibm.snam.idm.controller.ViewController [http-nio-3030-exec-4] returning dashboard
2020-09-19 12:22:41,285 INFO com.ibm.snam.idm.controller.UserNotificationController [http-nio-3030-exec-7] getUserNotification -- INIT -- userId : RIDP86Z
2020-09-19 12:22:41,285 INFO com.ibm.snam.idm.service.UserNotificationService [http-nio-3030-exec-7] getUserNotification -- INIT --
2020-09-19 12:22:41,512 INFO com.ibm.snam.idm.service.UserNotificationService [http-nio-3030-exec-7] Found 3 notification(s) for user RIDP86Z
2020-09-19 12:22:41,514 INFO com.ibm.snam.idm.controller.UserNotificationController [http-nio-3030-exec-7] getUserNotification -- END -- userId : RIDP86Z
2020-09-19 12:22:55,790 INFO com.ibm.snam.idm.web_socket.CreateTenderController [clientInboundChannel-36] Creating tender from one file
2020-09-19 12:22:55,791 INFO com.ibm.snam.idm.web_socket.CreateTenderController [clientInboundChannel-36] analyzeFile -- INIT --
2020-09-19 12:22:55,792 INFO com.ibm.snam.idm.thread.AnalyzerThread [pool-4-thread-1] Starting thread for analyzer call... Document : Lettera_invito_MAM19-023C - Prova RIC_v3.docx
2020-09-19 12:22:55,792 INFO com.ibm.snam.idm.microservices.AnalyzerMicroservice [pool-4-thread-1] analyzeFile -- INIT --
2020-09-19 12:22:55,792 INFO com.ibm.snam.idm.microservices.AnalyzerMicroservice [pool-4-thread-1] bytes : [B@48407b31
2020-09-19 12:22:55,792 INFO com.ibm.snam.idm.microservices.AnalyzerMicroservice [pool-4-thread-1] name : Lettera_invito_MAM19-023C - Prova RIC_v3.docx
2020-09-19 12:22:55,796 INFO com.ibm.snam.idm.microservices.AnalyzerMicroservice [pool-4-thread-1] Calling URL : http://158.177.78.140:8080/analyzerDocument/analyze/document
2020-09-19 12:23:37,874 INFO com.ibm.snam.idm.microservices.AnalyzerMicroservice [pool-4-thread-1] analyzeFile --END--
2020-09-19 12:23:37,877 INFO com.ibm.snam.idm.thread.AnalyzerThread [pool-4-thread-1] response from document : Lettera_invito_MAM19-023C - Prova RIC_v3.docx : {"entities":[{"type":"D_12_09_WHITE_LIST","text":"Dichiarazione sostitutiva ex DPR 445/00 di iscrizione nella White-List","mentions":[{"text":"Dichiarazione sostitutiva ex DPR 445/00 di iscrizione nella White-List","location":[23434,23504]},{"text":"Dichiarazione sostitutiva ex DPR 445/00 di iscrizione nella White-List","location":[23534,23604]}],"count":2},{"type":"TAG_LETTERA_DI_INVITO","text":"presente richiesta d'offerta","mentions":[{"text":"presente richiesta d'offerta","location":[2742,2770]}],"count":1},{"type":"D_12_17_MODELLO_14","text":"come da modello 14","mentions":[{"text":"come da modello 14","location":[27571,27589]}],"count":1},{"type":"M_03_RESPONSABILITA","text":"(modello 3)","mentions":[{"text":"(modello 3)","location":[20844,20855]}],"count":1},{"type":"D_12_19_DOCUMENTI_23_1","text":"documenti indicati all'art. 23.1 della RdO","mentions":[{"text":"documenti indicati all'art. 23.1 della RdO","location":[27967,28009]}],"count":1},{"type":"M_10_IDONEITA_TECNICA","text":"(modello 10)","mentions":[{"text":"(modello 10)","location":[12510,12522]},{"text":"(modello 10)","location":[23895,23907]}],"count":2},{"type":"M_05_CONSENSO","text":"Dichiarazione di consenso ai sensi del Regolamento (UE) 679/2016 (modello 5)","mentions":[{"text":"Dichiarazione di consenso ai sensi del Regolamento (UE) 679/2016 (modello 5)","location":[11666,11742]}],"count":1},{"type":"M_21_PROVENIENZA_PRODOTTI","text":"dichiarazione di provenienza dei prodotti offerti e la prova dell’esistenza di un accordo multilaterale o bilaterale","mentions":[{"text":"dichiarazione di provenienza dei prodotti offerti e la prova dell’esistenza di un accordo multilaterale o bilaterale","location":[33055,33171]}],"count":1},{"type":"M_22_COSTI_CHIUSI","text":"(Modello 22)","mentions":[{"text":"(Modello 22)","location":[33471,33483]}],"count":1},{"type":"D_12_11_29_DUVRI","text":"Documento Unico di Valutazione dei Rischi da Interferenze” (DUVRI), non sono stati assoggettati a ribasso d’asta","mentions":[{"text":"Documento Unico di Valutazione dei Rischi da Interferenze” (DUVRI), non sono stati assoggettati a ribasso d’asta","location":[25447,25559]}],"count":1},{"type":"M_01_ETICO","text":"Patto Etico e di Integrità","mentions":[{"text":"Patto Etico e di Integrità","location":[7744,7770]}],"count":1},{"type":"D_12_11_01_RSPP","text":"nominativo del Responsabile del Servizio di Prevenzione e Protezione (RSPP) avente i requisiti di legge","mentions":[{"text":"nominativo del Responsabile del Servizio di Prevenzione e Protezione (RSPP) avente i requisiti di legge","location":[24096,24199]}],"count":1},{"type":"D_12_17_MODELLO_14","text":"dichiarazione sostitutiva di atto notorio","mentions":[{"text":"dichiarazione sostitutiva di atto notorio","location":[27600,27641]}],"count":1},{"type":"M_10_IDONEITA_TECNICA","text":"possesso dei requisiti di idoneità tecnico professionale","mentions":[{"text":"possesso dei requisiti di idoneità tecnico professionale","location":[23979,24035]}],"count":1},{"type":"M_03_RESPONSABILITA","text":"Modulo Dichiarazione di impegno sulla Responsabilità amministrativa e Anticorruzione (modello 3)","mentions":[{"text":"Modulo Dichiarazione di impegno sulla Responsabilità amministrativa e Anticorruzione (modello 3)","location":[11259,11355]}],"count":1},{"type":"D_12_08_CONTROLLO","text":"dichiarazione di non trovarsi in una delle situazioni di controllo di cui all'art. 2359","mentions":[{"text":"dichiarazione di non trovarsi in una delle situazioni di controllo di cui all'art. 2359","location":[21008,21095]}],"count":1},{"type":"M_02_ESCLUSIONE","text":"dichiarazione dell’Offerente ex DPR 445/2000 attestante l'assenza dei motivi di esclusione","mentions":[{"text":"dichiarazione dell’Offerente ex DPR 445/2000 attestante l'assenza dei motivi di esclusione","location":[19219,19309]}],"count":1},{"type":"C_12_10_VERSAMENTO","text":"AUTORITÀ NAZIONALE ANTICORRUZIONE","mentions":[{"text":"AUTORITÀ NAZIONALE ANTICORRUZIONE","location":[35154,35187]}],"count":1},{"type":"D_12_21_COMMERCIALE","text":"segreto tecnico o commerciale","mentions":[{"text":"segreto tecnico o commerciale","location":[8826,8855]}],"count":1},{"type":"DATA_DOCUMENTO","text":"6 settembre 2011","mentions":[{"text":"6 settembre 2011","location":[5122,5138]}],"count":1},{"type":"M_22_COSTI_CHIUSI","text":"(modello 22)","mentions":[{"text":"(modello 22)","location":[15727,15739]}],"count":1},{"type":"D_13_07_02_IMPORTO_SUBAPPALTO","text":"l'importo previsto del Subappalto per ogni attività","mentions":[{"text":"l'importo previsto del Subappalto per ogni attività","location":[30330,30381]}],"count":1},{"type":"M_06_ISCRIZIONE_CAMERA","text":"(modello 6)","mentions":[{"text":"(modello 6)","location":[11926,11937]},{"text":"(modello 6)","location":[17291,17302]}],"count":2},{"type":"D_12_01_VISIONE","text":"dichiarazione con la quale l’Offerente attesta di aver preso visione e conoscenza di tutta la documentazione di gara","mentions":[{"text":"dichiarazione con la quale l’Offerente attesta di aver preso visione e conoscenza di tutta la documentazione di gara","location":[18731,18847]}],"count":1},{"type":"D_13_05_NOMINATIVI_FUNZIONI","text":"dichiarazione attestante i nominativi delle persone che l’Offerente intende preporre alle funzioni","mentions":[{"text":"dichiarazione attestante i nominativi delle persone che l’Offerente intende preporre alle funzioni","location":[29044,29142]}],"count":1},{"type":"COMMITTENTE","text":"Snam Rete Gas S.p.A.","mentions":[{"text":"Snam Rete Gas S.p.A.","location":[316,336]}],"count":1},{"type":"D_12_11_09_MEZZI","text":"mezzi ed attrezzature che utilizzerà per lo svolgimento delle attività oggetto del Contratto sono adeguate, conformi alla vigente normativa di sicurezza, utilizzate e mantenute in efficienza","mentions":[{"text":"mezzi ed attrezzature che utilizzerà per lo svolgimento delle attività oggetto del Contratto sono adeguate, conformi alla vigente normativa di sicurezza, utilizzate e mantenute in efficienza","location":[24404,24594]}],"count":1},{"type":"D_13_08_ESCLUSIONE_COOPERAZIONE","text":"Contratti continuativi di cooperazione","mentions":[{"text":"Contratti continuativi di cooperazione","location":[32003,32041]}],"count":1},{"type":"D_12_11_07_ANTINCENDIO","text":"nominare per i lavori oggetto dell'appalto un numero adeguato di Addetti Antincendio e Pronto Soccorso, aventi i requisiti di legge","mentions":[{"text":"nominare per i lavori oggetto dell'appalto un numero adeguato di Addetti Antincendio e Pronto Soccorso, aventi i requisiti di legge","location":[24258,24389]}],"count":1},{"type":"M_09_DICHIARAZIONE_445","text":"445/2000 familiari conviventi” (modello 9);","mentions":[{"text":"445/2000 familiari conviventi” (modello 9);","location":[12198,12241]}],"count":1},{"type":"D_12_11_18_OBBLIGHI_SICUREZZA","text":"tenuto conto degli obblighi relativi alle disposizioni in materia di sicurezza","mentions":[{"text":"tenuto conto degli obblighi relativi alle disposizioni in materia di sicurezza","location":[26296,26374]}],"count":1},{"type":"TAG_LETTERA_DI_INVITO","text":"LETTERA DI INVITO A PRESENTARE OFFERTA","mentions":[{"text":"LETTERA DI INVITO A PRESENTARE OFFERTA","location":[0,38]}],"count":1},{"type":"M_02_ESCLUSIONE","text":"Autocertificazione dell’Offerente ex DPR 445/2000 attestante l'assenza di motivi di esclusione","mentions":[{"text":"Autocertificazione dell’Offerente ex DPR 445/2000 attestante l'assenza di motivi di esclusione","location":[11091,11185]}],"count":1},{"type":"M_06_ISCRIZIONE_CAMERA","text":"Certificato Iscrizione alla Camera di Commercio","mentions":[{"text":"Certificato Iscrizione alla Camera di Commercio","location":[17227,17274]}],"count":1},{"type":"D_12_11_27_NOMINA_FIGURE","text":"attestati di partecipazione o d'iscrizione ai corsi di formazione previsti","mentions":[{"text":"attestati di partecipazione o d'iscrizione ai corsi di formazione previsti","location":[26861,26935]}],"count":1},{"type":"D_12_14_ASSICURAZIONE","text":"dichiarazione dell’Offerente attestante l'impegno a presentare, in caso di Aggiudicazione, con congruo anticipo rispetto alla data di inizio delle attività copia della polizza assicurativa R.C.v.T. e R.C.O.","mentions":[{"text":"dichiarazione dell’Offerente attestante l'impegno a presentare, in caso di Aggiudicazione, con congruo anticipo rispetto alla data di inizio delle attività copia della polizza assicurativa R.C.v.T. e R.C.O.","location":[26993,27199]}],"count":1},{"type":"DATA_DOCUMENTO","text":"13/06/2018","mentions":[{"text":"13/06/2018","location":[243,253]}],"count":1},{"type":"CIG","text":"8047769D0F","mentions":[{"text":"8047769D0F","location":[291,301]},{"text":"8047769D0F","location":[4053,4063]}],"count":2},{"type":"DATA_DOCUMENTO","text":"20/1 - 20","mentions":[{"text":"20/1 - 20","location":[14987,14996]}],"count":1},{"type":"M_03_RESPONSABILITA","text":"dichiarazione di impegno sulla Responsabilità amministrativa e Anticorruzione","mentions":[{"text":"dichiarazione di impegno sulla Responsabilità amministrativa e Anticorruzione","location":[20736,20813]}],"count":1},{"type":"M_01_ETICO","text":"Patto Etico e d’Integrità (modello 1)","mentions":[{"text":"Patto Etico e d’Integrità (modello 1)","location":[11036,11073]}],"count":1},{"type":"GARA","text":"MAM19/023C","mentions":[{"text":"MAM19/023C","location":[66,76]},{"text":"MAM19/023C","location":[4004,4014]}],"count":2},{"type":"M_06_ISCRIZIONE_CAMERA","text":"445/2000 del Certificato di Iscrizione alla Camera di Commercio","mentions":[{"text":"445/2000 del Certificato di Iscrizione alla Camera di Commercio","location":[11861,11924]}],"count":1},{"type":"M_22_COSTI_CHIUSI","text":"Modulo dichiarazione “costo della manodopera” e “oneri di sicurezza aziendale” - Contratti chiusi","mentions":[{"text":"Modulo dichiarazione “costo della manodopera” e “oneri di sicurezza aziendale” - Contratti chiusi","location":[15629,15726]}],"count":1},{"type":"M_07_AUTOCERT_445","text":"(modello 7)","mentions":[{"text":"(modello 7)","location":[12136,12147]},{"text":"(modello 7)","location":[18500,18511]}],"count":2},{"type":"D_12_11_08_DPI","text":"personale è dotato di idonei Dispositivi di Protezione Individuali (DPI) e/o collettivi","mentions":[{"text":"personale è dotato di idonei Dispositivi di Protezione Individuali (DPI) e/o collettivi","location":[24667,24754]}],"count":1},{"type":"M_02_ESCLUSIONE","text":"(modello 2)","mentions":[{"text":"(modello 2)","location":[11238,11249]}],"count":1},{"type":"D_12_11_10_ATMOSFERE_ESPLOSIVE","text":"mezzi, attrezzature e Dispositivi di Protezione Individuali (DPI) e/o collettivi utilizzati nelle aree in cui possono formarsi “atmosfere esplosive” sono rispondenti ai requisiti previsti dalla vigente normativa e dalle specifiche aziendali del Committente","mentions":[{"text":"mezzi, attrezzature e Dispositivi di Protezione Individuali (DPI) e/o collettivi utilizzati nelle aree in cui possono formarsi “atmosfere esplosive” sono rispondenti ai requisiti previsti dalla vigente normativa e dalle specifiche aziendali del Committente","location":[24825,25081]}],"count":1},{"type":"M_01_ETICO","text":"(modello 1)","mentions":[{"text":"(modello 1)","location":[7807,7818]},{"text":"(modello 1)","location":[19197,19208]}],"count":2},{"type":"M_02_ESCLUSIONE","text":"modello 2","mentions":[{"text":"modello 2","location":[19405,19414]}],"count":1},{"type":"M_05_CONSENSO","text":"dichiarazione di consenso ai sensi del Regolamento (UE) 679/2016 (modello 5)","mentions":[{"text":"dichiarazione di consenso ai sensi del Regolamento (UE) 679/2016 (modello 5)","location":[20866,20942]}],"count":1},{"type":"ACCETTAZIONE_D1201","text":"di condividerne ed accettarne i contenuti","mentions":[{"text":"di condividerne ed accettarne i contenuti","location":[19089,19130]}],"count":1},{"type":"D_12_11_27_NOMINA_FIGURE","text":"lettere di nomina firmate dal Datore di Lavoro","mentions":[{"text":"lettere di nomina firmate dal Datore di Lavoro","location":[26806,26852]}],"count":1},{"type":"D_12_11_28_DVR_POS","text":"aggiornare, se necessario, il proprio Documento di Valutazione dei Rischi","mentions":[{"text":"aggiornare, se necessario, il proprio Documento di Valutazione dei Rischi","location":[25099,25172]}],"count":1},{"type":"TAG_LETTERA_DI_INVITO","text":"Oggetto: invito alla presentazione di offerta","mentions":[{"text":"Oggetto: invito alla presentazione di offerta","location":[576,621]}],"count":1},{"type":"OGGETTO_LETTERA","text":"fornitura e l'installazione in opera di attuatori elettrici per il terminale di Palmi","mentions":[{"text":"fornitura e l'installazione in opera di attuatori elettrici per il terminale di Palmi","location":[672,757]}],"count":1},{"type":"D_13_08_ESCLUSIONE_COOPERAZIONE","text":"contratti continuativi di cooperazione","mentions":[{"text":"contratti continuativi di cooperazione","location":[32312,32350]},{"text":"contratti continuativi di cooperazione","location":[32787,32825]}],"count":2},{"type":"DATA_DOCUMENTO","text":"18 aprile 2016","mentions":[{"text":"18 aprile 2016","location":[3834,3848]},{"text":"18 aprile 2016","location":[5921,5935]}],"count":2},{"type":"D_12_08_CONTROLLO","text":"situazione di controllo di cui all'art. 2359","mentions":[{"text":"situazione di controllo di cui all'art. 2359","location":[21184,21228]}],"count":1},{"type":"DATA_DOCUMENTO","text":"22.2.10","mentions":[{"text":"22.2.10","location":[43744,43751]}],"count":1},{"type":"DATA_DOCUMENTO","text":"22.2.11","mentions":[{"text":"22.2.11","location":[43753,43760]}],"count":1},{"type":"DATA_DOCUMENTO","text":"22.2.12","mentions":[{"text":"22.2.12","location":[43762,43769]}],"count":1},{"type":"CIG","text":"8047769D0F","mentions":[{"text":"8047769D0F","location":[50105,50115]}],"count":1},{"type":"M_01_ETICO","text":"Patto Etico ed Integrità (Modello 1)","mentions":[{"text":"Patto Etico ed Integrità (Modello 1)","location":[45437,45473]}],"count":1},{"type":"M_22_COSTI_CHIUSI","text":"(Modello 22)","mentions":[{"text":"(Modello 22)","location":[40335,40347]}],"count":1},{"type":"C_12_10_VERSAMENTO","text":"Autorità Nazionale Anticorruzione","mentions":[{"text":"Autorità Nazionale Anticorruzione","location":[43866,43899]}],"count":1}],"language":"it","status":200,"idAttachment":"5f65dc00115b3374bb5e9301"}
2020-09-19 12:23:37,879 INFO com.ibm.snam.idm.thread.AnalyzerThread [pool-4-thread-1] Thread for document Lettera_invito_MAM19-023C - Prova RIC_v3.docx finished
2020-09-19 12:23:37,887 INFO com.ibm.snam.idm.microservices.BackendMicroservice [clientInboundChannel-36] saveObjectOnDb -- INIT --
2020-09-19 12:23:37,897 INFO com.ibm.snam.idm.microservices.BackendMicroservice [clientInboundChannel-36] calling url : http://localhost:8080/tender/createTender
2020-09-19 12:23:38,123 INFO com.ibm.snam.idm.microservices.BackendMicroservice [clientInboundChannel-36] saveObjectOnDb -- END --
2020-09-19 12:23:38,124 INFO com.ibm.snam.idm.web_socket.CreateTenderController [clientInboundChannel-36] responseFromBackend : {"status":200,"creationStatus":"TENDER_CREATED","message":"Gara creata con successo","tender":{"id":"5f65dc2aeb58af25d2d916eb","object":"fornitura e l'installazione in opera di attuatori elettrici per il terminale di Palmi","cig":["8047769D0F"],"sapNumber":"MAM19/023C","company":"Snam Rete Gas S.p.A.","endDate":{"chronology":{"calendarType":"iso8601","id":"ISO"},"dayOfMonth":30,"dayOfWeek":"WEDNESDAY","dayOfYear":274,"era":"CE","leapYear":true,"month":"SEPTEMBER","monthValue":9,"year":2020},"suppliers":[],"tenderAttachments":[{"tag":"LETTERA_INVITO","fileName":"Lettera_invito_MAM19-023C - Prova RIC_v3.docx","uploadedOn":{"date":19,"day":6,"hours":12,"minutes":23,"month":8,"seconds":38,"time":1600511018028,"timezoneOffset":-120,"year":120},"_idAttachment":"5f65dc00115b3374bb5e9301"}]}}
2020-09-19 12:23:38,126 INFO com.ibm.snam.idm.microservices.BackendMicroservice [clientInboundChannel-36] saveObjectOnDb -- INIT --
2020-09-19 12:23:38,129 INFO com.ibm.snam.idm.microservices.BackendMicroservice [clientInboundChannel-36] calling url : http://localhost:8080/tender/updateTenderRequiredAttachments
2020-09-19 12:23:38,313 INFO com.ibm.snam.idm.microservices.BackendMicroservice [clientInboundChannel-36] saveObjectOnDb -- END --
2020-09-19 12:23:38,313 INFO com.ibm.snam.idm.web_socket.CreateTenderController [clientInboundChannel-36] responseFromBackendUpdateRequiredAttachments : {"status":200,"message":"Gara creata con successo"}
2020-09-19 12:23:38,313 INFO com.ibm.snam.idm.web_socket.CreateTenderController [clientInboundChannel-36] Returning message
2020-09-19 12:23:38,326 INFO com.ibm.snam.idm.controller.UserNotificationController [http-nio-3030-exec-1] createNotification -- INIT --
2020-09-19 12:23:38,326 INFO com.ibm.snam.idm.service.UserNotificationService [http-nio-3030-exec-1] createNotification -- INIT -- notification : {"userId":"RIDP86Z","tenderNumber":"MAM19/023C","idTender":"5f65dc2aeb58af25d2d916eb","notificationType":"tenderCreation"}
2020-09-19 12:23:38,326 INFO com.ibm.snam.idm.service.UserNotificationService [http-nio-3030-exec-1] Create notification for user RIDP86Z at time : 2020-09-19
2020-09-19 12:23:38,327 INFO com.ibm.snam.idm.service.UserNotificationService [http-nio-3030-exec-1] Saving notification : UserNotification{id=null, userId='RIDP86Z', notificationType='tenderCreation', idTender='5f65dc2aeb58af25d2d916eb', creationDate=19.09.2020 12:23, idSupplier='null', readingDate='null'}
2020-09-19 12:23:38,618 INFO com.ibm.snam.idm.service.UserNotificationService [http-nio-3030-exec-1] createNotification -- END -- 
2020-09-19 12:23:54,425 INFO com.ibm.snam.idm.controller.ViewController [http-nio-3030-exec-8] getting garaOverview
2020-09-19 12:23:54,426 INFO com.ibm.snam.idm.controller.ViewController [http-nio-3030-exec-8] returning garaOverview
2020-09-19 12:23:54,643 INFO com.ibm.snam.idm.controller.UserNotificationController [http-nio-3030-exec-2] getUserNotification -- INIT -- userId : RIDP86Z
2020-09-19 12:23:54,643 INFO com.ibm.snam.idm.service.UserNotificationService [http-nio-3030-exec-2] getUserNotification -- INIT --
2020-09-19 12:23:54,644 INFO com.ibm.snam.idm.microservices.BackendMicroservice [http-nio-3030-exec-6] getSuppliersByTenderId -- INIT --
2020-09-19 12:23:54,649 INFO com.ibm.snam.idm.microservices.BackendMicroservice [http-nio-3030-exec-6] calling url : http://localhost:8080/tender/5f65dc2aeb58af25d2d916eb/suppliers
2020-09-19 12:23:54,794 INFO com.ibm.snam.idm.microservices.BackendMicroservice [http-nio-3030-exec-6] getSuppliersByTenderId -- END --
2020-09-19 12:23:54,809 INFO com.ibm.snam.idm.microservices.BackendMicroservice [http-nio-3030-exec-9] getSuppliersByTenderId -- INIT --
2020-09-19 12:23:54,817 INFO com.ibm.snam.idm.microservices.BackendMicroservice [http-nio-3030-exec-9] calling url : http://localhost:8080/tender/5f65dc2aeb58af25d2d916eb/suppliers
2020-09-19 12:23:54,862 INFO com.ibm.snam.idm.service.UserNotificationService [http-nio-3030-exec-2] Found 4 notification(s) for user RIDP86Z
2020-09-19 12:23:54,864 INFO com.ibm.snam.idm.controller.UserNotificationController [http-nio-3030-exec-2] getUserNotification -- END -- userId : RIDP86Z
2020-09-19 12:23:54,987 INFO com.ibm.snam.idm.microservices.BackendMicroservice [http-nio-3030-exec-9] getSuppliersByTenderId -- END --
2020-09-19 12:31:17,582 INFO org.springframework.web.socket.config.WebSocketMessageBrokerStats [MessageBroker-3] WebSocketSession[3 current WS(3)-HttpStream(0)-HttpPoll(0), 36 total, 0 closed abnormally (0 connect failure, 0 send limit, 0 transport error)], stompSubProtocol[processed CONNECT(36)-CONNECTED(36)-DISCONNECT(0)], stompBrokerRelay[null], inboundChannel[pool size = 0, active threads = 0, queued tasks = 0, completed tasks = 654], outboundChannel[pool size = 0, active threads = 0, queued tasks = 0, completed tasks = 74], sockJsScheduler[pool size = 12, active threads = 1, queued tasks = 6, completed tasks = 1311]
2020-09-19 12:46:31,861 INFO com.ibm.snam.idm.controller.ViewController [http-nio-3030-exec-7] getting dashboard
2020-09-19 12:46:31,863 INFO com.ibm.snam.idm.controller.ViewController [http-nio-3030-exec-7] returning dashboard
2020-09-19 12:46:32,229 INFO com.ibm.snam.idm.controller.UserNotificationController [http-nio-3030-exec-6] getUserNotification -- INIT -- userId : RIDP86Z
2020-09-19 12:46:32,230 INFO com.ibm.snam.idm.service.UserNotificationService [http-nio-3030-exec-6] getUserNotification -- INIT --
2020-09-19 12:46:32,592 INFO com.ibm.snam.idm.service.UserNotificationService [http-nio-3030-exec-6] Found 4 notification(s) for user RIDP86Z
2020-09-19 12:46:32,596 INFO com.ibm.snam.idm.controller.UserNotificationController [http-nio-3030-exec-6] getUserNotification -- END -- userId : RIDP86Z
2020-09-19 12:46:32,602 WARN org.hibernate.engine.jdbc.spi.SqlExceptionHelper$StandardWarningHandler [http-nio-3030-exec-6] SQL Warning Code: 4223, SQLState: null
2020-09-19 12:46:32,604 WARN org.hibernate.engine.jdbc.spi.SqlExceptionHelper$StandardWarningHandler [http-nio-3030-exec-6] Origination unknown: [10228][11541][4.13.127] Security exceptions occurred while loading driver. ERRORCODE=4223, SQLSTATE=null
2020-09-19 12:46:35,131 INFO com.ibm.snam.idm.controller.ViewController [http-nio-3030-exec-7] getting garaOverview
2020-09-19 12:46:35,132 INFO com.ibm.snam.idm.controller.ViewController [http-nio-3030-exec-7] returning garaOverview
2020-09-19 12:46:35,320 INFO com.ibm.snam.idm.controller.UserNotificationController [http-nio-3030-exec-5] getUserNotification -- INIT -- userId : RIDP86Z
2020-09-19 12:46:35,320 INFO com.ibm.snam.idm.service.UserNotificationService [http-nio-3030-exec-5] getUserNotification -- INIT --
2020-09-19 12:46:35,320 INFO com.ibm.snam.idm.microservices.BackendMicroservice [http-nio-3030-exec-2] getSuppliersByTenderId -- INIT --
2020-09-19 12:46:35,324 INFO com.ibm.snam.idm.microservices.BackendMicroservice [http-nio-3030-exec-2] calling url : http://localhost:8080/tender/5f65dc9857956e430c475f0b/suppliers
2020-09-19 12:46:35,588 INFO com.ibm.snam.idm.service.UserNotificationService [http-nio-3030-exec-5] Found 4 notification(s) for user RIDP86Z
2020-09-19 12:46:35,589 INFO com.ibm.snam.idm.controller.UserNotificationController [http-nio-3030-exec-5] getUserNotification -- END -- userId : RIDP86Z
2020-09-19 12:46:35,836 INFO com.ibm.snam.idm.microservices.BackendMicroservice [http-nio-3030-exec-2] getSuppliersByTenderId -- END --
2020-09-19 12:46:35,847 INFO com.ibm.snam.idm.microservices.BackendMicroservice [http-nio-3030-exec-7] getSuppliersByTenderId -- INIT --
2020-09-19 12:46:35,852 INFO com.ibm.snam.idm.microservices.BackendMicroservice [http-nio-3030-exec-7] calling url : http://localhost:8080/tender/5f65dc9857956e430c475f0b/suppliers
2020-09-19 12:46:36,288 INFO com.ibm.snam.idm.microservices.BackendMicroservice [http-nio-3030-exec-7] getSuppliersByTenderId -- END --
2020-09-19 12:46:37,543 INFO com.ibm.snam.idm.controller.ViewController [http-nio-3030-exec-9] getting fornitoreOverview
2020-09-19 12:46:37,545 INFO com.ibm.snam.idm.controller.ViewController [http-nio-3030-exec-9] returning fornitoreOverview
2020-09-19 12:46:37,763 INFO com.ibm.snam.idm.controller.UserNotificationController [http-nio-3030-exec-8] getUserNotification -- INIT -- userId : RIDP86Z
2020-09-19 12:46:37,763 INFO com.ibm.snam.idm.service.UserNotificationService [http-nio-3030-exec-8] getUserNotification -- INIT --
2020-09-19 12:46:38,061 INFO com.ibm.snam.idm.service.UserNotificationService [http-nio-3030-exec-8] Found 4 notification(s) for user RIDP86Z
2020-09-19 12:46:38,063 INFO com.ibm.snam.idm.controller.UserNotificationController [http-nio-3030-exec-8] getUserNotification -- END -- userId : RIDP86Z
2020-09-19 13:01:17,597 INFO org.springframework.web.socket.config.WebSocketMessageBrokerStats [MessageBroker-6] WebSocketSession[3 current WS(3)-HttpStream(0)-HttpPoll(0), 45 total, 0 closed abnormally (0 connect failure, 0 send limit, 0 transport error)], stompSubProtocol[processed CONNECT(45)-CONNECTED(45)-DISCONNECT(0)], stompBrokerRelay[null], inboundChannel[pool size = 0, active threads = 0, queued tasks = 0, completed tasks = 816], outboundChannel[pool size = 0, active threads = 0, queued tasks = 0, completed tasks = 92], sockJsScheduler[pool size = 12, active threads = 1, queued tasks = 6, completed tasks = 2608]
2020-09-19 13:31:17,609 INFO org.springframework.web.socket.config.WebSocketMessageBrokerStats [MessageBroker-10] WebSocketSession[3 current WS(3)-HttpStream(0)-HttpPoll(0), 45 total, 0 closed abnormally (0 connect failure, 0 send limit, 0 transport error)], stompSubProtocol[processed CONNECT(45)-CONNECTED(45)-DISCONNECT(0)], stompBrokerRelay[null], inboundChannel[pool size = 0, active threads = 0, queued tasks = 0, completed tasks = 816], outboundChannel[pool size = 0, active threads = 0, queued tasks = 0, completed tasks = 92], sockJsScheduler[pool size = 12, active threads = 1, queued tasks = 6, completed tasks = 3905]
2020-09-19 14:01:17,615 INFO org.springframework.web.socket.config.WebSocketMessageBrokerStats [MessageBroker-9] WebSocketSession[3 current WS(3)-HttpStream(0)-HttpPoll(0), 45 total, 0 closed abnormally (0 connect failure, 0 send limit, 0 transport error)], stompSubProtocol[processed CONNECT(45)-CONNECTED(45)-DISCONNECT(0)], stompBrokerRelay[null], inboundChannel[pool size = 0, active threads = 0, queued tasks = 0, completed tasks = 816], outboundChannel[pool size = 0, active threads = 0, queued tasks = 0, completed tasks = 92], sockJsScheduler[pool size = 12, active threads = 1, queued tasks = 6, completed tasks = 5202]
2020-09-19 14:31:17,628 INFO org.springframework.web.socket.config.WebSocketMessageBrokerStats [MessageBroker-12] WebSocketSession[3 current WS(3)-HttpStream(0)-HttpPoll(0), 45 total, 0 closed abnormally (0 connect failure, 0 send limit, 0 transport error)], stompSubProtocol[processed CONNECT(45)-CONNECTED(45)-DISCONNECT(0)], stompBrokerRelay[null], inboundChannel[pool size = 0, active threads = 0, queued tasks = 0, completed tasks = 816], outboundChannel[pool size = 0, active threads = 0, queued tasks = 0, completed tasks = 92], sockJsScheduler[pool size = 12, active threads = 1, queued tasks = 6, completed tasks = 6499]
2020-09-19 17:51:32,753 INFO org.springframework.web.socket.config.WebSocketMessageBrokerStats [MessageBroker-2] WebSocketSession[0 current WS(0)-HttpStream(0)-HttpPoll(0), 45 total, 0 closed abnormally (0 connect failure, 0 send limit, 3 transport error)], stompSubProtocol[processed CONNECT(45)-CONNECTED(45)-DISCONNECT(0)], stompBrokerRelay[null], inboundChannel[pool size = 9, active threads = 0, queued tasks = 0, completed tasks = 825], outboundChannel[pool size = 3, active threads = 0, queued tasks = 0, completed tasks = 95], sockJsScheduler[pool size = 12, active threads = 4, queued tasks = 0, completed tasks = 7458]
2020-09-19 17:51:41,919 WARN com.zaxxer.hikari.pool.HikariPool$HouseKeeper [HikariPool-1 housekeeper] HikariPool-1 - Thread starvation or clock leap detected (housekeeper delta=3h24s653ms9µs700ns).
