2020-09-01 15:08:00,127 INFO org.springframework.boot.StartupInfoLogger [main] Starting IdmFrontendApplication on DESKTOP-D7RNNC6 with PID 20668 (C:\progetti\Legal_IDM\workspace\idm-frontend\target\classes started by PietroGerace in C:\progetti\Legal_IDM\workspace\idm-frontend)
2020-09-01 15:08:00,133 INFO org.springframework.boot.SpringApplication [main] No active profile set, falling back to default profiles: default
2020-09-01 15:08:00,837 INFO org.springframework.data.repository.config.RepositoryConfigurationDelegate [main] Bootstrapping Spring Data JPA repositories in DEFERRED mode.
2020-09-01 15:08:00,893 INFO org.springframework.data.repository.config.RepositoryConfigurationDelegate [main] Finished Spring Data repository scanning in 47ms. Found 1 JPA repository interfaces.
2020-09-01 15:08:01,350 INFO org.springframework.boot.web.embedded.tomcat.TomcatWebServer [main] Tomcat initialized with port(s): 3030 (http)
2020-09-01 15:08:01,356 INFO org.apache.juli.logging.DirectJDKLog [main] Initializing ProtocolHandler ["http-nio-3030"]
2020-09-01 15:08:01,356 INFO org.apache.juli.logging.DirectJDKLog [main] Starting service [Tomcat]
2020-09-01 15:08:01,357 INFO org.apache.juli.logging.DirectJDKLog [main] Starting Servlet engine: [Apache Tomcat/9.0.36]
2020-09-01 15:08:01,659 INFO org.apache.juli.logging.DirectJDKLog [main] At least one JAR was scanned for TLDs yet contained no TLDs. Enable debug logging for this logger for a complete list of JARs that were scanned but no TLDs were found in them. Skipping unneeded JARs during scanning can improve startup time and JSP compilation time.
2020-09-01 15:08:01,663 INFO org.apache.juli.logging.DirectJDKLog [main] Initializing Spring embedded WebApplicationContext
2020-09-01 15:08:01,663 INFO org.springframework.boot.web.servlet.context.ServletWebServerApplicationContext [main] Root WebApplicationContext: initialization completed in 1481 ms
2020-09-01 15:08:01,708 WARN org.springframework.boot.autoconfigure.orm.jpa.JpaBaseConfiguration$JpaWebConfiguration [main] spring.jpa.open-in-view is enabled by default. Therefore, database queries may be performed during view rendering. Explicitly configure spring.jpa.open-in-view to disable this warning
2020-09-01 15:08:01,715 INFO com.ibm.snam.idm.datasource.DatasourceConfiguration [main] Connecting to Datasource....
2020-09-01 15:08:01,716 INFO com.ibm.snam.idm.datasource.DatasourceConfiguration [main] Connected to Datasource - url : jdbc:db2://dashdb-txn-flex-yp-fra02-566.services.eu-de.bluemix.net:50000/BLUDB
2020-09-01 15:08:01,775 INFO com.zaxxer.hikari.HikariDataSource [main] HikariPool-1 - Starting...
2020-09-01 15:08:05,500 INFO com.zaxxer.hikari.HikariDataSource [main] HikariPool-1 - Start completed.
2020-09-01 15:08:05,564 INFO org.hibernate.jpa.internal.util.LogHelper [main] HHH000204: Processing PersistenceUnitInfo [name: default]
2020-09-01 15:08:05,620 INFO org.hibernate.Version [main] HHH000412: Hibernate ORM core version 5.4.17.Final
2020-09-01 15:08:05,814 INFO org.hibernate.annotations.common.reflection.java.JavaReflectionManager [main] HCANN000001: Hibernate Commons Annotations {5.1.0.Final}
2020-09-01 15:08:06,009 INFO org.hibernate.dialect.Dialect [main] HHH000400: Using dialect: org.hibernate.dialect.DB2Dialect
2020-09-01 15:08:07,925 INFO org.hibernate.engine.transaction.jta.platform.internal.JtaPlatformInitiator [main] HHH000490: Using JtaPlatform implementation: [org.hibernate.engine.transaction.jta.platform.internal.NoJtaPlatform]
2020-09-01 15:08:07,966 INFO org.springframework.orm.jpa.AbstractEntityManagerFactoryBean [main] Initialized JPA EntityManagerFactory for persistence unit 'default'
2020-09-01 15:08:08,552 INFO org.springframework.security.web.DefaultSecurityFilterChain [main] Creating filter chain: any request, [org.springframework.security.web.context.request.async.WebAsyncManagerIntegrationFilter@11c581a0, org.springframework.security.web.context.SecurityContextPersistenceFilter@1e2445f6, org.springframework.security.web.header.HeaderWriterFilter@2d206a71, org.keycloak.adapters.springsecurity.filter.KeycloakPreAuthActionsFilter@58f254b1, org.keycloak.adapters.springsecurity.filter.KeycloakAuthenticationProcessingFilter@b5aa65b, org.springframework.security.web.authentication.logout.LogoutFilter@30b3d899, org.springframework.security.web.savedrequest.RequestCacheAwareFilter@284990de, org.springframework.security.web.servletapi.SecurityContextHolderAwareRequestFilter@477523ba, org.keycloak.adapters.springsecurity.filter.KeycloakSecurityContextRequestFilter@706f6d26, org.keycloak.adapters.springsecurity.filter.KeycloakAuthenticatedActionsFilter@3af2f846, org.springframework.security.web.authentication.AnonymousAuthenticationFilter@256589a1, org.springframework.security.web.session.SessionManagementFilter@3a40bb52, org.springframework.security.web.access.ExceptionTranslationFilter@37775bb1, org.springframework.security.web.access.intercept.FilterSecurityInterceptor@5384ce66]
2020-09-01 15:08:08,648 INFO org.springframework.scheduling.concurrent.ExecutorConfigurationSupport [main] Initializing ExecutorService 'clientInboundChannelExecutor'
2020-09-01 15:08:08,658 INFO org.springframework.scheduling.concurrent.ExecutorConfigurationSupport [main] Initializing ExecutorService 'clientOutboundChannelExecutor'
2020-09-01 15:08:08,668 INFO org.springframework.scheduling.concurrent.ExecutorConfigurationSupport [main] Initializing ExecutorService 'messageBrokerTaskScheduler'
2020-09-01 15:08:08,720 INFO org.springframework.scheduling.concurrent.ExecutorConfigurationSupport [main] Initializing ExecutorService 'brokerChannelExecutor'
2020-09-01 15:08:08,927 INFO org.springframework.boot.autoconfigure.web.servlet.WelcomePageHandlerMapping [main] Adding welcome page: class path resource [public/index.html]
2020-09-01 15:08:09,049 INFO org.apache.juli.logging.DirectJDKLog [main] Starting ProtocolHandler ["http-nio-3030"]
2020-09-01 15:08:09,061 WARN org.springframework.context.support.AbstractApplicationContext [main] Exception encountered during context initialization - cancelling refresh attempt: org.springframework.context.ApplicationContextException: Failed to start bean 'webServerStartStop'; nested exception is org.springframework.boot.web.server.PortInUseException: Port 3030 is already in use
2020-09-01 15:08:09,063 INFO org.springframework.scheduling.concurrent.ExecutorConfigurationSupport [main] Shutting down ExecutorService 'brokerChannelExecutor'
2020-09-01 15:08:09,063 INFO org.springframework.scheduling.concurrent.ExecutorConfigurationSupport [main] Shutting down ExecutorService 'messageBrokerTaskScheduler'
2020-09-01 15:08:09,064 INFO org.springframework.scheduling.concurrent.ExecutorConfigurationSupport [main] Shutting down ExecutorService 'clientOutboundChannelExecutor'
2020-09-01 15:08:09,065 INFO org.springframework.scheduling.concurrent.ExecutorConfigurationSupport [main] Shutting down ExecutorService 'clientInboundChannelExecutor'
2020-09-01 15:08:09,066 INFO org.springframework.orm.jpa.AbstractEntityManagerFactoryBean [main] Closing JPA EntityManagerFactory for persistence unit 'default'
2020-09-01 15:08:09,068 INFO com.zaxxer.hikari.HikariDataSource [main] HikariPool-1 - Shutdown initiated...
2020-09-01 15:08:09,073 INFO com.zaxxer.hikari.HikariDataSource [main] HikariPool-1 - Shutdown completed.
2020-09-01 15:08:09,075 INFO org.apache.juli.logging.DirectJDKLog [main] Pausing ProtocolHandler ["http-nio-3030"]
2020-09-01 15:08:09,075 INFO org.apache.juli.logging.DirectJDKLog [main] Stopping service [Tomcat]
2020-09-01 15:08:09,078 INFO org.apache.juli.logging.DirectJDKLog [main] Stopping ProtocolHandler ["http-nio-3030"]
2020-09-01 15:08:09,079 INFO org.apache.juli.logging.DirectJDKLog [main] Destroying ProtocolHandler ["http-nio-3030"]
2020-09-01 15:08:09,085 INFO org.springframework.boot.autoconfigure.logging.ConditionEvaluationReportLoggingListener [main] 

Error starting ApplicationContext. To display the conditions report re-run your application with 'debug' enabled.
2020-09-01 15:08:09,091 ERROR org.springframework.boot.diagnostics.LoggingFailureAnalysisReporter [main] 

***************************
APPLICATION FAILED TO START
***************************

Description:

Web server failed to start. Port 3030 was already in use.

Action:

Identify and stop the process that's listening on port 3030 or configure this application to listen on another port.

2020-09-01 15:08:20,419 INFO org.springframework.boot.StartupInfoLogger [main] Starting IdmFrontendApplication on DESKTOP-D7RNNC6 with PID 12028 (C:\progetti\Legal_IDM\workspace\idm-frontend\target\classes started by PietroGerace in C:\progetti\Legal_IDM\workspace\idm-frontend)
2020-09-01 15:08:20,422 INFO org.springframework.boot.SpringApplication [main] No active profile set, falling back to default profiles: default
2020-09-01 15:08:21,294 INFO org.springframework.data.repository.config.RepositoryConfigurationDelegate [main] Bootstrapping Spring Data JPA repositories in DEFERRED mode.
2020-09-01 15:08:21,365 INFO org.springframework.data.repository.config.RepositoryConfigurationDelegate [main] Finished Spring Data repository scanning in 59ms. Found 1 JPA repository interfaces.
2020-09-01 15:08:22,009 INFO org.springframework.boot.web.embedded.tomcat.TomcatWebServer [main] Tomcat initialized with port(s): 3030 (http)
2020-09-01 15:08:22,025 INFO org.apache.juli.logging.DirectJDKLog [main] Initializing ProtocolHandler ["http-nio-3030"]
2020-09-01 15:08:22,026 INFO org.apache.juli.logging.DirectJDKLog [main] Starting service [Tomcat]
2020-09-01 15:08:22,026 INFO org.apache.juli.logging.DirectJDKLog [main] Starting Servlet engine: [Apache Tomcat/9.0.36]
2020-09-01 15:08:22,737 INFO org.apache.juli.logging.DirectJDKLog [main] At least one JAR was scanned for TLDs yet contained no TLDs. Enable debug logging for this logger for a complete list of JARs that were scanned but no TLDs were found in them. Skipping unneeded JARs during scanning can improve startup time and JSP compilation time.
2020-09-01 15:08:22,741 INFO org.apache.juli.logging.DirectJDKLog [main] Initializing Spring embedded WebApplicationContext
2020-09-01 15:08:22,742 INFO org.springframework.boot.web.servlet.context.ServletWebServerApplicationContext [main] Root WebApplicationContext: initialization completed in 2280 ms
2020-09-01 15:08:22,811 WARN org.springframework.boot.autoconfigure.orm.jpa.JpaBaseConfiguration$JpaWebConfiguration [main] spring.jpa.open-in-view is enabled by default. Therefore, database queries may be performed during view rendering. Explicitly configure spring.jpa.open-in-view to disable this warning
2020-09-01 15:08:22,819 INFO com.ibm.snam.idm.datasource.DatasourceConfiguration [main] Connecting to Datasource....
2020-09-01 15:08:22,819 INFO com.ibm.snam.idm.datasource.DatasourceConfiguration [main] Connected to Datasource - url : jdbc:db2://dashdb-txn-flex-yp-fra02-566.services.eu-de.bluemix.net:50000/BLUDB
2020-09-01 15:08:22,889 INFO com.zaxxer.hikari.HikariDataSource [main] HikariPool-1 - Starting...
2020-09-01 15:08:23,411 INFO com.zaxxer.hikari.HikariDataSource [main] HikariPool-1 - Start completed.
2020-09-01 15:08:23,526 INFO org.hibernate.jpa.internal.util.LogHelper [main] HHH000204: Processing PersistenceUnitInfo [name: default]
2020-09-01 15:08:23,564 INFO org.hibernate.Version [main] HHH000412: Hibernate ORM core version 5.4.17.Final
2020-09-01 15:08:23,680 INFO org.hibernate.annotations.common.reflection.java.JavaReflectionManager [main] HCANN000001: Hibernate Commons Annotations {5.1.0.Final}
2020-09-01 15:08:23,773 INFO org.hibernate.dialect.Dialect [main] HHH000400: Using dialect: org.hibernate.dialect.DB2Dialect
2020-09-01 15:08:24,466 INFO org.hibernate.engine.transaction.jta.platform.internal.JtaPlatformInitiator [main] HHH000490: Using JtaPlatform implementation: [org.hibernate.engine.transaction.jta.platform.internal.NoJtaPlatform]
2020-09-01 15:08:24,474 INFO org.springframework.orm.jpa.AbstractEntityManagerFactoryBean [main] Initialized JPA EntityManagerFactory for persistence unit 'default'
2020-09-01 15:08:24,686 INFO org.springframework.security.web.DefaultSecurityFilterChain [main] Creating filter chain: any request, [org.springframework.security.web.context.request.async.WebAsyncManagerIntegrationFilter@755a7218, org.springframework.security.web.context.SecurityContextPersistenceFilter@cbf1997, org.springframework.security.web.header.HeaderWriterFilter@13278a41, org.keycloak.adapters.springsecurity.filter.KeycloakPreAuthActionsFilter@6cc64028, org.keycloak.adapters.springsecurity.filter.KeycloakAuthenticationProcessingFilter@8c0a23f, org.springframework.security.web.authentication.logout.LogoutFilter@325162e9, org.springframework.security.web.savedrequest.RequestCacheAwareFilter@5faeeb56, org.springframework.security.web.servletapi.SecurityContextHolderAwareRequestFilter@33324c05, org.keycloak.adapters.springsecurity.filter.KeycloakSecurityContextRequestFilter@340cb97f, org.keycloak.adapters.springsecurity.filter.KeycloakAuthenticatedActionsFilter@6a1568d6, org.springframework.security.web.authentication.AnonymousAuthenticationFilter@70c29356, org.springframework.security.web.session.SessionManagementFilter@3ab595c8, org.springframework.security.web.access.ExceptionTranslationFilter@129c4d19, org.springframework.security.web.access.intercept.FilterSecurityInterceptor@61da0413]
2020-09-01 15:08:24,737 INFO org.springframework.scheduling.concurrent.ExecutorConfigurationSupport [main] Initializing ExecutorService 'clientInboundChannelExecutor'
2020-09-01 15:08:24,740 INFO org.springframework.scheduling.concurrent.ExecutorConfigurationSupport [main] Initializing ExecutorService 'clientOutboundChannelExecutor'
2020-09-01 15:08:24,745 INFO org.springframework.scheduling.concurrent.ExecutorConfigurationSupport [main] Initializing ExecutorService 'messageBrokerTaskScheduler'
2020-09-01 15:08:24,777 INFO org.springframework.scheduling.concurrent.ExecutorConfigurationSupport [main] Initializing ExecutorService 'brokerChannelExecutor'
2020-09-01 15:08:24,915 INFO org.springframework.boot.autoconfigure.web.servlet.WelcomePageHandlerMapping [main] Adding welcome page: class path resource [public/index.html]
2020-09-01 15:08:25,014 INFO org.apache.juli.logging.DirectJDKLog [main] Starting ProtocolHandler ["http-nio-3030"]
2020-09-01 15:08:25,039 INFO org.springframework.boot.web.embedded.tomcat.TomcatWebServer [main] Tomcat started on port(s): 3030 (http) with context path ''
2020-09-01 15:08:25,042 INFO org.springframework.core.log.CompositeLog [main] Starting...
2020-09-01 15:08:25,042 INFO org.springframework.core.log.CompositeLog [main] BrokerAvailabilityEvent[available=true, SimpleBrokerMessageHandler [DefaultSubscriptionRegistry[cache[0 destination(s)], registry[0 sessions]]]]
2020-09-01 15:08:25,042 INFO org.springframework.core.log.CompositeLog [main] Started.
2020-09-01 15:08:25,043 INFO org.springframework.data.repository.config.DeferredRepositoryInitializationListener [main] Triggering deferred initialization of Spring Data repositories…
2020-09-01 15:08:25,259 INFO org.springframework.data.repository.config.DeferredRepositoryInitializationListener [main] Spring Data repositories initialized!
2020-09-01 15:08:25,266 INFO org.springframework.boot.StartupInfoLogger [main] Started IdmFrontendApplication in 5.272 seconds (JVM running for 6.404)
2020-09-01 15:08:31,332 INFO org.apache.juli.logging.DirectJDKLog [http-nio-3030-exec-1] Initializing Spring DispatcherServlet 'dispatcherServlet'
2020-09-01 15:08:31,333 INFO org.springframework.web.servlet.FrameworkServlet [http-nio-3030-exec-1] Initializing Servlet 'dispatcherServlet'
2020-09-01 15:08:31,342 INFO org.springframework.web.servlet.FrameworkServlet [http-nio-3030-exec-1] Completed initialization in 9 ms
2020-09-01 15:08:32,211 INFO org.keycloak.adapters.KeycloakDeployment [http-nio-3030-exec-2] Loaded URLs from http://158.177.78.141:8080/auth/realms/idm-realm/.well-known/openid-configuration
2020-09-01 15:08:59,165 INFO com.ibm.snam.idm.controller.ViewController [http-nio-3030-exec-10] getting dashboard
2020-09-01 15:08:59,165 INFO com.ibm.snam.idm.controller.ViewController [http-nio-3030-exec-10] returning dashboard
2020-09-01 15:09:00,677 INFO com.ibm.snam.idm.controller.UserNotificationController [http-nio-3030-exec-9] getUserNotification -- INIT -- userId : RIDP86Z
2020-09-01 15:09:00,684 INFO com.ibm.snam.idm.service.UserNotificationService [http-nio-3030-exec-9] getUserNotification -- INIT --
2020-09-01 15:09:00,955 INFO com.ibm.snam.idm.service.UserNotificationService [http-nio-3030-exec-9] Found 0 notification(s) for user RIDP86Z
2020-09-01 15:09:00,978 INFO com.ibm.snam.idm.controller.UserNotificationController [http-nio-3030-exec-9] getUserNotification -- END -- userId : RIDP86Z
2020-09-01 15:09:24,776 INFO org.springframework.web.socket.config.WebSocketMessageBrokerStats [MessageBroker-11] WebSocketSession[3 current WS(3)-HttpStream(0)-HttpPoll(0), 3 total, 0 closed abnormally (0 connect failure, 0 send limit, 0 transport error)], stompSubProtocol[processed CONNECT(0)-CONNECTED(0)-DISCONNECT(0)], stompBrokerRelay[null], inboundChannel[pool size = 0, active threads = 0, queued tasks = 0, completed tasks = 0], outboundChannel[pool size = 0, active threads = 0, queued tasks = 0, completed tasks = 0], sockJsScheduler[pool size = 12, active threads = 1, queued tasks = 6, completed tasks = 15]
2020-09-01 15:12:19,909 INFO com.ibm.snam.idm.controller.ViewController [http-nio-3030-exec-6] getting garaOverview
2020-09-01 15:12:19,910 INFO com.ibm.snam.idm.controller.ViewController [http-nio-3030-exec-6] returning garaOverview
2020-09-01 15:12:20,473 INFO com.ibm.snam.idm.controller.UserNotificationController [http-nio-3030-exec-6] getUserNotification -- INIT -- userId : RIDP86Z
2020-09-01 15:12:20,473 INFO com.ibm.snam.idm.service.UserNotificationService [http-nio-3030-exec-6] getUserNotification -- INIT --
2020-09-01 15:12:20,476 INFO com.ibm.snam.idm.microservices.BackendMicroservice [http-nio-3030-exec-7] getSuppliersByTenderId -- INIT --
2020-09-01 15:12:20,488 INFO com.ibm.snam.idm.microservices.BackendMicroservice [http-nio-3030-exec-7] calling url : http://localhost:8080/tender/5f2aceb988d8a84f004c7f5b/suppliers
2020-09-01 15:12:20,591 INFO com.ibm.snam.idm.service.UserNotificationService [http-nio-3030-exec-6] Found 0 notification(s) for user RIDP86Z
2020-09-01 15:12:20,592 INFO com.ibm.snam.idm.controller.UserNotificationController [http-nio-3030-exec-6] getUserNotification -- END -- userId : RIDP86Z
2020-09-01 15:12:21,013 INFO com.ibm.snam.idm.microservices.BackendMicroservice [http-nio-3030-exec-7] getSuppliersByTenderId -- END --
2020-09-01 15:12:21,019 INFO com.ibm.snam.idm.microservices.BackendMicroservice [http-nio-3030-exec-8] getSuppliersByTenderId -- INIT --
2020-09-01 15:12:21,021 INFO com.ibm.snam.idm.microservices.BackendMicroservice [http-nio-3030-exec-8] calling url : http://localhost:8080/tender/5f2aceb988d8a84f004c7f5b/suppliers
2020-09-01 15:12:21,118 INFO com.ibm.snam.idm.microservices.BackendMicroservice [http-nio-3030-exec-8] getSuppliersByTenderId -- END --
2020-09-01 15:12:24,777 INFO com.ibm.snam.idm.controller.ViewController [http-nio-3030-exec-2] getting bandiList
2020-09-01 15:12:24,778 INFO com.ibm.snam.idm.controller.ViewController [http-nio-3030-exec-2] returning bandiList
2020-09-01 15:12:25,070 INFO com.ibm.snam.idm.controller.UserNotificationController [http-nio-3030-exec-7] getUserNotification -- INIT -- userId : RIDP86Z
2020-09-01 15:12:25,071 INFO com.ibm.snam.idm.service.UserNotificationService [http-nio-3030-exec-7] getUserNotification -- INIT --
2020-09-01 15:12:25,183 INFO com.ibm.snam.idm.service.UserNotificationService [http-nio-3030-exec-7] Found 0 notification(s) for user RIDP86Z
2020-09-01 15:12:25,183 INFO com.ibm.snam.idm.controller.UserNotificationController [http-nio-3030-exec-7] getUserNotification -- END -- userId : RIDP86Z
2020-09-01 15:12:36,371 INFO com.ibm.snam.idm.controller.ViewController [http-nio-3030-exec-8] getting dashboard
2020-09-01 15:12:36,372 INFO com.ibm.snam.idm.controller.ViewController [http-nio-3030-exec-8] returning dashboard
2020-09-01 15:12:36,627 INFO com.ibm.snam.idm.controller.UserNotificationController [http-nio-3030-exec-6] getUserNotification -- INIT -- userId : RIDP86Z
2020-09-01 15:12:36,628 INFO com.ibm.snam.idm.service.UserNotificationService [http-nio-3030-exec-6] getUserNotification -- INIT --
2020-09-01 15:12:36,741 INFO com.ibm.snam.idm.service.UserNotificationService [http-nio-3030-exec-6] Found 0 notification(s) for user RIDP86Z
2020-09-01 15:12:36,742 INFO com.ibm.snam.idm.controller.UserNotificationController [http-nio-3030-exec-6] getUserNotification -- END -- userId : RIDP86Z
2020-09-01 15:12:46,240 INFO com.ibm.snam.idm.controller.ViewController [http-nio-3030-exec-3] getting garaOverview
2020-09-01 15:12:46,241 INFO com.ibm.snam.idm.controller.ViewController [http-nio-3030-exec-3] returning garaOverview
2020-09-01 15:12:46,526 INFO com.ibm.snam.idm.microservices.BackendMicroservice [http-nio-3030-exec-6] getSuppliersByTenderId -- INIT --
2020-09-01 15:12:46,528 INFO com.ibm.snam.idm.controller.UserNotificationController [http-nio-3030-exec-5] getUserNotification -- INIT -- userId : RIDP86Z
2020-09-01 15:12:46,528 INFO com.ibm.snam.idm.service.UserNotificationService [http-nio-3030-exec-5] getUserNotification -- INIT --
2020-09-01 15:12:46,530 INFO com.ibm.snam.idm.microservices.BackendMicroservice [http-nio-3030-exec-6] calling url : http://localhost:8080/tender/5f2acef988d8a84f004c7f5c/suppliers
2020-09-01 15:12:46,641 INFO com.ibm.snam.idm.microservices.BackendMicroservice [http-nio-3030-exec-6] getSuppliersByTenderId -- END --
2020-09-01 15:12:46,642 INFO com.ibm.snam.idm.service.UserNotificationService [http-nio-3030-exec-5] Found 0 notification(s) for user RIDP86Z
2020-09-01 15:12:46,642 INFO com.ibm.snam.idm.controller.UserNotificationController [http-nio-3030-exec-5] getUserNotification -- END -- userId : RIDP86Z
2020-09-01 15:12:46,647 INFO com.ibm.snam.idm.microservices.BackendMicroservice [http-nio-3030-exec-4] getSuppliersByTenderId -- INIT --
2020-09-01 15:12:46,649 INFO com.ibm.snam.idm.microservices.BackendMicroservice [http-nio-3030-exec-4] calling url : http://localhost:8080/tender/5f2acef988d8a84f004c7f5c/suppliers
2020-09-01 15:12:46,741 INFO com.ibm.snam.idm.microservices.BackendMicroservice [http-nio-3030-exec-4] getSuppliersByTenderId -- END --
2020-09-01 15:12:48,773 INFO com.ibm.snam.idm.controller.ViewController [http-nio-3030-exec-10] getting dashboard
2020-09-01 15:12:48,774 INFO com.ibm.snam.idm.controller.ViewController [http-nio-3030-exec-10] returning dashboard
2020-09-01 15:12:48,993 INFO com.ibm.snam.idm.controller.UserNotificationController [http-nio-3030-exec-10] getUserNotification -- INIT -- userId : RIDP86Z
2020-09-01 15:12:48,994 INFO com.ibm.snam.idm.service.UserNotificationService [http-nio-3030-exec-10] getUserNotification -- INIT --
2020-09-01 15:12:49,106 INFO com.ibm.snam.idm.service.UserNotificationService [http-nio-3030-exec-10] Found 0 notification(s) for user RIDP86Z
2020-09-01 15:12:49,107 INFO com.ibm.snam.idm.controller.UserNotificationController [http-nio-3030-exec-10] getUserNotification -- END -- userId : RIDP86Z
2020-09-01 15:12:52,273 INFO com.ibm.snam.idm.controller.ViewController [http-nio-3030-exec-7] getting bandiList
2020-09-01 15:12:52,274 INFO com.ibm.snam.idm.controller.ViewController [http-nio-3030-exec-7] returning bandiList
2020-09-01 15:12:52,503 INFO com.ibm.snam.idm.controller.UserNotificationController [http-nio-3030-exec-6] getUserNotification -- INIT -- userId : RIDP86Z
2020-09-01 15:12:52,504 INFO com.ibm.snam.idm.service.UserNotificationService [http-nio-3030-exec-6] getUserNotification -- INIT --
2020-09-01 15:12:52,615 INFO com.ibm.snam.idm.service.UserNotificationService [http-nio-3030-exec-6] Found 0 notification(s) for user RIDP86Z
2020-09-01 15:12:52,615 INFO com.ibm.snam.idm.controller.UserNotificationController [http-nio-3030-exec-6] getUserNotification -- END -- userId : RIDP86Z
2020-09-01 15:13:10,059 INFO com.ibm.snam.idm.controller.ViewController [http-nio-3030-exec-9] getting dashboard
2020-09-01 15:13:10,060 INFO com.ibm.snam.idm.controller.ViewController [http-nio-3030-exec-9] returning dashboard
2020-09-01 15:13:10,276 INFO com.ibm.snam.idm.controller.UserNotificationController [http-nio-3030-exec-7] getUserNotification -- INIT -- userId : RIDP86Z
2020-09-01 15:13:10,277 INFO com.ibm.snam.idm.service.UserNotificationService [http-nio-3030-exec-7] getUserNotification -- INIT --
2020-09-01 15:13:10,389 INFO com.ibm.snam.idm.service.UserNotificationService [http-nio-3030-exec-7] Found 0 notification(s) for user RIDP86Z
2020-09-01 15:13:10,389 INFO com.ibm.snam.idm.controller.UserNotificationController [http-nio-3030-exec-7] getUserNotification -- END -- userId : RIDP86Z
2020-09-01 15:39:24,777 INFO org.springframework.web.socket.config.WebSocketMessageBrokerStats [MessageBroker-5] WebSocketSession[3 current WS(3)-HttpStream(0)-HttpPoll(0), 24 total, 0 closed abnormally (0 connect failure, 0 send limit, 0 transport error)], stompSubProtocol[processed CONNECT(21)-CONNECTED(21)-DISCONNECT(0)], stompBrokerRelay[null], inboundChannel[pool size = 0, active threads = 0, queued tasks = 0, completed tasks = 378], outboundChannel[pool size = 0, active threads = 0, queued tasks = 0, completed tasks = 42], sockJsScheduler[pool size = 12, active threads = 1, queued tasks = 6, completed tasks = 1303]
2020-09-01 16:09:24,778 INFO org.springframework.web.socket.config.WebSocketMessageBrokerStats [MessageBroker-4] WebSocketSession[3 current WS(3)-HttpStream(0)-HttpPoll(0), 24 total, 0 closed abnormally (0 connect failure, 0 send limit, 0 transport error)], stompSubProtocol[processed CONNECT(21)-CONNECTED(21)-DISCONNECT(0)], stompBrokerRelay[null], inboundChannel[pool size = 0, active threads = 0, queued tasks = 0, completed tasks = 378], outboundChannel[pool size = 0, active threads = 0, queued tasks = 0, completed tasks = 42], sockJsScheduler[pool size = 12, active threads = 1, queued tasks = 6, completed tasks = 2600]
2020-09-01 16:39:24,781 INFO org.springframework.web.socket.config.WebSocketMessageBrokerStats [MessageBroker-12] WebSocketSession[3 current WS(3)-HttpStream(0)-HttpPoll(0), 24 total, 0 closed abnormally (0 connect failure, 0 send limit, 0 transport error)], stompSubProtocol[processed CONNECT(21)-CONNECTED(21)-DISCONNECT(0)], stompBrokerRelay[null], inboundChannel[pool size = 0, active threads = 0, queued tasks = 0, completed tasks = 378], outboundChannel[pool size = 0, active threads = 0, queued tasks = 0, completed tasks = 42], sockJsScheduler[pool size = 12, active threads = 1, queued tasks = 6, completed tasks = 3897]
2020-09-01 17:09:24,781 INFO org.springframework.web.socket.config.WebSocketMessageBrokerStats [MessageBroker-11] WebSocketSession[3 current WS(3)-HttpStream(0)-HttpPoll(0), 24 total, 0 closed abnormally (0 connect failure, 0 send limit, 0 transport error)], stompSubProtocol[processed CONNECT(21)-CONNECTED(21)-DISCONNECT(0)], stompBrokerRelay[null], inboundChannel[pool size = 0, active threads = 0, queued tasks = 0, completed tasks = 378], outboundChannel[pool size = 0, active threads = 0, queued tasks = 0, completed tasks = 42], sockJsScheduler[pool size = 12, active threads = 1, queued tasks = 6, completed tasks = 5194]
