2020-07-27 23:17:09,802 INFO com.ibm.snam.idm.microservices.AnalyzerMicroservice [clientInboundChannel-2] analyzeFile -- INIT --
2020-07-27 23:17:09,805 INFO com.ibm.snam.idm.microservices.AnalyzerMicroservice [clientInboundChannel-2] bytes : [B@581fb63f
2020-07-27 23:17:09,805 INFO com.ibm.snam.idm.microservices.AnalyzerMicroservice [clientInboundChannel-2] name : 20200724_T100_ICM.docx
2020-07-27 23:17:09,808 INFO com.ibm.snam.idm.microservices.AnalyzerMicroservice [clientInboundChannel-2] Calling URL : http://158.177.78.140:8080/analyzerDocument/analyze/document
2020-07-27 23:17:19,552 INFO com.ibm.snam.idm.microservices.AnalyzerMicroservice [clientInboundChannel-2] analyzeFile --END--
2020-07-27 23:17:19,560 INFO com.ibm.snam.idm.microservices.BackendMicroservice [clientInboundChannel-2] saveTenderOnDb -- INIT --
2020-07-27 23:17:19,563 INFO com.ibm.snam.idm.microservices.BackendMicroservice [clientInboundChannel-2] calling url : http://localhost:8080/supplier/createSupplier
2020-07-27 23:17:19,563 INFO com.ibm.snam.idm.microservices.BackendMicroservice [clientInboundChannel-2] JSON: {"name":"Accenture","idTender":"5f1f40d35946165833cdab6e","sapNumber":"SAP Number","attachmentsId":[{"idAttachment":"5f1f445d67d57b24841cfecb","fileName":"20200724_T100_ICM.docx"}]}
2020-07-27 23:17:20,035 INFO com.ibm.snam.idm.microservices.BackendMicroservice [clientInboundChannel-2] saveTenderOnDb -- END --
2020-07-27 23:17:20,036 INFO com.ibm.snam.idm.web_socket.CreateSupplierController [clientInboundChannel-2] Response from backend : {"status":200,"message":"Fornitore creato con successo","supplier":{"id":"5f1f445f8812507c7f03f7c2","name":"Accenture","tenderSapNumber":"SAP Number","attachments":[{"fileName":"20200724_T100_ICM.docx","conformity":0,"uploadedOn":{"date":27,"day":1,"hours":23,"minutes":17,"month":6,"seconds":19,"time":1595884639591,"timezoneOffset":-120,"year":120},"_idAttachments":"5f1f445d67d57b24841cfecb"}]}}
2020-07-27 23:17:20,061 INFO com.ibm.snam.idm.microservices.BackendMicroservice [http-nio-3030-exec-4] getSuppliersByTenderId -- INIT --
2020-07-27 23:17:20,067 INFO com.ibm.snam.idm.microservices.BackendMicroservice [http-nio-3030-exec-4] calling url : http://localhost:8080/tender/5f1f40d35946165833cdab6e/suppliers
2020-07-27 23:17:20,251 INFO com.ibm.snam.idm.microservices.BackendMicroservice [http-nio-3030-exec-4] getSuppliersByTenderId -- END --
2020-07-27 23:17:27,070 INFO com.ibm.snam.idm.controller.ViewController [http-nio-3030-exec-10] getting fornitoreOverview
2020-07-27 23:17:27,071 INFO com.ibm.snam.idm.controller.ViewController [http-nio-3030-exec-10] returning fornitoreOverview
2020-07-27 23:17:27,513 INFO com.ibm.snam.idm.controller.UserNotificationController [http-nio-3030-exec-6] getUserNotification -- INIT -- userId : RIDP86Z
2020-07-27 23:17:27,513 INFO com.ibm.snam.idm.service.UserNotificationService [http-nio-3030-exec-6] getUserNotification -- INIT --
2020-07-27 23:17:27,778 INFO com.ibm.snam.idm.service.UserNotificationService [http-nio-3030-exec-6] Found 3 notification(s) for user RIDP86Z
2020-07-27 23:17:27,779 INFO com.ibm.snam.idm.controller.UserNotificationController [http-nio-3030-exec-6] getUserNotification -- END -- userId : RIDP86Z
2020-07-27 23:17:40,984 INFO org.springframework.web.socket.config.WebSocketMessageBrokerStats [MessageBroker-7] WebSocketSession[3 current WS(3)-HttpStream(0)-HttpPoll(0), 12 total, 0 closed abnormally (0 connect failure, 0 send limit, 0 transport error)], stompSubProtocol[processed CONNECT(12)-CONNECTED(12)-DISCONNECT(0)], stompBrokerRelay[null], inboundChannel[pool size = 16, active threads = 0, queued tasks = 0, completed tasks = 210], outboundChannel[pool size = 16, active threads = 0, queued tasks = 0, completed tasks = 22], sockJsScheduler[pool size = 8, active threads = 1, queued tasks = 6, completed tasks = 32]
