2020-07-27 23:28:28,629 INFO com.ibm.snam.idm.microservices.AnalyzerMicroservice [clientInboundChannel-17] analyzeFile -- INIT --
2020-07-27 23:28:28,633 INFO com.ibm.snam.idm.microservices.AnalyzerMicroservice [clientInboundChannel-17] bytes : [B@1a4c5cdd
2020-07-27 23:28:28,633 INFO com.ibm.snam.idm.microservices.AnalyzerMicroservice [clientInboundChannel-17] name : T110-R01 Architettura applicativa e infrastrutturale_template.docx
2020-07-27 23:28:28,637 INFO com.ibm.snam.idm.microservices.AnalyzerMicroservice [clientInboundChannel-17] Calling URL : http://158.177.78.140:8080/analyzerDocument/analyze/document
2020-07-27 23:28:39,924 INFO com.ibm.snam.idm.microservices.AnalyzerMicroservice [clientInboundChannel-17] analyzeFile --END--
2020-07-27 23:28:39,924 INFO com.ibm.snam.idm.microservices.BackendMicroservice [clientInboundChannel-17] saveTenderOnDb -- INIT --
2020-07-27 23:28:39,924 INFO com.ibm.snam.idm.microservices.BackendMicroservice [clientInboundChannel-17] calling url : http://158.177.78.138:8080/attachment/uploadAttachments
2020-07-27 23:28:39,924 INFO com.ibm.snam.idm.microservices.BackendMicroservice [clientInboundChannel-17] JSON: {"idTender":"5f1f40d35946165833cdab6e","attachmentsId":[{"idAttachment":"5f1f470467d57b24841cfecd","fileName":"T110-R01 Architettura applicativa e infrastrutturale_template.docx"}]}
2020-07-27 23:28:40,108 INFO com.ibm.snam.idm.microservices.BackendMicroservice [clientInboundChannel-17] saveTenderOnDb -- END --
2020-07-27 23:28:40,108 INFO com.ibm.snam.idm.web_socket.UpdateTenderFilesController [clientInboundChannel-17] Response from backend : {"status":200,"message":"Documento caricato con successo"}
2020-07-27 23:28:53,049 INFO com.ibm.snam.idm.controller.ViewController [http-nio-3030-exec-3] getting bandiList
2020-07-27 23:28:53,049 INFO com.ibm.snam.idm.controller.ViewController [http-nio-3030-exec-3] returning bandiList
2020-07-27 23:28:53,373 INFO com.ibm.snam.idm.controller.UserNotificationController [http-nio-3030-exec-8] getUserNotification -- INIT -- userId : RIDP86Z
2020-07-27 23:28:53,373 INFO com.ibm.snam.idm.service.UserNotificationService [http-nio-3030-exec-8] getUserNotification -- INIT --
2020-07-27 23:28:53,621 INFO com.ibm.snam.idm.service.UserNotificationService [http-nio-3030-exec-8] Found 3 notification(s) for user RIDP86Z
2020-07-27 23:28:53,621 INFO com.ibm.snam.idm.controller.UserNotificationController [http-nio-3030-exec-8] getUserNotification -- END -- userId : RIDP86Z
2020-07-27 23:28:54,781 INFO com.ibm.snam.idm.controller.ViewController [http-nio-3030-exec-4] getting garaOverview
2020-07-27 23:28:54,781 INFO com.ibm.snam.idm.controller.ViewController [http-nio-3030-exec-4] returning garaOverview
2020-07-27 23:28:55,065 INFO com.ibm.snam.idm.controller.UserNotificationController [http-nio-3030-exec-2] getUserNotification -- INIT -- userId : RIDP86Z
2020-07-27 23:28:55,065 INFO com.ibm.snam.idm.service.UserNotificationService [http-nio-3030-exec-2] getUserNotification -- INIT --
2020-07-27 23:28:55,065 INFO com.ibm.snam.idm.microservices.BackendMicroservice [http-nio-3030-exec-6] getSuppliersByTenderId -- INIT --
2020-07-27 23:28:55,069 INFO com.ibm.snam.idm.microservices.BackendMicroservice [http-nio-3030-exec-6] calling url : http://158.177.78.138:8080/tender/5f1f2c981b60712d17c46c00/suppliers
2020-07-27 23:28:55,301 INFO com.ibm.snam.idm.service.UserNotificationService [http-nio-3030-exec-2] Found 3 notification(s) for user RIDP86Z
2020-07-27 23:28:55,301 INFO com.ibm.snam.idm.controller.UserNotificationController [http-nio-3030-exec-2] getUserNotification -- END -- userId : RIDP86Z
2020-07-27 23:28:55,305 INFO com.ibm.snam.idm.microservices.BackendMicroservice [http-nio-3030-exec-6] getSuppliersByTenderId -- END --
2020-07-27 23:28:57,776 INFO com.ibm.snam.idm.controller.ViewController [http-nio-3030-exec-1] getting fornitoreOverview
2020-07-27 23:28:57,776 INFO com.ibm.snam.idm.controller.ViewController [http-nio-3030-exec-1] returning fornitoreOverview
2020-07-27 23:28:58,204 INFO com.ibm.snam.idm.controller.UserNotificationController [http-nio-3030-exec-5] getUserNotification -- INIT -- userId : RIDP86Z
2020-07-27 23:28:58,204 INFO com.ibm.snam.idm.service.UserNotificationService [http-nio-3030-exec-5] getUserNotification -- INIT --
2020-07-27 23:28:58,692 INFO com.ibm.snam.idm.service.UserNotificationService [http-nio-3030-exec-5] Found 3 notification(s) for user RIDP86Z
2020-07-27 23:28:58,696 INFO com.ibm.snam.idm.controller.UserNotificationController [http-nio-3030-exec-5] getUserNotification -- END -- userId : RIDP86Z
2020-07-27 23:29:00,204 INFO com.ibm.snam.idm.controller.ViewController [http-nio-3030-exec-8] getting bandiList
2020-07-27 23:29:00,207 INFO com.ibm.snam.idm.controller.ViewController [http-nio-3030-exec-8] returning bandiList
2020-07-27 23:29:00,439 INFO com.ibm.snam.idm.controller.UserNotificationController [http-nio-3030-exec-8] getUserNotification -- INIT -- userId : RIDP86Z
2020-07-27 23:29:00,439 INFO com.ibm.snam.idm.service.UserNotificationService [http-nio-3030-exec-8] getUserNotification -- INIT --
2020-07-27 23:29:00,687 INFO com.ibm.snam.idm.service.UserNotificationService [http-nio-3030-exec-8] Found 3 notification(s) for user RIDP86Z
2020-07-27 23:29:00,687 INFO com.ibm.snam.idm.controller.UserNotificationController [http-nio-3030-exec-8] getUserNotification -- END -- userId : RIDP86Z
2020-07-27 23:29:02,127 INFO com.ibm.snam.idm.controller.ViewController [http-nio-3030-exec-7] getting garaOverview
2020-07-27 23:29:02,127 INFO com.ibm.snam.idm.controller.ViewController [http-nio-3030-exec-7] returning garaOverview
2020-07-27 23:29:02,407 INFO com.ibm.snam.idm.microservices.BackendMicroservice [http-nio-3030-exec-3] getSuppliersByTenderId -- INIT --
2020-07-27 23:29:02,407 INFO com.ibm.snam.idm.controller.UserNotificationController [http-nio-3030-exec-2] getUserNotification -- INIT -- userId : RIDP86Z
2020-07-27 23:29:02,407 INFO com.ibm.snam.idm.service.UserNotificationService [http-nio-3030-exec-2] getUserNotification -- INIT --
2020-07-27 23:29:02,411 INFO com.ibm.snam.idm.microservices.BackendMicroservice [http-nio-3030-exec-3] calling url : http://158.177.78.138:8080/tender/5f1f2c981b60712d17c46c00/suppliers
2020-07-27 23:29:02,619 INFO com.ibm.snam.idm.microservices.BackendMicroservice [http-nio-3030-exec-3] getSuppliersByTenderId -- END --
2020-07-27 23:29:02,647 INFO com.ibm.snam.idm.service.UserNotificationService [http-nio-3030-exec-2] Found 3 notification(s) for user RIDP86Z
2020-07-27 23:29:02,651 INFO com.ibm.snam.idm.controller.UserNotificationController [http-nio-3030-exec-2] getUserNotification -- END -- userId : RIDP86Z
2020-07-27 23:29:07,385 INFO com.ibm.snam.idm.controller.ViewController [http-nio-3030-exec-1] getting bandiList
2020-07-27 23:29:07,385 INFO com.ibm.snam.idm.controller.ViewController [http-nio-3030-exec-1] returning bandiList
2020-07-27 23:29:07,585 INFO com.ibm.snam.idm.controller.UserNotificationController [http-nio-3030-exec-6] getUserNotification -- INIT -- userId : RIDP86Z
2020-07-27 23:29:07,585 INFO com.ibm.snam.idm.service.UserNotificationService [http-nio-3030-exec-6] getUserNotification -- INIT --
2020-07-27 23:29:07,845 INFO com.ibm.snam.idm.service.UserNotificationService [http-nio-3030-exec-6] Found 3 notification(s) for user RIDP86Z
2020-07-27 23:29:07,849 INFO com.ibm.snam.idm.controller.UserNotificationController [http-nio-3030-exec-6] getUserNotification -- END -- userId : RIDP86Z
2020-07-27 23:29:08,809 INFO com.ibm.snam.idm.controller.ViewController [http-nio-3030-exec-2] getting garaOverview
2020-07-27 23:29:08,809 INFO com.ibm.snam.idm.controller.ViewController [http-nio-3030-exec-2] returning garaOverview
2020-07-27 23:29:09,041 INFO com.ibm.snam.idm.microservices.BackendMicroservice [http-nio-3030-exec-7] getSuppliersByTenderId -- INIT --
2020-07-27 23:29:09,041 INFO com.ibm.snam.idm.controller.UserNotificationController [http-nio-3030-exec-2] getUserNotification -- INIT -- userId : RIDP86Z
2020-07-27 23:29:09,041 INFO com.ibm.snam.idm.service.UserNotificationService [http-nio-3030-exec-2] getUserNotification -- INIT --
2020-07-27 23:29:09,045 INFO com.ibm.snam.idm.microservices.BackendMicroservice [http-nio-3030-exec-7] calling url : http://158.177.78.138:8080/tender/5f1f40d35946165833cdab6e/suppliers
2020-07-27 23:29:09,249 INFO com.ibm.snam.idm.microservices.BackendMicroservice [http-nio-3030-exec-7] getSuppliersByTenderId -- END --
2020-07-27 23:29:09,309 INFO com.ibm.snam.idm.service.UserNotificationService [http-nio-3030-exec-2] Found 3 notification(s) for user RIDP86Z
2020-07-27 23:29:09,313 INFO com.ibm.snam.idm.controller.UserNotificationController [http-nio-3030-exec-2] getUserNotification -- END -- userId : RIDP86Z
2020-07-27 23:29:10,824 INFO com.ibm.snam.idm.controller.ViewController [http-nio-3030-exec-9] getting fornitoreOverview
2020-07-27 23:29:10,824 INFO com.ibm.snam.idm.controller.ViewController [http-nio-3030-exec-9] returning fornitoreOverview
2020-07-27 23:29:11,076 INFO com.ibm.snam.idm.controller.UserNotificationController [http-nio-3030-exec-3] getUserNotification -- INIT -- userId : RIDP86Z
2020-07-27 23:29:11,076 INFO com.ibm.snam.idm.service.UserNotificationService [http-nio-3030-exec-3] getUserNotification -- INIT --
2020-07-27 23:29:11,336 INFO com.ibm.snam.idm.service.UserNotificationService [http-nio-3030-exec-3] Found 3 notification(s) for user RIDP86Z
2020-07-27 23:29:11,336 INFO com.ibm.snam.idm.controller.UserNotificationController [http-nio-3030-exec-3] getUserNotification -- END -- userId : RIDP86Z
2020-07-27 23:29:13,414 INFO com.ibm.snam.idm.controller.ViewController [http-nio-3030-exec-9] getting garaOverview
2020-07-27 23:29:13,414 INFO com.ibm.snam.idm.controller.ViewController [http-nio-3030-exec-9] returning garaOverview
2020-07-27 23:29:13,630 INFO com.ibm.snam.idm.controller.UserNotificationController [http-nio-3030-exec-4] getUserNotification -- INIT -- userId : RIDP86Z
2020-07-27 23:29:13,630 INFO com.ibm.snam.idm.service.UserNotificationService [http-nio-3030-exec-4] getUserNotification -- INIT --
2020-07-27 23:29:13,630 INFO com.ibm.snam.idm.microservices.BackendMicroservice [http-nio-3030-exec-7] getSuppliersByTenderId -- INIT --
2020-07-27 23:29:13,634 INFO com.ibm.snam.idm.microservices.BackendMicroservice [http-nio-3030-exec-7] calling url : http://158.177.78.138:8080/tender/5f1f40d35946165833cdab6e/suppliers
2020-07-27 23:29:13,734 INFO com.ibm.snam.idm.microservices.BackendMicroservice [http-nio-3030-exec-7] getSuppliersByTenderId -- END --
2020-07-27 23:29:13,874 INFO com.ibm.snam.idm.service.UserNotificationService [http-nio-3030-exec-4] Found 3 notification(s) for user RIDP86Z
2020-07-27 23:29:13,878 INFO com.ibm.snam.idm.controller.UserNotificationController [http-nio-3030-exec-4] getUserNotification -- END -- userId : RIDP86Z
